 -------------------------------------------------------
                                                      
    ***   WELCOME TO SINDO PROGRAM                    
     ***                (  VERSION 4.0 BETA  )        
      ***                                             
       ***       COPYRIGHT 2019:                      
        ***         KIYOSHI YAGI  KIYOSHI.YAGI@RIKEN.JP
                                                      
 -------------------------------------------------------

     JOB STARTED AT: Fri Jun 18 20:33:45 2021
     RUNNING ON lemon.novalocal                 


(  SETUP MEM MODULE  )

   o MAXIMUM MEMORY :     1200 MB


(  SETUP MOL MODULE  )


   READ DATA FROM A MINFO FILE : [ ../1_harmonic/h2co-b3lyp-dz.minfo ]


(  ENTER NMA MODULE  )


      o ATOMIC MASS
           12.0000     15.9949      1.0078      1.0078
 
      o REFERENCE GEOMETRY
          0.000000    0.000000   -1.136626
          0.000000    0.000000    1.138988
          0.000000    1.787626   -2.271483
          0.000000   -1.787626   -2.271483
 
      o NORMAL DISPLACEMENT VECTOR
         -0.517530    0.000000   -0.000000
          0.149163   -0.000000    0.000000
          0.595782   -0.000000   -0.000000
          0.595782   -0.000000    0.000000
 
          0.000000    0.444566    0.000000
         -0.000000   -0.276038   -0.000000
         -0.000000   -0.217175   -0.562065
         -0.000000   -0.217175    0.562065
 
         -0.000000    0.000000    0.008692
          0.000000   -0.000000   -0.300114
          0.000000    0.339513    0.582802
          0.000000   -0.339513    0.582802
 
         -0.000000    0.000000   -0.749045
          0.000000   -0.000000    0.613952
          0.000000    0.161803    0.069404
         -0.000000   -0.161803    0.069404
 
          0.000000   -0.000000   -0.197476
         -0.000000   -0.000000   -0.004264
         -0.000000   -0.598791    0.349202
         -0.000000    0.598791    0.349202
 
         -0.000000    0.332434   -0.000000
          0.000000   -0.003367    0.000000
          0.000000   -0.566845    0.351318
          0.000000   -0.566845   -0.351318
 
 
      o TRANSLATIONAL VECTOR
          0.632345    0.000000    0.000000
          0.730053    0.000000    0.000000
          0.183253    0.000000    0.000000
          0.183253    0.000000    0.000000
 
          0.000000    0.632345    0.000000
          0.000000    0.730053    0.000000
          0.000000    0.183253    0.000000
          0.000000    0.183253    0.000000
 
          0.000000    0.000000    0.632345
          0.000000    0.000000    0.730053
          0.000000    0.000000    0.183253
          0.000000    0.000000    0.183253
 
 
      o ROTATIONAL VECTOR
          0.000000    0.540365    0.000000
          0.000000   -0.625153    0.000000
          0.000000    0.312950    0.246287
          0.000000    0.312950   -0.246287
 
         -0.576461    0.000000    0.000000
          0.666914    0.000000    0.000000
         -0.333855    0.000000    0.000000
         -0.333855    0.000000    0.000000
 
          0.000000    0.000000    0.000000
          0.000000    0.000000    0.000000
         -0.707107    0.000000    0.000000
          0.707107    0.000000    0.000000
 
(  SETUP OF NMA COMPLETED  )



(  SETUP VIB MODULE  )

   >> RUN OPTIONS
      VSCF    =     T
      OC-VSCF =     F
      VCI     =     T
      VPT     =     F
      VQDPT   =     F
      PRPT    =     T


   >> BASIS FUNCTIONS
      MODE :         1        2        3        4        5        6
      MAXV :        10       10       10       10       10       10
      FREQ :   1186.71  1253.90  1514.96  1831.55  2862.51  2915.76


(  SETUP TARGET MODULE  )

   >> TARGET STATES
       000   : ZERO-POINT STATE
 

(  SETUP MRPES MODULE  )

   >> POTENTIAL

      [  OPTIONS  ]

         MR         =        3
         MCS_CUTOFF = -.10E-02
         MCS_GRID   = -.10E+01
         POTDIR     = ../3_mrpes/pes_mrpes/
         MOPFILE    = prop_no_1.mop


         1MR-PEF

         o GRID PEF

           MODE=   1, GRID=  11   CCSD(T)/cc-pVTZ
           MODE=   2, GRID=  11   CCSD(T)/cc-pVTZ
           MODE=   3, GRID=  11   CCSD(T)/cc-pVTZ
           MODE=   4, GRID=  11   CCSD(T)/cc-pVTZ
           MODE=   5, GRID=  11   CCSD(T)/cc-pVTZ
           MODE=   6, GRID=  11   CCSD(T)/cc-pVTZ
 

         2MR-PEF

         o GRID PEF

           MODE=   2   1, GRID=   7   7   B3LYP/cc-pVDZ
           MODE=   3   1, GRID=   7   7   B3LYP/cc-pVDZ
           MODE=   3   2, GRID=   7   7   B3LYP/cc-pVDZ
           MODE=   4   3, GRID=   7   7   B3LYP/cc-pVDZ
           MODE=   5   1, GRID=   9   9   B3LYP/cc-pVDZ
           MODE=   5   2, GRID=   9   9   B3LYP/cc-pVDZ
           MODE=   5   3, GRID=   9   9   B3LYP/cc-pVDZ
           MODE=   5   4, GRID=   7   7   B3LYP/cc-pVDZ
           MODE=   6   1, GRID=   9   9   B3LYP/cc-pVDZ
           MODE=   6   2, GRID=   9   9   B3LYP/cc-pVDZ
           MODE=   6   3, GRID=   9   9   B3LYP/cc-pVDZ
           MODE=   6   4, GRID=   7   7   B3LYP/cc-pVDZ
           MODE=   6   5, GRID=   9   9   B3LYP/cc-pVDZ
 
         o QFF  B3LYP/cc-pVDZ

           MODE=   4   1
           MODE=   4   2
 

         3MR-PEF

         o QFF  B3LYP/cc-pVDZ

           MODE=   3   2   1
           MODE=   4   2   1
           MODE=   4   3   1
           MODE=   4   3   2
           MODE=   5   2   1
           MODE=   5   3   1
           MODE=   5   3   2
           MODE=   5   4   1
           MODE=   5   4   2
           MODE=   5   4   3
           MODE=   6   2   1
           MODE=   6   3   1
           MODE=   6   3   2
           MODE=   6   4   1
           MODE=   6   4   2
           MODE=   6   4   3
           MODE=   6   5   1
           MODE=   6   5   2
           MODE=   6   5   3
           MODE=   6   5   4
 

(  FINALIZE MRPES MODULE  )

            (MEMORY INFO)
            -- CURRENT USAGE    [     0.15 MB /  1200.00 MB (  0.0 % ) ]  -- 
            -- IN THE LAST STEP [     0.17 MB /  1200.00 MB (  0.0 % ) ]  -- 

            (CLOCK) ---->  LAST STEP: USER     0.01, SYSTEM     0.00 SECS   <----


(  ENTER VSCF MODULE  )

  ---  VIBRATIONAL SELF-CONSISTENT FIELD CALCULATIONS   ---

   >> SCF OPTIONS
       STATE SPECIFIC :        F
              RESTART :        F
        MAX ITERATION :       10
         CONV. THRESH : 0.10E-04

   >> FILES
       WFN READ/WRITE FILE : vscf_xxx.wfn

   >> STATE 000:   ZERO-POINT STATE

       o INITIAL GUESS FROM (CONTRACTED) HARMONIC OSCILLATOR 

   -- (ITERATION) -------- (EOLD) -------- (ENEW) ----- (DELTA E) --
                1         5753.97         5719.49      -0.345D+02
                2         5719.49         5719.33      -0.156D+00
                3         5719.33         5719.33      -0.621D-02
                4         5719.33         5719.33      -0.272D-03
                5         5719.33         5719.33      -0.120D-04
                6         5719.33         5719.33      -0.537D-06
   -----------------------------------------------------------------
       E(VSCF)=     5719.32504064

       o COEFFICIENTS

         -MODES-          1         2         3         4         5         6
              0     0.99998   1.00000  -0.99994  -0.99206   0.99945   1.00000
              1    -0.00000  -0.00000  -0.01113  -0.12253   0.02436  -0.00000
              2     0.00663   0.00021  -0.00099  -0.02092   0.00419  -0.00094
              3     0.00000  -0.00000  -0.00144  -0.01857  -0.02192  -0.00000
              4    -0.00136  -0.00073  -0.00004  -0.00445  -0.00062  -0.00250
              5    -0.00000  -0.00000  -0.00001  -0.00113  -0.00027   0.00000
              6     0.00007   0.00004  -0.00001  -0.00077   0.00109   0.00005
              7     0.00000  -0.00000  -0.00000  -0.00023   0.00001  -0.00000
              8     0.00000   0.00000  -0.00000  -0.00007   0.00002   0.00002
              9    -0.00000  -0.00000   0.00000  -0.00004  -0.00007  -0.00000
             10    -0.00000  -0.00000   0.00000  -0.00002  -0.00001  -0.00000
 
       o VIBRATIONALLY AVERAGED STRUCTURE

         - Q0 -
             -0.000000   -0.000000    0.189716
              1.951100    0.301699   -0.000000
 
         - X0 -
              0.000000   -0.000000   -1.146899
             -0.000000    0.000000    1.145663
             -0.000000    1.792280   -2.263286
             -0.000000   -1.792280   -2.263286
 

(  FINALIZE VSCF MODULE  )

            (MEMORY INFO)
            -- CURRENT USAGE    [     0.15 MB /  1200.00 MB (  0.0 % ) ]  -- 
            -- IN THE LAST STEP [     0.16 MB /  1200.00 MB (  0.0 % ) ]  -- 

            (CLOCK) ---->  LAST STEP: USER     0.00, SYSTEM     0.00 SECS   <----


(  ENTER VCI MODULE  )

   >> VCI OPTIONS

       o VCI SPACE SELECTION
         - MAX NUM. OF MODES TO EXCITE :          3
         - MAX SUM OF QUANTUM NUM.     :          6
         - MAX EXCITATION OF EACH MODE :    6  6  6  6  6  6
 
       o VCI DIMENSION  :        662
       o NUM_OF_STATES  :        100

   >> VCI WITH ZERO-POINT VSCF REFERENCE

       o READ VSCF WFN   : [ vscf-000.wfn ]

       o DUMP VCI WFN    : [ vci-w.wfn ]

       o VIB. AV. GEOM. : F

   >> VCI MAIN

      o FORMING HAMILTONIAN MATRIX     ... DONE

            (CLOCK) ---->  LAST STEP: USER     0.04, SYSTEM     0.00 SECS   <----

      o DIAGONALIZING HAMILTONIAN MATRIX     ... DONE

            (CLOCK) ---->  LAST STEP: USER     0.05, SYSTEM     0.00 SECS   <----


         > STATE 00000: ZERO-POINT STATE

             E(VCI)   =     5696.94215

             COEFF.  WEIGHT      CONFIG.
             -0.998   0.997        0_0
              0.045   0.002        5_1    6_2

         > STATE 00001:   1_1

             E(VCI)   =     6852.99231
             E(VCI)-E0=     1156.05017

             COEFF.  WEIGHT      CONFIG.
              0.997   0.994        1_1
             -0.046   0.002        1_1    5_1    6_2
             -0.039   0.002        1_1    5_1

         > STATE 00002:   2_1

             E(VCI)   =     6939.89960
             E(VCI)-E0=     1242.95746

             COEFF.  WEIGHT      CONFIG.
              0.997   0.994        2_1
             -0.046   0.002        2_1    5_1    6_2

         > STATE 00003:   3_1

             E(VCI)   =     7199.05974
             E(VCI)-E0=     1502.11759

             COEFF.  WEIGHT      CONFIG.
             -0.996   0.991        3_1
              0.046   0.002        3_1    5_1    6_2
             -0.045   0.002        4_1

         > STATE 00004:   4_1

             E(VCI)   =     7447.18091
             E(VCI)-E0=     1750.23876

             COEFF.  WEIGHT      CONFIG.
              0.996   0.993        4_1
             -0.046   0.002        3_1
             -0.045   0.002        4_1    5_1    6_2

         > STATE 00005:   1_2

             E(VCI)   =     7999.78820
             E(VCI)-E0=     2302.84605

             COEFF.  WEIGHT      CONFIG.
             -0.977   0.954        1_2
              0.172   0.030        5_1
              0.076   0.006        1_2    5_1
             -0.049   0.002        2_2
              0.045   0.002        1_2    5_1    6_2
             -0.034   0.001        1_4    5_1

         > STATE 00006:   1_1    2_1

             E(VCI)   =     8115.80045
             E(VCI)-E0=     2418.85831

             COEFF.  WEIGHT      CONFIG.
             -0.996   0.992        1_1    2_1
              0.069   0.005        1_1    2_1    5_1

         > STATE 00007:   2_2

             E(VCI)   =     8175.23142
             E(VCI)-E0=     2478.28927

             COEFF.  WEIGHT      CONFIG.
              0.975   0.950        2_2
             -0.172   0.030        5_1
             -0.080   0.006        1_2
             -0.054   0.003        2_2    5_1
              0.049   0.002        2_2    3_1
             -0.045   0.002        2_2    5_1    6_2
             -0.032   0.001        2_1    3_1    6_1

         > STATE 00008:   1_1    3_1

             E(VCI)   =     8372.96739
             E(VCI)-E0=     2676.02524

             COEFF.  WEIGHT      CONFIG.
             -0.994   0.989        1_1    3_1
              0.053   0.003        1_1    3_1    5_1
             -0.043   0.002        1_1    4_1
             -0.033   0.001        1_3

         > STATE 00009:   2_1    3_1

             E(VCI)   =     8392.73171
             E(VCI)-E0=     2695.78957

             COEFF.  WEIGHT      CONFIG.
              0.709   0.503        2_1    3_1
             -0.673   0.453        6_1
             -0.126   0.016        5_1    6_1
              0.121   0.015        2_1    4_1
              0.059   0.003        5_1    6_3
             -0.040   0.002        2_2    6_1
             -0.033   0.001        2_3
             -0.032   0.001        3_2    6_1

         > STATE 00010:   5_1

             E(VCI)   =     8460.37723
             E(VCI)-E0=     2763.43508

             COEFF.  WEIGHT      CONFIG.
              0.952   0.906        5_1
              0.184   0.034        2_2
              0.161   0.026        1_2
             -0.131   0.017        6_2
             -0.079   0.006        3_2
              0.062   0.004        5_2    6_2
             -0.044   0.002        5_1    6_2
             -0.041   0.002        3_1    4_1

         > STATE 00011:   2_1    3_1

             E(VCI)   =     8532.96827
             E(VCI)-E0=     2836.02613

             COEFF.  WEIGHT      CONFIG.
              0.695   0.484        2_1    3_1
              0.677   0.458        6_1
             -0.165   0.027        2_1    4_1
              0.137   0.019        5_1    6_1
             -0.061   0.004        5_1    6_3
             -0.036   0.001        2_3
             -0.033   0.001        2_1    3_1    5_1

         > STATE 00012:   1_1    4_1

             E(VCI)   =     8615.05668
             E(VCI)-E0=     2918.11454

             COEFF.  WEIGHT      CONFIG.
              0.996   0.991        1_1    4_1
             -0.051   0.003        1_1    4_1    5_1
             -0.045   0.002        1_1    3_1

         > STATE 00013:   3_2

             E(VCI)   =     8699.41081
             E(VCI)-E0=     3002.46867

             COEFF.  WEIGHT      CONFIG.
             -0.989   0.979        3_2
             -0.079   0.006        5_1
             -0.050   0.002        3_1    4_1
              0.047   0.002        3_2    5_1    6_2
              0.041   0.002        2_1    3_1    6_1
              0.037   0.001        3_2    4_1
             -0.037   0.001        2_2    3_1

         > STATE 00014:   2_1    4_1

             E(VCI)   =     8712.88255
             E(VCI)-E0=     3015.94040

             COEFF.  WEIGHT      CONFIG.
             -0.974   0.949        2_1    4_1
             -0.198   0.039        6_1
             -0.046   0.002        2_1    3_1    4_1
             -0.044   0.002        5_1    6_1
              0.039   0.002        2_1    4_1    5_1

         > STATE 00015:   3_1    4_1

             E(VCI)   =     8965.02174
             E(VCI)-E0=     3268.07959

             COEFF.  WEIGHT      CONFIG.
              0.992   0.984        3_1    4_1
             -0.053   0.003        3_2
              0.047   0.002        4_2
              0.036   0.001        5_1
              0.034   0.001        3_3
              0.034   0.001        3_2    4_1

         > STATE 00016:   1_3

             E(VCI)   =     9145.17182
             E(VCI)-E0=     3448.22968

             COEFF.  WEIGHT      CONFIG.
              0.939   0.881        1_3
              0.294   0.086        1_1    5_1
             -0.105   0.011        1_3    5_1
             -0.075   0.006        1_1    2_2
             -0.049   0.002        1_3    5_2
             -0.044   0.002        1_3    5_1    6_2
              0.040   0.002        1_1    5_2
             -0.039   0.002        1_5    5_1
             -0.038   0.001        1_1    4_1
             -0.038   0.001        1_3    3_1
             -0.034   0.001        1_1    3_1

         > STATE 00017:   4_2

             E(VCI)   =     9175.23764
             E(VCI)-E0=     3478.29549

             COEFF.  WEIGHT      CONFIG.
              0.994   0.988        4_2
             -0.047   0.002        3_1    4_1
              0.047   0.002        3_1    4_2
             -0.045   0.002        4_2    5_1    6_2

         > STATE 00018:   1_2    2_1

             E(VCI)   =     9259.53886
             E(VCI)-E0=     3562.59672

             COEFF.  WEIGHT      CONFIG.
              0.961   0.924        1_2    2_1
             -0.216   0.046        2_1    5_1
             -0.107   0.011        2_3
             -0.104   0.011        1_2    2_1    5_1
             -0.039   0.002        1_2    2_1    5_2
              0.034   0.001        1_4    2_1    5_1

         > STATE 00019:   1_1    2_2

             E(VCI)   =     9356.34409
             E(VCI)-E0=     3659.40194

             COEFF.  WEIGHT      CONFIG.
             -0.964   0.930        1_1    2_2
              0.189   0.036        1_1    5_1
             -0.137   0.019        1_3
              0.094   0.009        1_1    2_2    5_1
             -0.034   0.001        1_1    2_2    3_1
              0.034   0.001        1_1    2_2    5_2

         > STATE 00020:   2_3

             E(VCI)   =     9408.64750
             E(VCI)-E0=     3711.70536

             COEFF.  WEIGHT      CONFIG.
             -0.931   0.867        2_3
             -0.282   0.080        2_1    5_1
             -0.169   0.029        1_2    2_1
              0.075   0.006        2_3    5_1
             -0.069   0.005        2_3    3_1
             -0.053   0.003        2_1    3_1
              0.044   0.002        2_3    5_1    6_2
             -0.037   0.001        2_2    3_1    6_1
              0.035   0.001        2_3    5_2

         > STATE 00021:   1_2    3_1

             E(VCI)   =     9516.44480
             E(VCI)-E0=     3819.50265

             COEFF.  WEIGHT      CONFIG.
             -0.966   0.932        1_2    3_1
              0.197   0.039        3_1    5_1
              0.090   0.008        1_2    3_1    5_1
             -0.064   0.004        2_2    3_1
             -0.044   0.002        1_2    4_1
             -0.043   0.002        1_4
              0.039   0.002        1_2    3_2
             -0.034   0.001        1_4    3_1    5_1
              0.034   0.001        1_2    3_1    5_2
              0.033   0.001        1_2    3_1    4_1

         > STATE 00022:   1_1    6_1

             E(VCI)   =     9538.67944
             E(VCI)-E0=     3841.73730

             COEFF.  WEIGHT      CONFIG.
             -0.825   0.680        1_1    6_1
              0.525   0.276        1_1    2_1    3_1
             -0.133   0.018        1_1    5_1    6_1
              0.119   0.014        1_1    2_1    4_1
              0.076   0.006        1_1    5_1    6_3
              0.047   0.002        1_1    6_3
             -0.032   0.001        1_1    2_2    6_1

         > STATE 00023:   2_1    6_1

             E(VCI)   =     9585.89157
             E(VCI)-E0=     3888.94942

             COEFF.  WEIGHT      CONFIG.
              0.733   0.538        2_1    6_1
             -0.630   0.397        2_2    3_1
             -0.142   0.020        2_2    4_1
              0.120   0.014        2_1    5_1    6_1
             -0.066   0.004        2_1    5_1    6_3
              0.065   0.004        1_2    3_1
             -0.051   0.003        2_3    6_1
             -0.041   0.002        2_2    3_2
             -0.041   0.002        2_1    6_3
              0.039   0.002        2_1    3_2    6_1
             -0.038   0.001        2_4
              0.036   0.001        2_2
              0.035   0.001        2_2    3_1    5_1
              0.034   0.001        2_1    3_1    6_1
              0.033   0.001        2_2    3_1    6_2
              0.032   0.001        3_2

         > STATE 00024:   1_1    5_1

             E(VCI)   =     9604.47797
             E(VCI)-E0=     3907.53583

             COEFF.  WEIGHT      CONFIG.
             -0.913   0.834        1_1    5_1
              0.276   0.076        1_3
             -0.222   0.049        1_1    2_2
              0.140   0.020        1_1    6_2
              0.078   0.006        1_1    3_2
             -0.061   0.004        1_1    5_2    6_2
              0.049   0.002        1_1    5_1    6_2
              0.039   0.002        1_1    3_1    4_1
             -0.039   0.002        1_1    5_2

         > STATE 00025:   1_1    2_1    3_1

             E(VCI)   =     9692.07090
             E(VCI)-E0=     3995.12876

             COEFF.  WEIGHT      CONFIG.
              0.847   0.717        1_1    2_1    3_1
              0.505   0.255        1_1    6_1
             -0.111   0.012        1_1    2_1    4_1
              0.088   0.008        1_1    5_1    6_1
             -0.048   0.002        1_1    5_1    6_3
             -0.040   0.002        1_1    2_3

         > STATE 00026:   2_1    5_1

             E(VCI)   =     9692.62418
             E(VCI)-E0=     3995.68204

             COEFF.  WEIGHT      CONFIG.
              0.908   0.824        2_1    5_1
             -0.311   0.097        2_3
              0.173   0.030        1_2    2_1
             -0.143   0.021        2_1    6_2
             -0.110   0.012        3_1    6_1
              0.061   0.004        2_1    5_2    6_2
             -0.049   0.002        2_1    5_1    6_2
             -0.043   0.002        3_1    5_1    6_1
             -0.036   0.001        4_1    6_1

         > STATE 00027:   1_2    4_1

             E(VCI)   =     9755.90511
             E(VCI)-E0=     4058.96296

             COEFF.  WEIGHT      CONFIG.
             -0.972   0.945        1_2    4_1
              0.180   0.032        4_1    5_1
              0.087   0.008        1_2    4_1    5_1
              0.055   0.003        1_2    3_1
             -0.044   0.002        2_2    4_1
             -0.039   0.002        1_4
             -0.035   0.001        1_4    4_1    5_1
             -0.032   0.001        1_2    5_1

         > STATE 00028:   2_2    3_1

             E(VCI)   =     9763.54445
             E(VCI)-E0=     4066.60230

             COEFF.  WEIGHT      CONFIG.
              0.695   0.483        2_2    3_1
              0.565   0.319        2_1    6_1
             -0.325   0.106        3_1    5_1
             -0.200   0.040        2_2    4_1
              0.114   0.013        2_1    5_1    6_1
             -0.099   0.010        1_2    3_1
              0.057   0.003        3_1    6_2
             -0.056   0.003        2_2    3_1    5_1
              0.055   0.003        2_2    3_2
             -0.054   0.003        2_1    5_1    6_3
              0.049   0.002        2_4
             -0.037   0.001        2_2
             -0.036   0.001        2_2    3_1    4_1
             -0.034   0.001        2_1    6_3
              0.032   0.001        2_1    3_1    6_1

         > STATE 00029:   3_1    6_1

             E(VCI)   =     9837.38425
             E(VCI)-E0=     4140.44210

             COEFF.  WEIGHT      CONFIG.
              0.730   0.533        3_1    6_1
             -0.631   0.398        2_1    3_2
              0.130   0.017        3_1    5_1    6_1
             -0.128   0.016        2_1    3_1    4_1
              0.080   0.006        4_1    6_1
              0.073   0.005        2_1    5_1
             -0.067   0.004        3_1    5_1    6_3
              0.047   0.002        2_2    3_1    6_1
             -0.041   0.002        3_1    6_3
             -0.041   0.002        3_3    6_1
             -0.039   0.002        2_3
              0.037   0.001        2_3    3_1
              0.034   0.001        2_1    3_2    6_2

         > STATE 00030:   1_1    3_2

             E(VCI)   =     9878.63931
             E(VCI)-E0=     4181.69716

             COEFF.  WEIGHT      CONFIG.
              0.989   0.978        1_1    3_2
              0.078   0.006        1_1    5_1
             -0.064   0.004        1_1    3_2    5_1
             -0.045   0.002        1_1    3_2    4_1
              0.045   0.002        1_3    3_1
              0.036   0.001        1_1    2_2    3_1

         > STATE 00031:   1_1    2_1    4_1

             E(VCI)   =     9890.16884
             E(VCI)-E0=     4193.22669

             COEFF.  WEIGHT      CONFIG.
              0.985   0.970        1_1    2_1    4_1
              0.156   0.024        1_1    6_1

         > STATE 00032:   3_1    5_1

             E(VCI)   =     9929.04444
             E(VCI)-E0=     4232.10229

             COEFF.  WEIGHT      CONFIG.
              0.706   0.498        3_1    5_1
             -0.612   0.374        2_2    4_1
              0.184   0.034        2_2    3_1
              0.180   0.032        4_1    5_1
              0.138   0.019        1_2    3_1
             -0.102   0.010        3_1    6_2
              0.083   0.007        3_3
              0.077   0.006        1_2    4_1
             -0.050   0.003        2_2    3_1    4_1
             -0.049   0.002        3_2    4_1
              0.048   0.002        3_1    5_2    6_2
              0.040   0.002        2_2    4_1    5_1
             -0.037   0.001        3_1    5_1    6_2

         > STATE 00033:   2_2    4_1

             E(VCI)   =     9965.29273
             E(VCI)-E0=     4268.35058

             COEFF.  WEIGHT      CONFIG.
              0.709   0.502        2_2    4_1
              0.548   0.300        3_1    5_1
              0.298   0.089        2_1    6_1
              0.231   0.054        2_2    3_1
             -0.118   0.014        4_1    5_1
              0.104   0.011        1_2    3_1
              0.074   0.005        3_3
             -0.069   0.005        3_1    6_2
             -0.052   0.003        2_2    4_1    5_1
              0.047   0.002        2_1    5_1    6_1
             -0.044   0.002        1_2    4_1
              0.044   0.002        2_2    3_1    4_1
              0.036   0.001        3_1    5_2    6_2
             -0.034   0.001        3_2    4_1

         > STATE 00034:   2_1    3_2

             E(VCI)   =    10042.35091
             E(VCI)-E0=     4345.40877

             COEFF.  WEIGHT      CONFIG.
              0.751   0.564        2_1    3_2
              0.563   0.317        3_1    6_1
             -0.213   0.046        2_1    3_1    4_1
              0.170   0.029        4_1    6_1
              0.111   0.012        3_1    5_1    6_1
              0.092   0.008        2_1    5_1
             -0.054   0.003        3_1    5_1    6_3
             -0.052   0.003        2_3    3_1
             -0.048   0.002        2_1    3_2    4_1
             -0.044   0.002        2_1    3_2    5_1
             -0.039   0.001        2_1    3_3
             -0.037   0.001        2_1    4_2
             -0.034   0.001        2_1    3_1
             -0.033   0.001        3_1    6_3

         > STATE 00035:   1_1    3_1    4_1

             E(VCI)   =    10131.85543
             E(VCI)-E0=     4434.91328

             COEFF.  WEIGHT      CONFIG.
              0.994   0.988        1_1    3_1    4_1
             -0.038   0.001        1_1    3_1    4_2
              0.036   0.001        1_1    5_1
             -0.035   0.001        1_1    3_2
              0.032   0.001        1_3    4_1
              0.032   0.001        1_1    3_3

         > STATE 00036:   4_1    6_1

             E(VCI)   =    10159.76985
             E(VCI)-E0=     4462.82770

             COEFF.  WEIGHT      CONFIG.
             -0.666   0.443        4_1    6_1
              0.630   0.397        2_1    3_1    4_1
              0.282   0.080        3_1    6_1
              0.176   0.031        2_1    4_2
              0.123   0.015        2_1    3_2
             -0.121   0.015        4_1    5_1    6_1
              0.061   0.004        3_1    5_1    6_1
              0.057   0.003        4_1    5_1    6_3
             -0.040   0.002        2_2    4_1    6_1

         > STATE 00037:   3_3

             E(VCI)   =    10199.92416
             E(VCI)-E0=     4502.98201

             COEFF.  WEIGHT      CONFIG.
             -0.981   0.962        3_3
              0.110   0.012        3_1    5_1
              0.056   0.003        3_3    4_1
              0.055   0.003        4_1    5_1
             -0.051   0.003        2_1    3_2    6_1
              0.049   0.002        3_3    5_1    6_2
              0.048   0.002        3_2    4_1
              0.043   0.002        2_2    3_2
             -0.039   0.002        3_1    6_2

         > STATE 00038:   4_1    5_1

             E(VCI)   =    10217.03615
             E(VCI)-E0=     4520.09400

             COEFF.  WEIGHT      CONFIG.
             -0.936   0.876        4_1    5_1
             -0.208   0.043        2_2    4_1
             -0.166   0.027        1_2    4_1
              0.128   0.016        4_1    6_2
              0.092   0.008        3_1    5_1
              0.084   0.007        3_2    4_1
              0.061   0.004        3_1    4_2
             -0.060   0.004        4_1    5_2    6_2
             -0.058   0.003        2_1    6_1
             -0.044   0.002        3_3
              0.041   0.002        4_1    5_1    6_2
             -0.038   0.001        4_3

         > STATE 00039:   2_1    3_1    4_1

             E(VCI)   =    10279.37077
             E(VCI)-E0=     4582.42862

             COEFF.  WEIGHT      CONFIG.
             -0.717   0.514        2_1    3_1    4_1
             -0.609   0.371        4_1    6_1
              0.280   0.079        2_1    4_2
             -0.115   0.013        4_1    5_1    6_1
             -0.058   0.003        2_1    3_2    4_1
              0.054   0.003        4_1    5_1    6_3
             -0.049   0.002        3_1    6_1
              0.046   0.002        2_1    3_1    4_2
              0.042   0.002        2_1    4_1
             -0.041   0.002        2_1    5_1
              0.040   0.002        2_3    4_1
             -0.039   0.002        3_1    4_1    6_1

         > STATE 00040:   1_4

             E(VCI)   =    10311.82516
             E(VCI)-E0=     4614.88302

             COEFF.  WEIGHT      CONFIG.
              0.876   0.768        1_4
              0.417   0.174        1_2    5_1
             -0.130   0.017        1_4    5_1
             -0.114   0.013        1_2    2_2
              0.070   0.005        1_2    5_2
             -0.058   0.003        1_2    4_1
             -0.058   0.003        1_4    5_2
              0.054   0.003        5_2
              0.051   0.003        1_2
             -0.047   0.002        1_2    3_1
             -0.046   0.002        1_4    3_1

         > STATE 00041:   1_1    4_2

             E(VCI)   =    10339.01333
             E(VCI)-E0=     4642.07118

             COEFF.  WEIGHT      CONFIG.
             -0.994   0.988        1_1    4_2
              0.061   0.004        1_1    4_2    5_1
             -0.043   0.002        1_3    4_1
             -0.035   0.001        1_1    3_1    4_2
             -0.033   0.001        1_1    4_1    5_1

         > STATE 00042:   1_3    2_1

             E(VCI)   =    10410.53334
             E(VCI)-E0=     4713.59119

             COEFF.  WEIGHT      CONFIG.
              0.922   0.851        1_3    2_1
              0.320   0.102        1_1    2_1    5_1
             -0.132   0.017        1_3    2_1    5_1
              0.131   0.017        1_1    2_3
              0.055   0.003        1_1    2_1    5_2
             -0.053   0.003        1_3    2_1    5_2
             -0.039   0.001        1_1    2_1    4_1
              0.036   0.001        1_1    2_1

         > STATE 00043:   2_1    4_2

             E(VCI)   =    10447.53602
             E(VCI)-E0=     4750.59387

             COEFF.  WEIGHT      CONFIG.
              0.934   0.873        2_1    4_2
              0.314   0.099        4_1    6_1
              0.089   0.008        2_1    3_1    4_1
              0.066   0.004        4_1    5_1    6_1
              0.064   0.004        2_1    3_1    4_2
             -0.049   0.002        2_1    4_2    5_1
             -0.038   0.001        2_2    4_1    6_1

         > STATE 00044:   3_2    4_1

             E(VCI)   =    10465.71075
             E(VCI)-E0=     4768.76860

             COEFF.  WEIGHT      CONFIG.
              0.982   0.965        3_2    4_1
              0.086   0.007        4_1    5_1
              0.059   0.003        3_3
             -0.056   0.003        3_2    4_2
              0.046   0.002        3_4
              0.046   0.002        3_1    5_1
             -0.041   0.002        3_3    4_1
              0.038   0.001        2_2    3_1    4_1
              0.038   0.001        3_2
              0.035   0.001        3_1    4_2
             -0.035   0.001        3_1    4_1
             -0.034   0.001        3_2    4_1    5_1

         > STATE 00045:   1_2    2_2

             E(VCI)   =    10505.35434
             E(VCI)-E0=     4808.41219

             COEFF.  WEIGHT      CONFIG.
              0.915   0.837        1_2    2_2
             -0.244   0.060        2_2    5_1
              0.199   0.039        1_4
             -0.139   0.019        1_2    5_1
              0.128   0.016        2_4
             -0.124   0.015        1_2    2_2    5_1
             -0.053   0.003        5_2
             -0.047   0.002        1_2    2_2    5_2
             -0.035   0.001        2_2    5_2

         > STATE 00046:   1_1    2_3

             E(VCI)   =    10600.73546
             E(VCI)-E0=     4903.79331

             COEFF.  WEIGHT      CONFIG.
              0.925   0.855        1_1    2_3
              0.264   0.070        1_1    2_1    5_1
             -0.226   0.051        1_3    2_1
             -0.114   0.013        1_1    2_3    5_1
              0.053   0.003        1_1    2_3    3_1
              0.049   0.002        1_1    2_1    3_1
             -0.043   0.002        1_1    2_3    5_2
              0.038   0.001        1_1    2_1    5_2

         > STATE 00047:   2_4

             E(VCI)   =    10664.74562
             E(VCI)-E0=     4967.80347

             COEFF.  WEIGHT      CONFIG.
             -0.860   0.739        2_4
              0.411   0.169        2_2    5_1
              0.221   0.049        1_2    2_2
              0.094   0.009        2_4    5_1
             -0.085   0.007        2_4    3_1
              0.072   0.005        2_2    3_1
             -0.060   0.004        1_2    5_1
              0.050   0.002        5_2
              0.048   0.002        2_2    5_2
              0.041   0.002        2_4    5_2
             -0.038   0.001        2_3    3_1    6_1
             -0.037   0.001        2_2    6_2
              0.037   0.001        1_4
              0.033   0.001        2_2

         > STATE 00048:   1_3    3_1

             E(VCI)   =    10668.15244
             E(VCI)-E0=     4971.21029

             COEFF.  WEIGHT      CONFIG.
             -0.931   0.867        1_3    3_1
             -0.298   0.089        1_1    3_1    5_1
              0.119   0.014        1_3    3_1    5_1
              0.069   0.005        1_1    2_2    3_1
              0.054   0.003        1_3    3_2
              0.049   0.002        1_5
              0.049   0.002        1_1    3_2
              0.049   0.002        1_3    3_1    5_2
             -0.045   0.002        1_1    3_1    5_2
             -0.045   0.002        1_3
             -0.041   0.002        1_3    4_1
              0.039   0.002        1_1    3_1    4_1
              0.038   0.001        1_3    3_1    4_1

         > STATE 00049:   1_2    6_1

             E(VCI)   =    10670.64248
             E(VCI)-E0=     4973.70034

             COEFF.  WEIGHT      CONFIG.
              0.877   0.770        1_2    6_1
             -0.411   0.169        1_2    2_1    3_1
              0.113   0.013        1_2    5_1    6_1
             -0.112   0.013        5_1    6_1
             -0.111   0.012        1_2    2_1    4_1
             -0.080   0.006        1_2    5_1    6_3
              0.080   0.006        2_1    3_1    5_1
             -0.060   0.004        1_2    6_3
             -0.037   0.001        1_4    6_1
              0.033   0.001        2_3    3_1

         > STATE 00050:   3_1    4_2

             E(VCI)   =    10689.93729
             E(VCI)-E0=     4992.99515

             COEFF.  WEIGHT      CONFIG.
              0.986   0.973        3_1    4_2
              0.065   0.004        3_2    4_2
              0.058   0.003        4_1    5_1
              0.048   0.002        3_3    4_1
             -0.047   0.002        4_2
              0.035   0.001        3_1    4_3
             -0.035   0.001        3_2    4_1
             -0.033   0.001        3_1    4_2    5_1
              0.033   0.001        3_1    4_1    5_1
             -0.033   0.001        4_3

         > STATE 00051:   1_2    5_1

             E(VCI)   =    10755.83056
             E(VCI)-E0=     5058.88841

             COEFF.  WEIGHT      CONFIG.
              0.830   0.689        1_2    5_1
             -0.396   0.157        1_4
              0.229   0.053        1_2    2_2
              0.226   0.051        5_2
             -0.138   0.019        1_2    6_2
             -0.077   0.006        1_2    3_2
              0.069   0.005        1_2    5_2
              0.057   0.003        1_2
              0.056   0.003        1_2    5_2    6_2
             -0.045   0.002        1_2    5_1    6_2
              0.039   0.002        1_2    5_3
             -0.037   0.001        1_2    3_1    4_1

         > STATE 00052:   2_2    6_1

             E(VCI)   =    10790.51058
             E(VCI)-E0=     5093.56844

             COEFF.  WEIGHT      CONFIG.
              0.758   0.574        2_2    6_1
              0.572   0.327        2_3    3_1
              0.157   0.025        2_3    4_1
              0.101   0.010        2_2    5_1    6_1
              0.091   0.008        2_1    3_1    5_1
             -0.089   0.008        1_2    6_1
             -0.083   0.007        5_1    6_1
             -0.067   0.004        2_2    5_1    6_3
              0.061   0.004        2_4    6_1
              0.055   0.003        2_3    3_2
             -0.055   0.003        1_2    2_1    3_1
             -0.053   0.003        2_3
              0.053   0.003        2_2    3_1    6_1
              0.049   0.002        2_1    3_2
             -0.049   0.002        2_2    6_3
              0.044   0.002        2_2    3_2    6_1
             -0.043   0.002        2_3    3_1    5_1
              0.042   0.002        2_5
              0.041   0.002        2_1    3_1
             -0.040   0.002        2_3    3_1    6_2
              0.034   0.001        2_1    3_1    6_2

         > STATE 00053:   1_1    2_1    6_1

             E(VCI)   =    10814.28813
             E(VCI)-E0=     5117.34598

             COEFF.  WEIGHT      CONFIG.
             -0.701   0.491        1_1    2_1    6_1
              0.684   0.468        1_1    2_2    3_1
              0.144   0.021        1_1    2_2    4_1
              0.085   0.007        1_3    3_1
             -0.056   0.003        1_1    3_1    5_1
              0.052   0.003        1_1    2_3    6_1
              0.039   0.002        1_1    2_4

         > STATE 00054:   1_2    2_1    3_1

             E(VCI)   =    10850.39631
             E(VCI)-E0=     5153.45417

             COEFF.  WEIGHT      CONFIG.
             -0.871   0.759        1_2    2_1    3_1
             -0.396   0.157        1_2    6_1
              0.206   0.042        2_1    3_1    5_1
             -0.129   0.017        2_2    6_1
              0.089   0.008        1_2    2_1    4_1
             -0.056   0.003        1_2    5_1    6_1
              0.041   0.002        1_2    2_3
              0.037   0.001        1_2    5_1    6_3
              0.037   0.001        5_1    6_1
             -0.034   0.001        1_4    2_1

         > STATE 00055:   4_3

             E(VCI)   =    10886.42786
             E(VCI)-E0=     5189.48571

             COEFF.  WEIGHT      CONFIG.
              0.991   0.982        4_3
              0.067   0.004        3_1    4_3
             -0.045   0.002        4_3    5_1    6_2
             -0.036   0.001        4_1    5_1
              0.035   0.001        3_2    4_2
              0.035   0.001        2_1    4_2    6_1
              0.033   0.001        3_1    4_2

         > STATE 00056:   1_1    2_1    5_1

             E(VCI)   =    10893.71767
             E(VCI)-E0=     5196.77553

             COEFF.  WEIGHT      CONFIG.
             -0.886   0.785        1_1    2_1    5_1
              0.325   0.105        1_1    2_3
              0.269   0.073        1_3    2_1
              0.135   0.018        1_1    2_1    6_2
             -0.077   0.006        1_1    2_1    5_2
             -0.056   0.003        1_1    2_1
              0.056   0.003        1_1    2_1    3_2
              0.046   0.002        1_1    3_1    6_1

         > STATE 00057:   1_3    4_1

             E(VCI)   =    10904.64941
             E(VCI)-E0=     5207.70726

             COEFF.  WEIGHT      CONFIG.
             -0.941   0.886        1_3    4_1
             -0.277   0.077        1_1    4_1    5_1
              0.117   0.014        1_3    4_1    5_1
              0.055   0.003        1_1    4_2
              0.054   0.003        1_1    2_2    4_1
              0.053   0.003        1_3    3_1
              0.044   0.002        1_3    4_1    5_2
              0.043   0.002        1_5
             -0.042   0.002        1_1    4_1    5_2
             -0.037   0.001        1_3    5_1
              0.033   0.001        1_3    4_2
              0.033   0.001        1_1    3_1    4_1

         > STATE 00058:   2_2    5_1

             E(VCI)   =    10938.77303
             E(VCI)-E0=     5241.83088

             COEFF.  WEIGHT      CONFIG.
              0.803   0.645        2_2    5_1
              0.453   0.205        2_4
              0.271   0.073        5_2
              0.152   0.023        1_2    2_2
             -0.133   0.018        2_2    6_2
             -0.094   0.009        1_2    5_1
             -0.067   0.005        2_1    3_1    6_1
              0.053   0.003        2_2    5_2    6_2
              0.048   0.002        5_1    6_2
              0.045   0.002        2_2    5_2
             -0.042   0.002        2_2    5_1    6_2
              0.040   0.002        2_4    3_1
              0.034   0.001        2_2
              0.034   0.001        2_3    3_1    6_1

         > STATE 00059:   1_1    2_2    3_1

             E(VCI)   =    10989.00023
             E(VCI)-E0=     5292.05808

             COEFF.  WEIGHT      CONFIG.
             -0.643   0.414        1_1    2_2    3_1
             -0.620   0.384        1_1    2_1    6_1
              0.314   0.099        1_1    3_1    5_1
              0.266   0.071        1_1    2_2    4_1
             -0.134   0.018        1_3    3_1
             -0.057   0.003        1_1    3_1    6_2
             -0.046   0.002        1_1    2_4
             -0.042   0.002        1_1    2_2    3_2

         > STATE 00060:   2_3    3_1

             E(VCI)   =    10999.16704
             E(VCI)-E0=     5302.22489

             COEFF.  WEIGHT      CONFIG.
             -0.624   0.389        2_3    3_1
              0.488   0.238        2_2    6_1
             -0.442   0.195        2_1    3_1    5_1
              0.199   0.039        5_1    6_1
              0.194   0.038        2_3    4_1
             -0.186   0.035        1_2    2_1    3_1
              0.101   0.010        2_2    5_1    6_1
             -0.072   0.005        2_3    3_2
              0.071   0.005        2_3    3_1    5_1
              0.071   0.005        2_1    3_1    6_2
             -0.057   0.003        5_2    6_1
             -0.057   0.003        6_1
             -0.056   0.003        6_3
             -0.054   0.003        2_5
              0.050   0.003        2_3
             -0.047   0.002        2_2    5_1    6_3
             -0.043   0.002        2_1    3_2
              0.041   0.002        2_2    3_1    6_1
              0.040   0.002        2_3    3_1    4_1
             -0.038   0.001        2_2    6_3
             -0.037   0.001        2_1    3_1    5_2
             -0.035   0.001        2_1    4_1    5_1
              0.035   0.001        2_1    3_1    4_1
              0.034   0.001        1_2    2_1    4_1
             -0.034   0.001        2_1    3_3

         > STATE 00061:   6_2

             E(VCI)   =    11013.69174
             E(VCI)-E0=     5316.74959

             COEFF.  WEIGHT      CONFIG.
             -0.576   0.332        6_2
             -0.448   0.200        2_1    3_1    6_1
             -0.365   0.133        5_2
              0.341   0.117        2_2    3_2
             -0.287   0.082        5_1    6_2
              0.183   0.034        1_2    3_2
             -0.112   0.013        2_1    4_1    6_1
             -0.103   0.011        5_1
              0.103   0.011        2_2    5_1
              0.094   0.009        5_1    6_4
              0.092   0.008        1_2    5_1
              0.091   0.008        2_2    3_1    4_1
              0.067   0.004        6_4
             -0.063   0.004        2_2    6_2
              0.062   0.004        5_2    6_2
             -0.061   0.004        3_2    5_1
              0.042   0.002        2_3    3_1    6_1
             -0.041   0.002        5_2    6_4
             -0.037   0.001        1_2    6_2
             -0.037   0.001        3_2
              0.034   0.001        2_1    6_1
             -0.033   0.001        3_2    6_2

         > STATE 00062:   1_2    3_2

             E(VCI)   =    11026.76883
             E(VCI)-E0=     5329.82668

             COEFF.  WEIGHT      CONFIG.
              0.938   0.880        1_2    3_2
             -0.204   0.042        3_2    5_1
              0.139   0.019        6_2
              0.111   0.012        5_2
             -0.097   0.009        1_2    3_2    5_1
              0.076   0.006        5_1    6_2
              0.075   0.006        2_1    3_1    6_1
              0.058   0.003        1_2    5_1
              0.056   0.003        1_4    3_1
             -0.050   0.002        1_2    3_2    4_1
              0.046   0.002        1_2    3_3
              0.042   0.002        1_2    3_1
             -0.037   0.001        1_2    3_2    5_2
             -0.036   0.001        3_3
              0.033   0.001        1_2    2_2    3_1

         > STATE 00063:   1_2    2_1    4_1

             E(VCI)   =    11048.07089
             E(VCI)-E0=     5351.12874

             COEFF.  WEIGHT      CONFIG.
              0.739   0.546        1_2    2_1    4_1
              0.468   0.219        5_1    6_1
             -0.228   0.052        2_1    4_1    5_1
              0.222   0.049        2_3    3_1
              0.164   0.027        1_2    6_1
             -0.161   0.026        2_3    4_1
             -0.131   0.017        5_2    6_1
             -0.120   0.015        2_1    3_1    5_1
             -0.110   0.012        6_1
             -0.108   0.012        6_3
              0.066   0.004        5_2    6_3
             -0.060   0.004        5_1    6_3
             -0.057   0.003        2_2    6_1
              0.041   0.002        1_2    5_1    6_1

         > STATE 00064:   5_1    6_1

             E(VCI)   =    11057.89223
             E(VCI)-E0=     5360.95008

             COEFF.  WEIGHT      CONFIG.
              0.657   0.432        5_1    6_1
             -0.613   0.375        1_2    2_1    4_1
              0.246   0.061        2_3    3_1
             -0.183   0.034        5_2    6_1
             -0.147   0.022        6_1
             -0.146   0.021        6_3
             -0.134   0.018        2_1    3_1    5_1
              0.093   0.009        5_2    6_3
             -0.085   0.007        2_2    6_1
             -0.082   0.007        5_1    6_3
             -0.047   0.002        1_2    2_1    3_1
             -0.045   0.002        2_3    4_1

         > STATE 00065:   1_1    2_1    3_2

             E(VCI)   =    11072.33530
             E(VCI)-E0=     5375.39315

             COEFF.  WEIGHT      CONFIG.
              0.717   0.514        1_1    2_1    3_2
             -0.689   0.474        1_1    3_1    6_1
             -0.057   0.003        1_1    4_1    6_1
             -0.042   0.002        1_1    2_3    3_1
              0.042   0.002        1_1    3_3    6_1
             -0.034   0.001        1_1    2_1    6_2

         > STATE 00066:   2_2    3_2

             E(VCI)   =    11110.06094
             E(VCI)-E0=     5413.11880

             COEFF.  WEIGHT      CONFIG.
             -0.635   0.403        2_2    3_2
             -0.465   0.216        5_2
              0.427   0.182        2_1    3_1    6_1
             -0.247   0.061        6_2
             -0.196   0.038        5_1    6_2
              0.161   0.026        2_2    5_1
              0.113   0.013        1_2    5_1
             -0.089   0.008        2_2    3_1    4_1
              0.082   0.007        2_4
              0.078   0.006        1_2    3_2
              0.055   0.003        5_2    6_2
             -0.053   0.003        2_3    3_1    6_1
              0.051   0.003        5_1    6_4
              0.050   0.002        2_2    3_3
              0.049   0.002        3_2    5_1
             -0.048   0.002        5_1
             -0.047   0.002        2_4    3_1
              0.047   0.002        2_2    3_2    5_1
             -0.046   0.002        2_1    3_3    6_1
              0.044   0.002        2_2    3_1
              0.040   0.002        6_4
             -0.039   0.001        5_3    6_2
             -0.035   0.001        3_3
              0.033   0.001        1_2    2_2
              0.032   0.001        2_2    3_2    6_2

         > STATE 00067:   1_1    3_1    5_1

             E(VCI)   =    11126.45907
             E(VCI)-E0=     5429.51692

             COEFF.  WEIGHT      CONFIG.
             -0.773   0.598        1_1    3_1    5_1
              0.476   0.227        1_1    2_2    4_1
              0.241   0.058        1_3    3_1
             -0.221   0.049        1_1    2_2    3_1
             -0.142   0.020        1_1    4_1    5_1
             -0.115   0.013        1_1    3_3
              0.109   0.012        1_1    3_1    6_2
              0.086   0.007        1_3    4_1
             -0.056   0.003        1_1    3_1    5_2
              0.052   0.003        1_1    3_2    4_1
             -0.040   0.002        1_1    3_1

         > STATE 00068:   1_1    2_2    4_1

             E(VCI)   =    11166.55729
             E(VCI)-E0=     5469.61514

             COEFF.  WEIGHT      CONFIG.
             -0.792   0.626        1_1    2_2    4_1
             -0.387   0.150        1_1    3_1    5_1
             -0.338   0.114        1_1    2_1    6_1
             -0.226   0.051        1_1    2_2    3_1
              0.150   0.022        1_1    4_1    5_1
              0.118   0.014        1_3    3_1
             -0.081   0.007        1_3    4_1
             -0.069   0.005        1_1    3_3
              0.044   0.002        1_1    3_1    6_2
             -0.036   0.001        1_1    2_2    5_1

         > STATE 00069:   2_3    4_1

             E(VCI)   =    11189.11829
             E(VCI)-E0=     5492.17615

             COEFF.  WEIGHT      CONFIG.
              0.859   0.738        2_3    4_1
              0.265   0.070        2_1    4_1    5_1
              0.249   0.062        2_1    3_1    5_1
              0.188   0.036        5_1    6_1
             -0.168   0.028        2_2    6_1
              0.153   0.023        1_2    2_1    4_1
             -0.082   0.007        2_3    4_1    5_1
              0.080   0.006        2_3    3_1    4_1
              0.056   0.003        1_2    2_1    3_1
             -0.056   0.003        5_2    6_1
             -0.046   0.002        2_2    5_1    6_1
             -0.045   0.002        2_1    3_1    6_2
             -0.043   0.002        3_2    6_1
              0.039   0.002        1_2    6_1
             -0.038   0.001        6_3
             -0.036   0.001        6_1
              0.034   0.001        2_1    3_1    4_1
              0.033   0.001        2_1    4_1    5_2

         > STATE 00070:   5_2

             E(VCI)   =    11234.27583
             E(VCI)-E0=     5537.33369

             COEFF.  WEIGHT      CONFIG.
              0.614   0.376        5_2
             -0.485   0.235        6_2
             -0.376   0.141        2_2    3_2
              0.286   0.082        3_2    5_1
             -0.210   0.044        2_2    5_1
             -0.151   0.023        1_2    5_1
             -0.141   0.020        2_1    4_1    6_1
             -0.125   0.016        2_1    3_1    6_1
              0.096   0.009        2_2    3_1    4_1
              0.093   0.009        1_2    3_2
             -0.069   0.005        5_1
             -0.066   0.004        5_1    6_2
              0.058   0.003        3_1    4_1    5_1
              0.056   0.003        5_1    6_4
             -0.053   0.003        3_2    6_2
              0.047   0.002        5_3    6_2
             -0.042   0.002        2_4
             -0.038   0.001        2_4    3_1
             -0.038   0.001        1_2    2_2
              0.037   0.001        2_2    3_3
              0.035   0.001        2_2    4_2
             -0.034   0.001        3_1    6_2
              0.032   0.001        1_4
              0.032   0.001        2_2    3_1

         > STATE 00071:   2_1    3_1    5_1

             E(VCI)   =    11261.38735
             E(VCI)-E0=     5564.44520

             COEFF.  WEIGHT      CONFIG.
              0.729   0.532        2_1    3_1    5_1
             -0.329   0.109        2_3    3_1
             -0.316   0.100        3_2    6_1
              0.260   0.068        2_2    6_1
              0.242   0.058        5_1    6_1
             -0.213   0.046        2_3    4_1
              0.135   0.018        1_2    2_1    3_1
             -0.111   0.012        2_1    3_1    6_2
             -0.110   0.012        2_1    4_1    5_1
             -0.087   0.008        2_1    3_3
             -0.075   0.006        5_2    6_1
             -0.074   0.005        3_2    5_1    6_1
             -0.054   0.003        6_3
             -0.045   0.002        6_1
             -0.044   0.002        3_1    4_1    6_1
              0.037   0.001        2_1    3_1    5_2
              0.036   0.001        5_2    6_3
             -0.035   0.001        2_2    3_2    6_1
             -0.035   0.001        2_3    5_1
             -0.034   0.001        5_1    6_3
             -0.033   0.001        2_3    3_2
              0.033   0.001        1_2    6_1

         > STATE 00072:   1_1    3_1    6_1

             E(VCI)   =    11272.43891
             E(VCI)-E0=     5575.49676

             COEFF.  WEIGHT      CONFIG.
              0.706   0.498        1_1    3_1    6_1
              0.687   0.473        1_1    2_1    3_2
              0.121   0.015        1_1    4_1    6_1
              0.073   0.005        1_1    2_1    5_1
             -0.045   0.002        1_1    2_3    3_1
             -0.035   0.001        1_1    2_1    4_2

         > STATE 00073:   1_2    3_1    4_1

             E(VCI)   =    11293.92140
             E(VCI)-E0=     5596.97925

             COEFF.  WEIGHT      CONFIG.
              0.972   0.945        1_2    3_1    4_1
             -0.181   0.033        3_1    4_1    5_1
              0.055   0.003        2_2    3_1    4_1
             -0.047   0.002        1_2    3_1    4_2
              0.043   0.002        1_4    4_1
             -0.040   0.002        1_2    3_2
              0.035   0.001        1_4    3_1
              0.034   0.001        1_2    3_1
              0.034   0.001        1_2    5_1

         > STATE 00074:   3_2    6_1

             E(VCI)   =    11294.19627
             E(VCI)-E0=     5597.25412

             COEFF.  WEIGHT      CONFIG.
              0.710   0.504        3_2    6_1
              0.577   0.333        2_1    3_3
              0.259   0.067        2_1    3_1    5_1
             -0.135   0.018        2_3    3_1
             -0.132   0.017        2_1    3_2    4_1
              0.114   0.013        3_2    5_1    6_1
              0.079   0.006        3_1    4_1    6_1
              0.068   0.005        5_1    6_1
             -0.065   0.004        3_2    5_1    6_3
              0.061   0.004        2_2    6_1
              0.051   0.003        1_2    2_1    3_1
             -0.048   0.002        2_3    4_1
             -0.047   0.002        3_2    6_3
             -0.047   0.002        3_4    6_1
              0.043   0.002        2_2    3_2    6_1
              0.042   0.002        2_1    3_1
             -0.038   0.001        2_1    3_3    6_2
              0.038   0.001        2_2    3_1    6_1
             -0.034   0.001        6_3
             -0.034   0.001        3_1    6_1

         > STATE 00075:   2_2    3_1    4_1

             E(VCI)   =    11367.22454
             E(VCI)-E0=     5670.28239

             COEFF.  WEIGHT      CONFIG.
             -0.506   0.256        2_2    3_1    4_1
              0.467   0.218        2_1    3_1    6_1
             -0.383   0.146        6_2
              0.334   0.112        2_2    3_2
             -0.306   0.093        3_2    5_1
              0.251   0.063        5_2
              0.208   0.043        2_1    4_1    6_1
             -0.107   0.011        5_1    6_2
             -0.079   0.006        1_2    3_2
             -0.068   0.005        2_2    3_2    4_1
             -0.062   0.004        2_2    4_2
             -0.059   0.003        1_2    5_1
              0.052   0.003        3_1    4_1    5_1
              0.052   0.003        5_1    6_4
             -0.051   0.003        5_1
              0.049   0.002        3_2    6_2
             -0.047   0.002        2_2    3_3
              0.043   0.002        2_2    4_1
             -0.040   0.002        2_2    3_1
             -0.040   0.002        3_4
              0.039   0.002        2_1    3_2    6_1
              0.038   0.001        2_4    3_1
              0.037   0.001        1_2    3_1    4_1
              0.036   0.001        3_2    4_1

         > STATE 00076:   1_1    3_3

             E(VCI)   =    11387.47864
             E(VCI)-E0=     5690.53649

             COEFF.  WEIGHT      CONFIG.
              0.965   0.931        1_1    3_3
             -0.167   0.028        1_1    4_1    5_1
             -0.122   0.015        1_1    3_1    5_1
             -0.070   0.005        1_1    3_3    5_1
             -0.062   0.004        1_1    3_3    4_1
             -0.053   0.003        1_3    3_2
              0.048   0.002        1_3    4_1
             -0.046   0.002        1_1    2_2    4_1
             -0.042   0.002        1_1    2_2    3_2
              0.036   0.001        1_1    3_1    6_2

         > STATE 00077:   1_1    4_1    5_1

             E(VCI)   =    11399.65122
             E(VCI)-E0=     5702.70908

             COEFF.  WEIGHT      CONFIG.
              0.899   0.809        1_1    4_1    5_1
             -0.259   0.067        1_3    4_1
              0.211   0.044        1_1    2_2    4_1
              0.168   0.028        1_1    3_3
             -0.123   0.015        1_1    4_1    6_2
             -0.098   0.010        1_1    3_1    5_1
             -0.083   0.007        1_1    3_2    4_1
             -0.062   0.004        1_1    3_1    4_2
              0.060   0.004        1_1    4_1    5_2
              0.051   0.003        1_1    2_1    6_1
              0.043   0.002        1_1    4_1
              0.038   0.001        1_1    4_3

         > STATE 00078:   3_2    5_1

             E(VCI)   =    11407.48959
             E(VCI)-E0=     5710.54745

             COEFF.  WEIGHT      CONFIG.
             -0.722   0.521        3_2    5_1
              0.459   0.211        2_2    3_1    4_1
             -0.340   0.115        2_1    4_1    6_1
             -0.155   0.024        1_2    3_2
              0.127   0.016        2_1    3_1    6_1
             -0.122   0.015        3_1    4_1    5_1
              0.122   0.015        2_2    4_2
              0.114   0.013        5_2
             -0.111   0.012        2_2    3_2
              0.106   0.011        3_2    6_2
             -0.100   0.010        3_4
             -0.085   0.007        1_2    3_1    4_1
             -0.079   0.006        6_2
             -0.060   0.004        3_3    4_1
             -0.049   0.002        3_2    5_2    6_2
              0.048   0.002        2_2    3_2    4_1
              0.040   0.002        3_2    5_1    6_2
              0.036   0.001        2_3    4_1    6_1

         > STATE 00079:   1_1    4_1    6_1

             E(VCI)   =    11443.71950
             E(VCI)-E0=     5746.77735

             COEFF.  WEIGHT      CONFIG.
              0.918   0.844        1_1    4_1    6_1
             -0.364   0.132        1_1    2_1    4_2
             -0.129   0.017        1_1    3_1    6_1
             -0.049   0.002        1_1    2_1    3_2
             -0.040   0.002        1_3    4_1    6_1

         > STATE 00080:   2_1    3_1    6_1

             E(VCI)   =    11475.95225
             E(VCI)-E0=     5779.01011

             COEFF.  WEIGHT      CONFIG.
             -0.523   0.274        2_1    3_1    6_1
             -0.410   0.168        3_2    5_1
             -0.390   0.152        2_2    3_2
              0.388   0.150        2_1    4_1    6_1
             -0.304   0.093        2_2    3_1    4_1
             -0.285   0.081        1_2    4_2
             -0.203   0.041        2_2    4_2
             -0.078   0.006        1_2    3_2
             -0.073   0.005        3_4
              0.065   0.004        4_2    5_1
             -0.061   0.004        2_1    3_2    6_1
             -0.041   0.002        2_2    5_1
             -0.038   0.001        3_3    4_1
              0.037   0.001        3_2    6_2
              0.036   0.001        2_2    3_2    5_1
             -0.036   0.001        2_3    4_1    6_1

         > STATE 00081:   1_2    4_2

             E(VCI)   =    11479.95366
             E(VCI)-E0=     5783.01152

             COEFF.  WEIGHT      CONFIG.
             -0.928   0.861        1_2    4_2
              0.168   0.028        2_1    3_1    6_1
              0.164   0.027        4_2    5_1
             -0.124   0.015        2_1    4_1    6_1
              0.121   0.015        2_2    3_2
              0.120   0.014        2_2    3_1    4_1
              0.118   0.014        3_2    5_1
              0.093   0.009        1_2    4_2    5_1
             -0.053   0.003        1_4    4_1
             -0.042   0.002        1_2    4_1    5_1
              0.036   0.001        4_3

         > STATE 00082:   1_5

             E(VCI)   =    11491.63057
             E(VCI)-E0=     5794.68843

             COEFF.  WEIGHT      CONFIG.
             -0.832   0.693        1_5
              0.470   0.221        1_3    5_1
             -0.138   0.019        1_3    2_2
              0.138   0.019        1_5    5_1
             -0.109   0.012        1_1    5_2
              0.100   0.010        1_3    5_2
              0.075   0.006        1_3
             -0.070   0.005        1_3    4_1
             -0.056   0.003        1_3    3_1
              0.052   0.003        1_5    3_1
             -0.045   0.002        1_1    2_2    5_1
              0.039   0.002        1_3    5_3
             -0.038   0.001        1_3    6_2

         > STATE 00083:   2_1    4_1    5_1

             E(VCI)   =    11498.66423
             E(VCI)-E0=     5801.72208

             COEFF.  WEIGHT      CONFIG.
              0.907   0.822        2_1    4_1    5_1
             -0.310   0.096        2_3    4_1
              0.158   0.025        1_2    2_1    4_1
             -0.122   0.015        2_1    4_1    6_2
              0.092   0.008        2_2    6_1
              0.082   0.007        5_1    6_1
             -0.082   0.007        2_1    3_2    4_1
             -0.056   0.003        2_1    3_1    4_2
              0.047   0.002        2_1    4_1    5_2
             -0.043   0.002        2_1    3_3
             -0.041   0.002        4_2    6_1
              0.033   0.001        2_1    4_1

         > STATE 00084:   2_1    3_3

             E(VCI)   =    11558.74011
             E(VCI)-E0=     5861.79796

             COEFF.  WEIGHT      CONFIG.
              0.777   0.604        2_1    3_3
             -0.505   0.255        3_2    6_1
              0.230   0.053        2_1    3_2    4_1
             -0.170   0.029        3_1    4_1    6_1
             -0.126   0.016        2_1    3_1    5_1
             -0.095   0.009        3_2    5_1    6_1
             -0.069   0.005        2_1    3_3    4_1
              0.063   0.004        2_3    3_2
              0.055   0.003        2_1    4_1    5_1
             -0.051   0.003        2_1    3_3    5_1
              0.048   0.002        3_2    5_1    6_3
              0.047   0.002        2_1    3_4
              0.045   0.002        2_1    3_2
              0.042   0.002        2_2    3_2    6_1
             -0.040   0.002        2_1    3_1    4_1
              0.036   0.001        2_1    3_1    4_2
              0.035   0.001        3_2    6_3

         > STATE 00085:   2_2    4_2

             E(VCI)   =    11571.42941
             E(VCI)-E0=     5874.48726

             COEFF.  WEIGHT      CONFIG.
             -0.580   0.336        2_2    4_2
              0.517   0.268        2_2    3_1    4_1
              0.516   0.267        2_1    4_1    6_1
             -0.204   0.041        3_1    4_1    5_1
              0.157   0.025        2_1    3_1    6_1
             -0.110   0.012        6_2
              0.084   0.007        2_2    3_2
             -0.074   0.005        2_2    3_1    4_2
              0.071   0.005        2_2    3_2    4_1
              0.066   0.004        3_2    5_1
             -0.055   0.003        1_2    3_1    4_1
             -0.054   0.003        2_2    4_1
              0.050   0.002        2_4    4_1
              0.050   0.002        4_2    5_1
             -0.044   0.002        5_1    6_2
              0.043   0.002        1_2    4_2
              0.043   0.002        5_2
              0.037   0.001        3_1    4_1    6_2
              0.035   0.001        2_2    4_2    5_1

         > STATE 00086:   1_4    2_1

             E(VCI)   =    11574.97960
             E(VCI)-E0=     5878.03745

             COEFF.  WEIGHT      CONFIG.
              0.867   0.751        1_4    2_1
              0.414   0.171        1_2    2_1    5_1
              0.173   0.030        1_2    2_3
             -0.143   0.020        1_4    2_1    5_1
              0.089   0.008        1_2    2_1    5_2
              0.064   0.004        1_2    2_1
              0.063   0.004        2_1    5_2
             -0.055   0.003        1_2    2_1    4_1
             -0.037   0.001        2_3    5_1
              0.033   0.001        1_2    2_1    5_3
             -0.032   0.001        1_2    2_1    3_1

         > STATE 00087:   1_1    2_1    4_2

             E(VCI)   =    11638.60491
             E(VCI)-E0=     5941.66276

             COEFF.  WEIGHT      CONFIG.
             -0.929   0.863        1_1    2_1    4_2
             -0.364   0.132        1_1    4_1    6_1

         > STATE 00088:   1_1    3_2    4_1

             E(VCI)   =    11641.37470
             E(VCI)-E0=     5944.43255

             COEFF.  WEIGHT      CONFIG.
              0.987   0.974        1_1    3_2    4_1
              0.080   0.006        1_1    4_1    5_1
             -0.065   0.004        1_1    3_2    4_2
              0.049   0.002        1_1    3_1    5_1
              0.046   0.002        1_1    3_4
              0.046   0.002        1_1    3_2
              0.037   0.001        1_3    3_1    4_1
              0.034   0.001        1_1    3_3
             -0.033   0.001        1_1    3_1    4_3

         > STATE 00089:   1_3    2_2

             E(VCI)   =    11668.94507
             E(VCI)-E0=     5972.00293

             COEFF.  WEIGHT      CONFIG.
              0.869   0.755        1_3    2_2
              0.342   0.117        1_1    2_2    5_1
             -0.225   0.051        1_5
             -0.172   0.030        1_1    2_4
             -0.140   0.020        1_3    2_2    5_1
             -0.083   0.007        1_3    5_1
              0.075   0.006        1_1    5_2
              0.069   0.005        1_1    2_2    5_2
              0.048   0.002        1_1    2_2
             -0.042   0.002        1_1    2_2    4_1
             -0.033   0.001        1_3    3_1
              0.032   0.001        1_5    5_1

         > STATE 00090:   2_1    3_2    4_1

             E(VCI)   =    11678.64734
             E(VCI)-E0=     5981.70520

             COEFF.  WEIGHT      CONFIG.
              0.752   0.565        2_1    3_2    4_1
             -0.518   0.268        3_1    4_1    6_1
              0.283   0.080        3_2    6_1
             -0.152   0.023        2_1    3_3
              0.139   0.019        2_1    3_1    4_2
             -0.112   0.013        4_2    6_1
              0.071   0.005        2_1    3_1    5_1
              0.062   0.004        3_2    5_1    6_1
              0.046   0.002        2_1    4_1    5_1
             -0.046   0.002        2_3    3_1    4_1
             -0.045   0.002        2_1    3_3    4_1
              0.040   0.002        3_3    4_1    6_1
             -0.039   0.002        2_1    3_1    4_1
             -0.036   0.001        2_1    4_1    6_2

         > STATE 00091:   3_1    4_1    5_1

             E(VCI)   =    11706.44900
             E(VCI)-E0=     6009.50685

             COEFF.  WEIGHT      CONFIG.
             -0.701   0.491        3_1    4_1    5_1
              0.528   0.279        2_2    4_2
              0.325   0.106        2_1    4_1    6_1
             -0.216   0.046        4_2    5_1
             -0.130   0.017        1_2    3_1    4_1
             -0.097   0.009        3_3    4_1
              0.097   0.009        3_1    4_1    6_2
              0.077   0.006        3_2    4_2
             -0.075   0.006        1_2    4_2
              0.075   0.006        3_2    5_1
             -0.055   0.003        6_2
              0.053   0.003        2_2    3_1    4_2
              0.047   0.002        5_2
             -0.042   0.002        2_2    4_2    5_1
             -0.040   0.002        3_1    4_3
              0.040   0.002        3_4
              0.033   0.001        4_2    6_2

         > STATE 00092:   3_4

             E(VCI)   =    11728.94318
             E(VCI)-E0=     6032.00103

             COEFF.  WEIGHT      CONFIG.
             -0.976   0.952        3_4
              0.140   0.019        3_2    5_1
              0.074   0.005        3_4    4_1
              0.059   0.003        2_1    3_3    6_1
             -0.059   0.003        3_3    4_1
             -0.051   0.003        3_2    6_2
             -0.048   0.002        2_2    3_3
              0.040   0.002        3_2    4_1
              0.039   0.002        3_4    5_1
              0.036   0.001        1_2    3_3

         > STATE 00093:   3_1    4_1    5_1

             E(VCI)   =    11758.61154
             E(VCI)-E0=     6061.66940

             COEFF.  WEIGHT      CONFIG.
              0.584   0.340        3_1    4_1    5_1
              0.500   0.250        2_2    4_2
              0.500   0.250        2_1    4_1    6_1
              0.310   0.096        2_2    3_1    4_1
              0.105   0.011        3_3    4_1
              0.098   0.010        1_2    3_1    4_1
             -0.093   0.009        4_2    5_1
             -0.065   0.004        3_2    4_2
             -0.064   0.004        3_2    5_1
             -0.059   0.004        3_1    4_1    6_2
             -0.047   0.002        2_2    4_2    5_1
              0.041   0.002        2_2    4_1    5_1
              0.037   0.001        2_1    3_1    6_1
             -0.037   0.001        6_2
              0.036   0.001        2_2    3_1    4_2

         > STATE 00094:   1_2    2_3

             E(VCI)   =    11760.99064
             E(VCI)-E0=     6064.04850

             COEFF.  WEIGHT      CONFIG.
             -0.867   0.751        1_2    2_3
              0.294   0.086        1_4    2_1
              0.245   0.060        2_3    5_1
             -0.203   0.041        1_2    2_1    5_1
             -0.138   0.019        2_5
              0.133   0.018        1_2    2_3    5_1
             -0.093   0.009        2_1    5_2
             -0.051   0.003        1_2    2_1    3_1
              0.044   0.002        2_3    5_2
             -0.043   0.002        1_4    2_1    5_1
             -0.039   0.001        1_2    2_3    3_1
             -0.038   0.001        1_2    2_1    5_2

         > STATE 00095:   2_1    3_1    4_2

             E(VCI)   =    11819.19692
             E(VCI)-E0=     6122.25477

             COEFF.  WEIGHT      CONFIG.
              0.552   0.304        2_1    3_1    4_2
             -0.479   0.229        2_1    3_2    4_1
             -0.472   0.223        3_1    4_1    6_1
             -0.433   0.188        4_2    6_1
             -0.120   0.014        2_1    4_3
              0.084   0.007        2_1    3_2    4_2
              0.067   0.005        2_1    3_3    4_1
             -0.065   0.004        4_2    5_1    6_1
              0.056   0.003        2_1    3_1    4_1
             -0.047   0.002        2_1    4_2
              0.042   0.002        2_3    3_1    4_1
              0.042   0.002        4_1    6_1
              0.036   0.001        4_2    5_1    6_3
             -0.034   0.001        2_1    4_1    5_1
             -0.033   0.001        3_2    4_1    6_1
             -0.032   0.001        2_2    4_2    6_1

         > STATE 00096:   1_4    3_1

             E(VCI)   =    11833.01932
             E(VCI)-E0=     6136.07717

             COEFF.  WEIGHT      CONFIG.
              0.884   0.782        1_4    3_1
              0.391   0.153        1_2    3_1    5_1
             -0.134   0.018        1_4    3_1    5_1
             -0.094   0.009        1_2    2_2    3_1
              0.076   0.006        1_2    3_1    5_2
             -0.066   0.004        1_2    3_2
             -0.062   0.004        1_4    3_2
              0.055   0.003        1_4
              0.055   0.003        3_1    5_2
             -0.055   0.003        1_2    3_1    4_1
              0.053   0.003        1_2    3_1
              0.051   0.003        1_6
             -0.041   0.002        1_4    3_1    4_1
              0.033   0.001        1_2    2_1    6_1

         > STATE 00097:   1_1    2_4

             E(VCI)   =    11850.91190
             E(VCI)-E0=     6153.96976

             COEFF.  WEIGHT      CONFIG.
             -0.868   0.753        1_1    2_4
              0.342   0.117        1_1    2_2    5_1
             -0.297   0.088        1_3    2_2
              0.123   0.015        1_1    2_4    5_1
             -0.067   0.004        1_1    2_4    3_1
              0.066   0.004        1_1    2_2    3_1
              0.061   0.004        1_3    5_1
              0.060   0.004        1_1    2_2    5_2
              0.047   0.002        1_5
              0.044   0.002        1_3    2_2    5_1
              0.040   0.002        1_1    2_2
              0.039   0.002        1_1    5_2
             -0.035   0.001        1_1    2_2    6_2

         > STATE 00098:   1_1    3_1    4_2

             E(VCI)   =    11858.11805
             E(VCI)-E0=     6161.17590

             COEFF.  WEIGHT      CONFIG.
             -0.990   0.980        1_1    3_1    4_2
             -0.063   0.004        1_1    4_1    5_1
             -0.050   0.003        1_1    3_2    4_2
             -0.046   0.002        1_1    3_1    4_3
             -0.045   0.002        1_1    3_3    4_1
             -0.037   0.001        1_1    3_1    4_1
              0.033   0.001        1_1    4_2
             -0.033   0.001        1_3    4_2
             -0.032   0.001        1_3    3_1    4_1

         > STATE 00099:   1_3    6_1

             E(VCI)   =    11865.64305
             E(VCI)-E0=     6168.70091

             COEFF.  WEIGHT      CONFIG.
             -0.879   0.772        1_3    6_1
              0.366   0.134        1_3    2_1    3_1
             -0.250   0.062        1_1    5_1    6_1
              0.106   0.011        1_3    2_1    4_1
             -0.074   0.005        1_3    5_1    6_1
              0.050   0.003        1_1    2_2    6_1
              0.050   0.003        1_3    6_3
             -0.049   0.002        1_5    6_1
              0.037   0.001        1_1    5_2    6_1

(  FINALIZE VCI MODULE  )

            (MEMORY INFO)
            -- CURRENT USAGE    [     0.15 MB /  1200.00 MB (  0.0 % ) ]  -- 
            -- IN THE LAST STEP [     2.62 MB /  1200.00 MB (  0.2 % ) ]  -- 

            (CLOCK) ---->  LAST STEP: USER     0.04, SYSTEM     0.00 SECS   <----


(  FINALIZE TARGET MODULE  )


(  ENTER PROPERTY MODULE  )

   >> RUN OPTIONS
      MR    =      3
      NPRPT =      0
      VSCF  =      F
      VCI   =      T
      VPT   =      F
      VQDPT =      F

   >> INFRARED SPECTRUM
      MIN_OMEGA =      800.00
      MAX_OMEGA =     4000.00
      DEL_OMEGA =        1.00
      FWHM      =        5.00

      >> PROPERTY SURFACE
         MR         =        3
         EXT        = .dipole   
         POTDIR     = ../3_mrpes/pes_mrpes/

         1MR-PRPT SURFACE

           MODE=   1, GRID=  11   B3LYP/cc-pVDZ
           MODE=   2, GRID=  11   B3LYP/cc-pVDZ
           MODE=   3, GRID=  11   B3LYP/cc-pVDZ
           MODE=   4, GRID=  11   B3LYP/cc-pVDZ
           MODE=   5, GRID=  11   B3LYP/cc-pVDZ
           MODE=   6, GRID=  11   B3LYP/cc-pVDZ
 

         2MR-PRPT SURFACE

           MODE=   2   1, GRID=   7   7   B3LYP/cc-pVDZ
           MODE=   3   1, GRID=   7   7   B3LYP/cc-pVDZ
           MODE=   3   2, GRID=   7   7   B3LYP/cc-pVDZ
           MODE=   4   3, GRID=   7   7   B3LYP/cc-pVDZ
           MODE=   5   1, GRID=   9   9   B3LYP/cc-pVDZ
           MODE=   5   2, GRID=   9   9   B3LYP/cc-pVDZ
           MODE=   5   3, GRID=   9   9   B3LYP/cc-pVDZ
           MODE=   5   4, GRID=   7   7   B3LYP/cc-pVDZ
           MODE=   6   1, GRID=   9   9   B3LYP/cc-pVDZ
           MODE=   6   2, GRID=   9   9   B3LYP/cc-pVDZ
           MODE=   6   3, GRID=   9   9   B3LYP/cc-pVDZ
           MODE=   6   4, GRID=   7   7   B3LYP/cc-pVDZ
           MODE=   6   5, GRID=   9   9   B3LYP/cc-pVDZ
 

         3MR-PRPT SURFACE

      o VCI PROPERTY OPTIONS
         VCI_STATES       =  ALL

      -> DONE FOR VCI SPECTRUM : [ vci-IR.data / vci-IR.spectrum ]

            (MEMORY INFO)
            -- CURRENT USAGE    [     0.16 MB /  1200.00 MB (  0.0 % ) ]  -- 
            -- IN THE LAST STEP [    11.25 MB /  1200.00 MB (  0.9 % ) ]  -- 

            (CLOCK) ---->  LAST STEP: USER     0.08, SYSTEM     0.00 SECS   <----


(  FINALIZE PROPERTY MODULE  )


(  FINALIZE VIB MODULE  )


(  FINALIZE NMA MODULE  )


(  FINALIZE MOL MODULE  )



   (TOTAL MEMORY USAGE)   [    11.25 MB /  1200.00 MB (  0.9 % ) ] 

   (CLOCK) ---->  TOTAL CPU-TIME  <----
            >     USER :   0 DAYS   0 HOURS   0 MINS   0.2 SECS 
            >    SYSTEM:   0 DAYS   0 HOURS   0 MINS   0.0 SECS 

