 -------------------------------------------------------
                                                      
    ***   WELCOME TO SINDO PROGRAM                    
     ***                (  VERSION 4.0 BETA  )        
      ***                                             
       ***       COPYRIGHT 2019:                      
        ***         KIYOSHI YAGI  KIYOSHI.YAGI@RIKEN.JP
                                                      
 -------------------------------------------------------

     JOB STARTED AT: Fri Jun 18 20:33:44 2021
     RUNNING ON lemon.novalocal                 


(  SETUP MEM MODULE  )

   o MAXIMUM MEMORY :     1200 MB


(  SETUP MOL MODULE  )


   READ DATA FROM A MINFO FILE : [ ../1_harmonic/h2co-b3lyp-dz.minfo ]


(  ENTER NMA MODULE  )


      o ATOMIC MASS
           12.0000     15.9949      1.0078      1.0078
 
      o REFERENCE GEOMETRY
          0.000000    0.000000   -1.136626
          0.000000    0.000000    1.138988
          0.000000    1.787626   -2.271483
          0.000000   -1.787626   -2.271483
 
      o NORMAL DISPLACEMENT VECTOR
         -0.517530    0.000000   -0.000000
          0.149163   -0.000000    0.000000
          0.595782   -0.000000   -0.000000
          0.595782   -0.000000    0.000000
 
          0.000000    0.444566    0.000000
         -0.000000   -0.276038   -0.000000
         -0.000000   -0.217175   -0.562065
         -0.000000   -0.217175    0.562065
 
         -0.000000    0.000000    0.008692
          0.000000   -0.000000   -0.300114
          0.000000    0.339513    0.582802
          0.000000   -0.339513    0.582802
 
         -0.000000    0.000000   -0.749045
          0.000000   -0.000000    0.613952
          0.000000    0.161803    0.069404
         -0.000000   -0.161803    0.069404
 
          0.000000   -0.000000   -0.197476
         -0.000000   -0.000000   -0.004264
         -0.000000   -0.598791    0.349202
         -0.000000    0.598791    0.349202
 
         -0.000000    0.332434   -0.000000
          0.000000   -0.003367    0.000000
          0.000000   -0.566845    0.351318
          0.000000   -0.566845   -0.351318
 
 
      o TRANSLATIONAL VECTOR
          0.632345    0.000000    0.000000
          0.730053    0.000000    0.000000
          0.183253    0.000000    0.000000
          0.183253    0.000000    0.000000
 
          0.000000    0.632345    0.000000
          0.000000    0.730053    0.000000
          0.000000    0.183253    0.000000
          0.000000    0.183253    0.000000
 
          0.000000    0.000000    0.632345
          0.000000    0.000000    0.730053
          0.000000    0.000000    0.183253
          0.000000    0.000000    0.183253
 
 
      o ROTATIONAL VECTOR
          0.000000    0.540365    0.000000
          0.000000   -0.625153    0.000000
          0.000000    0.312950    0.246287
          0.000000    0.312950   -0.246287
 
         -0.576461    0.000000    0.000000
          0.666914    0.000000    0.000000
         -0.333855    0.000000    0.000000
         -0.333855    0.000000    0.000000
 
          0.000000    0.000000    0.000000
          0.000000    0.000000    0.000000
         -0.707107    0.000000    0.000000
          0.707107    0.000000    0.000000
 
(  SETUP OF NMA COMPLETED  )



(  SETUP VIB MODULE  )

   >> RUN OPTIONS
      VSCF    =     T
      OC-VSCF =     F
      VCI     =     T
      VPT     =     F
      VQDPT   =     F
      PRPT    =     T


   >> BASIS FUNCTIONS
      MODE :         1        2        3        4        5        6
      MAXV :        10       10       10       10       10       10
      FREQ :   1186.71  1253.90  1514.96  1831.55  2862.51  2915.76


(  SETUP TARGET MODULE  )

   >> TARGET STATES
       000   : ZERO-POINT STATE
 

(  SETUP MRPES MODULE  )

   >> POTENTIAL

      [  OPTIONS  ]

         MR         =        3
         MCS_CUTOFF = -.10E-02
         MCS_GRID   = -.10E+01
         POTDIR     = ../3_mrpes/pes_b3lyp/
         MOPFILE    = prop_no_1.mop


         1MR-PEF

         o GRID PEF

           MODE=   1, GRID=  11   B3LYP/cc-pVDZ
           MODE=   2, GRID=  11   B3LYP/cc-pVDZ
           MODE=   3, GRID=  11   B3LYP/cc-pVDZ
           MODE=   4, GRID=  11   B3LYP/cc-pVDZ
           MODE=   5, GRID=  11   B3LYP/cc-pVDZ
           MODE=   6, GRID=  11   B3LYP/cc-pVDZ
 

         2MR-PEF

         o GRID PEF

           MODE=   2   1, GRID=   7   7   B3LYP/cc-pVDZ
           MODE=   3   1, GRID=   7   7   B3LYP/cc-pVDZ
           MODE=   3   2, GRID=   7   7   B3LYP/cc-pVDZ
           MODE=   4   3, GRID=   7   7   B3LYP/cc-pVDZ
           MODE=   5   1, GRID=   9   9   B3LYP/cc-pVDZ
           MODE=   5   2, GRID=   9   9   B3LYP/cc-pVDZ
           MODE=   5   3, GRID=   9   9   B3LYP/cc-pVDZ
           MODE=   5   4, GRID=   7   7   B3LYP/cc-pVDZ
           MODE=   6   1, GRID=   9   9   B3LYP/cc-pVDZ
           MODE=   6   2, GRID=   9   9   B3LYP/cc-pVDZ
           MODE=   6   3, GRID=   9   9   B3LYP/cc-pVDZ
           MODE=   6   4, GRID=   7   7   B3LYP/cc-pVDZ
           MODE=   6   5, GRID=   9   9   B3LYP/cc-pVDZ
 
         o QFF  B3LYP/cc-pVDZ

           MODE=   4   1
           MODE=   4   2
 

         3MR-PEF

         o QFF  B3LYP/cc-pVDZ

           MODE=   3   2   1
           MODE=   4   2   1
           MODE=   4   3   1
           MODE=   4   3   2
           MODE=   5   2   1
           MODE=   5   3   1
           MODE=   5   3   2
           MODE=   5   4   1
           MODE=   5   4   2
           MODE=   5   4   3
           MODE=   6   2   1
           MODE=   6   3   1
           MODE=   6   3   2
           MODE=   6   4   1
           MODE=   6   4   2
           MODE=   6   4   3
           MODE=   6   5   1
           MODE=   6   5   2
           MODE=   6   5   3
           MODE=   6   5   4
 

(  FINALIZE MRPES MODULE  )

            (MEMORY INFO)
            -- CURRENT USAGE    [     0.15 MB /  1200.00 MB (  0.0 % ) ]  -- 
            -- IN THE LAST STEP [     0.17 MB /  1200.00 MB (  0.0 % ) ]  -- 

            (CLOCK) ---->  LAST STEP: USER     0.00, SYSTEM     0.00 SECS   <----


(  ENTER VSCF MODULE  )

  ---  VIBRATIONAL SELF-CONSISTENT FIELD CALCULATIONS   ---

   >> SCF OPTIONS
       STATE SPECIFIC :        F
              RESTART :        F
        MAX ITERATION :       10
         CONV. THRESH : 0.10E-04

   >> FILES
       WFN READ/WRITE FILE : vscf_xxx.wfn

   >> STATE 000:   ZERO-POINT STATE

       o INITIAL GUESS FROM (CONTRACTED) HARMONIC OSCILLATOR 

   -- (ITERATION) -------- (EOLD) -------- (ENEW) ----- (DELTA E) --
                1         5784.00         5724.83      -0.592D+02
                2         5724.83         5723.08      -0.175D+01
                3         5723.08         5723.01      -0.686D-01
                4         5723.01         5723.01      -0.282D-02
                5         5723.01         5723.01      -0.117D-03
                6         5723.01         5723.01      -0.487D-05
   -----------------------------------------------------------------
       E(VSCF)=     5723.00640274

       o COEFFICIENTS

         -MODES-          1         2         3         4         5         6
              0    -0.99996  -0.99998   0.99941   0.99860   0.99096   0.99994
              1     0.00000  -0.00000  -0.03328   0.05057  -0.13053   0.00000
              2    -0.00831  -0.00564   0.00780   0.00296   0.01775   0.01044
              3    -0.00000   0.00000   0.00121   0.01539  -0.02443  -0.00000
              4     0.00124   0.00078  -0.00015   0.00166   0.00653  -0.00250
              5    -0.00000  -0.00000   0.00004   0.00014  -0.00138   0.00000
              6    -0.00005  -0.00003   0.00001   0.00053   0.00135  -0.00005
              7     0.00000   0.00000  -0.00000   0.00008  -0.00048  -0.00000
              8    -0.00000  -0.00000   0.00000   0.00001   0.00012   0.00002
              9     0.00000   0.00000   0.00000   0.00002  -0.00010  -0.00000
             10     0.00000   0.00000  -0.00000   0.00000   0.00004  -0.00000
 
       o VIBRATIONALLY AVERAGED STRUCTURE

         - Q0 -
             -0.000000    0.000000   -0.572100
              0.787154   -1.655963    0.000000
 
         - X0 -
              0.000000    0.000000   -1.138435
             -0.000000   -0.000000    1.142865
             -0.000000    1.809201   -2.291479
             -0.000000   -1.809201   -2.291479
 

(  FINALIZE VSCF MODULE  )

            (MEMORY INFO)
            -- CURRENT USAGE    [     0.15 MB /  1200.00 MB (  0.0 % ) ]  -- 
            -- IN THE LAST STEP [     0.16 MB /  1200.00 MB (  0.0 % ) ]  -- 

            (CLOCK) ---->  LAST STEP: USER     0.00, SYSTEM     0.00 SECS   <----


(  ENTER VCI MODULE  )

   >> VCI OPTIONS

       o VCI SPACE SELECTION
         - MAX NUM. OF MODES TO EXCITE :          3
         - MAX SUM OF QUANTUM NUM.     :          6
         - MAX EXCITATION OF EACH MODE :    6  6  6  6  6  6
 
       o VCI DIMENSION  :        662
       o NUM_OF_STATES  :        100

   >> VCI WITH ZERO-POINT VSCF REFERENCE

       o READ VSCF WFN   : [ vscf-000.wfn ]

       o DUMP VCI WFN    : [ vci-w.wfn ]

       o VIB. AV. GEOM. : F

   >> VCI MAIN

      o FORMING HAMILTONIAN MATRIX     ... DONE

            (CLOCK) ---->  LAST STEP: USER     0.04, SYSTEM     0.00 SECS   <----

      o DIAGONALIZING HAMILTONIAN MATRIX     ... DONE

            (CLOCK) ---->  LAST STEP: USER     0.05, SYSTEM     0.00 SECS   <----


         > STATE 00000: ZERO-POINT STATE

             E(VCI)   =     5702.51578

             COEFF.  WEIGHT      CONFIG.
             -0.999   0.997        0_0
              0.044   0.002        5_1    6_2

         > STATE 00001:   1_1

             E(VCI)   =     6855.39245
             E(VCI)-E0=     1152.87667

             COEFF.  WEIGHT      CONFIG.
              0.998   0.995        1_1
             -0.045   0.002        1_1    5_1    6_2
             -0.032   0.001        1_1    5_1

         > STATE 00002:   2_1

             E(VCI)   =     6927.05095
             E(VCI)-E0=     1224.53517

             COEFF.  WEIGHT      CONFIG.
              0.997   0.994        2_1
             -0.045   0.002        2_1    5_1    6_2

         > STATE 00003:   3_1

             E(VCI)   =     7179.93190
             E(VCI)-E0=     1477.41612

             COEFF.  WEIGHT      CONFIG.
             -0.997   0.993        3_1
              0.045   0.002        3_1    5_1    6_2

         > STATE 00004:   4_1

             E(VCI)   =     7509.99179
             E(VCI)-E0=     1807.47601

             COEFF.  WEIGHT      CONFIG.
             -0.997   0.994        4_1
              0.043   0.002        4_1    5_1    6_2

         > STATE 00005:   1_2

             E(VCI)   =     8004.16450
             E(VCI)-E0=     2301.64872

             COEFF.  WEIGHT      CONFIG.
              0.981   0.963        1_2
              0.158   0.025        5_1
             -0.063   0.004        1_2    5_1
             -0.045   0.002        1_2    5_1    6_2
              0.041   0.002        2_2

         > STATE 00006:   1_1    2_1

             E(VCI)   =     8100.94175
             E(VCI)-E0=     2398.42597

             COEFF.  WEIGHT      CONFIG.
             -0.997   0.994        1_1    2_1
              0.058   0.003        1_1    2_1    5_1

         > STATE 00007:   2_2

             E(VCI)   =     8148.84237
             E(VCI)-E0=     2446.32659

             COEFF.  WEIGHT      CONFIG.
              0.979   0.958        2_2
              0.156   0.024        5_1
             -0.066   0.004        1_2
              0.050   0.002        2_2    3_1
             -0.045   0.002        2_2    5_1
             -0.045   0.002        2_2    5_1    6_2
             -0.035   0.001        2_1    3_1    6_1

         > STATE 00008:   6_1

             E(VCI)   =     8331.77802
             E(VCI)-E0=     2629.26224

             COEFF.  WEIGHT      CONFIG.
              0.755   0.569        6_1
              0.623   0.388        2_1    3_1
              0.138   0.019        5_1    6_1
              0.096   0.009        2_1    4_1
              0.064   0.004        5_1    6_3
             -0.041   0.002        2_2    6_1
             -0.033   0.001        3_2    6_1
              0.033   0.001        6_3

         > STATE 00009:   1_1    3_1

             E(VCI)   =     8350.83877
             E(VCI)-E0=     2648.32299

             COEFF.  WEIGHT      CONFIG.
             -0.996   0.992        1_1    3_1
              0.042   0.002        1_1    3_1    5_1

         > STATE 00010:   5_1

             E(VCI)   =     8403.16871
             E(VCI)-E0=     2700.65293

             COEFF.  WEIGHT      CONFIG.
              0.961   0.924        5_1
             -0.164   0.027        2_2
             -0.149   0.022        1_2
             -0.131   0.017        6_2
              0.060   0.004        5_2    6_2
             -0.043   0.002        5_1    6_2
              0.039   0.002        3_2

         > STATE 00011:   2_1    3_1

             E(VCI)   =     8481.42233
             E(VCI)-E0=     2778.90655

             COEFF.  WEIGHT      CONFIG.
              0.775   0.600        2_1    3_1
             -0.604   0.364        6_1
             -0.119   0.014        5_1    6_1
             -0.102   0.010        2_1    4_1
             -0.052   0.003        5_1    6_3
             -0.038   0.001        2_3

         > STATE 00012:   3_2

             E(VCI)   =     8656.71280
             E(VCI)-E0=     2954.19703

             COEFF.  WEIGHT      CONFIG.
             -0.993   0.986        3_2
              0.047   0.002        3_2    5_1    6_2
              0.044   0.002        2_1    3_1    6_1
              0.038   0.001        5_1
             -0.037   0.001        2_2    3_1
              0.035   0.001        3_2    4_1

         > STATE 00013:   1_1    4_1

             E(VCI)   =     8674.45229
             E(VCI)-E0=     2971.93651

             COEFF.  WEIGHT      CONFIG.
              0.997   0.994        1_1    4_1
             -0.043   0.002        1_1    4_1    5_1

         > STATE 00014:   2_1    4_1

             E(VCI)   =     8753.95761
             E(VCI)-E0=     3051.44183

             COEFF.  WEIGHT      CONFIG.
             -0.986   0.972        2_1    4_1
              0.136   0.018        6_1
             -0.049   0.002        2_1    3_1    4_1
              0.033   0.001        2_1    4_1    5_1

         > STATE 00015:   3_1    4_1

             E(VCI)   =     9002.07635
             E(VCI)-E0=     3299.56057

             COEFF.  WEIGHT      CONFIG.
              0.994   0.989        3_1    4_1
             -0.037   0.001        3_2    4_1
              0.035   0.001        3_3

         > STATE 00016:   1_3

             E(VCI)   =     9154.90845
             E(VCI)-E0=     3452.39268

             COEFF.  WEIGHT      CONFIG.
             -0.948   0.899        1_3
              0.278   0.077        1_1    5_1
              0.087   0.008        1_3    5_1
              0.065   0.004        1_1    2_2
              0.044   0.002        1_3    5_1    6_2
              0.041   0.002        1_3    5_2
              0.037   0.001        1_3    3_1
              0.034   0.001        1_1    5_2
             -0.032   0.001        1_1    4_1
             -0.032   0.001        1_5    5_1

         > STATE 00017:   1_2    2_1

             E(VCI)   =     9249.16520
             E(VCI)-E0=     3546.64942

             COEFF.  WEIGHT      CONFIG.
             -0.968   0.937        1_2    2_1
             -0.202   0.041        2_1    5_1
             -0.092   0.009        2_3
              0.087   0.008        1_2    2_1    5_1
              0.033   0.001        1_2    2_1    5_2

         > STATE 00018:   4_2

             E(VCI)   =     9296.63868
             E(VCI)-E0=     3594.12290

             COEFF.  WEIGHT      CONFIG.
              0.995   0.990        4_2
              0.051   0.003        3_1    4_2
             -0.043   0.002        4_2    5_1    6_2

         > STATE 00019:   1_1    2_2

             E(VCI)   =     9330.19461
             E(VCI)-E0=     3627.67883

             COEFF.  WEIGHT      CONFIG.
             -0.969   0.938        1_1    2_2
             -0.187   0.035        1_1    5_1
             -0.122   0.015        1_3
              0.079   0.006        1_1    2_2    5_1
             -0.034   0.001        1_1    2_2    3_1

         > STATE 00020:   2_3

             E(VCI)   =     9371.95372
             E(VCI)-E0=     3669.43794

             COEFF.  WEIGHT      CONFIG.
             -0.941   0.885        2_3
             -0.265   0.070        2_1    5_1
              0.147   0.022        1_2    2_1
             -0.071   0.005        2_3    3_1
              0.062   0.004        2_3    5_1
             -0.054   0.003        2_1    3_1
              0.043   0.002        2_3    5_1    6_2
             -0.042   0.002        2_2    3_1    6_1

         > STATE 00021:   1_1    6_1

             E(VCI)   =     9456.53485
             E(VCI)-E0=     3754.01908

             COEFF.  WEIGHT      CONFIG.
              0.877   0.769        1_1    6_1
              0.434   0.188        1_1    2_1    3_1
              0.142   0.020        1_1    5_1    6_1
              0.092   0.008        1_1    2_1    4_1
              0.079   0.006        1_1    5_1    6_3
              0.051   0.003        1_1    6_3

         > STATE 00022:   2_1    6_1

             E(VCI)   =     9495.21500
             E(VCI)-E0=     3792.69922

             COEFF.  WEIGHT      CONFIG.
             -0.620   0.384        2_1    6_1
              0.603   0.363        1_2    3_1
              0.445   0.198        2_2    3_1
              0.117   0.014        3_1    5_1
             -0.099   0.010        2_1    5_1    6_1
              0.090   0.008        2_2    4_1
             -0.055   0.003        2_1    5_1    6_3
             -0.044   0.002        1_2    3_1    5_1
              0.042   0.002        2_3    6_1
             -0.038   0.001        2_1    3_1    6_1
             -0.037   0.001        2_2
             -0.035   0.001        2_1    6_3
              0.032   0.001        2_1    3_2    6_1

         > STATE 00023:   1_2    3_1

             E(VCI)   =     9499.76855
             E(VCI)-E0=     3797.25278

             COEFF.  WEIGHT      CONFIG.
             -0.765   0.585        1_2    3_1
             -0.509   0.259        2_1    6_1
              0.317   0.101        2_2    3_1
             -0.143   0.020        3_1    5_1
             -0.089   0.008        2_1    5_1    6_1
              0.073   0.005        2_2    4_1
              0.057   0.003        1_2    3_1    5_1
             -0.045   0.002        2_1    5_1    6_3
             -0.037   0.001        3_2
              0.032   0.001        2_3    6_1

         > STATE 00024:   1_1    5_1

             E(VCI)   =     9538.27497
             E(VCI)-E0=     3835.75919

             COEFF.  WEIGHT      CONFIG.
             -0.923   0.852        1_1    5_1
             -0.261   0.068        1_3
              0.215   0.046        1_1    2_2
              0.141   0.020        1_1    6_2
             -0.060   0.004        1_1    5_2    6_2
              0.050   0.002        1_1    5_1    6_2
             -0.043   0.002        1_1    3_2
             -0.032   0.001        1_1    5_2

         > STATE 00025:   2_1    5_1

             E(VCI)   =     9609.59179
             E(VCI)-E0=     3907.07601

             COEFF.  WEIGHT      CONFIG.
             -0.910   0.829        2_1    5_1
              0.284   0.081        2_3
              0.166   0.028        1_2    2_1
             -0.155   0.024        3_1    6_1
              0.146   0.021        2_1    6_2
             -0.060   0.004        2_1    5_2    6_2
             -0.052   0.003        3_1    5_1    6_1
              0.050   0.002        2_1    5_1    6_2
             -0.036   0.001        4_1    6_1

         > STATE 00026:   1_1    2_1    3_1

             E(VCI)   =     9637.52810
             E(VCI)-E0=     3935.01233

             COEFF.  WEIGHT      CONFIG.
              0.897   0.805        1_1    2_1    3_1
             -0.421   0.178        1_1    6_1
             -0.074   0.006        1_1    5_1    6_1
             -0.070   0.005        1_1    2_1    4_1
             -0.041   0.002        1_1    2_3
             -0.039   0.002        1_1    5_1    6_3

         > STATE 00027:   2_2    3_1

             E(VCI)   =     9700.94099
             E(VCI)-E0=     3998.42521

             COEFF.  WEIGHT      CONFIG.
             -0.769   0.591        2_2    3_1
             -0.491   0.241        2_1    6_1
             -0.325   0.106        3_1    5_1
              0.127   0.016        2_2    4_1
             -0.102   0.010        2_1    5_1    6_1
              0.092   0.009        1_2    3_1
              0.058   0.003        2_2    3_2
              0.055   0.003        3_1    6_2
              0.051   0.003        2_4
              0.051   0.003        2_2    3_1    5_1
             -0.046   0.002        2_1    5_1    6_3
              0.034   0.001        2_2

         > STATE 00028:   3_1    6_1

             E(VCI)   =     9745.12985
             E(VCI)-E0=     4042.61407

             COEFF.  WEIGHT      CONFIG.
             -0.780   0.608        3_1    6_1
              0.557   0.311        2_1    3_2
              0.148   0.022        2_1    5_1
             -0.137   0.019        3_1    5_1    6_1
             -0.099   0.010        2_1    3_1    4_1
             -0.069   0.005        3_1    5_1    6_3
             -0.064   0.004        4_1    6_1
             -0.057   0.003        2_3
              0.045   0.002        2_2    3_1    6_1
             -0.044   0.002        3_1    6_3
              0.043   0.002        3_3    6_1
             -0.037   0.001        2_1    3_2    6_2
              0.032   0.001        3_2    6_1

         > STATE 00029:   1_2    4_1

             E(VCI)   =     9818.12865
             E(VCI)-E0=     4115.61288

             COEFF.  WEIGHT      CONFIG.
              0.974   0.949        1_2    4_1
              0.171   0.029        4_1    5_1
             -0.073   0.005        1_2    4_1    5_1
              0.066   0.004        3_1    5_1
              0.046   0.002        2_2    4_1
             -0.036   0.001        1_2    3_1
             -0.035   0.001        1_4

         > STATE 00030:   1_1    3_2

             E(VCI)   =     9834.29844
             E(VCI)-E0=     4131.78266

             COEFF.  WEIGHT      CONFIG.
              0.993   0.987        1_1    3_2
             -0.048   0.002        1_1    3_2    5_1
             -0.042   0.002        1_1    5_1
             -0.041   0.002        1_1    3_2    4_1
              0.040   0.002        1_3    3_1
              0.035   0.001        1_1    2_2    3_1

         > STATE 00031:   3_1    5_1

             E(VCI)   =     9861.45092
             E(VCI)-E0=     4158.93514

             COEFF.  WEIGHT      CONFIG.
             -0.899   0.808        3_1    5_1
              0.276   0.076        2_2    3_1
              0.174   0.030        2_1    6_1
              0.161   0.026        1_2    3_1
             -0.134   0.018        2_2    4_1
              0.124   0.015        3_1    6_2
              0.095   0.009        1_2    4_1
             -0.059   0.003        3_1    5_2    6_2
             -0.057   0.003        4_1    5_1
             -0.048   0.002        3_3
              0.046   0.002        3_1    5_1    6_2

         > STATE 00032:   1_1    2_1    4_1

             E(VCI)   =     9925.71514
             E(VCI)-E0=     4223.19936

             COEFF.  WEIGHT      CONFIG.
              0.991   0.983        1_1    2_1    4_1
             -0.111   0.012        1_1    6_1

         > STATE 00033:   2_1    3_2

             E(VCI)   =     9970.41533
             E(VCI)-E0=     4267.89955

             COEFF.  WEIGHT      CONFIG.
             -0.814   0.662        2_1    3_2
             -0.525   0.276        3_1    6_1
             -0.124   0.015        2_1    3_1    4_1
             -0.105   0.011        3_1    5_1    6_1
             -0.100   0.010        4_1    6_1
              0.075   0.006        2_1    5_1
             -0.054   0.003        2_3    3_1
             -0.049   0.002        3_1    5_1    6_3
              0.042   0.002        2_1    3_2    4_1
             -0.039   0.002        2_1    3_3
             -0.039   0.001        2_2    3_1    6_1
              0.037   0.001        2_1    3_2    5_1

         > STATE 00034:   2_2    4_1

             E(VCI)   =     9980.27627
             E(VCI)-E0=     4277.76049

             COEFF.  WEIGHT      CONFIG.
              0.947   0.897        2_2    4_1
              0.182   0.033        4_1    5_1
              0.179   0.032        2_1    6_1
             -0.098   0.010        3_1    5_1
              0.078   0.006        2_2    3_1
              0.068   0.005        2_2    3_1    4_1
             -0.066   0.004        1_2    4_1
             -0.056   0.003        2_2    4_1    5_1
              0.041   0.002        2_1    5_1    6_1
              0.037   0.001        2_3    6_1

         > STATE 00035:   3_3

             E(VCI)   =    10135.10011
             E(VCI)-E0=     4432.58434

             COEFF.  WEIGHT      CONFIG.
              0.989   0.978        3_3
              0.054   0.003        2_1    3_2    6_1
             -0.052   0.003        3_3    4_1
             -0.050   0.003        3_1    5_1
             -0.049   0.002        3_3    5_1    6_2
             -0.043   0.002        2_2    3_2
              0.033   0.001        3_1    6_2
             -0.032   0.001        3_1    4_1

         > STATE 00036:   4_1    6_1

             E(VCI)   =    10150.26340
             E(VCI)-E0=     4447.74762

             COEFF.  WEIGHT      CONFIG.
              0.760   0.578        4_1    6_1
              0.573   0.328        2_1    3_1    4_1
             -0.183   0.034        3_1    6_1
             -0.138   0.019        2_1    4_2
              0.133   0.018        4_1    5_1    6_1
             -0.068   0.005        2_1    3_2
              0.063   0.004        4_1    5_1    6_3
             -0.040   0.002        2_2    4_1    6_1
             -0.039   0.002        3_1    5_1    6_1
              0.036   0.001        3_1    4_1    6_1
             -0.032   0.001        2_1    3_2    4_1

         > STATE 00037:   1_1    3_1    4_1

             E(VCI)   =    10163.40608
             E(VCI)-E0=     4460.89030

             COEFF.  WEIGHT      CONFIG.
              0.996   0.991        1_1    3_1    4_1
              0.034   0.001        1_1    3_1    4_2
              0.034   0.001        1_1    3_3

         > STATE 00038:   4_1    5_1

             E(VCI)   =    10217.61578
             E(VCI)-E0=     4515.10001

             COEFF.  WEIGHT      CONFIG.
              0.950   0.902        4_1    5_1
             -0.193   0.037        2_2    4_1
             -0.156   0.024        1_2    4_1
             -0.129   0.017        4_1    6_2
             -0.062   0.004        3_1    5_1
              0.059   0.004        4_1    5_2    6_2
             -0.052   0.003        2_1    6_1
              0.048   0.002        3_2    4_1
             -0.040   0.002        4_1    5_1    6_2
              0.034   0.001        3_1    4_2

         > STATE 00039:   2_1    3_1    4_1

             E(VCI)   =    10286.62671
             E(VCI)-E0=     4584.11094

             COEFF.  WEIGHT      CONFIG.
             -0.790   0.623        2_1    3_1    4_1
              0.560   0.314        4_1    6_1
             -0.171   0.029        2_1    4_2
              0.104   0.011        4_1    5_1    6_1
              0.061   0.004        2_1    3_2    4_1
              0.050   0.002        3_1    6_1
              0.048   0.002        4_1    5_1    6_3
              0.041   0.002        2_1    4_1
              0.040   0.002        2_3    4_1
             -0.039   0.002        2_1    3_1    4_2
              0.034   0.001        3_1    4_1    6_1

         > STATE 00040:   1_4

             E(VCI)   =    10324.09065
             E(VCI)-E0=     4621.57487

             COEFF.  WEIGHT      CONFIG.
              0.888   0.788        1_4
             -0.410   0.168        1_2    5_1
             -0.109   0.012        1_4    5_1
             -0.107   0.011        1_2    2_2
             -0.059   0.004        1_2    5_2
              0.050   0.002        1_2    4_1
              0.049   0.002        5_2
             -0.049   0.002        1_4    5_2
             -0.045   0.002        1_4    3_1
             -0.039   0.002        1_2
              0.039   0.002        1_2    3_1

         > STATE 00041:   1_3    2_1

             E(VCI)   =    10403.63807
             E(VCI)-E0=     4701.12229

             COEFF.  WEIGHT      CONFIG.
              0.934   0.871        1_3    2_1
             -0.306   0.093        1_1    2_1    5_1
             -0.116   0.013        1_1    2_3
             -0.110   0.012        1_3    2_1    5_1
             -0.047   0.002        1_1    2_1    5_2
             -0.045   0.002        1_3    2_1    5_2
              0.033   0.001        1_1    2_1    4_1

         > STATE 00042:   1_1    4_2

             E(VCI)   =    10458.55861
             E(VCI)-E0=     4756.04283

             COEFF.  WEIGHT      CONFIG.
              0.995   0.990        1_1    4_2
             -0.052   0.003        1_1    4_2    5_1
              0.039   0.002        1_3    4_1
              0.038   0.001        1_1    3_1    4_2

         > STATE 00043:   3_2    4_1

             E(VCI)   =    10480.20701
             E(VCI)-E0=     4777.69123

             COEFF.  WEIGHT      CONFIG.
              0.988   0.977        3_2    4_1
              0.052   0.003        3_2    4_2
             -0.048   0.002        3_4
             -0.047   0.002        4_1    5_1
              0.046   0.002        3_3    4_1
              0.039   0.002        3_1    4_1
              0.038   0.001        2_2    3_1    4_1
              0.034   0.001        3_2

         > STATE 00044:   1_2    2_2

             E(VCI)   =    10482.30587
             E(VCI)-E0=     4779.79009

             COEFF.  WEIGHT      CONFIG.
             -0.925   0.855        1_2    2_2
             -0.231   0.054        2_2    5_1
             -0.189   0.036        1_4
             -0.146   0.021        1_2    5_1
             -0.111   0.012        2_4
              0.104   0.011        1_2    2_2    5_1
              0.049   0.002        5_2
              0.041   0.002        1_2    2_2    5_2

         > STATE 00045:   2_1    4_2

             E(VCI)   =    10543.01855
             E(VCI)-E0=     4840.50278

             COEFF.  WEIGHT      CONFIG.
             -0.967   0.936        2_1    4_2
             -0.209   0.044        4_1    6_1
             -0.071   0.005        2_1    3_1    4_2
              0.058   0.003        2_1    3_1    4_1
             -0.045   0.002        4_1    5_1    6_1
              0.043   0.002        2_1    4_2    5_1
             -0.043   0.002        2_2    4_1    6_1

         > STATE 00046:   1_1    2_3

             E(VCI)   =    10562.90359
             E(VCI)-E0=     4860.38781

             COEFF.  WEIGHT      CONFIG.
              0.932   0.868        1_1    2_3
              0.265   0.070        1_1    2_1    5_1
              0.204   0.042        1_3    2_1
             -0.095   0.009        1_1    2_3    5_1
              0.053   0.003        1_1    2_3    3_1
              0.049   0.002        1_1    2_1    3_1
             -0.037   0.001        1_1    2_3    5_2
              0.034   0.001        1_1    2_1    5_2

         > STATE 00047:   1_2    6_1

             E(VCI)   =    10574.66534
             E(VCI)-E0=     4872.14956

             COEFF.  WEIGHT      CONFIG.
             -0.915   0.837        1_2    6_1
             -0.335   0.112        1_2    2_1    3_1
             -0.125   0.016        1_2    5_1    6_1
             -0.090   0.008        5_1    6_1
             -0.085   0.007        1_2    2_1    4_1
             -0.083   0.007        1_2    5_1    6_3
             -0.065   0.004        1_2    6_3
             -0.054   0.003        2_1    3_1    5_1
             -0.042   0.002        1_4    6_1

         > STATE 00048:   2_4

             E(VCI)   =    10618.38345
             E(VCI)-E0=     4915.86768

             COEFF.  WEIGHT      CONFIG.
              0.870   0.757        2_4
              0.408   0.166        2_2    5_1
             -0.196   0.039        1_2    2_2
              0.085   0.007        2_4    3_1
             -0.080   0.006        2_4    5_1
              0.074   0.005        2_2    3_1
             -0.061   0.004        1_2    5_1
             -0.044   0.002        5_2
             -0.043   0.002        2_3    3_1    6_1
              0.041   0.002        2_2    5_2
             -0.036   0.001        2_4    5_2
             -0.034   0.001        1_4
             -0.033   0.001        2_2    6_2

         > STATE 00049:   1_3    3_1

             E(VCI)   =    10652.00919
             E(VCI)-E0=     4949.49341

             COEFF.  WEIGHT      CONFIG.
              0.939   0.881        1_3    3_1
             -0.285   0.081        1_1    3_1    5_1
             -0.097   0.009        1_3    3_1    5_1
             -0.083   0.007        1_1    2_2    3_1
              0.059   0.003        1_1    2_1    6_1
              0.052   0.003        1_3    3_2
              0.045   0.002        1_5
             -0.041   0.002        1_3    3_1    5_2
              0.040   0.002        1_3
             -0.040   0.002        1_1    3_2
             -0.038   0.001        1_1    3_1    5_2
              0.033   0.001        1_1    3_1    4_1
             -0.032   0.001        1_3    3_1    4_1

         > STATE 00050:   2_2    6_1

             E(VCI)   =    10678.66176
             E(VCI)-E0=     4976.14598

             COEFF.  WEIGHT      CONFIG.
              0.825   0.680        2_2    6_1
              0.490   0.240        2_3    3_1
              0.129   0.017        2_3    4_1
              0.118   0.014        2_2    5_1    6_1
              0.072   0.005        2_2    5_1    6_3
              0.067   0.004        2_2    3_1    6_1
             -0.065   0.004        2_3
             -0.063   0.004        2_4    6_1
              0.061   0.004        5_1    6_1
              0.056   0.003        2_2    6_3
             -0.048   0.002        2_1    3_2
              0.048   0.002        2_1    3_1    6_2
             -0.047   0.002        2_3    3_2
             -0.045   0.002        2_3    3_1    6_2
             -0.045   0.002        2_2    3_2    6_1
              0.043   0.002        2_1    3_1
             -0.038   0.001        1_2    6_1
             -0.036   0.001        2_5

         > STATE 00051:   1_2    5_1

             E(VCI)   =    10684.85658
             E(VCI)-E0=     4982.34080

             COEFF.  WEIGHT      CONFIG.
              0.846   0.716        1_2    5_1
              0.387   0.150        1_4
             -0.229   0.052        1_2    2_2
             -0.199   0.039        5_2
             -0.143   0.020        1_2    6_2
              0.057   0.003        1_2    5_2
              0.056   0.003        1_2    5_2    6_2
             -0.049   0.002        1_2    5_1    6_2
              0.046   0.002        1_2
              0.042   0.002        1_2    3_2
              0.038   0.001        6_2
              0.034   0.001        1_2    5_3

         > STATE 00052:   1_1    2_1    6_1

             E(VCI)   =    10718.78208
             E(VCI)-E0=     5016.26630

             COEFF.  WEIGHT      CONFIG.
             -0.790   0.624        1_1    2_1    6_1
              0.585   0.342        1_1    2_2    3_1
              0.117   0.014        1_1    2_2    4_1
              0.103   0.011        1_3    3_1
              0.052   0.003        1_1    2_3    6_1
             -0.033   0.001        1_1    2_4

         > STATE 00053:   3_1    4_2

             E(VCI)   =    10786.39920
             E(VCI)-E0=     5083.88342

             COEFF.  WEIGHT      CONFIG.
             -0.989   0.978        3_1    4_2
              0.072   0.005        3_2    4_2
              0.052   0.003        4_2
              0.048   0.002        3_3    4_1
             -0.033   0.001        3_1    4_3

         > STATE 00054:   1_2    2_1    3_1

             E(VCI)   =    10794.61710
             E(VCI)-E0=     5092.10132

             COEFF.  WEIGHT      CONFIG.
             -0.905   0.819        1_2    2_1    3_1
              0.330   0.109        1_2    6_1
             -0.218   0.047        2_1    3_1    5_1
              0.067   0.004        2_2    6_1
              0.060   0.004        1_2    2_1    4_1
             -0.052   0.003        2_3    3_1
              0.052   0.003        1_2    5_1    6_1
              0.040   0.002        1_2    2_3
              0.034   0.001        1_4    2_1

         > STATE 00055:   1_1    2_1    5_1

             E(VCI)   =    10803.30352
             E(VCI)-E0=     5100.78774

             COEFF.  WEIGHT      CONFIG.
              0.894   0.799        1_1    2_1    5_1
             -0.316   0.100        1_1    2_3
              0.259   0.067        1_3    2_1
             -0.137   0.019        1_1    2_1    6_2
              0.067   0.004        1_1    3_1    6_1
              0.065   0.004        1_1    2_1    5_2
              0.046   0.002        1_1    2_1

         > STATE 00056:   2_2    5_1

             E(VCI)   =    10837.31871
             E(VCI)-E0=     5134.80294

             COEFF.  WEIGHT      CONFIG.
              0.814   0.663        2_2    5_1
             -0.433   0.187        2_4
             -0.189   0.036        5_2
             -0.163   0.027        2_1    3_1    6_1
             -0.152   0.023        1_2    2_2
             -0.146   0.021        2_2    6_2
              0.109   0.012        6_2
             -0.069   0.005        1_2    5_1
             -0.066   0.004        2_2    3_2
              0.053   0.003        2_2    5_2    6_2
             -0.046   0.002        2_2    5_1    6_2
              0.045   0.002        2_3    3_1    6_1
             -0.043   0.002        2_4    3_1
             -0.041   0.002        2_1    4_1    6_1
              0.036   0.001        2_2    5_2

         > STATE 00057:   6_2

             E(VCI)   =    10887.45106
             E(VCI)-E0=     5184.93528

             COEFF.  WEIGHT      CONFIG.
             -0.621   0.386        6_2
              0.444   0.197        2_1    3_1    6_1
             -0.402   0.161        5_2
             -0.300   0.090        5_1    6_2
              0.279   0.078        2_2    3_2
             -0.105   0.011        5_1
              0.097   0.009        5_1    6_4
              0.094   0.009        2_1    4_1    6_1
              0.083   0.007        2_2    5_1
             -0.075   0.006        2_4
             -0.071   0.005        2_2    3_1    4_1
              0.069   0.005        6_4
              0.060   0.004        5_2    6_2
             -0.052   0.003        1_2    5_1
             -0.048   0.002        2_1    6_1
              0.044   0.002        3_2    6_2
             -0.041   0.002        3_1    6_2
             -0.041   0.002        5_2    6_4
              0.038   0.001        2_2
              0.037   0.001        3_2
              0.037   0.001        2_2    6_2
              0.033   0.001        1_2    6_2
             -0.033   0.001        2_1    3_2    6_1
             -0.032   0.001        5_3    6_2
             -0.032   0.001        2_3    3_1    6_1

         > STATE 00058:   5_1    6_1

             E(VCI)   =    10906.51817
             E(VCI)-E0=     5204.00239

             COEFF.  WEIGHT      CONFIG.
             -0.624   0.389        5_1    6_1
             -0.451   0.203        2_1    3_1    5_1
             -0.407   0.166        2_3    3_1
              0.276   0.076        2_2    6_1
              0.189   0.036        1_2    2_1    3_1
              0.168   0.028        5_2    6_1
              0.146   0.021        6_1
             -0.146   0.021        6_3
              0.084   0.007        5_2    6_3
              0.082   0.007        2_2    5_1    6_1
             -0.078   0.006        2_1    4_1    5_1
             -0.078   0.006        5_1    6_3
              0.070   0.005        2_1    3_1    6_2
              0.067   0.004        2_3    4_1
              0.056   0.003        3_2    6_1
              0.045   0.002        2_3    3_2
              0.042   0.002        2_3    3_1    5_1
              0.038   0.001        3_2    5_1    6_1
              0.033   0.001        2_5
              0.032   0.001        2_1    3_2
              0.032   0.001        2_2    5_1    6_3

         > STATE 00059:   1_1    2_2    3_1

             E(VCI)   =    10911.53022
             E(VCI)-E0=     5209.01444

             COEFF.  WEIGHT      CONFIG.
             -0.738   0.544        1_1    2_2    3_1
             -0.546   0.298        1_1    2_1    6_1
             -0.323   0.104        1_1    3_1    5_1
              0.155   0.024        1_1    2_2    4_1
             -0.127   0.016        1_3    3_1
              0.056   0.003        1_1    3_1    6_2
              0.048   0.002        1_1    2_4
              0.042   0.002        1_1    2_2    3_2

         > STATE 00060:   2_3    3_1

             E(VCI)   =    10949.24893
             E(VCI)-E0=     5246.73316

             COEFF.  WEIGHT      CONFIG.
              0.653   0.426        2_3    3_1
             -0.579   0.336        5_1    6_1
             -0.325   0.106        2_2    6_1
              0.155   0.024        5_2    6_1
             -0.135   0.018        2_3    4_1
             -0.121   0.015        6_3
              0.120   0.014        6_1
              0.109   0.012        2_1    3_1    5_1
              0.078   0.006        5_2    6_3
             -0.071   0.005        2_3    3_2
             -0.068   0.005        5_1    6_3
              0.059   0.004        1_2    6_1
             -0.056   0.003        2_1    4_1    5_1
             -0.055   0.003        2_3    3_1    5_1
             -0.054   0.003        2_5
             -0.050   0.003        1_2    2_1    3_1
             -0.046   0.002        2_2    5_1    6_1
             -0.044   0.002        2_3
             -0.044   0.002        2_1    3_2
             -0.036   0.001        2_2    3_2    6_1
             -0.032   0.001        2_3    3_1    4_1

         > STATE 00061:   1_3    4_1

             E(VCI)   =    10969.53157
             E(VCI)-E0=     5267.01579

             COEFF.  WEIGHT      CONFIG.
              0.949   0.901        1_3    4_1
             -0.265   0.070        1_1    4_1    5_1
             -0.099   0.010        1_3    4_1    5_1
             -0.048   0.002        1_1    3_1    5_1
             -0.048   0.002        1_1    2_2    4_1
             -0.048   0.002        1_1    4_2
              0.040   0.002        1_5
             -0.040   0.002        1_3    3_1
             -0.038   0.001        1_3    4_1    5_2
              0.037   0.001        1_3    5_1
             -0.037   0.001        1_1    4_1    5_2

         > STATE 00062:   1_1    3_1    6_1

             E(VCI)   =    10969.74474
             E(VCI)-E0=     5267.22896

             COEFF.  WEIGHT      CONFIG.
             -0.775   0.600        1_1    3_1    6_1
              0.621   0.386        1_1    2_1    3_2
             -0.049   0.002        1_1    4_1    6_1
              0.042   0.002        1_1    3_3    6_1
              0.041   0.002        1_1    2_1    5_1
              0.034   0.001        1_1    2_3    3_1

         > STATE 00063:   1_2    3_2

             E(VCI)   =    10983.65201
             E(VCI)-E0=     5281.13623

             COEFF.  WEIGHT      CONFIG.
              0.951   0.905        1_2    3_2
              0.205   0.042        3_2    5_1
              0.117   0.014        2_2    3_2
              0.085   0.007        5_2
             -0.077   0.006        1_2    3_2    5_1
              0.066   0.004        2_1    3_1    6_1
              0.058   0.003        6_2
              0.051   0.003        1_4    3_1
             -0.045   0.002        1_2    3_2    4_1
             -0.043   0.002        1_2    3_3
              0.041   0.002        5_1    6_2
             -0.038   0.001        1_2    3_1
             -0.032   0.001        1_2    3_2    5_2

         > STATE 00064:   2_2    3_2

             E(VCI)   =    11003.54553
             E(VCI)-E0=     5301.02975

             COEFF.  WEIGHT      CONFIG.
              0.556   0.309        2_2    3_2
              0.498   0.248        5_2
              0.487   0.237        2_1    3_1    6_1
              0.211   0.044        6_2
              0.190   0.036        2_2    5_1
              0.184   0.034        5_1    6_2
             -0.174   0.030        1_2    3_2
              0.107   0.012        1_2    5_1
             -0.091   0.008        2_4
             -0.074   0.006        2_2    3_1    4_1
             -0.053   0.003        5_2    6_2
             -0.052   0.003        2_3    3_1    6_1
              0.048   0.002        2_2    3_1
             -0.047   0.002        2_1    3_3    6_1
             -0.045   0.002        5_1    6_4
              0.044   0.002        2_2    3_3
              0.041   0.002        5_1
              0.040   0.002        2_4    3_1
              0.039   0.002        5_3    6_2
              0.038   0.001        3_3
             -0.037   0.001        2_1    3_2    6_1
             -0.036   0.001        2_2    3_2    6_2
             -0.035   0.001        6_4
             -0.035   0.001        1_2    2_2

         > STATE 00065:   1_1    3_1    5_1

             E(VCI)   =    11044.25602
             E(VCI)-E0=     5341.74024

             COEFF.  WEIGHT      CONFIG.
             -0.878   0.770        1_1    3_1    5_1
              0.295   0.087        1_1    2_2    3_1
             -0.255   0.065        1_3    3_1
              0.164   0.027        1_1    2_1    6_1
              0.120   0.014        1_1    3_1    6_2
             -0.117   0.014        1_1    2_2    4_1
             -0.078   0.006        1_3    4_1
             -0.070   0.005        1_1    3_3
             -0.048   0.002        1_1    3_1    5_2
             -0.041   0.002        1_1    4_1    5_1
             -0.039   0.002        1_1    3_1
             -0.033   0.001        1_1    3_2    4_1

         > STATE 00066:   4_3

             E(VCI)   =    11066.38910
             E(VCI)-E0=     5363.87333

             COEFF.  WEIGHT      CONFIG.
              0.991   0.983        4_3
              0.074   0.006        3_1    4_3
             -0.044   0.002        4_3    5_1    6_2
             -0.038   0.001        2_1    4_2    6_1
              0.034   0.001        5_2
             -0.033   0.001        3_2    4_2

         > STATE 00067:   1_2    2_1    4_1

             E(VCI)   =    11085.68355
             E(VCI)-E0=     5383.16777

             COEFF.  WEIGHT      CONFIG.
              0.968   0.937        1_2    2_1    4_1
              0.180   0.032        2_1    4_1    5_1
             -0.094   0.009        1_2    6_1
              0.085   0.007        2_3    4_1
             -0.058   0.003        5_1    6_1
              0.047   0.002        2_1    3_1    5_1
             -0.036   0.001        1_4    2_1

         > STATE 00068:   5_2

             E(VCI)   =    11112.87099
             E(VCI)-E0=     5410.35521

             COEFF.  WEIGHT      CONFIG.
              0.650   0.423        5_2
             -0.525   0.276        6_2
             -0.393   0.155        2_2    3_2
             -0.187   0.035        3_2    5_1
              0.184   0.034        2_2    5_1
              0.154   0.024        1_2    5_1
              0.094   0.009        2_1    4_1    6_1
             -0.072   0.005        5_1    6_2
             -0.071   0.005        5_1
              0.071   0.005        1_2    3_2
              0.059   0.003        5_1    6_4
              0.049   0.002        5_3    6_2
             -0.038   0.001        3_1    6_2
             -0.037   0.001        2_4    3_1
             -0.036   0.001        4_3
              0.035   0.001        3_2    6_2
             -0.035   0.001        2_2    3_3
              0.034   0.001        3_1    4_1    5_1
              0.033   0.001        2_3    3_1    6_1
             -0.032   0.001        1_2    2_2

         > STATE 00069:   2_1    3_1    5_1

             E(VCI)   =    11134.71153
             E(VCI)-E0=     5432.19575

             COEFF.  WEIGHT      CONFIG.
             -0.674   0.455        2_1    3_1    5_1
              0.470   0.221        3_2    6_1
              0.267   0.071        5_1    6_1
              0.259   0.067        2_3    3_1
              0.211   0.044        2_1    3_3
             -0.198   0.039        2_3    4_1
             -0.151   0.023        2_2    6_1
              0.121   0.015        1_2    2_1    3_1
              0.120   0.015        2_1    3_1    6_2
              0.100   0.010        3_2    5_1    6_1
             -0.077   0.006        5_2    6_1
              0.077   0.006        1_2    2_1    4_1
             -0.052   0.003        3_1    4_1    6_1
              0.051   0.003        6_3
             -0.047   0.002        2_2    3_2    6_1
             -0.044   0.002        6_1
             -0.042   0.002        2_3    3_2
              0.041   0.002        3_2    5_1    6_3
             -0.037   0.001        5_2    6_3
             -0.037   0.001        1_2    6_1
              0.036   0.001        3_2    6_3
              0.033   0.001        5_1    6_3

         > STATE 00070:   1_1    2_2    4_1

             E(VCI)   =    11173.14889
             E(VCI)-E0=     5470.63311

             COEFF.  WEIGHT      CONFIG.
             -0.949   0.900        1_1    2_2    4_1
             -0.199   0.040        1_1    2_1    6_1
             -0.182   0.033        1_1    4_1    5_1
             -0.095   0.009        1_3    4_1
             -0.084   0.007        1_1    2_2    3_1
              0.070   0.005        1_1    3_1    5_1
             -0.036   0.001        1_1    2_3    6_1

         > STATE 00071:   3_2    6_1

             E(VCI)   =    11178.22487
             E(VCI)-E0=     5475.70909

             COEFF.  WEIGHT      CONFIG.
             -0.666   0.443        3_2    6_1
             -0.462   0.214        2_1    3_3
             -0.426   0.182        2_1    3_1    5_1
             -0.246   0.061        2_3    4_1
              0.163   0.027        2_3    3_1
             -0.104   0.011        3_2    5_1    6_1
              0.100   0.010        5_1    6_1
             -0.095   0.009        2_1    3_2    4_1
              0.077   0.006        1_2    2_1    3_1
             -0.065   0.004        2_1    4_1    5_1
             -0.060   0.004        3_2    5_1    6_3
              0.056   0.003        3_1    4_1    6_1
              0.056   0.003        1_2    2_1    4_1
             -0.044   0.002        3_2    6_3
             -0.044   0.002        3_4    6_1
             -0.042   0.002        2_1    3_1
              0.040   0.002        6_3
             -0.038   0.001        5_2    6_1
              0.036   0.001        2_1    3_3    6_2
             -0.033   0.001        2_3    3_1    4_1
              0.032   0.001        2_2    3_2    6_1
             -0.032   0.001        3_1    6_1
             -0.032   0.001        2_2    6_1

         > STATE 00072:   1_1    2_1    3_2

             E(VCI)   =    11180.50701
             E(VCI)-E0=     5477.99123

             COEFF.  WEIGHT      CONFIG.
             -0.778   0.605        1_1    2_1    3_2
             -0.615   0.379        1_1    3_1    6_1
             -0.073   0.005        1_1    4_1    6_1
              0.057   0.003        1_1    2_1    5_1
             -0.047   0.002        1_1    2_3    3_1

         > STATE 00073:   2_3    4_1

             E(VCI)   =    11215.55747
             E(VCI)-E0=     5513.04169

             COEFF.  WEIGHT      CONFIG.
              0.862   0.743        2_3    4_1
              0.271   0.073        2_1    4_1    5_1
             -0.235   0.055        2_1    3_1    5_1
             -0.216   0.047        2_2    6_1
              0.166   0.028        2_3    3_1
             -0.115   0.013        1_2    2_1    4_1
             -0.085   0.007        2_1    3_3
             -0.083   0.007        3_2    6_1
              0.076   0.006        2_3    3_1    4_1
             -0.072   0.005        2_3    4_1    5_1
             -0.043   0.002        2_2    5_1    6_1
              0.043   0.002        2_1    3_1    4_1
             -0.042   0.002        2_4    6_1
              0.037   0.001        1_2    2_1    3_1

         > STATE 00074:   3_2    5_1

             E(VCI)   =    11268.73554
             E(VCI)-E0=     5566.21976

             COEFF.  WEIGHT      CONFIG.
              0.567   0.321        3_2    5_1
             -0.521   0.272        2_1    3_1    6_1
              0.419   0.176        2_2    3_2
             -0.299   0.090        6_2
              0.211   0.045        2_2    3_1    4_1
              0.174   0.030        5_2
             -0.130   0.017        1_2    3_2
             -0.091   0.008        3_2    6_2
             -0.082   0.007        5_1    6_2
             -0.060   0.004        2_1    4_1    6_1
              0.045   0.002        2_2    3_3
              0.045   0.002        2_1    3_2    6_1
             -0.042   0.002        2_2    3_2    4_1
              0.040   0.002        1_2    5_1
              0.039   0.002        5_1    6_4
              0.039   0.001        2_4    3_1
              0.037   0.001        3_2    5_2    6_2
             -0.037   0.001        3_4
             -0.035   0.001        5_1
             -0.034   0.001        3_2    4_1
             -0.033   0.001        2_2    3_2    5_1
             -0.033   0.001        1_2    3_1    4_1
              0.032   0.001        2_2    3_1

         > STATE 00075:   1_1    3_3

             E(VCI)   =    11320.09590
             E(VCI)-E0=     5617.58012

             COEFF.  WEIGHT      CONFIG.
              0.989   0.979        1_1    3_3
             -0.071   0.005        1_1    3_1    5_1
             -0.059   0.003        1_1    3_3    4_1
             -0.053   0.003        1_1    3_3    5_1
             -0.048   0.002        1_3    3_2
             -0.042   0.002        1_1    2_2    3_2
             -0.033   0.001        1_1    3_1    4_1

         > STATE 00076:   1_2    3_1    4_1

             E(VCI)   =    11320.75208
             E(VCI)-E0=     5618.23630

             COEFF.  WEIGHT      CONFIG.
             -0.865   0.748        1_2    3_1    4_1
              0.306   0.094        3_2    5_1
             -0.195   0.038        2_2    3_2
             -0.182   0.033        3_1    4_1    5_1
             -0.178   0.032        2_2    3_1    4_1
              0.147   0.022        2_1    3_1    6_1
              0.096   0.009        2_1    4_1    6_1
             -0.070   0.005        1_2    3_2
             -0.039   0.002        3_2    6_2
             -0.038   0.001        1_2    3_1    4_2
              0.036   0.001        6_2
              0.033   0.001        1_4    4_1
             -0.032   0.001        1_2    3_1    5_1

         > STATE 00077:   3_2    5_1

             E(VCI)   =    11333.11402
             E(VCI)-E0=     5630.59825

             COEFF.  WEIGHT      CONFIG.
              0.658   0.434        3_2    5_1
              0.460   0.212        1_2    3_1    4_1
             -0.357   0.127        2_2    3_2
             -0.274   0.075        2_2    3_1    4_1
              0.269   0.072        2_1    3_1    6_1
              0.176   0.031        2_1    4_1    6_1
             -0.121   0.015        1_2    3_2
             -0.086   0.007        3_2    6_2
              0.050   0.002        6_2
              0.044   0.002        3_2    5_2    6_2
             -0.043   0.002        3_4
              0.043   0.002        2_2    3_2    4_1
             -0.037   0.001        3_2    5_1    6_2
              0.037   0.001        2_2    4_2
             -0.036   0.001        2_4    3_1
              0.035   0.001        5_1    6_2
             -0.034   0.001        2_2    3_3

         > STATE 00078:   1_1    4_1    5_1

             E(VCI)   =    11389.32519
             E(VCI)-E0=     5686.80941

             COEFF.  WEIGHT      CONFIG.
             -0.929   0.863        1_1    4_1    5_1
             -0.251   0.063        1_3    4_1
              0.202   0.041        1_1    2_2    4_1
              0.127   0.016        1_1    4_1    6_2
             -0.053   0.003        1_1    4_1    5_2
              0.052   0.003        1_1    3_1    5_1
             -0.048   0.002        1_1    3_2    4_1
              0.044   0.002        1_1    2_1    6_1
             -0.038   0.001        1_1    4_1
             -0.037   0.001        1_1    3_1    4_2

         > STATE 00079:   1_1    4_1    6_1

             E(VCI)   =    11413.27142
             E(VCI)-E0=     5710.75564

             COEFF.  WEIGHT      CONFIG.
              0.968   0.937        1_1    4_1    6_1
             -0.220   0.049        1_1    2_1    4_2
             -0.088   0.008        1_1    3_1    6_1
              0.043   0.002        1_3    4_1    6_1

         > STATE 00080:   2_1    4_1    6_1

             E(VCI)   =    11414.50440
             E(VCI)-E0=     5711.98862

             COEFF.  WEIGHT      CONFIG.
             -0.619   0.383        2_1    4_1    6_1
              0.599   0.359        2_2    3_1    4_1
              0.351   0.123        2_1    3_1    6_1
             -0.236   0.056        2_2    3_2
              0.172   0.030        3_2    5_1
             -0.164   0.027        2_2    4_2
              0.057   0.003        2_3    4_1    6_1
              0.054   0.003        3_1    4_1    5_1
             -0.046   0.002        2_1    3_2    6_1
             -0.040   0.002        2_2    3_2    4_1
             -0.039   0.002        2_2    4_1
             -0.032   0.001        2_4    4_1

         > STATE 00081:   2_1    3_3

             E(VCI)   =    11465.20115
             E(VCI)-E0=     5762.68537

             COEFF.  WEIGHT      CONFIG.
              0.829   0.687        2_1    3_3
             -0.474   0.224        3_2    6_1
             -0.138   0.019        2_1    3_2    4_1
             -0.114   0.013        2_1    4_1    5_1
              0.102   0.010        3_1    4_1    6_1
             -0.093   0.009        3_2    5_1    6_1
             -0.091   0.008        2_1    3_1    5_1
             -0.064   0.004        2_3    3_2
             -0.061   0.004        2_1    3_3    4_1
             -0.052   0.003        2_2    3_2    6_1
              0.047   0.002        2_1    3_4
             -0.044   0.002        3_2    5_1    6_3
              0.043   0.002        2_3    4_1
             -0.042   0.002        2_1    3_3    5_1
             -0.041   0.002        2_1    3_2
             -0.037   0.001        2_1    3_1    4_1
             -0.033   0.001        3_2    6_3

         > STATE 00082:   2_1    4_1    5_1

             E(VCI)   =    11473.57318
             E(VCI)-E0=     5771.05740

             COEFF.  WEIGHT      CONFIG.
             -0.915   0.837        2_1    4_1    5_1
              0.290   0.084        2_3    4_1
              0.150   0.022        1_2    2_1    4_1
              0.124   0.015        2_1    4_1    6_2
             -0.102   0.010        2_1    3_3
             -0.076   0.006        2_2    6_1
              0.068   0.005        5_1    6_1
              0.064   0.004        3_2    6_1
             -0.052   0.003        3_1    4_1    6_1
              0.042   0.002        4_2    6_1
             -0.040   0.002        2_1    4_1    5_2
              0.034   0.001        2_1    3_1    5_1

         > STATE 00083:   1_5

             E(VCI)   =    11503.14219
             E(VCI)-E0=     5800.62641

             COEFF.  WEIGHT      CONFIG.
             -0.839   0.704        1_5
             -0.475   0.225        1_3    5_1
             -0.134   0.018        1_3    2_2
              0.119   0.014        1_5    5_1
             -0.105   0.011        1_1    5_2
             -0.086   0.007        1_3    5_2
              0.062   0.004        1_3    4_1
             -0.058   0.003        1_3
              0.052   0.003        1_5    3_1
              0.047   0.002        1_3    3_1
              0.043   0.002        1_1    2_2    5_1
              0.036   0.001        1_3    6_2
             -0.034   0.001        1_3    5_3

         > STATE 00084:   2_1    4_1    6_1

             E(VCI)   =    11568.19876
             E(VCI)-E0=     5865.68299

             COEFF.  WEIGHT      CONFIG.
             -0.615   0.379        2_1    4_1    6_1
             -0.610   0.372        2_2    3_1    4_1
             -0.360   0.130        2_2    4_2
             -0.255   0.065        3_1    4_1    5_1
             -0.104   0.011        2_1    3_1    6_1
             -0.087   0.008        6_2
              0.079   0.006        2_2    3_2    4_1
              0.059   0.004        1_2    3_1    4_1
             -0.056   0.003        2_2    3_1    4_2
              0.054   0.003        2_2    3_2
              0.050   0.003        2_2    4_1
              0.048   0.002        2_4    4_1
              0.046   0.002        3_1    4_1    6_2
             -0.036   0.001        5_1    6_2
             -0.036   0.001        3_2    5_1

         > STATE 00085:   1_4    2_1

             E(VCI)   =    11570.52909
             E(VCI)-E0=     5868.01331

             COEFF.  WEIGHT      CONFIG.
              0.876   0.768        1_4    2_1
             -0.412   0.170        1_2    2_1    5_1
             -0.161   0.026        1_2    2_3
             -0.123   0.015        1_4    2_1    5_1
             -0.077   0.006        1_2    2_1    5_2
              0.060   0.004        2_1    5_2
             -0.050   0.002        1_2    2_1
              0.049   0.002        1_2    2_1    4_1
             -0.034   0.001        2_3    5_1

         > STATE 00086:   1_2    4_2

             E(VCI)   =    11601.31417
             E(VCI)-E0=     5898.79839

             COEFF.  WEIGHT      CONFIG.
             -0.975   0.952        1_2    4_2
             -0.165   0.027        4_2    5_1
              0.083   0.007        1_2    4_2    5_1
             -0.051   0.003        1_4    4_1
              0.042   0.002        3_1    4_1    5_1
              0.041   0.002        1_2    4_1    5_1
             -0.033   0.001        4_3

         > STATE 00087:   3_4

             E(VCI)   =    11641.37256
             E(VCI)-E0=     5938.85678

             COEFF.  WEIGHT      CONFIG.
             -0.987   0.974        3_4
              0.069   0.005        3_4    4_1
             -0.063   0.004        2_1    3_3    6_1
             -0.062   0.004        3_2    5_1
              0.049   0.002        2_2    3_3
             -0.044   0.002        3_2    4_1
              0.043   0.002        3_2    6_2
             -0.033   0.001        1_2    3_3
             -0.032   0.001        3_3    4_1

         > STATE 00088:   2_1    3_2    4_1

             E(VCI)   =    11646.97160
             E(VCI)-E0=     5944.45582

             COEFF.  WEIGHT      CONFIG.
             -0.721   0.520        2_1    3_2    4_1
              0.624   0.389        3_1    4_1    6_1
              0.191   0.037        3_2    6_1
             -0.113   0.013        2_1    3_1    4_2
             -0.089   0.008        4_2    6_1
             -0.089   0.008        2_1    3_3
             -0.049   0.002        2_1    3_3    4_1
             -0.045   0.002        2_1    3_1    4_1
             -0.045   0.002        3_3    4_1    6_1
              0.044   0.002        3_2    5_1    6_1
             -0.042   0.002        2_3    3_1    4_1
             -0.039   0.002        3_2    4_1    6_1
             -0.038   0.001        4_1    6_1
             -0.034   0.001        2_1    4_1    6_2

         > STATE 00089:   1_1    3_2    4_1

             E(VCI)   =    11647.75314
             E(VCI)-E0=     5945.23736

             COEFF.  WEIGHT      CONFIG.
              0.991   0.982        1_1    3_2    4_1
              0.060   0.004        1_1    3_2    4_2
             -0.048   0.002        1_1    3_4
             -0.046   0.002        1_1    4_1    5_1
              0.042   0.002        1_1    3_2
              0.036   0.001        1_3    3_1    4_1
             -0.032   0.001        1_1    3_1    4_3

         > STATE 00090:   1_3    2_2

             E(VCI)   =    11648.82944
             E(VCI)-E0=     5946.31366

             COEFF.  WEIGHT      CONFIG.
             -0.879   0.773        1_3    2_2
              0.337   0.113        1_1    2_2    5_1
              0.223   0.050        1_5
              0.155   0.024        1_1    2_4
              0.121   0.015        1_3    2_2    5_1
             -0.092   0.008        1_3    5_1
             -0.074   0.006        1_1    5_2
              0.059   0.004        1_1    2_2    5_2
             -0.037   0.001        1_1    2_2    4_1
              0.036   0.001        1_1    2_2
             -0.033   0.001        1_3    3_1

         > STATE 00091:   3_1    4_1    5_1

             E(VCI)   =    11705.35288
             E(VCI)-E0=     6002.83711

             COEFF.  WEIGHT      CONFIG.
              0.910   0.828        3_1    4_1    5_1
             -0.229   0.052        2_2    4_2
             -0.201   0.041        2_2    3_1    4_1
             -0.149   0.022        1_2    3_1    4_1
             -0.113   0.013        3_1    4_1    6_2
             -0.096   0.009        4_2    5_1
              0.076   0.006        3_3    4_1
              0.068   0.005        3_2    5_1
              0.066   0.004        1_2    4_2
             -0.059   0.004        2_1    4_1    6_1
             -0.053   0.003        3_2    4_2
             -0.036   0.001        2_1    3_1    6_1
              0.032   0.001        3_3    5_1

         > STATE 00092:   1_1    2_1    4_2

             E(VCI)   =    11724.85180
             E(VCI)-E0=     6022.33602

             COEFF.  WEIGHT      CONFIG.
             -0.974   0.948        1_1    2_1    4_2
             -0.220   0.048        1_1    4_1    6_1

         > STATE 00093:   1_2    2_3

             E(VCI)   =    11726.02621
             E(VCI)-E0=     6023.51044

             COEFF.  WEIGHT      CONFIG.
             -0.876   0.767        1_2    2_3
             -0.284   0.081        1_4    2_1
             -0.236   0.056        2_3    5_1
             -0.218   0.047        1_2    2_1    5_1
             -0.120   0.014        2_5
              0.114   0.013        1_2    2_3    5_1
              0.090   0.008        2_1    5_2
             -0.051   0.003        1_2    2_1    3_1
             -0.038   0.001        1_2    2_3    3_1
             -0.037   0.001        2_3    5_2
             -0.035   0.001        1_2    2_1    5_2
              0.034   0.001        1_4    2_1    5_1

         > STATE 00094:   1_3    6_1

             E(VCI)   =    11756.94017
             E(VCI)-E0=     6054.42439

             COEFF.  WEIGHT      CONFIG.
              0.912   0.832        1_3    6_1
              0.304   0.093        1_3    2_1    3_1
             -0.217   0.047        1_1    5_1    6_1
              0.089   0.008        1_3    5_1    6_1
              0.082   0.007        1_3    2_1    4_1
              0.057   0.003        1_3    6_3
             -0.054   0.003        1_5    6_1
             -0.040   0.002        1_1    2_2    6_1
              0.032   0.001        1_1    5_2    6_1

         > STATE 00095:   2_2    4_2

             E(VCI)   =    11795.16706
             E(VCI)-E0=     6092.65128

             COEFF.  WEIGHT      CONFIG.
             -0.851   0.725        2_2    4_2
              0.394   0.156        2_1    4_1    6_1
             -0.183   0.033        4_2    5_1
              0.181   0.033        2_2    3_1    4_1
             -0.165   0.027        3_1    4_1    5_1
             -0.079   0.006        2_2    3_1    4_2
              0.060   0.004        2_2    4_2    5_1
              0.056   0.003        1_2    4_2
              0.044   0.002        2_3    4_1    6_1
              0.033   0.001        2_2    4_1    5_1

         > STATE 00096:   1_1    2_4

             E(VCI)   =    11803.16063
             E(VCI)-E0=     6100.64485

             COEFF.  WEIGHT      CONFIG.
             -0.872   0.760        1_1    2_4
             -0.355   0.126        1_1    2_2    5_1
             -0.278   0.077        1_3    2_2
              0.105   0.011        1_1    2_4    5_1
             -0.068   0.005        1_3    5_1
             -0.066   0.004        1_1    2_4    3_1
             -0.066   0.004        1_1    2_2    3_1
             -0.053   0.003        1_1    2_2    5_2
              0.048   0.002        1_5
              0.037   0.001        1_1    5_2
              0.035   0.001        1_1    2_2    6_2
              0.034   0.001        1_3    2_2    5_1
             -0.034   0.001        1_1    2_2

         > STATE 00097:   1_4    3_1

             E(VCI)   =    11816.27173
             E(VCI)-E0=     6113.75595

             COEFF.  WEIGHT      CONFIG.
              0.807   0.651        1_4    3_1
             -0.351   0.123        1_2    3_1    5_1
              0.349   0.122        1_2    2_1    6_1
             -0.240   0.057        1_2    2_2    3_1
             -0.102   0.010        1_4    3_1    5_1
              0.068   0.005        2_1    5_1    6_1
             -0.058   0.003        1_2    3_1    5_2
              0.056   0.003        1_4    3_2
             -0.051   0.003        2_2    3_1    5_1
              0.046   0.002        3_1    5_2
             -0.046   0.002        1_2    3_1
             -0.046   0.002        1_2    2_2    4_1
              0.045   0.002        1_4
              0.044   0.002        1_6
             -0.043   0.002        1_2    3_2
              0.042   0.002        1_4    2_1    6_1
              0.041   0.002        1_2    3_1    4_1
             -0.032   0.001        1_4    3_1    4_1

         > STATE 00098:   3_1    4_1    6_1

             E(VCI)   =    11819.00469
             E(VCI)-E0=     6116.48891

             COEFF.  WEIGHT      CONFIG.
              0.620   0.384        3_1    4_1    6_1
              0.613   0.376        2_1    3_2    4_1
             -0.354   0.126        2_1    3_1    4_2
             -0.269   0.072        4_2    6_1
              0.074   0.005        2_1    3_2    4_2
              0.072   0.005        2_1    3_3    4_1
              0.056   0.003        2_1    3_1    4_1
             -0.051   0.003        3_2    4_1    6_1
             -0.049   0.002        2_1    4_1    5_1
              0.048   0.002        2_1    4_3
              0.047   0.002        2_1    4_2
              0.046   0.002        2_3    3_1    4_1
             -0.043   0.002        4_1    6_1
             -0.037   0.001        4_2    5_1    6_1

         > STATE 00099:   1_2    2_1    6_1

             E(VCI)   =    11830.58095
             E(VCI)-E0=     6128.06517

             COEFF.  WEIGHT      CONFIG.
             -0.781   0.611        1_2    2_1    6_1
              0.392   0.153        1_4    3_1
              0.373   0.139        1_2    2_2    3_1
             -0.165   0.027        1_2    3_1    5_1
             -0.164   0.027        2_1    5_1    6_1
              0.102   0.010        1_2    2_2    4_1
              0.085   0.007        2_2    3_1    5_1
             -0.056   0.003        2_3    6_1
             -0.051   0.003        1_4    3_1    5_1
              0.046   0.002        2_4    3_1
             -0.042   0.002        1_2    3_2
              0.041   0.002        1_2    2_3    6_1
             -0.040   0.002        1_2    2_1    6_3
              0.039   0.002        1_2    3_1    6_2

(  FINALIZE VCI MODULE  )

            (MEMORY INFO)
            -- CURRENT USAGE    [     0.15 MB /  1200.00 MB (  0.0 % ) ]  -- 
            -- IN THE LAST STEP [     2.62 MB /  1200.00 MB (  0.2 % ) ]  -- 

            (CLOCK) ---->  LAST STEP: USER     0.04, SYSTEM     0.00 SECS   <----


(  FINALIZE TARGET MODULE  )


(  ENTER PROPERTY MODULE  )

   >> RUN OPTIONS
      MR    =      3
      NPRPT =      0
      VSCF  =      F
      VCI   =      T
      VPT   =      F
      VQDPT =      F

   >> INFRARED SPECTRUM
      MIN_OMEGA =      800.00
      MAX_OMEGA =     4000.00
      DEL_OMEGA =        1.00
      FWHM      =        5.00

      >> PROPERTY SURFACE
         MR         =        3
         EXT        = .dipole   
         POTDIR     = ../3_mrpes/pes_b3lyp/

         1MR-PRPT SURFACE

           MODE=   1, GRID=  11   B3LYP/cc-pVDZ
           MODE=   2, GRID=  11   B3LYP/cc-pVDZ
           MODE=   3, GRID=  11   B3LYP/cc-pVDZ
           MODE=   4, GRID=  11   B3LYP/cc-pVDZ
           MODE=   5, GRID=  11   B3LYP/cc-pVDZ
           MODE=   6, GRID=  11   B3LYP/cc-pVDZ
 

         2MR-PRPT SURFACE

           MODE=   2   1, GRID=   7   7   B3LYP/cc-pVDZ
           MODE=   3   1, GRID=   7   7   B3LYP/cc-pVDZ
           MODE=   3   2, GRID=   7   7   B3LYP/cc-pVDZ
           MODE=   4   3, GRID=   7   7   B3LYP/cc-pVDZ
           MODE=   5   1, GRID=   9   9   B3LYP/cc-pVDZ
           MODE=   5   2, GRID=   9   9   B3LYP/cc-pVDZ
           MODE=   5   3, GRID=   9   9   B3LYP/cc-pVDZ
           MODE=   5   4, GRID=   7   7   B3LYP/cc-pVDZ
           MODE=   6   1, GRID=   9   9   B3LYP/cc-pVDZ
           MODE=   6   2, GRID=   9   9   B3LYP/cc-pVDZ
           MODE=   6   3, GRID=   9   9   B3LYP/cc-pVDZ
           MODE=   6   4, GRID=   7   7   B3LYP/cc-pVDZ
           MODE=   6   5, GRID=   9   9   B3LYP/cc-pVDZ
 

         3MR-PRPT SURFACE

      o VCI PROPERTY OPTIONS
         VCI_STATES       =  ALL

      -> DONE FOR VCI SPECTRUM : [ vci-IR.data / vci-IR.spectrum ]

            (MEMORY INFO)
            -- CURRENT USAGE    [     0.16 MB /  1200.00 MB (  0.0 % ) ]  -- 
            -- IN THE LAST STEP [    11.25 MB /  1200.00 MB (  0.9 % ) ]  -- 

            (CLOCK) ---->  LAST STEP: USER     0.08, SYSTEM     0.00 SECS   <----


(  FINALIZE PROPERTY MODULE  )


(  FINALIZE VIB MODULE  )


(  FINALIZE NMA MODULE  )


(  FINALIZE MOL MODULE  )



   (TOTAL MEMORY USAGE)   [    11.25 MB /  1200.00 MB (  0.9 % ) ] 

   (CLOCK) ---->  TOTAL CPU-TIME  <----
            >     USER :   0 DAYS   0 HOURS   0 MINS   0.2 SECS 
            >    SYSTEM:   0 DAYS   0 HOURS   0 MINS   0.0 SECS 

