2021.06.18 at 20:20:28 JST
-------------------------------------------------------

      Make Potential Energy Surface for SINDO
                         Version 4.0
                         Release beta

                COPYRIGHT 2019:  
                   Kiyoshi Yagi  kiyoshi.yagi@riken.jp 

-------------------------------------------------------

Launch MakePES module

  o Input options read via makePES1.xml ...  [OK] 
     - Molecular info via ../1_harmonic/h2co-b3lyp-dz.minfo ...  [OK] 
     - Minfo_folder = minfo.files/
     - InterDomain  = false
     - ActiveModes:
        * Domain 1
            1   2   3   4   5   6 
     - Dipole  = true

  o Options for Quantum Chemistry jobs 

    QCID: ene
     - Program      = gaussian
     - Title        = B3LYP/cc-pVDZ
     - Removefiles  = true
     - Dryrun       = false
     - Template     = GaussianTemplate2
     - ExecCommand  = runGaussian.sh /home1/yagi/tutorial/MS_summer_school2021/9.1_h2co/3_mrpes basename.inp 

  o Options for Grid 

     - QCID         = ene
     - MR           = 2
     - 1-mode coupling = 1-6

     - QCID         = ene
     - MR           = 2
     - mopfile      = ../2_qff/prop_no_1.mop
     - MCStrength   = 10.0

     - QCID         = ene
     - MR           = 2
     - mopfile      = ../2_qff/prop_no_1.mop
     - MCStrength   = 1.0

  o Queue Manager via resources.info ...  [OK] 
     -----
     ID       : 0
     Hosts    : lemon.novalocal
     Ppn      : 1
     Memory   : unlimit
     SCR      : unlimit
     Status   : FREE
     -----
     ID       : 1
     Hosts    : lemon.novalocal
     Ppn      : 1
     Memory   : unlimit
     SCR      : unlimit
     Status   : FREE
     -----

Setup MakeGrid module

  o ngrid =    11 
  o 1MR Grid: 
      1 2 3 4 5 6 

Enter GridPES generation:

   Execute electronic structure calculations.

Thread0@lemon.novalocal> Running minfo.files/mkg-eq.inp on lemon.novalocal at Fri Jun 18 20:20:28 JST 2021
Thread1@lemon.novalocal> Running minfo.files/mkg-q1-11-0.inp on lemon.novalocal at Fri Jun 18 20:20:28 JST 2021
Thread0@lemon.novalocal> Running minfo.files/mkg-q1-11-1.inp on lemon.novalocal at Fri Jun 18 20:20:29 JST 2021
Thread1@lemon.novalocal> Running minfo.files/mkg-q1-11-2.inp on lemon.novalocal at Fri Jun 18 20:20:29 JST 2021
Thread0@lemon.novalocal> Running minfo.files/mkg-q1-11-3.inp on lemon.novalocal at Fri Jun 18 20:20:31 JST 2021
Thread1@lemon.novalocal> Running minfo.files/mkg-q1-11-4.inp on lemon.novalocal at Fri Jun 18 20:20:31 JST 2021
Thread0@lemon.novalocal> Running minfo.files/mkg-q1-11-7.inp on lemon.novalocal at Fri Jun 18 20:20:32 JST 2021
Thread1@lemon.novalocal> Running minfo.files/mkg-q1-11-6.inp on lemon.novalocal at Fri Jun 18 20:20:32 JST 2021
Thread0@lemon.novalocal> Running minfo.files/mkg-q1-11-8.inp on lemon.novalocal at Fri Jun 18 20:20:33 JST 2021
Thread1@lemon.novalocal> Running minfo.files/mkg-q1-11-9.inp on lemon.novalocal at Fri Jun 18 20:20:33 JST 2021
Thread0@lemon.novalocal> Running minfo.files/mkg-q1-11-10.inp on lemon.novalocal at Fri Jun 18 20:20:35 JST 2021
Thread1@lemon.novalocal> Running minfo.files/mkg-q2-11-0.inp on lemon.novalocal at Fri Jun 18 20:20:35 JST 2021
Thread0@lemon.novalocal> Running minfo.files/mkg-q2-11-1.inp on lemon.novalocal at Fri Jun 18 20:20:36 JST 2021
Thread1@lemon.novalocal> Running minfo.files/mkg-q2-11-2.inp on lemon.novalocal at Fri Jun 18 20:20:36 JST 2021
Thread0@lemon.novalocal> Running minfo.files/mkg-q2-11-3.inp on lemon.novalocal at Fri Jun 18 20:20:37 JST 2021
Thread1@lemon.novalocal> Running minfo.files/mkg-q2-11-4.inp on lemon.novalocal at Fri Jun 18 20:20:37 JST 2021
Thread1@lemon.novalocal> Running minfo.files/mkg-q2-11-6.inp on lemon.novalocal at Fri Jun 18 20:20:39 JST 2021
Thread0@lemon.novalocal> Running minfo.files/mkg-q2-11-7.inp on lemon.novalocal at Fri Jun 18 20:20:39 JST 2021
Thread1@lemon.novalocal> Running minfo.files/mkg-q2-11-8.inp on lemon.novalocal at Fri Jun 18 20:20:40 JST 2021
Thread0@lemon.novalocal> Running minfo.files/mkg-q2-11-9.inp on lemon.novalocal at Fri Jun 18 20:20:40 JST 2021
Thread1@lemon.novalocal> Running minfo.files/mkg-q2-11-10.inp on lemon.novalocal at Fri Jun 18 20:20:41 JST 2021
Thread0@lemon.novalocal> Running minfo.files/mkg-q3-11-0.inp on lemon.novalocal at Fri Jun 18 20:20:42 JST 2021
Thread0@lemon.novalocal> Running minfo.files/mkg-q3-11-1.inp on lemon.novalocal at Fri Jun 18 20:20:43 JST 2021
Thread1@lemon.novalocal> Running minfo.files/mkg-q3-11-2.inp on lemon.novalocal at Fri Jun 18 20:20:43 JST 2021
Thread0@lemon.novalocal> Running minfo.files/mkg-q3-11-4.inp on lemon.novalocal at Fri Jun 18 20:20:44 JST 2021
Thread1@lemon.novalocal> Running minfo.files/mkg-q3-11-3.inp on lemon.novalocal at Fri Jun 18 20:20:44 JST 2021
Thread1@lemon.novalocal> Running minfo.files/mkg-q3-11-7.inp on lemon.novalocal at Fri Jun 18 20:20:46 JST 2021
Thread0@lemon.novalocal> Running minfo.files/mkg-q3-11-6.inp on lemon.novalocal at Fri Jun 18 20:20:46 JST 2021
Thread0@lemon.novalocal> Running minfo.files/mkg-q3-11-8.inp on lemon.novalocal at Fri Jun 18 20:20:47 JST 2021
Thread1@lemon.novalocal> Running minfo.files/mkg-q3-11-9.inp on lemon.novalocal at Fri Jun 18 20:20:47 JST 2021
Thread0@lemon.novalocal> Running minfo.files/mkg-q3-11-10.inp on lemon.novalocal at Fri Jun 18 20:20:48 JST 2021
Thread1@lemon.novalocal> Running minfo.files/mkg-q4-11-0.inp on lemon.novalocal at Fri Jun 18 20:20:48 JST 2021
Thread0@lemon.novalocal> Running minfo.files/mkg-q4-11-1.inp on lemon.novalocal at Fri Jun 18 20:20:50 JST 2021
Thread1@lemon.novalocal> Running minfo.files/mkg-q4-11-2.inp on lemon.novalocal at Fri Jun 18 20:20:50 JST 2021
Thread1@lemon.novalocal> Running minfo.files/mkg-q4-11-3.inp on lemon.novalocal at Fri Jun 18 20:20:51 JST 2021
Thread0@lemon.novalocal> Running minfo.files/mkg-q4-11-4.inp on lemon.novalocal at Fri Jun 18 20:20:51 JST 2021
Thread0@lemon.novalocal> Running minfo.files/mkg-q4-11-6.inp on lemon.novalocal at Fri Jun 18 20:20:52 JST 2021
Thread1@lemon.novalocal> Running minfo.files/mkg-q4-11-7.inp on lemon.novalocal at Fri Jun 18 20:20:52 JST 2021
Thread0@lemon.novalocal> Running minfo.files/mkg-q4-11-8.inp on lemon.novalocal at Fri Jun 18 20:20:54 JST 2021
Thread1@lemon.novalocal> Running minfo.files/mkg-q4-11-9.inp on lemon.novalocal at Fri Jun 18 20:20:54 JST 2021
Thread0@lemon.novalocal> Running minfo.files/mkg-q4-11-10.inp on lemon.novalocal at Fri Jun 18 20:20:55 JST 2021
Thread1@lemon.novalocal> Running minfo.files/mkg-q5-11-0.inp on lemon.novalocal at Fri Jun 18 20:20:55 JST 2021
Thread0@lemon.novalocal> Running minfo.files/mkg-q5-11-1.inp on lemon.novalocal at Fri Jun 18 20:20:56 JST 2021
Thread1@lemon.novalocal> Running minfo.files/mkg-q5-11-2.inp on lemon.novalocal at Fri Jun 18 20:20:56 JST 2021
Thread0@lemon.novalocal> Running minfo.files/mkg-q5-11-3.inp on lemon.novalocal at Fri Jun 18 20:20:58 JST 2021
Thread1@lemon.novalocal> Running minfo.files/mkg-q5-11-4.inp on lemon.novalocal at Fri Jun 18 20:20:58 JST 2021
Thread0@lemon.novalocal> Running minfo.files/mkg-q5-11-6.inp on lemon.novalocal at Fri Jun 18 20:20:59 JST 2021
Thread1@lemon.novalocal> Running minfo.files/mkg-q5-11-7.inp on lemon.novalocal at Fri Jun 18 20:20:59 JST 2021
Thread0@lemon.novalocal> Running minfo.files/mkg-q5-11-8.inp on lemon.novalocal at Fri Jun 18 20:21:00 JST 2021
Thread1@lemon.novalocal> Running minfo.files/mkg-q5-11-9.inp on lemon.novalocal at Fri Jun 18 20:21:01 JST 2021
Thread0@lemon.novalocal> Running minfo.files/mkg-q5-11-10.inp on lemon.novalocal at Fri Jun 18 20:21:02 JST 2021
Thread1@lemon.novalocal> Running minfo.files/mkg-q6-11-0.inp on lemon.novalocal at Fri Jun 18 20:21:02 JST 2021
Thread0@lemon.novalocal> Running minfo.files/mkg-q6-11-1.inp on lemon.novalocal at Fri Jun 18 20:21:03 JST 2021
Thread1@lemon.novalocal> Running minfo.files/mkg-q6-11-2.inp on lemon.novalocal at Fri Jun 18 20:21:03 JST 2021
Thread0@lemon.novalocal> Running minfo.files/mkg-q6-11-3.inp on lemon.novalocal at Fri Jun 18 20:21:05 JST 2021
Thread1@lemon.novalocal> Running minfo.files/mkg-q6-11-4.inp on lemon.novalocal at Fri Jun 18 20:21:05 JST 2021
Thread0@lemon.novalocal> Running minfo.files/mkg-q6-11-6.inp on lemon.novalocal at Fri Jun 18 20:21:06 JST 2021
Thread1@lemon.novalocal> Running minfo.files/mkg-q6-11-7.inp on lemon.novalocal at Fri Jun 18 20:21:06 JST 2021
Thread0@lemon.novalocal> Running minfo.files/mkg-q6-11-8.inp on lemon.novalocal at Fri Jun 18 20:21:07 JST 2021
Thread1@lemon.novalocal> Running minfo.files/mkg-q6-11-9.inp on lemon.novalocal at Fri Jun 18 20:21:07 JST 2021
Thread1@lemon.novalocal> Running minfo.files/mkg-q6-11-10.inp on lemon.novalocal at Fri Jun 18 20:21:09 JST 2021
   End of electronic structure calculations.

Generating pot files.

   o q1.pot  [OK]
   o q1.dipole  [OK]
   o q2.pot  [OK]
   o q2.dipole  [OK]
   o q3.pot  [OK]
   o q3.dipole  [OK]
   o q4.pot  [OK]
   o q4.dipole  [OK]
   o q5.pot  [OK]
   o q5.dipole  [OK]
   o q6.pot  [OK]
   o q6.dipole  [OK]


End of GridPES generation:

Setup MakeGrid module

  o Setup MCS: Read QFF Data via ../2_qff/prop_no_1.mop ...  [OK]
  o ngrid =     9 
  o 1MR Grid: 
      5 1 2 3 6 
  o 2MR Grid: 
      (1,5) (2,5) (3,5) (1,6) (2,6) (3,6) (5,6) 

Enter GridPES generation:

   Execute electronic structure calculations.

Thread1@lemon.novalocal> Running minfo.files/mkg-q5q1-9-1.inp on lemon.novalocal at Fri Jun 18 20:21:10 JST 2021
Thread0@lemon.novalocal> Running minfo.files/mkg-q5q1-9-0.inp on lemon.novalocal at Fri Jun 18 20:21:10 JST 2021
Thread0@lemon.novalocal> Running minfo.files/mkg-q5q1-9-2.inp on lemon.novalocal at Fri Jun 18 20:21:11 JST 2021
Thread1@lemon.novalocal> Running minfo.files/mkg-q5q1-9-3.inp on lemon.novalocal at Fri Jun 18 20:21:11 JST 2021
Thread0@lemon.novalocal> Running minfo.files/mkg-q5q1-9-5.inp on lemon.novalocal at Fri Jun 18 20:21:13 JST 2021
Thread1@lemon.novalocal> Running minfo.files/mkg-q5q1-9-6.inp on lemon.novalocal at Fri Jun 18 20:21:13 JST 2021
Thread1@lemon.novalocal> Running minfo.files/mkg-q5q1-9-7.inp on lemon.novalocal at Fri Jun 18 20:21:14 JST 2021
Thread0@lemon.novalocal> Running minfo.files/mkg-q5q1-9-8.inp on lemon.novalocal at Fri Jun 18 20:21:14 JST 2021
Thread0@lemon.novalocal> Running minfo.files/mkg-q5q1-9-9.inp on lemon.novalocal at Fri Jun 18 20:21:16 JST 2021
Thread1@lemon.novalocal> Running minfo.files/mkg-q5q1-9-10.inp on lemon.novalocal at Fri Jun 18 20:21:16 JST 2021
Thread1@lemon.novalocal> Running minfo.files/mkg-q5q1-9-11.inp on lemon.novalocal at Fri Jun 18 20:21:17 JST 2021
Thread0@lemon.novalocal> Running minfo.files/mkg-q5q1-9-12.inp on lemon.novalocal at Fri Jun 18 20:21:17 JST 2021
Thread1@lemon.novalocal> Running minfo.files/mkg-q5q1-9-14.inp on lemon.novalocal at Fri Jun 18 20:21:18 JST 2021
Thread0@lemon.novalocal> Running minfo.files/mkg-q5q1-9-15.inp on lemon.novalocal at Fri Jun 18 20:21:18 JST 2021
Thread1@lemon.novalocal> Running minfo.files/mkg-q5q1-9-16.inp on lemon.novalocal at Fri Jun 18 20:21:20 JST 2021
Thread0@lemon.novalocal> Running minfo.files/mkg-q5q1-9-17.inp on lemon.novalocal at Fri Jun 18 20:21:20 JST 2021
Thread1@lemon.novalocal> Running minfo.files/mkg-q5q1-9-18.inp on lemon.novalocal at Fri Jun 18 20:21:21 JST 2021
Thread0@lemon.novalocal> Running minfo.files/mkg-q5q1-9-19.inp on lemon.novalocal at Fri Jun 18 20:21:21 JST 2021
Thread1@lemon.novalocal> Running minfo.files/mkg-q5q1-9-20.inp on lemon.novalocal at Fri Jun 18 20:21:22 JST 2021
Thread0@lemon.novalocal> Running minfo.files/mkg-q5q1-9-21.inp on lemon.novalocal at Fri Jun 18 20:21:22 JST 2021
Thread1@lemon.novalocal> Running minfo.files/mkg-q5q1-9-23.inp on lemon.novalocal at Fri Jun 18 20:21:24 JST 2021
Thread0@lemon.novalocal> Running minfo.files/mkg-q5q1-9-24.inp on lemon.novalocal at Fri Jun 18 20:21:24 JST 2021
Thread1@lemon.novalocal> Running minfo.files/mkg-q5q1-9-25.inp on lemon.novalocal at Fri Jun 18 20:21:25 JST 2021
Thread0@lemon.novalocal> Running minfo.files/mkg-q5q1-9-26.inp on lemon.novalocal at Fri Jun 18 20:21:25 JST 2021
Thread1@lemon.novalocal> Running minfo.files/mkg-q5q1-9-27.inp on lemon.novalocal at Fri Jun 18 20:21:27 JST 2021
Thread0@lemon.novalocal> Running minfo.files/mkg-q5q1-9-28.inp on lemon.novalocal at Fri Jun 18 20:21:27 JST 2021
Thread1@lemon.novalocal> Running minfo.files/mkg-q5q1-9-29.inp on lemon.novalocal at Fri Jun 18 20:21:28 JST 2021
Thread0@lemon.novalocal> Running minfo.files/mkg-q5q1-9-30.inp on lemon.novalocal at Fri Jun 18 20:21:28 JST 2021
Thread1@lemon.novalocal> Running minfo.files/mkg-q5q1-9-32.inp on lemon.novalocal at Fri Jun 18 20:21:29 JST 2021
Thread0@lemon.novalocal> Running minfo.files/mkg-q5q1-9-33.inp on lemon.novalocal at Fri Jun 18 20:21:29 JST 2021
Thread1@lemon.novalocal> Running minfo.files/mkg-q5q1-9-34.inp on lemon.novalocal at Fri Jun 18 20:21:31 JST 2021
Thread0@lemon.novalocal> Running minfo.files/mkg-q5q1-9-35.inp on lemon.novalocal at Fri Jun 18 20:21:31 JST 2021
Thread1@lemon.novalocal> Running minfo.files/mkg-q5q1-9-45.inp on lemon.novalocal at Fri Jun 18 20:21:32 JST 2021
Thread0@lemon.novalocal> Running minfo.files/mkg-q5q1-9-46.inp on lemon.novalocal at Fri Jun 18 20:21:32 JST 2021
Thread1@lemon.novalocal> Running minfo.files/mkg-q5q1-9-47.inp on lemon.novalocal at Fri Jun 18 20:21:33 JST 2021
Thread0@lemon.novalocal> Running minfo.files/mkg-q5q1-9-48.inp on lemon.novalocal at Fri Jun 18 20:21:33 JST 2021
Thread1@lemon.novalocal> Running minfo.files/mkg-q5q1-9-50.inp on lemon.novalocal at Fri Jun 18 20:21:35 JST 2021
Thread0@lemon.novalocal> Running minfo.files/mkg-q5q1-9-51.inp on lemon.novalocal at Fri Jun 18 20:21:35 JST 2021
Thread1@lemon.novalocal> Running minfo.files/mkg-q5q1-9-52.inp on lemon.novalocal at Fri Jun 18 20:21:36 JST 2021
Thread0@lemon.novalocal> Running minfo.files/mkg-q5q1-9-53.inp on lemon.novalocal at Fri Jun 18 20:21:36 JST 2021
Thread1@lemon.novalocal> Running minfo.files/mkg-q5q1-9-54.inp on lemon.novalocal at Fri Jun 18 20:21:37 JST 2021
Thread0@lemon.novalocal> Running minfo.files/mkg-q5q1-9-55.inp on lemon.novalocal at Fri Jun 18 20:21:37 JST 2021
Thread1@lemon.novalocal> Running minfo.files/mkg-q5q1-9-56.inp on lemon.novalocal at Fri Jun 18 20:21:39 JST 2021
Thread0@lemon.novalocal> Running minfo.files/mkg-q5q1-9-57.inp on lemon.novalocal at Fri Jun 18 20:21:39 JST 2021
Thread1@lemon.novalocal> Running minfo.files/mkg-q5q1-9-59.inp on lemon.novalocal at Fri Jun 18 20:21:40 JST 2021
Thread0@lemon.novalocal> Running minfo.files/mkg-q5q1-9-60.inp on lemon.novalocal at Fri Jun 18 20:21:40 JST 2021
Thread1@lemon.novalocal> Running minfo.files/mkg-q5q1-9-61.inp on lemon.novalocal at Fri Jun 18 20:21:41 JST 2021
Thread0@lemon.novalocal> Running minfo.files/mkg-q5q1-9-62.inp on lemon.novalocal at Fri Jun 18 20:21:41 JST 2021
Thread1@lemon.novalocal> Running minfo.files/mkg-q5q1-9-63.inp on lemon.novalocal at Fri Jun 18 20:21:43 JST 2021
Thread0@lemon.novalocal> Running minfo.files/mkg-q5q1-9-64.inp on lemon.novalocal at Fri Jun 18 20:21:43 JST 2021
Thread1@lemon.novalocal> Running minfo.files/mkg-q5q1-9-65.inp on lemon.novalocal at Fri Jun 18 20:21:44 JST 2021
Thread0@lemon.novalocal> Running minfo.files/mkg-q5q1-9-66.inp on lemon.novalocal at Fri Jun 18 20:21:44 JST 2021
Thread1@lemon.novalocal> Running minfo.files/mkg-q5q1-9-68.inp on lemon.novalocal at Fri Jun 18 20:21:45 JST 2021
Thread0@lemon.novalocal> Running minfo.files/mkg-q5q1-9-69.inp on lemon.novalocal at Fri Jun 18 20:21:46 JST 2021
Thread1@lemon.novalocal> Running minfo.files/mkg-q5q1-9-70.inp on lemon.novalocal at Fri Jun 18 20:21:47 JST 2021
Thread0@lemon.novalocal> Running minfo.files/mkg-q5q1-9-71.inp on lemon.novalocal at Fri Jun 18 20:21:47 JST 2021
Thread1@lemon.novalocal> Running minfo.files/mkg-q5q1-9-72.inp on lemon.novalocal at Fri Jun 18 20:21:48 JST 2021
Thread0@lemon.novalocal> Running minfo.files/mkg-q5q1-9-73.inp on lemon.novalocal at Fri Jun 18 20:21:48 JST 2021
Thread1@lemon.novalocal> Running minfo.files/mkg-q5q1-9-74.inp on lemon.novalocal at Fri Jun 18 20:21:49 JST 2021
Thread0@lemon.novalocal> Running minfo.files/mkg-q5q1-9-75.inp on lemon.novalocal at Fri Jun 18 20:21:49 JST 2021
Thread1@lemon.novalocal> Running minfo.files/mkg-q5q1-9-77.inp on lemon.novalocal at Fri Jun 18 20:21:51 JST 2021
Thread0@lemon.novalocal> Running minfo.files/mkg-q5q1-9-78.inp on lemon.novalocal at Fri Jun 18 20:21:51 JST 2021
Thread1@lemon.novalocal> Running minfo.files/mkg-q5q1-9-79.inp on lemon.novalocal at Fri Jun 18 20:21:52 JST 2021
Thread0@lemon.novalocal> Running minfo.files/mkg-q5q1-9-80.inp on lemon.novalocal at Fri Jun 18 20:21:52 JST 2021
Thread1@lemon.novalocal> Running minfo.files/mkg-q5q2-9-0.inp on lemon.novalocal at Fri Jun 18 20:21:53 JST 2021
Thread0@lemon.novalocal> Running minfo.files/mkg-q5q2-9-1.inp on lemon.novalocal at Fri Jun 18 20:21:54 JST 2021
Thread1@lemon.novalocal> Running minfo.files/mkg-q5q2-9-2.inp on lemon.novalocal at Fri Jun 18 20:21:55 JST 2021
Thread0@lemon.novalocal> Running minfo.files/mkg-q5q2-9-3.inp on lemon.novalocal at Fri Jun 18 20:21:55 JST 2021
Thread1@lemon.novalocal> Running minfo.files/mkg-q5q2-9-5.inp on lemon.novalocal at Fri Jun 18 20:21:56 JST 2021
Thread0@lemon.novalocal> Running minfo.files/mkg-q5q2-9-6.inp on lemon.novalocal at Fri Jun 18 20:21:56 JST 2021
Thread1@lemon.novalocal> Running minfo.files/mkg-q5q2-9-7.inp on lemon.novalocal at Fri Jun 18 20:21:58 JST 2021
Thread0@lemon.novalocal> Running minfo.files/mkg-q5q2-9-8.inp on lemon.novalocal at Fri Jun 18 20:21:58 JST 2021
Thread0@lemon.novalocal> Running minfo.files/mkg-q5q2-9-9.inp on lemon.novalocal at Fri Jun 18 20:21:59 JST 2021
Thread1@lemon.novalocal> Running minfo.files/mkg-q5q2-9-10.inp on lemon.novalocal at Fri Jun 18 20:21:59 JST 2021
Thread0@lemon.novalocal> Running minfo.files/mkg-q5q2-9-11.inp on lemon.novalocal at Fri Jun 18 20:22:01 JST 2021
Thread1@lemon.novalocal> Running minfo.files/mkg-q5q2-9-12.inp on lemon.novalocal at Fri Jun 18 20:22:01 JST 2021
Thread0@lemon.novalocal> Running minfo.files/mkg-q5q2-9-14.inp on lemon.novalocal at Fri Jun 18 20:22:02 JST 2021
Thread1@lemon.novalocal> Running minfo.files/mkg-q5q2-9-15.inp on lemon.novalocal at Fri Jun 18 20:22:02 JST 2021
Thread0@lemon.novalocal> Running minfo.files/mkg-q5q2-9-16.inp on lemon.novalocal at Fri Jun 18 20:22:03 JST 2021
Thread1@lemon.novalocal> Running minfo.files/mkg-q5q2-9-17.inp on lemon.novalocal at Fri Jun 18 20:22:03 JST 2021
Thread0@lemon.novalocal> Running minfo.files/mkg-q5q2-9-18.inp on lemon.novalocal at Fri Jun 18 20:22:05 JST 2021
Thread1@lemon.novalocal> Running minfo.files/mkg-q5q2-9-19.inp on lemon.novalocal at Fri Jun 18 20:22:05 JST 2021
Thread0@lemon.novalocal> Running minfo.files/mkg-q5q2-9-20.inp on lemon.novalocal at Fri Jun 18 20:22:06 JST 2021
Thread1@lemon.novalocal> Running minfo.files/mkg-q5q2-9-21.inp on lemon.novalocal at Fri Jun 18 20:22:06 JST 2021
Thread0@lemon.novalocal> Running minfo.files/mkg-q5q2-9-23.inp on lemon.novalocal at Fri Jun 18 20:22:07 JST 2021
Thread1@lemon.novalocal> Running minfo.files/mkg-q5q2-9-24.inp on lemon.novalocal at Fri Jun 18 20:22:08 JST 2021
Thread0@lemon.novalocal> Running minfo.files/mkg-q5q2-9-25.inp on lemon.novalocal at Fri Jun 18 20:22:09 JST 2021
Thread1@lemon.novalocal> Running minfo.files/mkg-q5q2-9-26.inp on lemon.novalocal at Fri Jun 18 20:22:09 JST 2021
Thread0@lemon.novalocal> Running minfo.files/mkg-q5q2-9-27.inp on lemon.novalocal at Fri Jun 18 20:22:10 JST 2021
Thread1@lemon.novalocal> Running minfo.files/mkg-q5q2-9-28.inp on lemon.novalocal at Fri Jun 18 20:22:11 JST 2021
Thread0@lemon.novalocal> Running minfo.files/mkg-q5q2-9-29.inp on lemon.novalocal at Fri Jun 18 20:22:12 JST 2021
Thread1@lemon.novalocal> Running minfo.files/mkg-q5q2-9-30.inp on lemon.novalocal at Fri Jun 18 20:22:12 JST 2021
Thread0@lemon.novalocal> Running minfo.files/mkg-q5q2-9-32.inp on lemon.novalocal at Fri Jun 18 20:22:13 JST 2021
Thread1@lemon.novalocal> Running minfo.files/mkg-q5q2-9-33.inp on lemon.novalocal at Fri Jun 18 20:22:13 JST 2021
Thread0@lemon.novalocal> Running minfo.files/mkg-q5q2-9-34.inp on lemon.novalocal at Fri Jun 18 20:22:14 JST 2021
Thread1@lemon.novalocal> Running minfo.files/mkg-q5q2-9-35.inp on lemon.novalocal at Fri Jun 18 20:22:15 JST 2021
Thread0@lemon.novalocal> Running minfo.files/mkg-q5q2-9-45.inp on lemon.novalocal at Fri Jun 18 20:22:16 JST 2021
Thread1@lemon.novalocal> Running minfo.files/mkg-q5q2-9-46.inp on lemon.novalocal at Fri Jun 18 20:22:16 JST 2021
Thread0@lemon.novalocal> Running minfo.files/mkg-q5q2-9-47.inp on lemon.novalocal at Fri Jun 18 20:22:17 JST 2021
Thread1@lemon.novalocal> Running minfo.files/mkg-q5q2-9-48.inp on lemon.novalocal at Fri Jun 18 20:22:18 JST 2021
Thread0@lemon.novalocal> Running minfo.files/mkg-q5q2-9-50.inp on lemon.novalocal at Fri Jun 18 20:22:18 JST 2021
Thread1@lemon.novalocal> Running minfo.files/mkg-q5q2-9-51.inp on lemon.novalocal at Fri Jun 18 20:22:19 JST 2021
Thread0@lemon.novalocal> Running minfo.files/mkg-q5q2-9-52.inp on lemon.novalocal at Fri Jun 18 20:22:20 JST 2021
Thread1@lemon.novalocal> Running minfo.files/mkg-q5q2-9-53.inp on lemon.novalocal at Fri Jun 18 20:22:21 JST 2021
Thread0@lemon.novalocal> Running minfo.files/mkg-q5q2-9-54.inp on lemon.novalocal at Fri Jun 18 20:22:21 JST 2021
Thread1@lemon.novalocal> Running minfo.files/mkg-q5q2-9-55.inp on lemon.novalocal at Fri Jun 18 20:22:22 JST 2021
Thread0@lemon.novalocal> Running minfo.files/mkg-q5q2-9-56.inp on lemon.novalocal at Fri Jun 18 20:22:23 JST 2021
Thread1@lemon.novalocal> Running minfo.files/mkg-q5q2-9-57.inp on lemon.novalocal at Fri Jun 18 20:22:23 JST 2021
Thread0@lemon.novalocal> Running minfo.files/mkg-q5q2-9-59.inp on lemon.novalocal at Fri Jun 18 20:22:24 JST 2021
Thread1@lemon.novalocal> Running minfo.files/mkg-q5q2-9-60.inp on lemon.novalocal at Fri Jun 18 20:22:25 JST 2021
Thread0@lemon.novalocal> Running minfo.files/mkg-q5q2-9-61.inp on lemon.novalocal at Fri Jun 18 20:22:26 JST 2021
Thread1@lemon.novalocal> Running minfo.files/mkg-q5q2-9-62.inp on lemon.novalocal at Fri Jun 18 20:22:26 JST 2021
Thread0@lemon.novalocal> Running minfo.files/mkg-q5q2-9-63.inp on lemon.novalocal at Fri Jun 18 20:22:27 JST 2021
Thread1@lemon.novalocal> Running minfo.files/mkg-q5q2-9-64.inp on lemon.novalocal at Fri Jun 18 20:22:28 JST 2021
Thread0@lemon.novalocal> Running minfo.files/mkg-q5q2-9-65.inp on lemon.novalocal at Fri Jun 18 20:22:28 JST 2021
Thread1@lemon.novalocal> Running minfo.files/mkg-q5q2-9-66.inp on lemon.novalocal at Fri Jun 18 20:22:29 JST 2021
Thread0@lemon.novalocal> Running minfo.files/mkg-q5q2-9-68.inp on lemon.novalocal at Fri Jun 18 20:22:30 JST 2021
Thread1@lemon.novalocal> Running minfo.files/mkg-q5q2-9-69.inp on lemon.novalocal at Fri Jun 18 20:22:30 JST 2021
Thread0@lemon.novalocal> Running minfo.files/mkg-q5q2-9-70.inp on lemon.novalocal at Fri Jun 18 20:22:31 JST 2021
Thread1@lemon.novalocal> Running minfo.files/mkg-q5q2-9-71.inp on lemon.novalocal at Fri Jun 18 20:22:32 JST 2021
Thread0@lemon.novalocal> Running minfo.files/mkg-q5q2-9-72.inp on lemon.novalocal at Fri Jun 18 20:22:33 JST 2021
Thread1@lemon.novalocal> Running minfo.files/mkg-q5q2-9-73.inp on lemon.novalocal at Fri Jun 18 20:22:33 JST 2021
Thread0@lemon.novalocal> Running minfo.files/mkg-q5q2-9-74.inp on lemon.novalocal at Fri Jun 18 20:22:34 JST 2021
Thread1@lemon.novalocal> Running minfo.files/mkg-q5q2-9-75.inp on lemon.novalocal at Fri Jun 18 20:22:34 JST 2021
Thread0@lemon.novalocal> Running minfo.files/mkg-q5q2-9-77.inp on lemon.novalocal at Fri Jun 18 20:22:35 JST 2021
Thread1@lemon.novalocal> Running minfo.files/mkg-q5q2-9-78.inp on lemon.novalocal at Fri Jun 18 20:22:36 JST 2021
Thread0@lemon.novalocal> Running minfo.files/mkg-q5q2-9-79.inp on lemon.novalocal at Fri Jun 18 20:22:37 JST 2021
Thread1@lemon.novalocal> Running minfo.files/mkg-q5q2-9-80.inp on lemon.novalocal at Fri Jun 18 20:22:37 JST 2021
Thread0@lemon.novalocal> Running minfo.files/mkg-q5q3-9-0.inp on lemon.novalocal at Fri Jun 18 20:22:38 JST 2021
Thread1@lemon.novalocal> Running minfo.files/mkg-q5q3-9-1.inp on lemon.novalocal at Fri Jun 18 20:22:38 JST 2021
Thread0@lemon.novalocal> Running minfo.files/mkg-q5q3-9-2.inp on lemon.novalocal at Fri Jun 18 20:22:39 JST 2021
Thread1@lemon.novalocal> Running minfo.files/mkg-q5q3-9-3.inp on lemon.novalocal at Fri Jun 18 20:22:40 JST 2021
Thread0@lemon.novalocal> Running minfo.files/mkg-q5q3-9-5.inp on lemon.novalocal at Fri Jun 18 20:22:41 JST 2021
Thread1@lemon.novalocal> Running minfo.files/mkg-q5q3-9-6.inp on lemon.novalocal at Fri Jun 18 20:22:41 JST 2021
Thread0@lemon.novalocal> Running minfo.files/mkg-q5q3-9-7.inp on lemon.novalocal at Fri Jun 18 20:22:42 JST 2021
Thread1@lemon.novalocal> Running minfo.files/mkg-q5q3-9-8.inp on lemon.novalocal at Fri Jun 18 20:22:42 JST 2021
Thread0@lemon.novalocal> Running minfo.files/mkg-q5q3-9-9.inp on lemon.novalocal at Fri Jun 18 20:22:43 JST 2021
Thread1@lemon.novalocal> Running minfo.files/mkg-q5q3-9-10.inp on lemon.novalocal at Fri Jun 18 20:22:44 JST 2021
Thread0@lemon.novalocal> Running minfo.files/mkg-q5q3-9-11.inp on lemon.novalocal at Fri Jun 18 20:22:45 JST 2021
Thread1@lemon.novalocal> Running minfo.files/mkg-q5q3-9-12.inp on lemon.novalocal at Fri Jun 18 20:22:45 JST 2021
Thread0@lemon.novalocal> Running minfo.files/mkg-q5q3-9-14.inp on lemon.novalocal at Fri Jun 18 20:22:46 JST 2021
Thread1@lemon.novalocal> Running minfo.files/mkg-q5q3-9-15.inp on lemon.novalocal at Fri Jun 18 20:22:47 JST 2021
Thread0@lemon.novalocal> Running minfo.files/mkg-q5q3-9-16.inp on lemon.novalocal at Fri Jun 18 20:22:47 JST 2021
Thread1@lemon.novalocal> Running minfo.files/mkg-q5q3-9-17.inp on lemon.novalocal at Fri Jun 18 20:22:48 JST 2021
Thread0@lemon.novalocal> Running minfo.files/mkg-q5q3-9-18.inp on lemon.novalocal at Fri Jun 18 20:22:49 JST 2021
Thread1@lemon.novalocal> Running minfo.files/mkg-q5q3-9-19.inp on lemon.novalocal at Fri Jun 18 20:22:49 JST 2021
Thread0@lemon.novalocal> Running minfo.files/mkg-q5q3-9-20.inp on lemon.novalocal at Fri Jun 18 20:22:50 JST 2021
Thread1@lemon.novalocal> Running minfo.files/mkg-q5q3-9-21.inp on lemon.novalocal at Fri Jun 18 20:22:51 JST 2021
Thread0@lemon.novalocal> Running minfo.files/mkg-q5q3-9-23.inp on lemon.novalocal at Fri Jun 18 20:22:52 JST 2021
Thread1@lemon.novalocal> Running minfo.files/mkg-q5q3-9-24.inp on lemon.novalocal at Fri Jun 18 20:22:52 JST 2021
Thread0@lemon.novalocal> Running minfo.files/mkg-q5q3-9-25.inp on lemon.novalocal at Fri Jun 18 20:22:53 JST 2021
Thread1@lemon.novalocal> Running minfo.files/mkg-q5q3-9-26.inp on lemon.novalocal at Fri Jun 18 20:22:53 JST 2021
Thread0@lemon.novalocal> Running minfo.files/mkg-q5q3-9-27.inp on lemon.novalocal at Fri Jun 18 20:22:54 JST 2021
Thread1@lemon.novalocal> Running minfo.files/mkg-q5q3-9-28.inp on lemon.novalocal at Fri Jun 18 20:22:55 JST 2021
Thread0@lemon.novalocal> Running minfo.files/mkg-q5q3-9-29.inp on lemon.novalocal at Fri Jun 18 20:22:56 JST 2021
Thread1@lemon.novalocal> Running minfo.files/mkg-q5q3-9-30.inp on lemon.novalocal at Fri Jun 18 20:22:56 JST 2021
Thread0@lemon.novalocal> Running minfo.files/mkg-q5q3-9-32.inp on lemon.novalocal at Fri Jun 18 20:22:57 JST 2021
Thread1@lemon.novalocal> Running minfo.files/mkg-q5q3-9-33.inp on lemon.novalocal at Fri Jun 18 20:22:57 JST 2021
Thread0@lemon.novalocal> Running minfo.files/mkg-q5q3-9-34.inp on lemon.novalocal at Fri Jun 18 20:22:59 JST 2021
Thread1@lemon.novalocal> Running minfo.files/mkg-q5q3-9-35.inp on lemon.novalocal at Fri Jun 18 20:22:59 JST 2021
Thread0@lemon.novalocal> Running minfo.files/mkg-q5q3-9-45.inp on lemon.novalocal at Fri Jun 18 20:23:00 JST 2021
Thread1@lemon.novalocal> Running minfo.files/mkg-q5q3-9-46.inp on lemon.novalocal at Fri Jun 18 20:23:00 JST 2021
Thread1@lemon.novalocal> Running minfo.files/mkg-q5q3-9-47.inp on lemon.novalocal at Fri Jun 18 20:23:01 JST 2021
Thread0@lemon.novalocal> Running minfo.files/mkg-q5q3-9-48.inp on lemon.novalocal at Fri Jun 18 20:23:01 JST 2021
Thread1@lemon.novalocal> Running minfo.files/mkg-q5q3-9-50.inp on lemon.novalocal at Fri Jun 18 20:23:03 JST 2021
Thread0@lemon.novalocal> Running minfo.files/mkg-q5q3-9-51.inp on lemon.novalocal at Fri Jun 18 20:23:03 JST 2021
Thread0@lemon.novalocal> Running minfo.files/mkg-q5q3-9-52.inp on lemon.novalocal at Fri Jun 18 20:23:04 JST 2021
Thread1@lemon.novalocal> Running minfo.files/mkg-q5q3-9-53.inp on lemon.novalocal at Fri Jun 18 20:23:04 JST 2021
Thread1@lemon.novalocal> Running minfo.files/mkg-q5q3-9-54.inp on lemon.novalocal at Fri Jun 18 20:23:05 JST 2021
Thread0@lemon.novalocal> Running minfo.files/mkg-q5q3-9-55.inp on lemon.novalocal at Fri Jun 18 20:23:06 JST 2021
Thread0@lemon.novalocal> Running minfo.files/mkg-q5q3-9-56.inp on lemon.novalocal at Fri Jun 18 20:23:07 JST 2021
Thread1@lemon.novalocal> Running minfo.files/mkg-q5q3-9-57.inp on lemon.novalocal at Fri Jun 18 20:23:07 JST 2021
Thread1@lemon.novalocal> Running minfo.files/mkg-q5q3-9-59.inp on lemon.novalocal at Fri Jun 18 20:23:08 JST 2021
Thread0@lemon.novalocal> Running minfo.files/mkg-q5q3-9-60.inp on lemon.novalocal at Fri Jun 18 20:23:08 JST 2021
Thread1@lemon.novalocal> Running minfo.files/mkg-q5q3-9-61.inp on lemon.novalocal at Fri Jun 18 20:23:10 JST 2021
Thread0@lemon.novalocal> Running minfo.files/mkg-q5q3-9-62.inp on lemon.novalocal at Fri Jun 18 20:23:10 JST 2021
Thread0@lemon.novalocal> Running minfo.files/mkg-q5q3-9-63.inp on lemon.novalocal at Fri Jun 18 20:23:11 JST 2021
Thread1@lemon.novalocal> Running minfo.files/mkg-q5q3-9-64.inp on lemon.novalocal at Fri Jun 18 20:23:11 JST 2021
Thread0@lemon.novalocal> Running minfo.files/mkg-q5q3-9-65.inp on lemon.novalocal at Fri Jun 18 20:23:12 JST 2021
Thread1@lemon.novalocal> Running minfo.files/mkg-q5q3-9-66.inp on lemon.novalocal at Fri Jun 18 20:23:12 JST 2021
Thread0@lemon.novalocal> Running minfo.files/mkg-q5q3-9-68.inp on lemon.novalocal at Fri Jun 18 20:23:14 JST 2021
Thread1@lemon.novalocal> Running minfo.files/mkg-q5q3-9-69.inp on lemon.novalocal at Fri Jun 18 20:23:14 JST 2021
Thread0@lemon.novalocal> Running minfo.files/mkg-q5q3-9-70.inp on lemon.novalocal at Fri Jun 18 20:23:15 JST 2021
Thread1@lemon.novalocal> Running minfo.files/mkg-q5q3-9-71.inp on lemon.novalocal at Fri Jun 18 20:23:15 JST 2021
Thread0@lemon.novalocal> Running minfo.files/mkg-q5q3-9-72.inp on lemon.novalocal at Fri Jun 18 20:23:16 JST 2021
Thread1@lemon.novalocal> Running minfo.files/mkg-q5q3-9-73.inp on lemon.novalocal at Fri Jun 18 20:23:17 JST 2021
Thread0@lemon.novalocal> Running minfo.files/mkg-q5q3-9-74.inp on lemon.novalocal at Fri Jun 18 20:23:18 JST 2021
Thread1@lemon.novalocal> Running minfo.files/mkg-q5q3-9-75.inp on lemon.novalocal at Fri Jun 18 20:23:18 JST 2021
Thread0@lemon.novalocal> Running minfo.files/mkg-q5q3-9-77.inp on lemon.novalocal at Fri Jun 18 20:23:19 JST 2021
Thread1@lemon.novalocal> Running minfo.files/mkg-q5q3-9-78.inp on lemon.novalocal at Fri Jun 18 20:23:19 JST 2021
Thread0@lemon.novalocal> Running minfo.files/mkg-q5q3-9-79.inp on lemon.novalocal at Fri Jun 18 20:23:21 JST 2021
Thread1@lemon.novalocal> Running minfo.files/mkg-q5q3-9-80.inp on lemon.novalocal at Fri Jun 18 20:23:21 JST 2021
Thread0@lemon.novalocal> Running minfo.files/mkg-q6q1-9-0.inp on lemon.novalocal at Fri Jun 18 20:23:22 JST 2021
Thread1@lemon.novalocal> Running minfo.files/mkg-q6q1-9-1.inp on lemon.novalocal at Fri Jun 18 20:23:22 JST 2021
Thread0@lemon.novalocal> Running minfo.files/mkg-q6q1-9-2.inp on lemon.novalocal at Fri Jun 18 20:23:23 JST 2021
Thread1@lemon.novalocal> Running minfo.files/mkg-q6q1-9-3.inp on lemon.novalocal at Fri Jun 18 20:23:24 JST 2021
Thread0@lemon.novalocal> Running minfo.files/mkg-q6q1-9-5.inp on lemon.novalocal at Fri Jun 18 20:23:25 JST 2021
Thread1@lemon.novalocal> Running minfo.files/mkg-q6q1-9-6.inp on lemon.novalocal at Fri Jun 18 20:23:25 JST 2021
Thread0@lemon.novalocal> Running minfo.files/mkg-q6q1-9-7.inp on lemon.novalocal at Fri Jun 18 20:23:26 JST 2021
Thread1@lemon.novalocal> Running minfo.files/mkg-q6q1-9-8.inp on lemon.novalocal at Fri Jun 18 20:23:26 JST 2021
Thread0@lemon.novalocal> Running minfo.files/mkg-q6q1-9-9.inp on lemon.novalocal at Fri Jun 18 20:23:27 JST 2021
Thread1@lemon.novalocal> Running minfo.files/mkg-q6q1-9-10.inp on lemon.novalocal at Fri Jun 18 20:23:28 JST 2021
Thread0@lemon.novalocal> Running minfo.files/mkg-q6q1-9-11.inp on lemon.novalocal at Fri Jun 18 20:23:29 JST 2021
Thread1@lemon.novalocal> Running minfo.files/mkg-q6q1-9-12.inp on lemon.novalocal at Fri Jun 18 20:23:29 JST 2021
Thread0@lemon.novalocal> Running minfo.files/mkg-q6q1-9-14.inp on lemon.novalocal at Fri Jun 18 20:23:30 JST 2021
Thread1@lemon.novalocal> Running minfo.files/mkg-q6q1-9-15.inp on lemon.novalocal at Fri Jun 18 20:23:30 JST 2021
Thread0@lemon.novalocal> Running minfo.files/mkg-q6q1-9-16.inp on lemon.novalocal at Fri Jun 18 20:23:32 JST 2021
Thread1@lemon.novalocal> Running minfo.files/mkg-q6q1-9-17.inp on lemon.novalocal at Fri Jun 18 20:23:32 JST 2021
Thread0@lemon.novalocal> Running minfo.files/mkg-q6q1-9-18.inp on lemon.novalocal at Fri Jun 18 20:23:33 JST 2021
Thread1@lemon.novalocal> Running minfo.files/mkg-q6q1-9-19.inp on lemon.novalocal at Fri Jun 18 20:23:33 JST 2021
Thread0@lemon.novalocal> Running minfo.files/mkg-q6q1-9-20.inp on lemon.novalocal at Fri Jun 18 20:23:34 JST 2021
Thread1@lemon.novalocal> Running minfo.files/mkg-q6q1-9-21.inp on lemon.novalocal at Fri Jun 18 20:23:35 JST 2021
Thread0@lemon.novalocal> Running minfo.files/mkg-q6q1-9-23.inp on lemon.novalocal at Fri Jun 18 20:23:36 JST 2021
Thread1@lemon.novalocal> Running minfo.files/mkg-q6q1-9-24.inp on lemon.novalocal at Fri Jun 18 20:23:36 JST 2021
Thread0@lemon.novalocal> Running minfo.files/mkg-q6q1-9-25.inp on lemon.novalocal at Fri Jun 18 20:23:37 JST 2021
Thread1@lemon.novalocal> Running minfo.files/mkg-q6q1-9-26.inp on lemon.novalocal at Fri Jun 18 20:23:37 JST 2021
Thread0@lemon.novalocal> Running minfo.files/mkg-q6q1-9-27.inp on lemon.novalocal at Fri Jun 18 20:23:38 JST 2021
Thread1@lemon.novalocal> Running minfo.files/mkg-q6q1-9-28.inp on lemon.novalocal at Fri Jun 18 20:23:39 JST 2021
Thread0@lemon.novalocal> Running minfo.files/mkg-q6q1-9-29.inp on lemon.novalocal at Fri Jun 18 20:23:40 JST 2021
Thread1@lemon.novalocal> Running minfo.files/mkg-q6q1-9-30.inp on lemon.novalocal at Fri Jun 18 20:23:40 JST 2021
Thread0@lemon.novalocal> Running minfo.files/mkg-q6q1-9-32.inp on lemon.novalocal at Fri Jun 18 20:23:41 JST 2021
Thread1@lemon.novalocal> Running minfo.files/mkg-q6q1-9-33.inp on lemon.novalocal at Fri Jun 18 20:23:42 JST 2021
Thread0@lemon.novalocal> Running minfo.files/mkg-q6q1-9-34.inp on lemon.novalocal at Fri Jun 18 20:23:43 JST 2021
Thread1@lemon.novalocal> Running minfo.files/mkg-q6q1-9-35.inp on lemon.novalocal at Fri Jun 18 20:23:43 JST 2021
Thread0@lemon.novalocal> Running minfo.files/mkg-q6q1-9-45.inp on lemon.novalocal at Fri Jun 18 20:23:44 JST 2021
Thread1@lemon.novalocal> Running minfo.files/mkg-q6q1-9-46.inp on lemon.novalocal at Fri Jun 18 20:23:44 JST 2021
Thread0@lemon.novalocal> Running minfo.files/mkg-q6q1-9-47.inp on lemon.novalocal at Fri Jun 18 20:23:45 JST 2021
Thread1@lemon.novalocal> Running minfo.files/mkg-q6q1-9-48.inp on lemon.novalocal at Fri Jun 18 20:23:46 JST 2021
Thread0@lemon.novalocal> Running minfo.files/mkg-q6q1-9-50.inp on lemon.novalocal at Fri Jun 18 20:23:46 JST 2021
Thread1@lemon.novalocal> Running minfo.files/mkg-q6q1-9-51.inp on lemon.novalocal at Fri Jun 18 20:23:47 JST 2021
Thread0@lemon.novalocal> Running minfo.files/mkg-q6q1-9-52.inp on lemon.novalocal at Fri Jun 18 20:23:48 JST 2021
Thread1@lemon.novalocal> Running minfo.files/mkg-q6q1-9-53.inp on lemon.novalocal at Fri Jun 18 20:23:48 JST 2021
Thread0@lemon.novalocal> Running minfo.files/mkg-q6q1-9-54.inp on lemon.novalocal at Fri Jun 18 20:23:49 JST 2021
Thread1@lemon.novalocal> Running minfo.files/mkg-q6q1-9-55.inp on lemon.novalocal at Fri Jun 18 20:23:50 JST 2021
Thread0@lemon.novalocal> Running minfo.files/mkg-q6q1-9-56.inp on lemon.novalocal at Fri Jun 18 20:23:50 JST 2021
Thread1@lemon.novalocal> Running minfo.files/mkg-q6q1-9-57.inp on lemon.novalocal at Fri Jun 18 20:23:51 JST 2021
Thread0@lemon.novalocal> Running minfo.files/mkg-q6q1-9-59.inp on lemon.novalocal at Fri Jun 18 20:23:52 JST 2021
Thread1@lemon.novalocal> Running minfo.files/mkg-q6q1-9-60.inp on lemon.novalocal at Fri Jun 18 20:23:53 JST 2021
Thread0@lemon.novalocal> Running minfo.files/mkg-q6q1-9-61.inp on lemon.novalocal at Fri Jun 18 20:23:53 JST 2021
Thread1@lemon.novalocal> Running minfo.files/mkg-q6q1-9-62.inp on lemon.novalocal at Fri Jun 18 20:23:54 JST 2021
Thread0@lemon.novalocal> Running minfo.files/mkg-q6q1-9-63.inp on lemon.novalocal at Fri Jun 18 20:23:54 JST 2021
Thread1@lemon.novalocal> Running minfo.files/mkg-q6q1-9-64.inp on lemon.novalocal at Fri Jun 18 20:23:55 JST 2021
Thread0@lemon.novalocal> Running minfo.files/mkg-q6q1-9-65.inp on lemon.novalocal at Fri Jun 18 20:23:56 JST 2021
Thread1@lemon.novalocal> Running minfo.files/mkg-q6q1-9-66.inp on lemon.novalocal at Fri Jun 18 20:23:57 JST 2021
Thread0@lemon.novalocal> Running minfo.files/mkg-q6q1-9-68.inp on lemon.novalocal at Fri Jun 18 20:23:57 JST 2021
Thread1@lemon.novalocal> Running minfo.files/mkg-q6q1-9-69.inp on lemon.novalocal at Fri Jun 18 20:23:58 JST 2021
Thread0@lemon.novalocal> Running minfo.files/mkg-q6q1-9-70.inp on lemon.novalocal at Fri Jun 18 20:23:58 JST 2021
Thread1@lemon.novalocal> Running minfo.files/mkg-q6q1-9-71.inp on lemon.novalocal at Fri Jun 18 20:23:59 JST 2021
Thread0@lemon.novalocal> Running minfo.files/mkg-q6q1-9-72.inp on lemon.novalocal at Fri Jun 18 20:24:00 JST 2021
Thread1@lemon.novalocal> Running minfo.files/mkg-q6q1-9-73.inp on lemon.novalocal at Fri Jun 18 20:24:01 JST 2021
Thread0@lemon.novalocal> Running minfo.files/mkg-q6q1-9-74.inp on lemon.novalocal at Fri Jun 18 20:24:01 JST 2021
Thread1@lemon.novalocal> Running minfo.files/mkg-q6q1-9-75.inp on lemon.novalocal at Fri Jun 18 20:24:02 JST 2021
Thread0@lemon.novalocal> Running minfo.files/mkg-q6q1-9-77.inp on lemon.novalocal at Fri Jun 18 20:24:03 JST 2021
Thread1@lemon.novalocal> Running minfo.files/mkg-q6q1-9-78.inp on lemon.novalocal at Fri Jun 18 20:24:04 JST 2021
Thread0@lemon.novalocal> Running minfo.files/mkg-q6q1-9-79.inp on lemon.novalocal at Fri Jun 18 20:24:04 JST 2021
Thread1@lemon.novalocal> Running minfo.files/mkg-q6q1-9-80.inp on lemon.novalocal at Fri Jun 18 20:24:05 JST 2021
Thread0@lemon.novalocal> Running minfo.files/mkg-q6q2-9-0.inp on lemon.novalocal at Fri Jun 18 20:24:05 JST 2021
Thread1@lemon.novalocal> Running minfo.files/mkg-q6q2-9-1.inp on lemon.novalocal at Fri Jun 18 20:24:06 JST 2021
Thread0@lemon.novalocal> Running minfo.files/mkg-q6q2-9-2.inp on lemon.novalocal at Fri Jun 18 20:24:07 JST 2021
Thread1@lemon.novalocal> Running minfo.files/mkg-q6q2-9-3.inp on lemon.novalocal at Fri Jun 18 20:24:08 JST 2021
Thread0@lemon.novalocal> Running minfo.files/mkg-q6q2-9-5.inp on lemon.novalocal at Fri Jun 18 20:24:08 JST 2021
Thread1@lemon.novalocal> Running minfo.files/mkg-q6q2-9-6.inp on lemon.novalocal at Fri Jun 18 20:24:09 JST 2021
Thread0@lemon.novalocal> Running minfo.files/mkg-q6q2-9-7.inp on lemon.novalocal at Fri Jun 18 20:24:09 JST 2021
Thread1@lemon.novalocal> Running minfo.files/mkg-q6q2-9-8.inp on lemon.novalocal at Fri Jun 18 20:24:10 JST 2021
Thread0@lemon.novalocal> Running minfo.files/mkg-q6q2-9-9.inp on lemon.novalocal at Fri Jun 18 20:24:11 JST 2021
Thread1@lemon.novalocal> Running minfo.files/mkg-q6q2-9-10.inp on lemon.novalocal at Fri Jun 18 20:24:12 JST 2021
Thread0@lemon.novalocal> Running minfo.files/mkg-q6q2-9-11.inp on lemon.novalocal at Fri Jun 18 20:24:12 JST 2021
Thread1@lemon.novalocal> Running minfo.files/mkg-q6q2-9-12.inp on lemon.novalocal at Fri Jun 18 20:24:13 JST 2021
Thread0@lemon.novalocal> Running minfo.files/mkg-q6q2-9-14.inp on lemon.novalocal at Fri Jun 18 20:24:14 JST 2021
Thread1@lemon.novalocal> Running minfo.files/mkg-q6q2-9-15.inp on lemon.novalocal at Fri Jun 18 20:24:14 JST 2021
Thread0@lemon.novalocal> Running minfo.files/mkg-q6q2-9-16.inp on lemon.novalocal at Fri Jun 18 20:24:15 JST 2021
Thread1@lemon.novalocal> Running minfo.files/mkg-q6q2-9-17.inp on lemon.novalocal at Fri Jun 18 20:24:16 JST 2021
Thread0@lemon.novalocal> Running minfo.files/mkg-q6q2-9-18.inp on lemon.novalocal at Fri Jun 18 20:24:16 JST 2021
Thread1@lemon.novalocal> Running minfo.files/mkg-q6q2-9-19.inp on lemon.novalocal at Fri Jun 18 20:24:17 JST 2021
Thread0@lemon.novalocal> Running minfo.files/mkg-q6q2-9-20.inp on lemon.novalocal at Fri Jun 18 20:24:18 JST 2021
Thread1@lemon.novalocal> Running minfo.files/mkg-q6q2-9-21.inp on lemon.novalocal at Fri Jun 18 20:24:19 JST 2021
Thread0@lemon.novalocal> Running minfo.files/mkg-q6q2-9-23.inp on lemon.novalocal at Fri Jun 18 20:24:19 JST 2021
Thread1@lemon.novalocal> Running minfo.files/mkg-q6q2-9-24.inp on lemon.novalocal at Fri Jun 18 20:24:20 JST 2021
Thread0@lemon.novalocal> Running minfo.files/mkg-q6q2-9-25.inp on lemon.novalocal at Fri Jun 18 20:24:20 JST 2021
Thread1@lemon.novalocal> Running minfo.files/mkg-q6q2-9-26.inp on lemon.novalocal at Fri Jun 18 20:24:22 JST 2021
Thread0@lemon.novalocal> Running minfo.files/mkg-q6q2-9-27.inp on lemon.novalocal at Fri Jun 18 20:24:22 JST 2021
Thread1@lemon.novalocal> Running minfo.files/mkg-q6q2-9-28.inp on lemon.novalocal at Fri Jun 18 20:24:23 JST 2021
Thread0@lemon.novalocal> Running minfo.files/mkg-q6q2-9-29.inp on lemon.novalocal at Fri Jun 18 20:24:23 JST 2021
Thread1@lemon.novalocal> Running minfo.files/mkg-q6q2-9-30.inp on lemon.novalocal at Fri Jun 18 20:24:24 JST 2021
Thread0@lemon.novalocal> Running minfo.files/mkg-q6q2-9-32.inp on lemon.novalocal at Fri Jun 18 20:24:25 JST 2021
Thread1@lemon.novalocal> Running minfo.files/mkg-q6q2-9-33.inp on lemon.novalocal at Fri Jun 18 20:24:26 JST 2021
Thread0@lemon.novalocal> Running minfo.files/mkg-q6q2-9-34.inp on lemon.novalocal at Fri Jun 18 20:24:26 JST 2021
Thread1@lemon.novalocal> Running minfo.files/mkg-q6q2-9-35.inp on lemon.novalocal at Fri Jun 18 20:24:27 JST 2021
Thread0@lemon.novalocal> Running minfo.files/mkg-q6q2-9-45.inp on lemon.novalocal at Fri Jun 18 20:24:27 JST 2021
Thread1@lemon.novalocal> Running minfo.files/mkg-q6q2-9-46.inp on lemon.novalocal at Fri Jun 18 20:24:29 JST 2021
Thread0@lemon.novalocal> Running minfo.files/mkg-q6q2-9-47.inp on lemon.novalocal at Fri Jun 18 20:24:29 JST 2021
Thread1@lemon.novalocal> Running minfo.files/mkg-q6q2-9-48.inp on lemon.novalocal at Fri Jun 18 20:24:30 JST 2021
Thread0@lemon.novalocal> Running minfo.files/mkg-q6q2-9-50.inp on lemon.novalocal at Fri Jun 18 20:24:30 JST 2021
Thread1@lemon.novalocal> Running minfo.files/mkg-q6q2-9-51.inp on lemon.novalocal at Fri Jun 18 20:24:31 JST 2021
Thread0@lemon.novalocal> Running minfo.files/mkg-q6q2-9-52.inp on lemon.novalocal at Fri Jun 18 20:24:32 JST 2021
Thread1@lemon.novalocal> Running minfo.files/mkg-q6q2-9-53.inp on lemon.novalocal at Fri Jun 18 20:24:33 JST 2021
Thread0@lemon.novalocal> Running minfo.files/mkg-q6q2-9-54.inp on lemon.novalocal at Fri Jun 18 20:24:33 JST 2021
Thread1@lemon.novalocal> Running minfo.files/mkg-q6q2-9-55.inp on lemon.novalocal at Fri Jun 18 20:24:34 JST 2021
Thread0@lemon.novalocal> Running minfo.files/mkg-q6q2-9-56.inp on lemon.novalocal at Fri Jun 18 20:24:34 JST 2021
Thread1@lemon.novalocal> Running minfo.files/mkg-q6q2-9-57.inp on lemon.novalocal at Fri Jun 18 20:24:35 JST 2021
Thread0@lemon.novalocal> Running minfo.files/mkg-q6q2-9-59.inp on lemon.novalocal at Fri Jun 18 20:24:36 JST 2021
Thread1@lemon.novalocal> Running minfo.files/mkg-q6q2-9-60.inp on lemon.novalocal at Fri Jun 18 20:24:37 JST 2021
Thread0@lemon.novalocal> Running minfo.files/mkg-q6q2-9-61.inp on lemon.novalocal at Fri Jun 18 20:24:37 JST 2021
Thread1@lemon.novalocal> Running minfo.files/mkg-q6q2-9-62.inp on lemon.novalocal at Fri Jun 18 20:24:38 JST 2021
Thread0@lemon.novalocal> Running minfo.files/mkg-q6q2-9-63.inp on lemon.novalocal at Fri Jun 18 20:24:38 JST 2021
Thread1@lemon.novalocal> Running minfo.files/mkg-q6q2-9-64.inp on lemon.novalocal at Fri Jun 18 20:24:39 JST 2021
Thread0@lemon.novalocal> Running minfo.files/mkg-q6q2-9-65.inp on lemon.novalocal at Fri Jun 18 20:24:40 JST 2021
Thread1@lemon.novalocal> Running minfo.files/mkg-q6q2-9-66.inp on lemon.novalocal at Fri Jun 18 20:24:41 JST 2021
Thread0@lemon.novalocal> Running minfo.files/mkg-q6q2-9-68.inp on lemon.novalocal at Fri Jun 18 20:24:41 JST 2021
Thread1@lemon.novalocal> Running minfo.files/mkg-q6q2-9-69.inp on lemon.novalocal at Fri Jun 18 20:24:42 JST 2021
Thread0@lemon.novalocal> Running minfo.files/mkg-q6q2-9-70.inp on lemon.novalocal at Fri Jun 18 20:24:43 JST 2021
Thread1@lemon.novalocal> Running minfo.files/mkg-q6q2-9-71.inp on lemon.novalocal at Fri Jun 18 20:24:44 JST 2021
Thread0@lemon.novalocal> Running minfo.files/mkg-q6q2-9-72.inp on lemon.novalocal at Fri Jun 18 20:24:44 JST 2021
Thread1@lemon.novalocal> Running minfo.files/mkg-q6q2-9-73.inp on lemon.novalocal at Fri Jun 18 20:24:45 JST 2021
Thread0@lemon.novalocal> Running minfo.files/mkg-q6q2-9-74.inp on lemon.novalocal at Fri Jun 18 20:24:45 JST 2021
Thread1@lemon.novalocal> Running minfo.files/mkg-q6q2-9-75.inp on lemon.novalocal at Fri Jun 18 20:24:46 JST 2021
Thread0@lemon.novalocal> Running minfo.files/mkg-q6q2-9-77.inp on lemon.novalocal at Fri Jun 18 20:24:47 JST 2021
Thread1@lemon.novalocal> Running minfo.files/mkg-q6q2-9-78.inp on lemon.novalocal at Fri Jun 18 20:24:48 JST 2021
Thread0@lemon.novalocal> Running minfo.files/mkg-q6q2-9-79.inp on lemon.novalocal at Fri Jun 18 20:24:48 JST 2021
Thread1@lemon.novalocal> Running minfo.files/mkg-q6q2-9-80.inp on lemon.novalocal at Fri Jun 18 20:24:49 JST 2021
Thread0@lemon.novalocal> Running minfo.files/mkg-q6q3-9-0.inp on lemon.novalocal at Fri Jun 18 20:24:49 JST 2021
Thread1@lemon.novalocal> Running minfo.files/mkg-q6q3-9-1.inp on lemon.novalocal at Fri Jun 18 20:24:51 JST 2021
Thread0@lemon.novalocal> Running minfo.files/mkg-q6q3-9-2.inp on lemon.novalocal at Fri Jun 18 20:24:51 JST 2021
Thread1@lemon.novalocal> Running minfo.files/mkg-q6q3-9-3.inp on lemon.novalocal at Fri Jun 18 20:24:52 JST 2021
Thread0@lemon.novalocal> Running minfo.files/mkg-q6q3-9-5.inp on lemon.novalocal at Fri Jun 18 20:24:52 JST 2021
Thread1@lemon.novalocal> Running minfo.files/mkg-q6q3-9-6.inp on lemon.novalocal at Fri Jun 18 20:24:53 JST 2021
Thread0@lemon.novalocal> Running minfo.files/mkg-q6q3-9-7.inp on lemon.novalocal at Fri Jun 18 20:24:54 JST 2021
Thread1@lemon.novalocal> Running minfo.files/mkg-q6q3-9-8.inp on lemon.novalocal at Fri Jun 18 20:24:55 JST 2021
Thread0@lemon.novalocal> Running minfo.files/mkg-q6q3-9-9.inp on lemon.novalocal at Fri Jun 18 20:24:55 JST 2021
Thread1@lemon.novalocal> Running minfo.files/mkg-q6q3-9-10.inp on lemon.novalocal at Fri Jun 18 20:24:56 JST 2021
Thread0@lemon.novalocal> Running minfo.files/mkg-q6q3-9-11.inp on lemon.novalocal at Fri Jun 18 20:24:56 JST 2021
Thread1@lemon.novalocal> Running minfo.files/mkg-q6q3-9-12.inp on lemon.novalocal at Fri Jun 18 20:24:58 JST 2021
Thread0@lemon.novalocal> Running minfo.files/mkg-q6q3-9-14.inp on lemon.novalocal at Fri Jun 18 20:24:58 JST 2021
Thread1@lemon.novalocal> Running minfo.files/mkg-q6q3-9-15.inp on lemon.novalocal at Fri Jun 18 20:24:59 JST 2021
Thread0@lemon.novalocal> Running minfo.files/mkg-q6q3-9-16.inp on lemon.novalocal at Fri Jun 18 20:24:59 JST 2021
Thread1@lemon.novalocal> Running minfo.files/mkg-q6q3-9-17.inp on lemon.novalocal at Fri Jun 18 20:25:01 JST 2021
Thread0@lemon.novalocal> Running minfo.files/mkg-q6q3-9-18.inp on lemon.novalocal at Fri Jun 18 20:25:01 JST 2021
Thread1@lemon.novalocal> Running minfo.files/mkg-q6q3-9-19.inp on lemon.novalocal at Fri Jun 18 20:25:02 JST 2021
Thread0@lemon.novalocal> Running minfo.files/mkg-q6q3-9-20.inp on lemon.novalocal at Fri Jun 18 20:25:02 JST 2021
Thread0@lemon.novalocal> Running minfo.files/mkg-q6q3-9-23.inp on lemon.novalocal at Fri Jun 18 20:25:03 JST 2021
Thread1@lemon.novalocal> Running minfo.files/mkg-q6q3-9-21.inp on lemon.novalocal at Fri Jun 18 20:25:03 JST 2021
Thread0@lemon.novalocal> Running minfo.files/mkg-q6q3-9-24.inp on lemon.novalocal at Fri Jun 18 20:25:05 JST 2021
Thread1@lemon.novalocal> Running minfo.files/mkg-q6q3-9-25.inp on lemon.novalocal at Fri Jun 18 20:25:05 JST 2021
Thread0@lemon.novalocal> Running minfo.files/mkg-q6q3-9-26.inp on lemon.novalocal at Fri Jun 18 20:25:06 JST 2021
Thread1@lemon.novalocal> Running minfo.files/mkg-q6q3-9-27.inp on lemon.novalocal at Fri Jun 18 20:25:06 JST 2021
Thread0@lemon.novalocal> Running minfo.files/mkg-q6q3-9-28.inp on lemon.novalocal at Fri Jun 18 20:25:07 JST 2021
Thread1@lemon.novalocal> Running minfo.files/mkg-q6q3-9-29.inp on lemon.novalocal at Fri Jun 18 20:25:07 JST 2021
Thread0@lemon.novalocal> Running minfo.files/mkg-q6q3-9-30.inp on lemon.novalocal at Fri Jun 18 20:25:09 JST 2021
Thread1@lemon.novalocal> Running minfo.files/mkg-q6q3-9-32.inp on lemon.novalocal at Fri Jun 18 20:25:09 JST 2021
Thread0@lemon.novalocal> Running minfo.files/mkg-q6q3-9-33.inp on lemon.novalocal at Fri Jun 18 20:25:10 JST 2021
Thread1@lemon.novalocal> Running minfo.files/mkg-q6q3-9-34.inp on lemon.novalocal at Fri Jun 18 20:25:10 JST 2021
Thread0@lemon.novalocal> Running minfo.files/mkg-q6q3-9-35.inp on lemon.novalocal at Fri Jun 18 20:25:11 JST 2021
Thread1@lemon.novalocal> Running minfo.files/mkg-q6q3-9-45.inp on lemon.novalocal at Fri Jun 18 20:25:11 JST 2021
Thread0@lemon.novalocal> Running minfo.files/mkg-q6q3-9-46.inp on lemon.novalocal at Fri Jun 18 20:25:13 JST 2021
Thread1@lemon.novalocal> Running minfo.files/mkg-q6q3-9-47.inp on lemon.novalocal at Fri Jun 18 20:25:13 JST 2021
Thread0@lemon.novalocal> Running minfo.files/mkg-q6q3-9-48.inp on lemon.novalocal at Fri Jun 18 20:25:14 JST 2021
Thread1@lemon.novalocal> Running minfo.files/mkg-q6q3-9-50.inp on lemon.novalocal at Fri Jun 18 20:25:14 JST 2021
Thread0@lemon.novalocal> Running minfo.files/mkg-q6q3-9-51.inp on lemon.novalocal at Fri Jun 18 20:25:16 JST 2021
Thread1@lemon.novalocal> Running minfo.files/mkg-q6q3-9-52.inp on lemon.novalocal at Fri Jun 18 20:25:16 JST 2021
Thread0@lemon.novalocal> Running minfo.files/mkg-q6q3-9-53.inp on lemon.novalocal at Fri Jun 18 20:25:17 JST 2021
Thread1@lemon.novalocal> Running minfo.files/mkg-q6q3-9-54.inp on lemon.novalocal at Fri Jun 18 20:25:17 JST 2021
Thread1@lemon.novalocal> Running minfo.files/mkg-q6q3-9-55.inp on lemon.novalocal at Fri Jun 18 20:25:18 JST 2021
Thread0@lemon.novalocal> Running minfo.files/mkg-q6q3-9-56.inp on lemon.novalocal at Fri Jun 18 20:25:18 JST 2021
Thread0@lemon.novalocal> Running minfo.files/mkg-q6q3-9-59.inp on lemon.novalocal at Fri Jun 18 20:25:20 JST 2021
Thread1@lemon.novalocal> Running minfo.files/mkg-q6q3-9-57.inp on lemon.novalocal at Fri Jun 18 20:25:20 JST 2021
Thread1@lemon.novalocal> Running minfo.files/mkg-q6q3-9-60.inp on lemon.novalocal at Fri Jun 18 20:25:21 JST 2021
Thread0@lemon.novalocal> Running minfo.files/mkg-q6q3-9-61.inp on lemon.novalocal at Fri Jun 18 20:25:21 JST 2021
Thread1@lemon.novalocal> Running minfo.files/mkg-q6q3-9-62.inp on lemon.novalocal at Fri Jun 18 20:25:22 JST 2021
Thread0@lemon.novalocal> Running minfo.files/mkg-q6q3-9-63.inp on lemon.novalocal at Fri Jun 18 20:25:22 JST 2021
Thread1@lemon.novalocal> Running minfo.files/mkg-q6q3-9-64.inp on lemon.novalocal at Fri Jun 18 20:25:24 JST 2021
Thread0@lemon.novalocal> Running minfo.files/mkg-q6q3-9-65.inp on lemon.novalocal at Fri Jun 18 20:25:24 JST 2021
Thread1@lemon.novalocal> Running minfo.files/mkg-q6q3-9-66.inp on lemon.novalocal at Fri Jun 18 20:25:25 JST 2021
Thread0@lemon.novalocal> Running minfo.files/mkg-q6q3-9-68.inp on lemon.novalocal at Fri Jun 18 20:25:25 JST 2021
Thread1@lemon.novalocal> Running minfo.files/mkg-q6q3-9-69.inp on lemon.novalocal at Fri Jun 18 20:25:27 JST 2021
Thread0@lemon.novalocal> Running minfo.files/mkg-q6q3-9-70.inp on lemon.novalocal at Fri Jun 18 20:25:27 JST 2021
Thread1@lemon.novalocal> Running minfo.files/mkg-q6q3-9-71.inp on lemon.novalocal at Fri Jun 18 20:25:28 JST 2021
Thread0@lemon.novalocal> Running minfo.files/mkg-q6q3-9-72.inp on lemon.novalocal at Fri Jun 18 20:25:28 JST 2021
Thread1@lemon.novalocal> Running minfo.files/mkg-q6q3-9-73.inp on lemon.novalocal at Fri Jun 18 20:25:29 JST 2021
Thread0@lemon.novalocal> Running minfo.files/mkg-q6q3-9-74.inp on lemon.novalocal at Fri Jun 18 20:25:29 JST 2021
Thread1@lemon.novalocal> Running minfo.files/mkg-q6q3-9-75.inp on lemon.novalocal at Fri Jun 18 20:25:31 JST 2021
Thread0@lemon.novalocal> Running minfo.files/mkg-q6q3-9-77.inp on lemon.novalocal at Fri Jun 18 20:25:31 JST 2021
Thread1@lemon.novalocal> Running minfo.files/mkg-q6q3-9-78.inp on lemon.novalocal at Fri Jun 18 20:25:32 JST 2021
Thread0@lemon.novalocal> Running minfo.files/mkg-q6q3-9-79.inp on lemon.novalocal at Fri Jun 18 20:25:32 JST 2021
Thread1@lemon.novalocal> Running minfo.files/mkg-q6q3-9-80.inp on lemon.novalocal at Fri Jun 18 20:25:33 JST 2021
Thread0@lemon.novalocal> Running minfo.files/mkg-q6q5-9-0.inp on lemon.novalocal at Fri Jun 18 20:25:34 JST 2021
Thread1@lemon.novalocal> Running minfo.files/mkg-q6q5-9-1.inp on lemon.novalocal at Fri Jun 18 20:25:35 JST 2021
Thread0@lemon.novalocal> Running minfo.files/mkg-q6q5-9-2.inp on lemon.novalocal at Fri Jun 18 20:25:35 JST 2021
Thread1@lemon.novalocal> Running minfo.files/mkg-q6q5-9-3.inp on lemon.novalocal at Fri Jun 18 20:25:36 JST 2021
Thread0@lemon.novalocal> Running minfo.files/mkg-q6q5-9-5.inp on lemon.novalocal at Fri Jun 18 20:25:36 JST 2021
Thread1@lemon.novalocal> Running minfo.files/mkg-q6q5-9-6.inp on lemon.novalocal at Fri Jun 18 20:25:37 JST 2021
Thread0@lemon.novalocal> Running minfo.files/mkg-q6q5-9-7.inp on lemon.novalocal at Fri Jun 18 20:25:38 JST 2021
Thread1@lemon.novalocal> Running minfo.files/mkg-q6q5-9-8.inp on lemon.novalocal at Fri Jun 18 20:25:39 JST 2021
Thread0@lemon.novalocal> Running minfo.files/mkg-q6q5-9-9.inp on lemon.novalocal at Fri Jun 18 20:25:39 JST 2021
Thread1@lemon.novalocal> Running minfo.files/mkg-q6q5-9-10.inp on lemon.novalocal at Fri Jun 18 20:25:40 JST 2021
Thread0@lemon.novalocal> Running minfo.files/mkg-q6q5-9-11.inp on lemon.novalocal at Fri Jun 18 20:25:41 JST 2021
Thread1@lemon.novalocal> Running minfo.files/mkg-q6q5-9-12.inp on lemon.novalocal at Fri Jun 18 20:25:42 JST 2021
Thread0@lemon.novalocal> Running minfo.files/mkg-q6q5-9-14.inp on lemon.novalocal at Fri Jun 18 20:25:42 JST 2021
Thread1@lemon.novalocal> Running minfo.files/mkg-q6q5-9-15.inp on lemon.novalocal at Fri Jun 18 20:25:43 JST 2021
Thread0@lemon.novalocal> Running minfo.files/mkg-q6q5-9-16.inp on lemon.novalocal at Fri Jun 18 20:25:44 JST 2021
Thread1@lemon.novalocal> Running minfo.files/mkg-q6q5-9-17.inp on lemon.novalocal at Fri Jun 18 20:25:45 JST 2021
Thread0@lemon.novalocal> Running minfo.files/mkg-q6q5-9-18.inp on lemon.novalocal at Fri Jun 18 20:25:45 JST 2021
Thread1@lemon.novalocal> Running minfo.files/mkg-q6q5-9-19.inp on lemon.novalocal at Fri Jun 18 20:25:46 JST 2021
Thread0@lemon.novalocal> Running minfo.files/mkg-q6q5-9-20.inp on lemon.novalocal at Fri Jun 18 20:25:46 JST 2021
Thread1@lemon.novalocal> Running minfo.files/mkg-q6q5-9-21.inp on lemon.novalocal at Fri Jun 18 20:25:48 JST 2021
Thread0@lemon.novalocal> Running minfo.files/mkg-q6q5-9-23.inp on lemon.novalocal at Fri Jun 18 20:25:48 JST 2021
Thread1@lemon.novalocal> Running minfo.files/mkg-q6q5-9-24.inp on lemon.novalocal at Fri Jun 18 20:25:49 JST 2021
Thread0@lemon.novalocal> Running minfo.files/mkg-q6q5-9-25.inp on lemon.novalocal at Fri Jun 18 20:25:49 JST 2021
Thread1@lemon.novalocal> Running minfo.files/mkg-q6q5-9-26.inp on lemon.novalocal at Fri Jun 18 20:25:50 JST 2021
Thread0@lemon.novalocal> Running minfo.files/mkg-q6q5-9-27.inp on lemon.novalocal at Fri Jun 18 20:25:50 JST 2021
Thread1@lemon.novalocal> Running minfo.files/mkg-q6q5-9-28.inp on lemon.novalocal at Fri Jun 18 20:25:52 JST 2021
Thread0@lemon.novalocal> Running minfo.files/mkg-q6q5-9-29.inp on lemon.novalocal at Fri Jun 18 20:25:52 JST 2021
Thread1@lemon.novalocal> Running minfo.files/mkg-q6q5-9-30.inp on lemon.novalocal at Fri Jun 18 20:25:53 JST 2021
Thread0@lemon.novalocal> Running minfo.files/mkg-q6q5-9-32.inp on lemon.novalocal at Fri Jun 18 20:25:53 JST 2021
Thread0@lemon.novalocal> Running minfo.files/mkg-q6q5-9-33.inp on lemon.novalocal at Fri Jun 18 20:25:55 JST 2021
Thread1@lemon.novalocal> Running minfo.files/mkg-q6q5-9-34.inp on lemon.novalocal at Fri Jun 18 20:25:55 JST 2021
Thread1@lemon.novalocal> Running minfo.files/mkg-q6q5-9-45.inp on lemon.novalocal at Fri Jun 18 20:25:56 JST 2021
Thread0@lemon.novalocal> Running minfo.files/mkg-q6q5-9-35.inp on lemon.novalocal at Fri Jun 18 20:25:56 JST 2021
Thread1@lemon.novalocal> Running minfo.files/mkg-q6q5-9-46.inp on lemon.novalocal at Fri Jun 18 20:25:57 JST 2021
Thread0@lemon.novalocal> Running minfo.files/mkg-q6q5-9-47.inp on lemon.novalocal at Fri Jun 18 20:25:57 JST 2021
Thread1@lemon.novalocal> Running minfo.files/mkg-q6q5-9-48.inp on lemon.novalocal at Fri Jun 18 20:25:59 JST 2021
Thread0@lemon.novalocal> Running minfo.files/mkg-q6q5-9-50.inp on lemon.novalocal at Fri Jun 18 20:25:59 JST 2021
Thread0@lemon.novalocal> Running minfo.files/mkg-q6q5-9-51.inp on lemon.novalocal at Fri Jun 18 20:26:00 JST 2021
Thread1@lemon.novalocal> Running minfo.files/mkg-q6q5-9-52.inp on lemon.novalocal at Fri Jun 18 20:26:00 JST 2021
Thread1@lemon.novalocal> Running minfo.files/mkg-q6q5-9-53.inp on lemon.novalocal at Fri Jun 18 20:26:01 JST 2021
Thread0@lemon.novalocal> Running minfo.files/mkg-q6q5-9-54.inp on lemon.novalocal at Fri Jun 18 20:26:01 JST 2021
Thread1@lemon.novalocal> Running minfo.files/mkg-q6q5-9-55.inp on lemon.novalocal at Fri Jun 18 20:26:03 JST 2021
Thread0@lemon.novalocal> Running minfo.files/mkg-q6q5-9-56.inp on lemon.novalocal at Fri Jun 18 20:26:03 JST 2021
Thread1@lemon.novalocal> Running minfo.files/mkg-q6q5-9-57.inp on lemon.novalocal at Fri Jun 18 20:26:04 JST 2021
Thread0@lemon.novalocal> Running minfo.files/mkg-q6q5-9-59.inp on lemon.novalocal at Fri Jun 18 20:26:04 JST 2021
Thread1@lemon.novalocal> Running minfo.files/mkg-q6q5-9-60.inp on lemon.novalocal at Fri Jun 18 20:26:05 JST 2021
Thread0@lemon.novalocal> Running minfo.files/mkg-q6q5-9-61.inp on lemon.novalocal at Fri Jun 18 20:26:06 JST 2021
Thread1@lemon.novalocal> Running minfo.files/mkg-q6q5-9-62.inp on lemon.novalocal at Fri Jun 18 20:26:07 JST 2021
Thread0@lemon.novalocal> Running minfo.files/mkg-q6q5-9-63.inp on lemon.novalocal at Fri Jun 18 20:26:07 JST 2021
Thread1@lemon.novalocal> Running minfo.files/mkg-q6q5-9-64.inp on lemon.novalocal at Fri Jun 18 20:26:08 JST 2021
Thread0@lemon.novalocal> Running minfo.files/mkg-q6q5-9-65.inp on lemon.novalocal at Fri Jun 18 20:26:08 JST 2021
Thread1@lemon.novalocal> Running minfo.files/mkg-q6q5-9-66.inp on lemon.novalocal at Fri Jun 18 20:26:09 JST 2021
Thread0@lemon.novalocal> Running minfo.files/mkg-q6q5-9-68.inp on lemon.novalocal at Fri Jun 18 20:26:10 JST 2021
Thread1@lemon.novalocal> Running minfo.files/mkg-q6q5-9-69.inp on lemon.novalocal at Fri Jun 18 20:26:11 JST 2021
Thread0@lemon.novalocal> Running minfo.files/mkg-q6q5-9-70.inp on lemon.novalocal at Fri Jun 18 20:26:11 JST 2021
Thread1@lemon.novalocal> Running minfo.files/mkg-q6q5-9-71.inp on lemon.novalocal at Fri Jun 18 20:26:12 JST 2021
Thread0@lemon.novalocal> Running minfo.files/mkg-q6q5-9-72.inp on lemon.novalocal at Fri Jun 18 20:26:12 JST 2021
Thread1@lemon.novalocal> Running minfo.files/mkg-q6q5-9-73.inp on lemon.novalocal at Fri Jun 18 20:26:13 JST 2021
Thread0@lemon.novalocal> Running minfo.files/mkg-q6q5-9-74.inp on lemon.novalocal at Fri Jun 18 20:26:14 JST 2021
Thread1@lemon.novalocal> Running minfo.files/mkg-q6q5-9-75.inp on lemon.novalocal at Fri Jun 18 20:26:15 JST 2021
Thread0@lemon.novalocal> Running minfo.files/mkg-q6q5-9-77.inp on lemon.novalocal at Fri Jun 18 20:26:15 JST 2021
Thread1@lemon.novalocal> Running minfo.files/mkg-q6q5-9-78.inp on lemon.novalocal at Fri Jun 18 20:26:16 JST 2021
Thread0@lemon.novalocal> Running minfo.files/mkg-q6q5-9-79.inp on lemon.novalocal at Fri Jun 18 20:26:17 JST 2021
Thread1@lemon.novalocal> Running minfo.files/mkg-q6q5-9-80.inp on lemon.novalocal at Fri Jun 18 20:26:18 JST 2021
   End of electronic structure calculations.

Generating pot files.

   o q5q1.pot  [OK]
   o q5q1.dipole  [OK]
   o q5q2.pot  [OK]
   o q5q2.dipole  [OK]
   o q5q3.pot  [OK]
   o q5q3.dipole  [OK]
   o q6q1.pot  [OK]
   o q6q1.dipole  [OK]
   o q6q2.pot  [OK]
   o q6q2.dipole  [OK]
   o q6q3.pot  [OK]
   o q6q3.dipole  [OK]
   o q6q5.pot  [OK]
   o q6q5.dipole  [OK]


End of GridPES generation:

Setup MakeGrid module

  o Setup MCS: Read QFF Data via ../2_qff/prop_no_1.mop ...  [OK]
  o ngrid =     7 
  o 1MR Grid: 
      2 1 3 4 5 6 
  o 2MR Grid: 
      (1,2) (1,3) (2,3) (3,4) (1,5) (2,5) (3,5) (4,5) (1,6) (2,6) 
      (3,6) (4,6) (5,6) 

Enter GridPES generation:

   Execute electronic structure calculations.

Thread1@lemon.novalocal> Running minfo.files/mkg-q2q1-7-1.inp on lemon.novalocal at Fri Jun 18 20:26:19 JST 2021
Thread0@lemon.novalocal> Running minfo.files/mkg-q2q1-7-0.inp on lemon.novalocal at Fri Jun 18 20:26:19 JST 2021
Thread0@lemon.novalocal> Running minfo.files/mkg-q2q1-7-2.inp on lemon.novalocal at Fri Jun 18 20:26:20 JST 2021
Thread1@lemon.novalocal> Running minfo.files/mkg-q2q1-7-4.inp on lemon.novalocal at Fri Jun 18 20:26:20 JST 2021
Thread1@lemon.novalocal> Running minfo.files/mkg-q2q1-7-5.inp on lemon.novalocal at Fri Jun 18 20:26:22 JST 2021
Thread0@lemon.novalocal> Running minfo.files/mkg-q2q1-7-6.inp on lemon.novalocal at Fri Jun 18 20:26:22 JST 2021
Thread1@lemon.novalocal> Running minfo.files/mkg-q2q1-7-7.inp on lemon.novalocal at Fri Jun 18 20:26:23 JST 2021
Thread0@lemon.novalocal> Running minfo.files/mkg-q2q1-7-8.inp on lemon.novalocal at Fri Jun 18 20:26:23 JST 2021
Thread1@lemon.novalocal> Running minfo.files/mkg-q2q1-7-9.inp on lemon.novalocal at Fri Jun 18 20:26:25 JST 2021
Thread0@lemon.novalocal> Running minfo.files/mkg-q2q1-7-11.inp on lemon.novalocal at Fri Jun 18 20:26:25 JST 2021
Thread1@lemon.novalocal> Running minfo.files/mkg-q2q1-7-12.inp on lemon.novalocal at Fri Jun 18 20:26:26 JST 2021
Thread0@lemon.novalocal> Running minfo.files/mkg-q2q1-7-13.inp on lemon.novalocal at Fri Jun 18 20:26:26 JST 2021
Thread1@lemon.novalocal> Running minfo.files/mkg-q2q1-7-14.inp on lemon.novalocal at Fri Jun 18 20:26:27 JST 2021
Thread0@lemon.novalocal> Running minfo.files/mkg-q2q1-7-15.inp on lemon.novalocal at Fri Jun 18 20:26:27 JST 2021
Thread1@lemon.novalocal> Running minfo.files/mkg-q2q1-7-16.inp on lemon.novalocal at Fri Jun 18 20:26:29 JST 2021
Thread0@lemon.novalocal> Running minfo.files/mkg-q2q1-7-18.inp on lemon.novalocal at Fri Jun 18 20:26:29 JST 2021
Thread1@lemon.novalocal> Running minfo.files/mkg-q2q1-7-19.inp on lemon.novalocal at Fri Jun 18 20:26:30 JST 2021
Thread0@lemon.novalocal> Running minfo.files/mkg-q2q1-7-20.inp on lemon.novalocal at Fri Jun 18 20:26:30 JST 2021
Thread1@lemon.novalocal> Running minfo.files/mkg-q2q1-7-28.inp on lemon.novalocal at Fri Jun 18 20:26:31 JST 2021
Thread0@lemon.novalocal> Running minfo.files/mkg-q2q1-7-29.inp on lemon.novalocal at Fri Jun 18 20:26:32 JST 2021
Thread1@lemon.novalocal> Running minfo.files/mkg-q2q1-7-30.inp on lemon.novalocal at Fri Jun 18 20:26:33 JST 2021
Thread0@lemon.novalocal> Running minfo.files/mkg-q2q1-7-32.inp on lemon.novalocal at Fri Jun 18 20:26:33 JST 2021
Thread1@lemon.novalocal> Running minfo.files/mkg-q2q1-7-33.inp on lemon.novalocal at Fri Jun 18 20:26:34 JST 2021
Thread0@lemon.novalocal> Running minfo.files/mkg-q2q1-7-34.inp on lemon.novalocal at Fri Jun 18 20:26:34 JST 2021
Thread1@lemon.novalocal> Running minfo.files/mkg-q2q1-7-35.inp on lemon.novalocal at Fri Jun 18 20:26:36 JST 2021
Thread0@lemon.novalocal> Running minfo.files/mkg-q2q1-7-36.inp on lemon.novalocal at Fri Jun 18 20:26:36 JST 2021
Thread1@lemon.novalocal> Running minfo.files/mkg-q2q1-7-37.inp on lemon.novalocal at Fri Jun 18 20:26:37 JST 2021
Thread0@lemon.novalocal> Running minfo.files/mkg-q2q1-7-39.inp on lemon.novalocal at Fri Jun 18 20:26:37 JST 2021
Thread1@lemon.novalocal> Running minfo.files/mkg-q2q1-7-40.inp on lemon.novalocal at Fri Jun 18 20:26:38 JST 2021
Thread0@lemon.novalocal> Running minfo.files/mkg-q2q1-7-41.inp on lemon.novalocal at Fri Jun 18 20:26:39 JST 2021
Thread1@lemon.novalocal> Running minfo.files/mkg-q2q1-7-42.inp on lemon.novalocal at Fri Jun 18 20:26:40 JST 2021
Thread0@lemon.novalocal> Running minfo.files/mkg-q2q1-7-43.inp on lemon.novalocal at Fri Jun 18 20:26:40 JST 2021
Thread1@lemon.novalocal> Running minfo.files/mkg-q2q1-7-44.inp on lemon.novalocal at Fri Jun 18 20:26:41 JST 2021
Thread0@lemon.novalocal> Running minfo.files/mkg-q2q1-7-46.inp on lemon.novalocal at Fri Jun 18 20:26:41 JST 2021
Thread0@lemon.novalocal> Running minfo.files/mkg-q2q1-7-47.inp on lemon.novalocal at Fri Jun 18 20:26:43 JST 2021
Thread1@lemon.novalocal> Running minfo.files/mkg-q2q1-7-48.inp on lemon.novalocal at Fri Jun 18 20:26:43 JST 2021
Thread0@lemon.novalocal> Running minfo.files/mkg-q3q1-7-0.inp on lemon.novalocal at Fri Jun 18 20:26:44 JST 2021
Thread1@lemon.novalocal> Running minfo.files/mkg-q3q1-7-1.inp on lemon.novalocal at Fri Jun 18 20:26:44 JST 2021
Thread1@lemon.novalocal> Running minfo.files/mkg-q3q1-7-2.inp on lemon.novalocal at Fri Jun 18 20:26:45 JST 2021
Thread0@lemon.novalocal> Running minfo.files/mkg-q3q1-7-4.inp on lemon.novalocal at Fri Jun 18 20:26:45 JST 2021
Thread0@lemon.novalocal> Running minfo.files/mkg-q3q1-7-5.inp on lemon.novalocal at Fri Jun 18 20:26:47 JST 2021
Thread1@lemon.novalocal> Running minfo.files/mkg-q3q1-7-6.inp on lemon.novalocal at Fri Jun 18 20:26:47 JST 2021
Thread1@lemon.novalocal> Running minfo.files/mkg-q3q1-7-7.inp on lemon.novalocal at Fri Jun 18 20:26:48 JST 2021
Thread0@lemon.novalocal> Running minfo.files/mkg-q3q1-7-8.inp on lemon.novalocal at Fri Jun 18 20:26:48 JST 2021
Thread1@lemon.novalocal> Running minfo.files/mkg-q3q1-7-9.inp on lemon.novalocal at Fri Jun 18 20:26:50 JST 2021
Thread0@lemon.novalocal> Running minfo.files/mkg-q3q1-7-11.inp on lemon.novalocal at Fri Jun 18 20:26:50 JST 2021
Thread1@lemon.novalocal> Running minfo.files/mkg-q3q1-7-12.inp on lemon.novalocal at Fri Jun 18 20:26:51 JST 2021
Thread0@lemon.novalocal> Running minfo.files/mkg-q3q1-7-13.inp on lemon.novalocal at Fri Jun 18 20:26:51 JST 2021
Thread1@lemon.novalocal> Running minfo.files/mkg-q3q1-7-14.inp on lemon.novalocal at Fri Jun 18 20:26:52 JST 2021
Thread0@lemon.novalocal> Running minfo.files/mkg-q3q1-7-15.inp on lemon.novalocal at Fri Jun 18 20:26:52 JST 2021
Thread1@lemon.novalocal> Running minfo.files/mkg-q3q1-7-16.inp on lemon.novalocal at Fri Jun 18 20:26:54 JST 2021
Thread0@lemon.novalocal> Running minfo.files/mkg-q3q1-7-18.inp on lemon.novalocal at Fri Jun 18 20:26:54 JST 2021
Thread1@lemon.novalocal> Running minfo.files/mkg-q3q1-7-19.inp on lemon.novalocal at Fri Jun 18 20:26:55 JST 2021
Thread0@lemon.novalocal> Running minfo.files/mkg-q3q1-7-20.inp on lemon.novalocal at Fri Jun 18 20:26:55 JST 2021
Thread1@lemon.novalocal> Running minfo.files/mkg-q3q1-7-28.inp on lemon.novalocal at Fri Jun 18 20:26:57 JST 2021
Thread0@lemon.novalocal> Running minfo.files/mkg-q3q1-7-29.inp on lemon.novalocal at Fri Jun 18 20:26:57 JST 2021
Thread1@lemon.novalocal> Running minfo.files/mkg-q3q1-7-30.inp on lemon.novalocal at Fri Jun 18 20:26:58 JST 2021
Thread0@lemon.novalocal> Running minfo.files/mkg-q3q1-7-32.inp on lemon.novalocal at Fri Jun 18 20:26:58 JST 2021
Thread1@lemon.novalocal> Running minfo.files/mkg-q3q1-7-33.inp on lemon.novalocal at Fri Jun 18 20:26:59 JST 2021
Thread0@lemon.novalocal> Running minfo.files/mkg-q3q1-7-34.inp on lemon.novalocal at Fri Jun 18 20:27:00 JST 2021
Thread1@lemon.novalocal> Running minfo.files/mkg-q3q1-7-35.inp on lemon.novalocal at Fri Jun 18 20:27:01 JST 2021
Thread0@lemon.novalocal> Running minfo.files/mkg-q3q1-7-36.inp on lemon.novalocal at Fri Jun 18 20:27:01 JST 2021
Thread1@lemon.novalocal> Running minfo.files/mkg-q3q1-7-37.inp on lemon.novalocal at Fri Jun 18 20:27:02 JST 2021
Thread0@lemon.novalocal> Running minfo.files/mkg-q3q1-7-39.inp on lemon.novalocal at Fri Jun 18 20:27:03 JST 2021
Thread1@lemon.novalocal> Running minfo.files/mkg-q3q1-7-40.inp on lemon.novalocal at Fri Jun 18 20:27:03 JST 2021
Thread0@lemon.novalocal> Running minfo.files/mkg-q3q1-7-41.inp on lemon.novalocal at Fri Jun 18 20:27:04 JST 2021
Thread1@lemon.novalocal> Running minfo.files/mkg-q3q1-7-42.inp on lemon.novalocal at Fri Jun 18 20:27:05 JST 2021
Thread0@lemon.novalocal> Running minfo.files/mkg-q3q1-7-43.inp on lemon.novalocal at Fri Jun 18 20:27:05 JST 2021
Thread1@lemon.novalocal> Running minfo.files/mkg-q3q1-7-44.inp on lemon.novalocal at Fri Jun 18 20:27:06 JST 2021
Thread0@lemon.novalocal> Running minfo.files/mkg-q3q1-7-46.inp on lemon.novalocal at Fri Jun 18 20:27:07 JST 2021
Thread1@lemon.novalocal> Running minfo.files/mkg-q3q1-7-47.inp on lemon.novalocal at Fri Jun 18 20:27:08 JST 2021
Thread0@lemon.novalocal> Running minfo.files/mkg-q3q1-7-48.inp on lemon.novalocal at Fri Jun 18 20:27:08 JST 2021
Thread1@lemon.novalocal> Running minfo.files/mkg-q3q2-7-0.inp on lemon.novalocal at Fri Jun 18 20:27:09 JST 2021
Thread0@lemon.novalocal> Running minfo.files/mkg-q3q2-7-1.inp on lemon.novalocal at Fri Jun 18 20:27:09 JST 2021
Thread1@lemon.novalocal> Running minfo.files/mkg-q3q2-7-2.inp on lemon.novalocal at Fri Jun 18 20:27:11 JST 2021
Thread0@lemon.novalocal> Running minfo.files/mkg-q3q2-7-4.inp on lemon.novalocal at Fri Jun 18 20:27:11 JST 2021
Thread1@lemon.novalocal> Running minfo.files/mkg-q3q2-7-5.inp on lemon.novalocal at Fri Jun 18 20:27:12 JST 2021
Thread0@lemon.novalocal> Running minfo.files/mkg-q3q2-7-6.inp on lemon.novalocal at Fri Jun 18 20:27:12 JST 2021
Thread1@lemon.novalocal> Running minfo.files/mkg-q3q2-7-7.inp on lemon.novalocal at Fri Jun 18 20:27:14 JST 2021
Thread0@lemon.novalocal> Running minfo.files/mkg-q3q2-7-8.inp on lemon.novalocal at Fri Jun 18 20:27:14 JST 2021
Thread1@lemon.novalocal> Running minfo.files/mkg-q3q2-7-9.inp on lemon.novalocal at Fri Jun 18 20:27:15 JST 2021
Thread0@lemon.novalocal> Running minfo.files/mkg-q3q2-7-11.inp on lemon.novalocal at Fri Jun 18 20:27:15 JST 2021
Thread1@lemon.novalocal> Running minfo.files/mkg-q3q2-7-12.inp on lemon.novalocal at Fri Jun 18 20:27:16 JST 2021
Thread0@lemon.novalocal> Running minfo.files/mkg-q3q2-7-13.inp on lemon.novalocal at Fri Jun 18 20:27:16 JST 2021
Thread1@lemon.novalocal> Running minfo.files/mkg-q3q2-7-14.inp on lemon.novalocal at Fri Jun 18 20:27:18 JST 2021
Thread0@lemon.novalocal> Running minfo.files/mkg-q3q2-7-15.inp on lemon.novalocal at Fri Jun 18 20:27:18 JST 2021
Thread1@lemon.novalocal> Running minfo.files/mkg-q3q2-7-16.inp on lemon.novalocal at Fri Jun 18 20:27:19 JST 2021
Thread0@lemon.novalocal> Running minfo.files/mkg-q3q2-7-18.inp on lemon.novalocal at Fri Jun 18 20:27:19 JST 2021
Thread1@lemon.novalocal> Running minfo.files/mkg-q3q2-7-19.inp on lemon.novalocal at Fri Jun 18 20:27:21 JST 2021
Thread0@lemon.novalocal> Running minfo.files/mkg-q3q2-7-20.inp on lemon.novalocal at Fri Jun 18 20:27:21 JST 2021
Thread1@lemon.novalocal> Running minfo.files/mkg-q3q2-7-28.inp on lemon.novalocal at Fri Jun 18 20:27:22 JST 2021
Thread0@lemon.novalocal> Running minfo.files/mkg-q3q2-7-29.inp on lemon.novalocal at Fri Jun 18 20:27:22 JST 2021
Thread1@lemon.novalocal> Running minfo.files/mkg-q3q2-7-30.inp on lemon.novalocal at Fri Jun 18 20:27:23 JST 2021
Thread0@lemon.novalocal> Running minfo.files/mkg-q3q2-7-32.inp on lemon.novalocal at Fri Jun 18 20:27:24 JST 2021
Thread1@lemon.novalocal> Running minfo.files/mkg-q3q2-7-33.inp on lemon.novalocal at Fri Jun 18 20:27:25 JST 2021
Thread0@lemon.novalocal> Running minfo.files/mkg-q3q2-7-34.inp on lemon.novalocal at Fri Jun 18 20:27:25 JST 2021
Thread1@lemon.novalocal> Running minfo.files/mkg-q3q2-7-35.inp on lemon.novalocal at Fri Jun 18 20:27:26 JST 2021
Thread0@lemon.novalocal> Running minfo.files/mkg-q3q2-7-36.inp on lemon.novalocal at Fri Jun 18 20:27:26 JST 2021
Thread1@lemon.novalocal> Running minfo.files/mkg-q3q2-7-37.inp on lemon.novalocal at Fri Jun 18 20:27:27 JST 2021
Thread0@lemon.novalocal> Running minfo.files/mkg-q3q2-7-39.inp on lemon.novalocal at Fri Jun 18 20:27:28 JST 2021
Thread1@lemon.novalocal> Running minfo.files/mkg-q3q2-7-40.inp on lemon.novalocal at Fri Jun 18 20:27:29 JST 2021
Thread0@lemon.novalocal> Running minfo.files/mkg-q3q2-7-41.inp on lemon.novalocal at Fri Jun 18 20:27:29 JST 2021
Thread1@lemon.novalocal> Running minfo.files/mkg-q3q2-7-42.inp on lemon.novalocal at Fri Jun 18 20:27:30 JST 2021
Thread0@lemon.novalocal> Running minfo.files/mkg-q3q2-7-43.inp on lemon.novalocal at Fri Jun 18 20:27:30 JST 2021
Thread1@lemon.novalocal> Running minfo.files/mkg-q3q2-7-44.inp on lemon.novalocal at Fri Jun 18 20:27:32 JST 2021
Thread0@lemon.novalocal> Running minfo.files/mkg-q3q2-7-46.inp on lemon.novalocal at Fri Jun 18 20:27:32 JST 2021
Thread1@lemon.novalocal> Running minfo.files/mkg-q3q2-7-47.inp on lemon.novalocal at Fri Jun 18 20:27:33 JST 2021
Thread0@lemon.novalocal> Running minfo.files/mkg-q3q2-7-48.inp on lemon.novalocal at Fri Jun 18 20:27:33 JST 2021
Thread0@lemon.novalocal> Running minfo.files/mkg-q4q3-7-0.inp on lemon.novalocal at Fri Jun 18 20:27:34 JST 2021
Thread1@lemon.novalocal> Running minfo.files/mkg-q4q3-7-1.inp on lemon.novalocal at Fri Jun 18 20:27:35 JST 2021
Thread0@lemon.novalocal> Running minfo.files/mkg-q4q3-7-2.inp on lemon.novalocal at Fri Jun 18 20:27:36 JST 2021
Thread1@lemon.novalocal> Running minfo.files/mkg-q4q3-7-4.inp on lemon.novalocal at Fri Jun 18 20:27:36 JST 2021
Thread0@lemon.novalocal> Running minfo.files/mkg-q4q3-7-5.inp on lemon.novalocal at Fri Jun 18 20:27:37 JST 2021
Thread1@lemon.novalocal> Running minfo.files/mkg-q4q3-7-6.inp on lemon.novalocal at Fri Jun 18 20:27:37 JST 2021
Thread1@lemon.novalocal> Running minfo.files/mkg-q4q3-7-7.inp on lemon.novalocal at Fri Jun 18 20:27:39 JST 2021
Thread0@lemon.novalocal> Running minfo.files/mkg-q4q3-7-8.inp on lemon.novalocal at Fri Jun 18 20:27:39 JST 2021
Thread1@lemon.novalocal> Running minfo.files/mkg-q4q3-7-9.inp on lemon.novalocal at Fri Jun 18 20:27:40 JST 2021
Thread0@lemon.novalocal> Running minfo.files/mkg-q4q3-7-11.inp on lemon.novalocal at Fri Jun 18 20:27:40 JST 2021
Thread1@lemon.novalocal> Running minfo.files/mkg-q4q3-7-12.inp on lemon.novalocal at Fri Jun 18 20:27:41 JST 2021
Thread0@lemon.novalocal> Running minfo.files/mkg-q4q3-7-13.inp on lemon.novalocal at Fri Jun 18 20:27:41 JST 2021
Thread1@lemon.novalocal> Running minfo.files/mkg-q4q3-7-14.inp on lemon.novalocal at Fri Jun 18 20:27:43 JST 2021
Thread0@lemon.novalocal> Running minfo.files/mkg-q4q3-7-15.inp on lemon.novalocal at Fri Jun 18 20:27:43 JST 2021
Thread0@lemon.novalocal> Running minfo.files/mkg-q4q3-7-16.inp on lemon.novalocal at Fri Jun 18 20:27:44 JST 2021
Thread1@lemon.novalocal> Running minfo.files/mkg-q4q3-7-18.inp on lemon.novalocal at Fri Jun 18 20:27:44 JST 2021
Thread1@lemon.novalocal> Running minfo.files/mkg-q4q3-7-19.inp on lemon.novalocal at Fri Jun 18 20:27:46 JST 2021
Thread0@lemon.novalocal> Running minfo.files/mkg-q4q3-7-20.inp on lemon.novalocal at Fri Jun 18 20:27:46 JST 2021
Thread0@lemon.novalocal> Running minfo.files/mkg-q4q3-7-28.inp on lemon.novalocal at Fri Jun 18 20:27:47 JST 2021
Thread1@lemon.novalocal> Running minfo.files/mkg-q4q3-7-29.inp on lemon.novalocal at Fri Jun 18 20:27:47 JST 2021
Thread0@lemon.novalocal> Running minfo.files/mkg-q4q3-7-30.inp on lemon.novalocal at Fri Jun 18 20:27:48 JST 2021
Thread1@lemon.novalocal> Running minfo.files/mkg-q4q3-7-32.inp on lemon.novalocal at Fri Jun 18 20:27:48 JST 2021
Thread0@lemon.novalocal> Running minfo.files/mkg-q4q3-7-33.inp on lemon.novalocal at Fri Jun 18 20:27:50 JST 2021
Thread1@lemon.novalocal> Running minfo.files/mkg-q4q3-7-34.inp on lemon.novalocal at Fri Jun 18 20:27:50 JST 2021
Thread0@lemon.novalocal> Running minfo.files/mkg-q4q3-7-35.inp on lemon.novalocal at Fri Jun 18 20:27:51 JST 2021
Thread1@lemon.novalocal> Running minfo.files/mkg-q4q3-7-36.inp on lemon.novalocal at Fri Jun 18 20:27:51 JST 2021
Thread0@lemon.novalocal> Running minfo.files/mkg-q4q3-7-37.inp on lemon.novalocal at Fri Jun 18 20:27:53 JST 2021
Thread1@lemon.novalocal> Running minfo.files/mkg-q4q3-7-39.inp on lemon.novalocal at Fri Jun 18 20:27:53 JST 2021
Thread0@lemon.novalocal> Running minfo.files/mkg-q4q3-7-40.inp on lemon.novalocal at Fri Jun 18 20:27:54 JST 2021
Thread1@lemon.novalocal> Running minfo.files/mkg-q4q3-7-41.inp on lemon.novalocal at Fri Jun 18 20:27:54 JST 2021
Thread0@lemon.novalocal> Running minfo.files/mkg-q4q3-7-42.inp on lemon.novalocal at Fri Jun 18 20:27:55 JST 2021
Thread1@lemon.novalocal> Running minfo.files/mkg-q4q3-7-43.inp on lemon.novalocal at Fri Jun 18 20:27:55 JST 2021
Thread0@lemon.novalocal> Running minfo.files/mkg-q4q3-7-44.inp on lemon.novalocal at Fri Jun 18 20:27:57 JST 2021
Thread1@lemon.novalocal> Running minfo.files/mkg-q4q3-7-46.inp on lemon.novalocal at Fri Jun 18 20:27:57 JST 2021
Thread0@lemon.novalocal> Running minfo.files/mkg-q4q3-7-47.inp on lemon.novalocal at Fri Jun 18 20:27:58 JST 2021
Thread1@lemon.novalocal> Running minfo.files/mkg-q4q3-7-48.inp on lemon.novalocal at Fri Jun 18 20:27:58 JST 2021
Thread0@lemon.novalocal> Running minfo.files/mkg-q5q4-7-0.inp on lemon.novalocal at Fri Jun 18 20:28:00 JST 2021
Thread1@lemon.novalocal> Running minfo.files/mkg-q5q4-7-1.inp on lemon.novalocal at Fri Jun 18 20:28:00 JST 2021
Thread0@lemon.novalocal> Running minfo.files/mkg-q5q4-7-2.inp on lemon.novalocal at Fri Jun 18 20:28:01 JST 2021
Thread1@lemon.novalocal> Running minfo.files/mkg-q5q4-7-4.inp on lemon.novalocal at Fri Jun 18 20:28:01 JST 2021
Thread0@lemon.novalocal> Running minfo.files/mkg-q5q4-7-5.inp on lemon.novalocal at Fri Jun 18 20:28:02 JST 2021
Thread1@lemon.novalocal> Running minfo.files/mkg-q5q4-7-6.inp on lemon.novalocal at Fri Jun 18 20:28:02 JST 2021
Thread0@lemon.novalocal> Running minfo.files/mkg-q5q4-7-7.inp on lemon.novalocal at Fri Jun 18 20:28:04 JST 2021
Thread1@lemon.novalocal> Running minfo.files/mkg-q5q4-7-8.inp on lemon.novalocal at Fri Jun 18 20:28:04 JST 2021
Thread0@lemon.novalocal> Running minfo.files/mkg-q5q4-7-9.inp on lemon.novalocal at Fri Jun 18 20:28:05 JST 2021
Thread1@lemon.novalocal> Running minfo.files/mkg-q5q4-7-11.inp on lemon.novalocal at Fri Jun 18 20:28:05 JST 2021
Thread0@lemon.novalocal> Running minfo.files/mkg-q5q4-7-12.inp on lemon.novalocal at Fri Jun 18 20:28:06 JST 2021
Thread1@lemon.novalocal> Running minfo.files/mkg-q5q4-7-13.inp on lemon.novalocal at Fri Jun 18 20:28:07 JST 2021
Thread0@lemon.novalocal> Running minfo.files/mkg-q5q4-7-14.inp on lemon.novalocal at Fri Jun 18 20:28:08 JST 2021
Thread1@lemon.novalocal> Running minfo.files/mkg-q5q4-7-15.inp on lemon.novalocal at Fri Jun 18 20:28:08 JST 2021
Thread0@lemon.novalocal> Running minfo.files/mkg-q5q4-7-16.inp on lemon.novalocal at Fri Jun 18 20:28:09 JST 2021
Thread1@lemon.novalocal> Running minfo.files/mkg-q5q4-7-18.inp on lemon.novalocal at Fri Jun 18 20:28:09 JST 2021
Thread0@lemon.novalocal> Running minfo.files/mkg-q5q4-7-19.inp on lemon.novalocal at Fri Jun 18 20:28:10 JST 2021
Thread1@lemon.novalocal> Running minfo.files/mkg-q5q4-7-20.inp on lemon.novalocal at Fri Jun 18 20:28:11 JST 2021
Thread0@lemon.novalocal> Running minfo.files/mkg-q5q4-7-28.inp on lemon.novalocal at Fri Jun 18 20:28:12 JST 2021
Thread1@lemon.novalocal> Running minfo.files/mkg-q5q4-7-29.inp on lemon.novalocal at Fri Jun 18 20:28:12 JST 2021
Thread0@lemon.novalocal> Running minfo.files/mkg-q5q4-7-30.inp on lemon.novalocal at Fri Jun 18 20:28:13 JST 2021
Thread1@lemon.novalocal> Running minfo.files/mkg-q5q4-7-32.inp on lemon.novalocal at Fri Jun 18 20:28:13 JST 2021
Thread0@lemon.novalocal> Running minfo.files/mkg-q5q4-7-33.inp on lemon.novalocal at Fri Jun 18 20:28:15 JST 2021
Thread1@lemon.novalocal> Running minfo.files/mkg-q5q4-7-34.inp on lemon.novalocal at Fri Jun 18 20:28:15 JST 2021
Thread0@lemon.novalocal> Running minfo.files/mkg-q5q4-7-35.inp on lemon.novalocal at Fri Jun 18 20:28:16 JST 2021
Thread1@lemon.novalocal> Running minfo.files/mkg-q5q4-7-36.inp on lemon.novalocal at Fri Jun 18 20:28:16 JST 2021
Thread0@lemon.novalocal> Running minfo.files/mkg-q5q4-7-37.inp on lemon.novalocal at Fri Jun 18 20:28:17 JST 2021
Thread1@lemon.novalocal> Running minfo.files/mkg-q5q4-7-39.inp on lemon.novalocal at Fri Jun 18 20:28:17 JST 2021
Thread0@lemon.novalocal> Running minfo.files/mkg-q5q4-7-40.inp on lemon.novalocal at Fri Jun 18 20:28:19 JST 2021
Thread1@lemon.novalocal> Running minfo.files/mkg-q5q4-7-41.inp on lemon.novalocal at Fri Jun 18 20:28:19 JST 2021
Thread0@lemon.novalocal> Running minfo.files/mkg-q5q4-7-42.inp on lemon.novalocal at Fri Jun 18 20:28:20 JST 2021
Thread1@lemon.novalocal> Running minfo.files/mkg-q5q4-7-43.inp on lemon.novalocal at Fri Jun 18 20:28:20 JST 2021
Thread0@lemon.novalocal> Running minfo.files/mkg-q5q4-7-44.inp on lemon.novalocal at Fri Jun 18 20:28:21 JST 2021
Thread1@lemon.novalocal> Running minfo.files/mkg-q5q4-7-46.inp on lemon.novalocal at Fri Jun 18 20:28:21 JST 2021
Thread0@lemon.novalocal> Running minfo.files/mkg-q5q4-7-47.inp on lemon.novalocal at Fri Jun 18 20:28:23 JST 2021
Thread1@lemon.novalocal> Running minfo.files/mkg-q5q4-7-48.inp on lemon.novalocal at Fri Jun 18 20:28:23 JST 2021
Thread0@lemon.novalocal> Running minfo.files/mkg-q6q4-7-0.inp on lemon.novalocal at Fri Jun 18 20:28:24 JST 2021
Thread1@lemon.novalocal> Running minfo.files/mkg-q6q4-7-1.inp on lemon.novalocal at Fri Jun 18 20:28:24 JST 2021
Thread0@lemon.novalocal> Running minfo.files/mkg-q6q4-7-2.inp on lemon.novalocal at Fri Jun 18 20:28:25 JST 2021
Thread1@lemon.novalocal> Running minfo.files/mkg-q6q4-7-4.inp on lemon.novalocal at Fri Jun 18 20:28:26 JST 2021
Thread0@lemon.novalocal> Running minfo.files/mkg-q6q4-7-5.inp on lemon.novalocal at Fri Jun 18 20:28:27 JST 2021
Thread1@lemon.novalocal> Running minfo.files/mkg-q6q4-7-6.inp on lemon.novalocal at Fri Jun 18 20:28:27 JST 2021
Thread0@lemon.novalocal> Running minfo.files/mkg-q6q4-7-7.inp on lemon.novalocal at Fri Jun 18 20:28:28 JST 2021
Thread1@lemon.novalocal> Running minfo.files/mkg-q6q4-7-8.inp on lemon.novalocal at Fri Jun 18 20:28:28 JST 2021
Thread0@lemon.novalocal> Running minfo.files/mkg-q6q4-7-9.inp on lemon.novalocal at Fri Jun 18 20:28:30 JST 2021
Thread1@lemon.novalocal> Running minfo.files/mkg-q6q4-7-11.inp on lemon.novalocal at Fri Jun 18 20:28:30 JST 2021
Thread0@lemon.novalocal> Running minfo.files/mkg-q6q4-7-12.inp on lemon.novalocal at Fri Jun 18 20:28:31 JST 2021
Thread1@lemon.novalocal> Running minfo.files/mkg-q6q4-7-13.inp on lemon.novalocal at Fri Jun 18 20:28:31 JST 2021
Thread0@lemon.novalocal> Running minfo.files/mkg-q6q4-7-14.inp on lemon.novalocal at Fri Jun 18 20:28:32 JST 2021
Thread1@lemon.novalocal> Running minfo.files/mkg-q6q4-7-15.inp on lemon.novalocal at Fri Jun 18 20:28:33 JST 2021
Thread0@lemon.novalocal> Running minfo.files/mkg-q6q4-7-16.inp on lemon.novalocal at Fri Jun 18 20:28:34 JST 2021
Thread1@lemon.novalocal> Running minfo.files/mkg-q6q4-7-18.inp on lemon.novalocal at Fri Jun 18 20:28:34 JST 2021
Thread0@lemon.novalocal> Running minfo.files/mkg-q6q4-7-19.inp on lemon.novalocal at Fri Jun 18 20:28:35 JST 2021
Thread1@lemon.novalocal> Running minfo.files/mkg-q6q4-7-20.inp on lemon.novalocal at Fri Jun 18 20:28:35 JST 2021
Thread0@lemon.novalocal> Running minfo.files/mkg-q6q4-7-28.inp on lemon.novalocal at Fri Jun 18 20:28:36 JST 2021
Thread1@lemon.novalocal> Running minfo.files/mkg-q6q4-7-29.inp on lemon.novalocal at Fri Jun 18 20:28:37 JST 2021
Thread0@lemon.novalocal> Running minfo.files/mkg-q6q4-7-30.inp on lemon.novalocal at Fri Jun 18 20:28:38 JST 2021
Thread1@lemon.novalocal> Running minfo.files/mkg-q6q4-7-32.inp on lemon.novalocal at Fri Jun 18 20:28:38 JST 2021
Thread0@lemon.novalocal> Running minfo.files/mkg-q6q4-7-33.inp on lemon.novalocal at Fri Jun 18 20:28:39 JST 2021
Thread1@lemon.novalocal> Running minfo.files/mkg-q6q4-7-34.inp on lemon.novalocal at Fri Jun 18 20:28:39 JST 2021
Thread0@lemon.novalocal> Running minfo.files/mkg-q6q4-7-35.inp on lemon.novalocal at Fri Jun 18 20:28:41 JST 2021
Thread1@lemon.novalocal> Running minfo.files/mkg-q6q4-7-36.inp on lemon.novalocal at Fri Jun 18 20:28:41 JST 2021
Thread0@lemon.novalocal> Running minfo.files/mkg-q6q4-7-37.inp on lemon.novalocal at Fri Jun 18 20:28:42 JST 2021
Thread1@lemon.novalocal> Running minfo.files/mkg-q6q4-7-39.inp on lemon.novalocal at Fri Jun 18 20:28:42 JST 2021
Thread0@lemon.novalocal> Running minfo.files/mkg-q6q4-7-40.inp on lemon.novalocal at Fri Jun 18 20:28:43 JST 2021
Thread1@lemon.novalocal> Running minfo.files/mkg-q6q4-7-41.inp on lemon.novalocal at Fri Jun 18 20:28:43 JST 2021
Thread0@lemon.novalocal> Running minfo.files/mkg-q6q4-7-42.inp on lemon.novalocal at Fri Jun 18 20:28:45 JST 2021
Thread1@lemon.novalocal> Running minfo.files/mkg-q6q4-7-43.inp on lemon.novalocal at Fri Jun 18 20:28:45 JST 2021
Thread0@lemon.novalocal> Running minfo.files/mkg-q6q4-7-44.inp on lemon.novalocal at Fri Jun 18 20:28:46 JST 2021
Thread1@lemon.novalocal> Running minfo.files/mkg-q6q4-7-46.inp on lemon.novalocal at Fri Jun 18 20:28:46 JST 2021
Thread0@lemon.novalocal> Running minfo.files/mkg-q6q4-7-47.inp on lemon.novalocal at Fri Jun 18 20:28:48 JST 2021
Thread1@lemon.novalocal> Running minfo.files/mkg-q6q4-7-48.inp on lemon.novalocal at Fri Jun 18 20:28:48 JST 2021
   End of electronic structure calculations.

Generating pot files.

   o q2q1.pot  [OK]
   o q2q1.dipole  [OK]
   o q3q1.pot  [OK]
   o q3q1.dipole  [OK]
   o q3q2.pot  [OK]
   o q3q2.dipole  [OK]
   o q4q3.pot  [OK]
   o q4q3.dipole  [OK]
   o q5q4.pot  [OK]
   o q5q4.dipole  [OK]
   o q6q4.pot  [OK]
   o q6q4.dipole  [OK]


End of GridPES generation:

