2021.06.16 at 18:03:12 JST
-------------------------------------------------------

      Make Potential Energy Surface for SINDO
                         Version 4.0
                         Release beta

                COPYRIGHT 2019:  
                   Kiyoshi Yagi  kiyoshi.yagi@riken.jp 

-------------------------------------------------------

Launch MakePES module

  o Input options read via makePES.xml ...  [OK] 
     - Molecular info via ../1_harmonic/h2co-b3lyp-dz.minfo ...  [OK] 
     - Minfo_folder = minfo.files/
     - InterDomain  = false
     - ActiveModes:
        * Domain 1
            1   2   3   4   5   6 
     - Dipole  = false

  o Options for Quantum Chemistry jobs 

    QCID: 1
     - Program      = gaussian
     - Title        = B3LYP/cc-pVDZ
     - Removefiles  = true
     - Dryrun       = false
     - Template     = GaussianTemplate
     - ExecCommand  = runGaussian.sh /home1/yagi/tutorial/MS_summer_school2021/9.1_h2co/2_qff basename.inp 

  o Options for QFF 

     - QCID         = 1
     - MR           = 3
     - stepsize     = 0.50         
     - ndifftype    = hess
     - mopfile      = prop_no_1.mop
     - intradomain_hc       = true
     - gradient_and_hessian = input

  o Queue Manager via resources.info ...  [OK] 
     -----
     ID       : 0
     Hosts    : hostname
     Ppn      : 1
     Memory   : unlimit
     SCR      : unlimit
     Status   : FREE
     -----

Setup MakeQFF module


Enter QFF generation:

   Execute electronic structure calculations.

Thread0> Running minfo.files/mkqff-eq.inp on lemon.novalocal at Wed Jun 16 18:03:12 JST 2021
Thread0> Running minfo.files/mkqff0-0.inp on lemon.novalocal at Wed Jun 16 18:03:14 JST 2021
Thread0> Running minfo.files/mkqff0-1.inp on lemon.novalocal at Wed Jun 16 18:03:17 JST 2021
Thread0> Running minfo.files/mkqff1-0.inp on lemon.novalocal at Wed Jun 16 18:03:20 JST 2021
Thread0> Running minfo.files/mkqff1-1.inp on lemon.novalocal at Wed Jun 16 18:03:22 JST 2021
Thread0> Running minfo.files/mkqff2-0.inp on lemon.novalocal at Wed Jun 16 18:03:25 JST 2021
Thread0> Running minfo.files/mkqff2-1.inp on lemon.novalocal at Wed Jun 16 18:03:27 JST 2021
Thread0> Running minfo.files/mkqff3-0.inp on lemon.novalocal at Wed Jun 16 18:03:30 JST 2021
Thread0> Running minfo.files/mkqff3-1.inp on lemon.novalocal at Wed Jun 16 18:03:32 JST 2021
Thread0> Running minfo.files/mkqff4-0.inp on lemon.novalocal at Wed Jun 16 18:03:35 JST 2021
Thread0> Running minfo.files/mkqff4-1.inp on lemon.novalocal at Wed Jun 16 18:03:37 JST 2021
Thread0> Running minfo.files/mkqff5-0.inp on lemon.novalocal at Wed Jun 16 18:03:40 JST 2021
Thread0> Running minfo.files/mkqff5-1.inp on lemon.novalocal at Wed Jun 16 18:03:42 JST 2021
   End of electronic structure calculations.


Storing electronic structure data in tempfile ...   Done!

Generating prop_no_1.mop... Done!

Removing the tempfiles ...   Done!

End of QFF generation.

