2021.06.18 at 20:28:59 JST
-------------------------------------------------------

      Make Potential Energy Surface for SINDO
                         Version 4.0
                         Release beta

                COPYRIGHT 2019:  
                   Kiyoshi Yagi  kiyoshi.yagi@riken.jp 

-------------------------------------------------------

Launch MakePES module

  o Input options read via makePES2.xml ...  [OK] 
     - Molecular info via ../1_harmonic/h2co-b3lyp-dz.minfo ...  [OK] 
     - Minfo_folder = minfo.files/
     - InterDomain  = false
     - ActiveModes:
        * Domain 1
            1   2   3   4   5   6 
     - Dipole  = false

  o Options for Quantum Chemistry jobs 

    QCID: ene
     - Program      = gaussian
     - Title        = CCSD(T)/cc-pVTZ
     - Removefiles  = true
     - Dryrun       = false
     - Template     = GaussianTemplate3
     - ExecCommand  = runGaussian.sh /home1/yagi/tutorial/MS_summer_school2021/9.1_h2co/3_mrpes basename.inp 

  o Options for Grid 

     - QCID         = ene
     - MR           = 3
     - 1-mode coupling = 1-6

  o Queue Manager via resources.info ...  [OK] 
     -----
     ID       : 0
     Hosts    : lemon.novalocal
     Ppn      : 1
     Memory   : unlimit
     SCR      : unlimit
     Status   : FREE
     -----
     ID       : 1
     Hosts    : lemon.novalocal
     Ppn      : 1
     Memory   : unlimit
     SCR      : unlimit
     Status   : FREE
     -----

Setup MakeGrid module

  o ngrid =    11 
  o 1MR Grid: 
      1 2 3 4 5 6 

Enter GridPES generation:

   Execute electronic structure calculations.

Thread0@lemon.novalocal> Running minfo.files/mkg-eq.inp on lemon.novalocal at Fri Jun 18 20:28:59 JST 2021
Thread1@lemon.novalocal> Running minfo.files/mkg-q1-11-0.inp on lemon.novalocal at Fri Jun 18 20:28:59 JST 2021
Thread1@lemon.novalocal> Running minfo.files/mkg-q1-11-1.inp on lemon.novalocal at Fri Jun 18 20:29:05 JST 2021
Thread0@lemon.novalocal> Running minfo.files/mkg-q1-11-2.inp on lemon.novalocal at Fri Jun 18 20:29:06 JST 2021
Thread1@lemon.novalocal> Running minfo.files/mkg-q1-11-3.inp on lemon.novalocal at Fri Jun 18 20:29:11 JST 2021
Thread0@lemon.novalocal> Running minfo.files/mkg-q1-11-4.inp on lemon.novalocal at Fri Jun 18 20:29:13 JST 2021
Thread1@lemon.novalocal> Running minfo.files/mkg-q1-11-6.inp on lemon.novalocal at Fri Jun 18 20:29:18 JST 2021
Thread0@lemon.novalocal> Running minfo.files/mkg-q1-11-7.inp on lemon.novalocal at Fri Jun 18 20:29:19 JST 2021
Thread1@lemon.novalocal> Running minfo.files/mkg-q1-11-8.inp on lemon.novalocal at Fri Jun 18 20:29:24 JST 2021
Thread0@lemon.novalocal> Running minfo.files/mkg-q1-11-9.inp on lemon.novalocal at Fri Jun 18 20:29:25 JST 2021
Thread1@lemon.novalocal> Running minfo.files/mkg-q1-11-10.inp on lemon.novalocal at Fri Jun 18 20:29:31 JST 2021
Thread0@lemon.novalocal> Running minfo.files/mkg-q2-11-0.inp on lemon.novalocal at Fri Jun 18 20:29:31 JST 2021
Thread1@lemon.novalocal> Running minfo.files/mkg-q2-11-1.inp on lemon.novalocal at Fri Jun 18 20:29:37 JST 2021
Thread0@lemon.novalocal> Running minfo.files/mkg-q2-11-2.inp on lemon.novalocal at Fri Jun 18 20:29:38 JST 2021
Thread1@lemon.novalocal> Running minfo.files/mkg-q2-11-3.inp on lemon.novalocal at Fri Jun 18 20:29:44 JST 2021
Thread0@lemon.novalocal> Running minfo.files/mkg-q2-11-4.inp on lemon.novalocal at Fri Jun 18 20:29:44 JST 2021
Thread1@lemon.novalocal> Running minfo.files/mkg-q2-11-6.inp on lemon.novalocal at Fri Jun 18 20:29:50 JST 2021
Thread0@lemon.novalocal> Running minfo.files/mkg-q2-11-7.inp on lemon.novalocal at Fri Jun 18 20:29:50 JST 2021
Thread1@lemon.novalocal> Running minfo.files/mkg-q2-11-8.inp on lemon.novalocal at Fri Jun 18 20:29:56 JST 2021
Thread0@lemon.novalocal> Running minfo.files/mkg-q2-11-9.inp on lemon.novalocal at Fri Jun 18 20:29:56 JST 2021
Thread0@lemon.novalocal> Running minfo.files/mkg-q2-11-10.inp on lemon.novalocal at Fri Jun 18 20:30:03 JST 2021
Thread1@lemon.novalocal> Running minfo.files/mkg-q3-11-0.inp on lemon.novalocal at Fri Jun 18 20:30:03 JST 2021
Thread0@lemon.novalocal> Running minfo.files/mkg-q3-11-1.inp on lemon.novalocal at Fri Jun 18 20:30:09 JST 2021
Thread1@lemon.novalocal> Running minfo.files/mkg-q3-11-2.inp on lemon.novalocal at Fri Jun 18 20:30:09 JST 2021
Thread1@lemon.novalocal> Running minfo.files/mkg-q3-11-3.inp on lemon.novalocal at Fri Jun 18 20:30:15 JST 2021
Thread0@lemon.novalocal> Running minfo.files/mkg-q3-11-4.inp on lemon.novalocal at Fri Jun 18 20:30:16 JST 2021
Thread1@lemon.novalocal> Running minfo.files/mkg-q3-11-6.inp on lemon.novalocal at Fri Jun 18 20:30:22 JST 2021
Thread0@lemon.novalocal> Running minfo.files/mkg-q3-11-7.inp on lemon.novalocal at Fri Jun 18 20:30:23 JST 2021
Thread1@lemon.novalocal> Running minfo.files/mkg-q3-11-8.inp on lemon.novalocal at Fri Jun 18 20:30:29 JST 2021
Thread0@lemon.novalocal> Running minfo.files/mkg-q3-11-9.inp on lemon.novalocal at Fri Jun 18 20:30:29 JST 2021
Thread1@lemon.novalocal> Running minfo.files/mkg-q3-11-10.inp on lemon.novalocal at Fri Jun 18 20:30:35 JST 2021
Thread0@lemon.novalocal> Running minfo.files/mkg-q4-11-0.inp on lemon.novalocal at Fri Jun 18 20:30:36 JST 2021
Thread1@lemon.novalocal> Running minfo.files/mkg-q4-11-2.inp on lemon.novalocal at Fri Jun 18 20:30:42 JST 2021
Thread0@lemon.novalocal> Running minfo.files/mkg-q4-11-1.inp on lemon.novalocal at Fri Jun 18 20:30:42 JST 2021
Thread0@lemon.novalocal> Running minfo.files/mkg-q4-11-3.inp on lemon.novalocal at Fri Jun 18 20:30:47 JST 2021
Thread1@lemon.novalocal> Running minfo.files/mkg-q4-11-4.inp on lemon.novalocal at Fri Jun 18 20:30:49 JST 2021
Thread0@lemon.novalocal> Running minfo.files/mkg-q4-11-6.inp on lemon.novalocal at Fri Jun 18 20:30:54 JST 2021
Thread1@lemon.novalocal> Running minfo.files/mkg-q4-11-7.inp on lemon.novalocal at Fri Jun 18 20:30:55 JST 2021
Thread0@lemon.novalocal> Running minfo.files/mkg-q4-11-8.inp on lemon.novalocal at Fri Jun 18 20:31:01 JST 2021
Thread1@lemon.novalocal> Running minfo.files/mkg-q4-11-9.inp on lemon.novalocal at Fri Jun 18 20:31:01 JST 2021
Thread0@lemon.novalocal> Running minfo.files/mkg-q4-11-10.inp on lemon.novalocal at Fri Jun 18 20:31:06 JST 2021
Thread1@lemon.novalocal> Running minfo.files/mkg-q5-11-0.inp on lemon.novalocal at Fri Jun 18 20:31:07 JST 2021
Thread0@lemon.novalocal> Running minfo.files/mkg-q5-11-1.inp on lemon.novalocal at Fri Jun 18 20:31:12 JST 2021
Thread1@lemon.novalocal> Running minfo.files/mkg-q5-11-2.inp on lemon.novalocal at Fri Jun 18 20:31:13 JST 2021
Thread0@lemon.novalocal> Running minfo.files/mkg-q5-11-3.inp on lemon.novalocal at Fri Jun 18 20:31:18 JST 2021
Thread1@lemon.novalocal> Running minfo.files/mkg-q5-11-4.inp on lemon.novalocal at Fri Jun 18 20:31:19 JST 2021
Thread0@lemon.novalocal> Running minfo.files/mkg-q5-11-6.inp on lemon.novalocal at Fri Jun 18 20:31:23 JST 2021
Thread1@lemon.novalocal> Running minfo.files/mkg-q5-11-7.inp on lemon.novalocal at Fri Jun 18 20:31:25 JST 2021
Thread0@lemon.novalocal> Running minfo.files/mkg-q5-11-8.inp on lemon.novalocal at Fri Jun 18 20:31:30 JST 2021
Thread1@lemon.novalocal> Running minfo.files/mkg-q5-11-9.inp on lemon.novalocal at Fri Jun 18 20:31:31 JST 2021
Thread0@lemon.novalocal> Running minfo.files/mkg-q5-11-10.inp on lemon.novalocal at Fri Jun 18 20:31:37 JST 2021
Thread1@lemon.novalocal> Running minfo.files/mkg-q6-11-0.inp on lemon.novalocal at Fri Jun 18 20:31:38 JST 2021
Thread0@lemon.novalocal> Running minfo.files/mkg-q6-11-1.inp on lemon.novalocal at Fri Jun 18 20:31:43 JST 2021
Thread1@lemon.novalocal> Running minfo.files/mkg-q6-11-2.inp on lemon.novalocal at Fri Jun 18 20:31:44 JST 2021
Thread0@lemon.novalocal> Running minfo.files/mkg-q6-11-3.inp on lemon.novalocal at Fri Jun 18 20:31:50 JST 2021
Thread1@lemon.novalocal> Running minfo.files/mkg-q6-11-4.inp on lemon.novalocal at Fri Jun 18 20:31:50 JST 2021
Thread0@lemon.novalocal> Running minfo.files/mkg-q6-11-6.inp on lemon.novalocal at Fri Jun 18 20:31:56 JST 2021
Thread1@lemon.novalocal> Running minfo.files/mkg-q6-11-7.inp on lemon.novalocal at Fri Jun 18 20:31:56 JST 2021
Thread0@lemon.novalocal> Running minfo.files/mkg-q6-11-8.inp on lemon.novalocal at Fri Jun 18 20:32:02 JST 2021
Thread1@lemon.novalocal> Running minfo.files/mkg-q6-11-9.inp on lemon.novalocal at Fri Jun 18 20:32:03 JST 2021
Thread0@lemon.novalocal> Running minfo.files/mkg-q6-11-10.inp on lemon.novalocal at Fri Jun 18 20:32:08 JST 2021
   End of electronic structure calculations.

Generating pot files.

   o q1.pot  [OK]
   o q2.pot  [OK]
   o q3.pot  [OK]
   o q4.pot  [OK]
   o q5.pot  [OK]
   o q6.pot  [OK]


End of GridPES generation:

