 -------------------------------------------------------
                                                      
    ***   WELCOME TO SINDO PROGRAM                    
     ***                (  VERSION 4.0 BETA  )        
      ***                                             
       ***       COPYRIGHT 2019:                      
        ***         KIYOSHI YAGI  KIYOSHI.YAGI@RIKEN.JP
                                                      
 -------------------------------------------------------

     JOB STARTED AT: Wed Jun 16 19:13:10 2021
     RUNNING ON lemon.novalocal                 


(  SETUP MEM MODULE  )

   o MAXIMUM MEMORY :     1200 MB


(  SETUP MOL MODULE  )


   READ DATA FROM A MINFO FILE : [ ../1_harmonic/h2co-b3lyp-dz.minfo ]


(  ENTER NMA MODULE  )


      o ATOMIC MASS
           12.0000     15.9949      1.0078      1.0078
 
      o REFERENCE GEOMETRY
          0.000000    0.000000   -1.136626
          0.000000    0.000000    1.138988
          0.000000    1.787626   -2.271483
          0.000000   -1.787626   -2.271483
 
      o NORMAL DISPLACEMENT VECTOR
         -0.517530    0.000000   -0.000000
          0.149163   -0.000000    0.000000
          0.595782   -0.000000   -0.000000
          0.595782   -0.000000    0.000000
 
          0.000000    0.444566    0.000000
         -0.000000   -0.276038   -0.000000
         -0.000000   -0.217175   -0.562065
         -0.000000   -0.217175    0.562065
 
         -0.000000    0.000000    0.008692
          0.000000   -0.000000   -0.300114
          0.000000    0.339513    0.582802
          0.000000   -0.339513    0.582802
 
         -0.000000    0.000000   -0.749045
          0.000000   -0.000000    0.613952
          0.000000    0.161803    0.069404
         -0.000000   -0.161803    0.069404
 
          0.000000   -0.000000   -0.197476
         -0.000000   -0.000000   -0.004264
         -0.000000   -0.598791    0.349202
         -0.000000    0.598791    0.349202
 
         -0.000000    0.332434   -0.000000
          0.000000   -0.003367    0.000000
          0.000000   -0.566845    0.351318
          0.000000   -0.566845   -0.351318
 
 
      o TRANSLATIONAL VECTOR
          0.632345    0.000000    0.000000
          0.730053    0.000000    0.000000
          0.183253    0.000000    0.000000
          0.183253    0.000000    0.000000
 
          0.000000    0.632345    0.000000
          0.000000    0.730053    0.000000
          0.000000    0.183253    0.000000
          0.000000    0.183253    0.000000
 
          0.000000    0.000000    0.632345
          0.000000    0.000000    0.730053
          0.000000    0.000000    0.183253
          0.000000    0.000000    0.183253
 
 
      o ROTATIONAL VECTOR
          0.000000    0.540365    0.000000
          0.000000   -0.625153    0.000000
          0.000000    0.312950    0.246287
          0.000000    0.312950   -0.246287
 
         -0.576461    0.000000    0.000000
          0.666914    0.000000    0.000000
         -0.333855    0.000000    0.000000
         -0.333855    0.000000    0.000000
 
          0.000000    0.000000    0.000000
          0.000000    0.000000    0.000000
         -0.707107    0.000000    0.000000
          0.707107    0.000000    0.000000
 
(  SETUP OF NMA COMPLETED  )



(  SETUP VIB MODULE  )

   >> RUN OPTIONS
      VSCF    =     T
      OC-VSCF =     F
      VCI     =     T
      VPT     =     F
      VQDPT   =     F
      PRPT    =     T


   >> BASIS FUNCTIONS
      MODE :         1        2        3        4        5        6
      MAXV :        10       10       10       10       10       10
      FREQ :   1186.71  1253.90  1514.96  1831.55  2862.51  2915.76


(  SETUP TARGET MODULE  )

   >> TARGET STATES
       000   : ZERO-POINT STATE
 

(  SETUP MRPES MODULE  )

   >> POTENTIAL

      [  OPTIONS  ]

         MR         =        3
         MCS_CUTOFF = -.10E-02
         MCS_GRID   = -.10E+01
         POTDIR     = ../3_mrpes/pes_b3lyp/
         MOPFILE    = prop_no_1.mop


         1MR-PEF

         o GRID PEF

           MODE=   1, GRID=  11   B3LYP/cc-pVDZ
           MODE=   2, GRID=  11   B3LYP/cc-pVDZ
           MODE=   3, GRID=  11   B3LYP/cc-pVDZ
           MODE=   4, GRID=  11   B3LYP/cc-pVDZ
           MODE=   5, GRID=  11   B3LYP/cc-pVDZ
           MODE=   6, GRID=  11   B3LYP/cc-pVDZ
 

         2MR-PEF

         o GRID PEF

           MODE=   2   1, GRID=   7   7   B3LYP/cc-pVDZ
           MODE=   3   1, GRID=   7   7   B3LYP/cc-pVDZ
           MODE=   3   2, GRID=   9   9   B3LYP/cc-pVDZ
           MODE=   4   2, GRID=   9   9   B3LYP/cc-pVDZ
           MODE=   4   3, GRID=   7   7   B3LYP/cc-pVDZ
           MODE=   5   1, GRID=   9   9   B3LYP/cc-pVDZ
           MODE=   5   2, GRID=   9   9   B3LYP/cc-pVDZ
           MODE=   5   3, GRID=   9   9   B3LYP/cc-pVDZ
           MODE=   5   4, GRID=   7   7   B3LYP/cc-pVDZ
           MODE=   6   1, GRID=   9   9   B3LYP/cc-pVDZ
           MODE=   6   2, GRID=   9   9   B3LYP/cc-pVDZ
           MODE=   6   3, GRID=   9   9   B3LYP/cc-pVDZ
           MODE=   6   4, GRID=   9   9   B3LYP/cc-pVDZ
           MODE=   6   5, GRID=   9   9   B3LYP/cc-pVDZ
 
         o QFF  B3LYP/cc-pVDZ

           MODE=   4   1
 

         3MR-PEF

         o GRID PEF

           MODE=   5   4   3, GRID=   7   7   7   B3LYP/cc-pVDZ
           MODE=   6   3   2, GRID=   9   9   9   B3LYP/cc-pVDZ
           MODE=   6   4   2, GRID=   9   9   9   B3LYP/cc-pVDZ
 
         o QFF  B3LYP/cc-pVDZ

           MODE=   3   2   1
           MODE=   4   2   1
           MODE=   4   3   1
           MODE=   4   3   2
           MODE=   5   2   1
           MODE=   5   3   1
           MODE=   5   3   2
           MODE=   5   4   1
           MODE=   5   4   2
           MODE=   6   2   1
           MODE=   6   3   1
           MODE=   6   4   1
           MODE=   6   4   3
           MODE=   6   5   1
           MODE=   6   5   2
           MODE=   6   5   3
           MODE=   6   5   4
 

(  FINALIZE MRPES MODULE  )

            (MEMORY INFO)
            -- CURRENT USAGE    [     0.16 MB /  1200.00 MB (  0.0 % ) ]  -- 
            -- IN THE LAST STEP [     0.22 MB /  1200.00 MB (  0.0 % ) ]  -- 

            (CLOCK) ---->  LAST STEP: USER     0.01, SYSTEM     0.00 SECS   <----


(  ENTER VSCF MODULE  )

  ---  VIBRATIONAL SELF-CONSISTENT FIELD CALCULATIONS   ---

   >> SCF OPTIONS
       STATE SPECIFIC :        F
              RESTART :        F
        MAX ITERATION :       10
         CONV. THRESH : 0.10E-04

   >> FILES
       WFN READ/WRITE FILE : vscf_xxx.wfn

   >> STATE 000:   ZERO-POINT STATE

       o INITIAL GUESS FROM (CONTRACTED) HARMONIC OSCILLATOR 

   -- (ITERATION) -------- (EOLD) -------- (ENEW) ----- (DELTA E) --
                1         5784.93         5725.71      -0.592D+02
                2         5725.71         5723.96      -0.175D+01
                3         5723.96         5723.89      -0.681D-01
                4         5723.89         5723.89      -0.279D-02
                5         5723.89         5723.89      -0.115D-03
                6         5723.89         5723.89      -0.477D-05
   -----------------------------------------------------------------
       E(VSCF)=     5723.89137595

       o COEFFICIENTS

         -MODES-          1         2         3         4         5         6
              0    -0.99996  -0.99999   0.99944   0.99858   0.99095   0.99994
              1    -0.00000   0.00000  -0.03263   0.05093  -0.13064   0.00000
              2    -0.00831  -0.00516   0.00744   0.00294   0.01776   0.01019
              3     0.00000  -0.00000   0.00123   0.01534  -0.02443  -0.00000
              4     0.00124   0.00075  -0.00015   0.00167   0.00653  -0.00251
              5    -0.00000  -0.00000   0.00004   0.00014  -0.00138   0.00000
              6    -0.00005  -0.00003   0.00001   0.00053   0.00135  -0.00005
              7     0.00000   0.00000  -0.00000   0.00008  -0.00048  -0.00000
              8    -0.00000  -0.00000   0.00000   0.00001   0.00012   0.00002
              9     0.00000   0.00000   0.00000   0.00002  -0.00010  -0.00000
             10     0.00000   0.00000  -0.00000   0.00000   0.00004  -0.00000
 
       o VIBRATIONALLY AVERAGED STRUCTURE

         - Q0 -
              0.000000   -0.000000   -0.560693
              0.792584   -1.657375    0.000000
 
         - X0 -
             -0.000000   -0.000000   -1.138460
              0.000000    0.000000    1.142865
              0.000000    1.809331   -2.291326
              0.000000   -1.809331   -2.291326
 

(  FINALIZE VSCF MODULE  )

            (MEMORY INFO)
            -- CURRENT USAGE    [     0.16 MB /  1200.00 MB (  0.0 % ) ]  -- 
            -- IN THE LAST STEP [     0.18 MB /  1200.00 MB (  0.0 % ) ]  -- 

            (CLOCK) ---->  LAST STEP: USER     0.00, SYSTEM     0.00 SECS   <----


(  ENTER VCI MODULE  )

   >> VCI OPTIONS

       o VCI SPACE SELECTION
         - MAX NUM. OF MODES TO EXCITE :          3
         - MAX SUM OF QUANTUM NUM.     :          6
         - MAX EXCITATION OF EACH MODE :    6  6  6  6  6  6
 
       o VCI DIMENSION  :        662
       o NUM_OF_STATES  :        100

   >> VCI WITH ZERO-POINT VSCF REFERENCE

       o READ VSCF WFN   : [ vscf-000.wfn ]

       o DUMP VCI WFN    : [ vci-w.wfn ]

       o VIB. AV. GEOM. : F

   >> VCI MAIN

      o FORMING HAMILTONIAN MATRIX     ... DONE

            (CLOCK) ---->  LAST STEP: USER     0.06, SYSTEM     0.00 SECS   <----

      o DIAGONALIZING HAMILTONIAN MATRIX     ... DONE

            (CLOCK) ---->  LAST STEP: USER     0.05, SYSTEM     0.00 SECS   <----


         > STATE 00000: ZERO-POINT STATE

             E(VCI)   =     5703.52256

             COEFF.  WEIGHT      CONFIG.
             -0.999   0.997        0_0
             -0.044   0.002        5_1    6_2

         > STATE 00001:   1_1

             E(VCI)   =     6856.40167
             E(VCI)-E0=     1152.87910

             COEFF.  WEIGHT      CONFIG.
              0.998   0.995        1_1
              0.045   0.002        1_1    5_1    6_2
             -0.032   0.001        1_1    5_1

         > STATE 00002:   2_1

             E(VCI)   =     6930.56363
             E(VCI)-E0=     1227.04107

             COEFF.  WEIGHT      CONFIG.
              0.997   0.994        2_1
              0.045   0.002        2_1    5_1    6_2

         > STATE 00003:   3_1

             E(VCI)   =     7183.09882
             E(VCI)-E0=     1479.57625

             COEFF.  WEIGHT      CONFIG.
             -0.997   0.994        3_1
             -0.045   0.002        3_1    5_1    6_2

         > STATE 00004:   4_1

             E(VCI)   =     7511.13863
             E(VCI)-E0=     1807.61607

             COEFF.  WEIGHT      CONFIG.
             -0.997   0.994        4_1
             -0.043   0.002        4_1    5_1    6_2

         > STATE 00005:   1_2

             E(VCI)   =     8005.20605
             E(VCI)-E0=     2301.68349

             COEFF.  WEIGHT      CONFIG.
              0.981   0.963        1_2
              0.158   0.025        5_1
             -0.063   0.004        1_2    5_1
              0.045   0.002        1_2    5_1    6_2
              0.039   0.002        2_2

         > STATE 00006:   1_1    2_1

             E(VCI)   =     8103.76004
             E(VCI)-E0=     2400.23747

             COEFF.  WEIGHT      CONFIG.
              0.997   0.994        1_1    2_1
             -0.058   0.003        1_1    2_1    5_1

         > STATE 00007:   2_2

             E(VCI)   =     8155.75160
             E(VCI)-E0=     2452.22904

             COEFF.  WEIGHT      CONFIG.
             -0.979   0.958        2_2
             -0.161   0.026        5_1
              0.065   0.004        1_2
              0.046   0.002        2_2    3_1
              0.045   0.002        2_2    5_1
             -0.044   0.002        2_2    5_1    6_2

         > STATE 00008:   6_1

             E(VCI)   =     8340.23092
             E(VCI)-E0=     2636.70836

             COEFF.  WEIGHT      CONFIG.
              0.774   0.598        6_1
              0.598   0.358        2_1    3_1
              0.142   0.020        5_1    6_1
             -0.100   0.010        2_1    4_1
              0.066   0.004        5_1    6_3
             -0.036   0.001        2_2    6_1
              0.035   0.001        6_3

         > STATE 00009:   1_1    3_1

             E(VCI)   =     8353.51878
             E(VCI)-E0=     2649.99622

             COEFF.  WEIGHT      CONFIG.
             -0.996   0.993        1_1    3_1
              0.041   0.002        1_1    3_1    5_1

         > STATE 00010:   5_1

             E(VCI)   =     8404.60538
             E(VCI)-E0=     2701.08282

             COEFF.  WEIGHT      CONFIG.
              0.960   0.922        5_1
             -0.169   0.029        2_2
             -0.149   0.022        1_2
              0.130   0.017        6_2
             -0.060   0.004        5_2    6_2
              0.043   0.002        5_1    6_2
              0.039   0.002        3_2

         > STATE 00011:   2_1    3_1

             E(VCI)   =     8486.51071
             E(VCI)-E0=     2782.98815

             COEFF.  WEIGHT      CONFIG.
             -0.794   0.631        2_1    3_1
              0.579   0.335        6_1
              0.114   0.013        5_1    6_1
             -0.104   0.011        2_1    4_1
              0.050   0.003        5_1    6_3
              0.037   0.001        2_3

         > STATE 00012:   3_2

             E(VCI)   =     8663.06809
             E(VCI)-E0=     2959.54552

             COEFF.  WEIGHT      CONFIG.
              0.994   0.988        3_2
              0.046   0.002        3_2    5_1    6_2
             -0.038   0.001        2_1    3_1    6_1
             -0.038   0.001        5_1
             -0.036   0.001        3_2    4_1
             -0.035   0.001        2_2    3_1

         > STATE 00013:   1_1    4_1

             E(VCI)   =     8675.63638
             E(VCI)-E0=     2972.11382

             COEFF.  WEIGHT      CONFIG.
              0.997   0.994        1_1    4_1
             -0.042   0.002        1_1    4_1    5_1

         > STATE 00014:   2_1    4_1

             E(VCI)   =     8758.22302
             E(VCI)-E0=     3054.70046

             COEFF.  WEIGHT      CONFIG.
             -0.986   0.971        2_1    4_1
             -0.139   0.019        6_1
              0.048   0.002        2_1    3_1    4_1
              0.033   0.001        2_1    4_1    5_1
             -0.032   0.001        5_1    6_1

         > STATE 00015:   3_1    4_1

             E(VCI)   =     9004.97941
             E(VCI)-E0=     3301.45684

             COEFF.  WEIGHT      CONFIG.
             -0.995   0.989        3_1    4_1
             -0.037   0.001        3_2    4_1
              0.035   0.001        3_3

         > STATE 00016:   1_3

             E(VCI)   =     9155.94537
             E(VCI)-E0=     3452.42281

             COEFF.  WEIGHT      CONFIG.
             -0.948   0.899        1_3
              0.278   0.077        1_1    5_1
              0.087   0.008        1_3    5_1
              0.063   0.004        1_1    2_2
             -0.044   0.002        1_3    5_1    6_2
              0.041   0.002        1_3    5_2
             -0.037   0.001        1_3    3_1
              0.034   0.001        1_1    5_2
             -0.032   0.001        1_1    4_1
             -0.032   0.001        1_5    5_1

         > STATE 00017:   1_2    2_1

             E(VCI)   =     9252.00423
             E(VCI)-E0=     3548.48167

             COEFF.  WEIGHT      CONFIG.
              0.969   0.939        1_2    2_1
              0.202   0.041        2_1    5_1
             -0.087   0.008        2_3
             -0.087   0.008        1_2    2_1    5_1
             -0.033   0.001        1_2    2_1    5_2

         > STATE 00018:   4_2

             E(VCI)   =     9298.38004
             E(VCI)-E0=     3594.85747

             COEFF.  WEIGHT      CONFIG.
              0.995   0.990        4_2
             -0.051   0.003        3_1    4_2
              0.043   0.002        4_2    5_1    6_2

         > STATE 00019:   1_1    2_2

             E(VCI)   =     9334.23346
             E(VCI)-E0=     3630.71090

             COEFF.  WEIGHT      CONFIG.
             -0.968   0.937        1_1    2_2
             -0.191   0.037        1_1    5_1
             -0.121   0.015        1_3
              0.079   0.006        1_1    2_2    5_1

         > STATE 00020:   2_3

             E(VCI)   =     9381.74283
             E(VCI)-E0=     3678.22027

             COEFF.  WEIGHT      CONFIG.
             -0.938   0.880        2_3
              0.280   0.078        2_1    5_1
             -0.145   0.021        1_2    2_1
              0.065   0.004        2_3    3_1
              0.063   0.004        2_3    5_1
             -0.050   0.002        2_1    3_1
             -0.043   0.002        2_3    5_1    6_2

         > STATE 00021:   1_1    6_1

             E(VCI)   =     9462.50345
             E(VCI)-E0=     3758.98088

             COEFF.  WEIGHT      CONFIG.
              0.885   0.783        1_1    6_1
              0.417   0.174        1_1    2_1    3_1
              0.144   0.021        1_1    5_1    6_1
             -0.095   0.009        1_1    2_1    4_1
              0.080   0.006        1_1    5_1    6_3
              0.052   0.003        1_1    6_3

         > STATE 00022:   1_2    3_1

             E(VCI)   =     9500.64661
             E(VCI)-E0=     3797.12405

             COEFF.  WEIGHT      CONFIG.
             -0.971   0.943        1_2    3_1
             -0.184   0.034        3_1    5_1
              0.072   0.005        1_2    3_1    5_1
             -0.066   0.004        2_2    3_1
              0.048   0.002        2_1    6_1
              0.038   0.001        1_4
              0.036   0.001        1_2    3_2

         > STATE 00023:   2_1    6_1

             E(VCI)   =     9522.17860
             E(VCI)-E0=     3818.65603

             COEFF.  WEIGHT      CONFIG.
              0.828   0.685        2_1    6_1
             -0.501   0.251        2_2    3_1
              0.139   0.019        2_1    5_1    6_1
              0.117   0.014        2_2    4_1
              0.074   0.005        2_1    5_1    6_3
              0.072   0.005        1_2    3_1
              0.048   0.002        2_1    6_3
              0.043   0.002        2_3    6_1
             -0.042   0.002        2_1    3_1    6_1
              0.042   0.002        3_1    6_2
             -0.038   0.001        2_2
             -0.035   0.001        2_2    3_1    6_2

         > STATE 00024:   1_1    5_1

             E(VCI)   =     9539.69539
             E(VCI)-E0=     3836.17283

             COEFF.  WEIGHT      CONFIG.
             -0.922   0.851        1_1    5_1
             -0.260   0.068        1_3
              0.219   0.048        1_1    2_2
             -0.141   0.020        1_1    6_2
              0.060   0.004        1_1    5_2    6_2
             -0.050   0.002        1_1    5_1    6_2
             -0.043   0.002        1_1    3_2
             -0.032   0.001        1_1    5_2

         > STATE 00025:   2_1    5_1

             E(VCI)   =     9614.51541
             E(VCI)-E0=     3910.99285

             COEFF.  WEIGHT      CONFIG.
              0.908   0.824        2_1    5_1
              0.303   0.092        2_3
             -0.165   0.027        1_2    2_1
              0.145   0.021        2_1    6_2
              0.142   0.020        3_1    6_1
             -0.059   0.004        2_1    5_2    6_2
              0.050   0.002        3_1    5_1    6_1
              0.049   0.002        2_1    5_1    6_2
             -0.037   0.001        4_1    6_1

         > STATE 00026:   1_1    2_1    3_1

             E(VCI)   =     9643.42327
             E(VCI)-E0=     3939.90071

             COEFF.  WEIGHT      CONFIG.
              0.905   0.819        1_1    2_1    3_1
             -0.405   0.164        1_1    6_1
              0.074   0.005        1_1    2_1    4_1
             -0.071   0.005        1_1    5_1    6_1
             -0.039   0.002        1_1    2_3
             -0.037   0.001        1_1    5_1    6_3

         > STATE 00027:   2_2    3_1

             E(VCI)   =     9704.56935
             E(VCI)-E0=     4001.04679

             COEFF.  WEIGHT      CONFIG.
             -0.796   0.634        2_2    3_1
             -0.446   0.199        2_1    6_1
             -0.334   0.111        3_1    5_1
             -0.116   0.013        2_2    4_1
              0.094   0.009        1_2    3_1
             -0.093   0.009        2_1    5_1    6_1
             -0.057   0.003        2_2    3_2
             -0.057   0.003        3_1    6_2
              0.051   0.003        2_2    3_1    5_1
              0.050   0.002        2_4
             -0.043   0.002        2_1    5_1    6_3
             -0.034   0.001        2_2

         > STATE 00028:   3_1    6_1

             E(VCI)   =     9767.06715
             E(VCI)-E0=     4063.54459

             COEFF.  WEIGHT      CONFIG.
             -0.807   0.652        3_1    6_1
              0.521   0.271        2_1    3_2
             -0.144   0.021        3_1    5_1    6_1
              0.138   0.019        2_1    5_1
              0.105   0.011        2_1    3_1    4_1
             -0.072   0.005        3_1    5_1    6_3
              0.068   0.005        4_1    6_1
             -0.046   0.002        3_1    6_3
             -0.036   0.001        3_3    6_1
              0.035   0.001        2_2    3_1    6_1
              0.035   0.001        2_1    3_2    6_2

         > STATE 00029:   1_2    4_1

             E(VCI)   =     9819.50298
             E(VCI)-E0=     4115.98042

             COEFF.  WEIGHT      CONFIG.
             -0.976   0.952        1_2    4_1
             -0.169   0.029        4_1    5_1
              0.073   0.005        1_2    4_1    5_1
              0.051   0.003        3_1    5_1
             -0.043   0.002        2_2    4_1
             -0.035   0.001        1_4

         > STATE 00030:   1_1    3_2

             E(VCI)   =     9838.37633
             E(VCI)-E0=     4134.85377

             COEFF.  WEIGHT      CONFIG.
             -0.994   0.987        1_1    3_2
              0.048   0.002        1_1    3_2    5_1
              0.042   0.002        1_1    3_2    4_1
              0.041   0.002        1_1    5_1
              0.040   0.002        1_3    3_1
              0.033   0.001        1_1    2_2    3_1

         > STATE 00031:   3_1    5_1

             E(VCI)   =     9866.37617
             E(VCI)-E0=     4162.85361

             COEFF.  WEIGHT      CONFIG.
             -0.898   0.807        3_1    5_1
              0.287   0.083        2_2    3_1
              0.176   0.031        2_1    6_1
              0.161   0.026        1_2    3_1
              0.131   0.017        2_2    4_1
             -0.122   0.015        3_1    6_2
             -0.076   0.006        1_2    4_1
              0.059   0.003        3_1    5_2    6_2
              0.049   0.002        3_3
              0.048   0.002        4_1    5_1
             -0.045   0.002        3_1    5_1    6_2

         > STATE 00032:   1_1    2_1    4_1

             E(VCI)   =     9929.28421
             E(VCI)-E0=     4225.76165

             COEFF.  WEIGHT      CONFIG.
              0.991   0.982        1_1    2_1    4_1
              0.114   0.013        1_1    6_1

         > STATE 00033:   2_1    3_2

             E(VCI)   =     9975.38073
             E(VCI)-E0=     4271.85817

             COEFF.  WEIGHT      CONFIG.
             -0.841   0.707        2_1    3_2
             -0.487   0.237        3_1    6_1
              0.121   0.015        2_1    3_1    4_1
             -0.096   0.009        3_1    5_1    6_1
              0.090   0.008        4_1    6_1
              0.076   0.006        2_1    5_1
             -0.052   0.003        2_3    3_1
             -0.045   0.002        3_1    5_1    6_3
              0.044   0.002        2_1    3_2    4_1
             -0.039   0.002        2_1    3_3
              0.037   0.001        2_1    3_2    5_1
             -0.032   0.001        2_2    3_1    6_1

         > STATE 00034:   2_2    4_1

             E(VCI)   =     9985.27134
             E(VCI)-E0=     4281.74878

             COEFF.  WEIGHT      CONFIG.
              0.948   0.899        2_2    4_1
              0.190   0.036        4_1    5_1
             -0.171   0.029        2_1    6_1
              0.093   0.009        3_1    5_1
             -0.077   0.006        2_2    3_1
             -0.067   0.004        1_2    4_1
             -0.066   0.004        2_2    3_1    4_1
             -0.056   0.003        2_2    4_1    5_1
             -0.039   0.002        2_1    5_1    6_1
              0.033   0.001        2_3    6_1

         > STATE 00035:   3_3

             E(VCI)   =    10144.86227
             E(VCI)-E0=     4441.33971

             COEFF.  WEIGHT      CONFIG.
              0.990   0.981        3_3
             -0.053   0.003        3_3    4_1
              0.048   0.002        3_3    5_1    6_2
              0.048   0.002        3_1    5_1
             -0.044   0.002        2_1    3_2    6_1
             -0.040   0.002        2_2    3_2
              0.033   0.001        3_1    4_1

         > STATE 00036:   4_1    6_1

             E(VCI)   =    10157.36274
             E(VCI)-E0=     4453.84018

             COEFF.  WEIGHT      CONFIG.
             -0.778   0.605        4_1    6_1
             -0.550   0.303        2_1    3_1    4_1
             -0.178   0.032        3_1    6_1
             -0.142   0.020        2_1    4_2
             -0.137   0.019        4_1    5_1    6_1
             -0.065   0.004        4_1    5_1    6_3
             -0.064   0.004        2_1    3_2
             -0.039   0.002        3_1    5_1    6_1
              0.036   0.001        2_2    4_1    6_1
              0.035   0.001        3_1    4_1    6_1
             -0.033   0.001        4_1    6_3

         > STATE 00037:   1_1    3_1    4_1

             E(VCI)   =    10165.89882
             E(VCI)-E0=     4462.37626

             COEFF.  WEIGHT      CONFIG.
             -0.996   0.991        1_1    3_1    4_1
              0.035   0.001        1_1    3_3
             -0.035   0.001        1_1    3_1    4_2

         > STATE 00038:   4_1    5_1

             E(VCI)   =    10218.96474
             E(VCI)-E0=     4515.44218

             COEFF.  WEIGHT      CONFIG.
             -0.949   0.901        4_1    5_1
              0.198   0.039        2_2    4_1
              0.156   0.024        1_2    4_1
             -0.128   0.016        4_1    6_2
              0.059   0.003        4_1    5_2    6_2
             -0.056   0.003        2_1    6_1
             -0.051   0.003        3_1    5_1
             -0.044   0.002        3_2    4_1
             -0.040   0.002        4_1    5_1    6_2
              0.036   0.001        3_1    4_2

         > STATE 00039:   2_1    3_1    4_1

             E(VCI)   =    10291.66739
             E(VCI)-E0=     4588.14483

             COEFF.  WEIGHT      CONFIG.
              0.806   0.650        2_1    3_1    4_1
             -0.537   0.288        4_1    6_1
             -0.171   0.029        2_1    4_2
             -0.100   0.010        4_1    5_1    6_1
              0.061   0.004        2_1    3_2    4_1
              0.057   0.003        3_1    6_1
             -0.046   0.002        4_1    5_1    6_3
              0.040   0.002        2_1    4_1
              0.039   0.002        2_1    3_1    4_2
             -0.038   0.001        2_3    4_1
             -0.035   0.001        2_1    5_1
              0.034   0.001        3_1    4_1    6_1

         > STATE 00040:   1_4

             E(VCI)   =    10325.11437
             E(VCI)-E0=     4621.59180

             COEFF.  WEIGHT      CONFIG.
             -0.888   0.788        1_4
             -0.410   0.168        1_2    5_1
              0.109   0.012        1_4    5_1
             -0.104   0.011        1_2    2_2
             -0.059   0.004        1_2    5_2
              0.050   0.002        1_2    4_1
              0.049   0.002        1_4    5_2
              0.049   0.002        5_2
             -0.045   0.002        1_4    3_1
             -0.039   0.002        1_2
             -0.039   0.002        1_2    3_1

         > STATE 00041:   1_3    2_1

             E(VCI)   =    10406.44105
             E(VCI)-E0=     4702.91849

             COEFF.  WEIGHT      CONFIG.
              0.934   0.872        1_3    2_1
             -0.306   0.093        1_1    2_1    5_1
              0.114   0.013        1_1    2_3
             -0.111   0.012        1_3    2_1    5_1
             -0.047   0.002        1_1    2_1    5_2
             -0.045   0.002        1_3    2_1    5_2
              0.033   0.001        1_1    2_1    4_1

         > STATE 00042:   1_1    4_2

             E(VCI)   =    10460.45908
             E(VCI)-E0=     4756.93651

             COEFF.  WEIGHT      CONFIG.
             -0.995   0.990        1_1    4_2
              0.052   0.003        1_1    4_2    5_1
             -0.039   0.002        1_3    4_1
              0.038   0.001        1_1    3_1    4_2

         > STATE 00043:   3_2    4_1

             E(VCI)   =    10484.53704
             E(VCI)-E0=     4781.01448

             COEFF.  WEIGHT      CONFIG.
             -0.989   0.977        3_2    4_1
             -0.053   0.003        3_2    4_2
              0.049   0.002        3_4
             -0.046   0.002        3_3    4_1
              0.043   0.002        4_1    5_1
              0.039   0.002        3_1    4_1
              0.036   0.001        2_2    3_1    4_1
             -0.036   0.001        3_2

         > STATE 00044:   1_2    2_2

             E(VCI)   =    10486.29016
             E(VCI)-E0=     4782.76760

             COEFF.  WEIGHT      CONFIG.
             -0.925   0.855        1_2    2_2
             -0.230   0.053        2_2    5_1
              0.189   0.036        1_4
             -0.151   0.023        1_2    5_1
              0.107   0.012        2_4
              0.104   0.011        1_2    2_2    5_1
              0.050   0.002        5_2
              0.041   0.002        1_2    2_2    5_2

         > STATE 00045:   2_1    4_2

             E(VCI)   =    10549.06426
             E(VCI)-E0=     4845.54170

             COEFF.  WEIGHT      CONFIG.
             -0.967   0.935        2_1    4_2
              0.210   0.044        4_1    6_1
              0.070   0.005        2_1    3_1    4_2
             -0.062   0.004        2_1    3_1    4_1
              0.045   0.002        4_1    5_1    6_1
              0.042   0.002        2_1    4_2    5_1
              0.040   0.002        2_2    4_1    6_1

         > STATE 00046:   1_1    2_3

             E(VCI)   =    10567.68935
             E(VCI)-E0=     4864.16679

             COEFF.  WEIGHT      CONFIG.
              0.931   0.866        1_1    2_3
             -0.270   0.073        1_1    2_1    5_1
             -0.204   0.042        1_3    2_1
             -0.095   0.009        1_1    2_3    5_1
             -0.049   0.002        1_1    2_3    3_1
              0.047   0.002        1_1    2_1    3_1
             -0.038   0.001        1_1    2_3    5_2
             -0.034   0.001        1_1    2_1    5_2

         > STATE 00047:   1_2    6_1

             E(VCI)   =    10579.89276
             E(VCI)-E0=     4876.37020

             COEFF.  WEIGHT      CONFIG.
             -0.920   0.846        1_2    6_1
             -0.321   0.103        1_2    2_1    3_1
             -0.126   0.016        1_2    5_1    6_1
             -0.089   0.008        5_1    6_1
              0.088   0.008        1_2    2_1    4_1
             -0.083   0.007        1_2    5_1    6_3
             -0.066   0.004        1_2    6_3
             -0.051   0.003        2_1    3_1    5_1
              0.042   0.002        1_4    6_1

         > STATE 00048:   2_4

             E(VCI)   =    10627.11146
             E(VCI)-E0=     4923.58889

             COEFF.  WEIGHT      CONFIG.
              0.864   0.746        2_4
             -0.423   0.179        2_2    5_1
              0.195   0.038        1_2    2_2
             -0.080   0.006        2_4    5_1
             -0.079   0.006        2_4    3_1
              0.067   0.005        2_2    3_1
              0.063   0.004        1_2    5_1
              0.046   0.002        5_2
             -0.042   0.002        2_2    5_2
             -0.039   0.002        2_2    6_2
             -0.036   0.001        2_4    5_2
             -0.034   0.001        1_4

         > STATE 00049:   1_3    3_1

             E(VCI)   =    10654.98935
             E(VCI)-E0=     4951.46679

             COEFF.  WEIGHT      CONFIG.
             -0.941   0.886        1_3    3_1
              0.284   0.081        1_1    3_1    5_1
              0.097   0.009        1_3    3_1    5_1
              0.068   0.005        1_1    2_2    3_1
              0.052   0.003        1_3    3_2
              0.045   0.002        1_5
              0.041   0.002        1_3    3_1    5_2
             -0.041   0.002        1_1    3_2
              0.040   0.002        1_3
             -0.039   0.002        1_1    2_1    6_1
              0.037   0.001        1_1    3_1    5_2
              0.033   0.001        1_3    3_1    4_1
             -0.032   0.001        1_1    3_1    4_1

         > STATE 00050:   1_2    5_1

             E(VCI)   =    10686.28757
             E(VCI)-E0=     4982.76501

             COEFF.  WEIGHT      CONFIG.
             -0.846   0.715        1_2    5_1
              0.387   0.150        1_4
              0.233   0.054        1_2    2_2
              0.198   0.039        5_2
             -0.142   0.020        1_2    6_2
             -0.057   0.003        1_2    5_2
              0.055   0.003        1_2    5_2    6_2
             -0.049   0.002        1_2    5_1    6_2
             -0.046   0.002        1_2
             -0.042   0.002        1_2    3_2
              0.038   0.001        6_2
             -0.034   0.001        1_2    5_3

         > STATE 00051:   2_2    6_1

             E(VCI)   =    10721.98493
             E(VCI)-E0=     5018.46237

             COEFF.  WEIGHT      CONFIG.
             -0.858   0.735        2_2    6_1
              0.437   0.191        2_3    3_1
             -0.128   0.016        2_3    4_1
             -0.125   0.016        2_2    5_1    6_1
             -0.075   0.006        2_2    5_1    6_3
             -0.073   0.005        5_1    6_1
              0.060   0.004        2_2    3_1    6_1
             -0.058   0.003        2_2    6_3
              0.053   0.003        2_3
             -0.050   0.002        2_4    6_1
              0.046   0.002        2_1    3_1    6_2
              0.039   0.002        2_3    3_1    6_2
              0.036   0.001        2_3    3_2
             -0.036   0.001        2_1    3_1
             -0.035   0.001        2_1    3_2
              0.032   0.001        1_2    6_1

         > STATE 00052:   1_1    2_1    6_1

             E(VCI)   =    10740.10535
             E(VCI)-E0=     5036.58278

             COEFF.  WEIGHT      CONFIG.
              0.810   0.656        1_1    2_1    6_1
             -0.561   0.315        1_1    2_2    3_1
              0.118   0.014        1_1    2_2    4_1
             -0.076   0.006        1_3    3_1
              0.044   0.002        1_1    2_3    6_1

         > STATE 00053:   3_1    4_2

             E(VCI)   =    10790.04962
             E(VCI)-E0=     5086.52706

             COEFF.  WEIGHT      CONFIG.
              0.989   0.978        3_1    4_2
              0.072   0.005        3_2    4_2
              0.051   0.003        4_2
              0.049   0.002        3_3    4_1
              0.034   0.001        3_1    4_3
              0.033   0.001        4_1    5_1

         > STATE 00054:   1_2    2_1    3_1

             E(VCI)   =    10801.16400
             E(VCI)-E0=     5097.64143

             COEFF.  WEIGHT      CONFIG.
             -0.910   0.828        1_2    2_1    3_1
              0.316   0.100        1_2    6_1
             -0.218   0.048        2_1    3_1    5_1
              0.070   0.005        2_2    6_1
             -0.063   0.004        1_2    2_1    4_1
              0.058   0.003        2_3    3_1
              0.049   0.002        1_2    5_1    6_1
              0.039   0.001        1_2    2_3
              0.034   0.001        1_4    2_1

         > STATE 00055:   1_1    2_1    5_1

             E(VCI)   =    10806.80550
             E(VCI)-E0=     5103.28294

             COEFF.  WEIGHT      CONFIG.
             -0.892   0.797        1_1    2_1    5_1
             -0.322   0.104        1_1    2_3
             -0.259   0.067        1_3    2_1
             -0.136   0.018        1_1    2_1    6_2
             -0.065   0.004        1_1    2_1    5_2
             -0.063   0.004        1_1    3_1    6_1
             -0.046   0.002        1_1    2_1

         > STATE 00056:   2_2    5_1

             E(VCI)   =    10847.59300
             E(VCI)-E0=     5144.07043

             COEFF.  WEIGHT      CONFIG.
             -0.815   0.663        2_2    5_1
             -0.461   0.213        2_4
              0.233   0.054        5_2
              0.151   0.023        1_2    2_2
             -0.136   0.018        2_2    6_2
              0.074   0.005        2_1    3_1    6_1
              0.071   0.005        1_2    5_1
              0.052   0.003        2_2    5_2    6_2
             -0.043   0.002        2_2    5_1    6_2
             -0.037   0.001        2_2    5_2
              0.037   0.001        2_4    3_1
              0.036   0.001        6_2

         > STATE 00057:   6_2

             E(VCI)   =    10895.60815
             E(VCI)-E0=     5192.08559

             COEFF.  WEIGHT      CONFIG.
              0.674   0.455        6_2
             -0.408   0.166        5_2
              0.403   0.162        2_1    3_1    6_1
              0.322   0.104        5_1    6_2
              0.177   0.031        2_2    3_2
             -0.115   0.013        5_1
             -0.110   0.012        2_1    4_1    6_1
              0.105   0.011        5_1    6_4
              0.076   0.006        6_4
             -0.064   0.004        5_2    6_2
              0.061   0.004        2_2    3_1    4_1
             -0.053   0.003        2_2    6_2
             -0.049   0.002        1_2    5_1
              0.045   0.002        2_1    6_1
             -0.044   0.002        5_2    6_4
             -0.041   0.002        3_2    6_2
             -0.039   0.002        3_1    6_2
             -0.038   0.001        2_2    5_1
             -0.035   0.001        1_2    6_2
              0.035   0.001        2_1    3_1    6_3
              0.033   0.001        5_3    6_2
              0.032   0.001        3_2

         > STATE 00058:   1_1    2_2    3_1

             E(VCI)   =    10910.63830
             E(VCI)-E0=     5207.11574

             COEFF.  WEIGHT      CONFIG.
              0.757   0.573        1_1    2_2    3_1
              0.521   0.271        1_1    2_1    6_1
              0.324   0.105        1_1    3_1    5_1
              0.146   0.021        1_1    2_2    4_1
              0.129   0.017        1_3    3_1
              0.059   0.003        1_1    3_1    6_2
             -0.046   0.002        1_1    2_4
              0.040   0.002        1_1    2_2    3_2

         > STATE 00059:   5_1    6_1

             E(VCI)   =    10912.12182
             E(VCI)-E0=     5208.59926

             COEFF.  WEIGHT      CONFIG.
              0.605   0.366        5_1    6_1
             -0.453   0.206        2_3    3_1
              0.444   0.197        2_1    3_1    5_1
             -0.269   0.072        2_2    6_1
             -0.189   0.036        1_2    2_1    3_1
             -0.163   0.027        5_2    6_1
             -0.143   0.020        6_1
              0.142   0.020        6_3
             -0.081   0.007        5_2    6_3
             -0.076   0.006        2_2    5_1    6_1
              0.076   0.006        5_1    6_3
             -0.075   0.006        2_1    4_1    5_1
              0.070   0.005        2_1    3_1    6_2
             -0.064   0.004        2_3    4_1
             -0.058   0.003        3_2    6_1
             -0.048   0.002        2_3    3_2
              0.042   0.002        2_3    3_1    5_1
             -0.035   0.001        3_2    5_1    6_1
              0.035   0.001        2_5
              0.035   0.001        2_1    3_2

         > STATE 00060:   2_3    3_1

             E(VCI)   =    10951.09041
             E(VCI)-E0=     5247.56784

             COEFF.  WEIGHT      CONFIG.
             -0.663   0.439        2_3    3_1
             -0.604   0.364        5_1    6_1
             -0.267   0.071        2_2    6_1
              0.162   0.026        5_2    6_1
             -0.128   0.016        6_3
              0.125   0.016        6_1
             -0.112   0.013        2_3    4_1
              0.092   0.008        2_1    3_1    5_1
              0.081   0.007        5_2    6_3
             -0.071   0.005        5_1    6_3
             -0.068   0.005        2_3    3_2
              0.061   0.004        1_2    6_1
              0.061   0.004        2_1    4_1    5_1
              0.055   0.003        2_3    3_1    5_1
              0.052   0.003        2_5
             -0.047   0.002        1_2    2_1    3_1
             -0.043   0.002        2_3
              0.042   0.002        2_1    3_2
             -0.034   0.001        2_2    5_1    6_1

         > STATE 00061:   1_3    4_1

             E(VCI)   =    10970.96132
             E(VCI)-E0=     5267.43876

             COEFF.  WEIGHT      CONFIG.
             -0.950   0.902        1_3    4_1
              0.264   0.070        1_1    4_1    5_1
              0.099   0.010        1_3    4_1    5_1
              0.047   0.002        1_1    4_2
              0.047   0.002        1_1    2_2    4_1
             -0.040   0.002        1_5
             -0.040   0.002        1_1    3_1    5_1
              0.037   0.001        1_3    4_1    5_2
             -0.037   0.001        1_3    5_1
              0.037   0.001        1_1    4_1    5_2
             -0.036   0.001        1_3    3_1

         > STATE 00062:   1_2    3_2

             E(VCI)   =    10988.24362
             E(VCI)-E0=     5284.72106

             COEFF.  WEIGHT      CONFIG.
             -0.966   0.932        1_2    3_2
             -0.202   0.041        3_2    5_1
              0.077   0.006        1_2    3_2    5_1
             -0.055   0.003        2_2    3_2
             -0.052   0.003        1_4    3_1
              0.046   0.002        1_2    3_2    4_1
              0.044   0.002        1_2    3_3
              0.039   0.002        1_2    5_1
             -0.038   0.001        1_2    3_1
              0.032   0.001        1_2    3_2    5_2

         > STATE 00063:   1_1    3_1    6_1

             E(VCI)   =    10989.58776
             E(VCI)-E0=     5286.06520

             COEFF.  WEIGHT      CONFIG.
              0.791   0.626        1_1    3_1    6_1
             -0.601   0.361        1_1    2_1    3_2
             -0.053   0.003        1_1    4_1    6_1
             -0.041   0.002        1_1    2_1    5_1
              0.036   0.001        1_1    3_3    6_1
              0.035   0.001        1_1    2_1    6_2
             -0.032   0.001        1_1    2_3    3_1
              0.032   0.001        1_3    3_1    6_1

         > STATE 00064:   5_2

             E(VCI)   =    11039.03909
             E(VCI)-E0=     5335.51652

             COEFF.  WEIGHT      CONFIG.
             -0.597   0.357        5_2
             -0.523   0.274        2_1    3_1    6_1
             -0.506   0.256        2_2    3_2
             -0.199   0.040        2_2    5_1
             -0.131   0.017        1_2    5_1
              0.129   0.017        5_1    6_2
             -0.083   0.007        2_2    3_1    4_1
             -0.056   0.003        2_4
             -0.050   0.002        5_2    6_2
              0.049   0.002        1_2    3_2
              0.046   0.002        5_3    6_2
              0.040   0.002        2_2    3_1
              0.039   0.002        2_1    4_1    6_1
             -0.038   0.001        2_3    3_1    6_1
              0.037   0.001        1_2    2_2
             -0.036   0.001        2_4    3_1
             -0.035   0.001        2_2    3_3
             -0.034   0.001        2_1    3_2    6_1
             -0.033   0.001        2_1    3_3    6_1

         > STATE 00065:   1_1    3_1    5_1

             E(VCI)   =    11048.05085
             E(VCI)-E0=     5344.52828

             COEFF.  WEIGHT      CONFIG.
              0.879   0.772        1_1    3_1    5_1
             -0.300   0.090        1_1    2_2    3_1
              0.255   0.065        1_3    3_1
             -0.161   0.026        1_1    2_1    6_1
              0.118   0.014        1_1    3_1    6_2
             -0.114   0.013        1_1    2_2    4_1
             -0.068   0.005        1_1    3_3
             -0.065   0.004        1_3    4_1
              0.048   0.002        1_1    3_1    5_2
              0.039   0.002        1_1    3_1
             -0.034   0.001        1_1    4_1    5_1
             -0.032   0.001        1_1    3_2    4_1

         > STATE 00066:   4_3

             E(VCI)   =    11069.02219
             E(VCI)-E0=     5365.49963

             COEFF.  WEIGHT      CONFIG.
             -0.992   0.983        4_3
              0.074   0.005        3_1    4_3
             -0.044   0.002        4_3    5_1    6_2
             -0.038   0.001        2_1    4_2    6_1
              0.034   0.001        3_2    4_2

         > STATE 00067:   1_2    2_1    4_1

             E(VCI)   =    11089.36460
             E(VCI)-E0=     5385.84204

             COEFF.  WEIGHT      CONFIG.
             -0.969   0.939        1_2    2_1    4_1
             -0.179   0.032        2_1    4_1    5_1
             -0.098   0.010        1_2    6_1
              0.082   0.007        2_3    4_1
             -0.054   0.003        5_1    6_1
              0.037   0.001        2_1    3_1    5_1
             -0.036   0.001        1_4    2_1

         > STATE 00068:   2_2    3_2

             E(VCI)   =    11123.26484
             E(VCI)-E0=     5419.74227

             COEFF.  WEIGHT      CONFIG.
             -0.553   0.305        2_2    3_2
              0.543   0.295        5_2
              0.493   0.243        6_2
             -0.205   0.042        3_2    5_1
              0.156   0.024        2_2    5_1
             -0.138   0.019        2_1    3_1    6_1
              0.129   0.017        1_2    5_1
             -0.087   0.008        2_1    4_1    6_1
              0.083   0.007        5_1    6_2
              0.079   0.006        1_2    3_2
             -0.068   0.005        5_1
              0.057   0.003        5_1    6_4
             -0.047   0.002        2_4    3_1
             -0.044   0.002        2_2    3_3
              0.041   0.002        2_2    3_1
             -0.040   0.002        5_3    6_2
             -0.038   0.001        3_1    4_1    5_1
             -0.037   0.001        2_3    3_1    6_1
             -0.034   0.001        3_1    6_2
              0.032   0.001        2_2    3_2    5_1

         > STATE 00069:   2_1    3_1    5_1

             E(VCI)   =    11149.55644
             E(VCI)-E0=     5446.03388

             COEFF.  WEIGHT      CONFIG.
              0.768   0.590        2_1    3_1    5_1
              0.312   0.097        2_3    3_1
             -0.305   0.093        3_2    6_1
             -0.272   0.074        5_1    6_1
              0.219   0.048        2_3    4_1
              0.141   0.020        2_2    6_1
             -0.138   0.019        1_2    2_1    3_1
              0.119   0.014        2_1    3_1    6_2
              0.080   0.006        5_2    6_1
              0.073   0.005        2_1    3_3
             -0.072   0.005        3_2    5_1    6_1
              0.069   0.005        1_2    2_1    4_1
             -0.054   0.003        6_3
              0.047   0.002        6_1
             -0.042   0.002        3_1    4_1    6_1
              0.038   0.001        5_2    6_3
              0.037   0.001        1_2    6_1
              0.035   0.001        2_3    3_2
             -0.033   0.001        5_1    6_3
              0.033   0.001        2_1    3_1    5_2

         > STATE 00070:   1_1    2_2    4_1

             E(VCI)   =    11176.53491
             E(VCI)-E0=     5473.01234

             COEFF.  WEIGHT      CONFIG.
             -0.950   0.902        1_1    2_2    4_1
              0.191   0.036        1_1    2_1    6_1
             -0.188   0.035        1_1    4_1    5_1
             -0.096   0.009        1_3    4_1
              0.082   0.007        1_1    2_2    3_1
             -0.068   0.005        1_1    3_1    5_1
             -0.032   0.001        1_1    2_3    6_1

         > STATE 00071:   1_1    2_1    3_2

             E(VCI)   =    11180.24579
             E(VCI)-E0=     5476.72323

             COEFF.  WEIGHT      CONFIG.
              0.794   0.631        1_1    2_1    3_2
              0.594   0.353        1_1    3_1    6_1
             -0.069   0.005        1_1    4_1    6_1
             -0.060   0.004        1_1    2_1    5_1
              0.046   0.002        1_1    2_3    3_1

         > STATE 00072:   3_2    6_1

             E(VCI)   =    11208.19728
             E(VCI)-E0=     5504.67472

             COEFF.  WEIGHT      CONFIG.
              0.743   0.551        3_2    6_1
             -0.421   0.177        2_1    3_3
              0.392   0.154        2_3    4_1
              0.207   0.043        2_1    3_1    5_1
              0.127   0.016        3_2    5_1    6_1
             -0.115   0.013        2_1    4_1    5_1
             -0.093   0.009        2_1    3_2    4_1
              0.066   0.004        3_2    5_1    6_3
              0.062   0.004        1_2    2_1    4_1
              0.062   0.004        3_1    4_1    6_1
              0.050   0.003        3_2    6_3
             -0.041   0.002        2_3    3_1    4_1
             -0.039   0.002        1_2    2_1    3_1
              0.038   0.001        3_4    6_1
             -0.037   0.001        2_2    6_1
             -0.036   0.001        5_1    6_1
             -0.035   0.001        2_1    3_3    6_2
              0.032   0.001        2_1    3_1

         > STATE 00073:   2_3    4_1

             E(VCI)   =    11219.54516
             E(VCI)-E0=     5516.02260

             COEFF.  WEIGHT      CONFIG.
             -0.804   0.647        2_3    4_1
              0.279   0.078        3_2    6_1
              0.268   0.072        2_1    3_1    5_1
              0.259   0.067        2_1    4_1    5_1
              0.189   0.036        2_2    6_1
             -0.183   0.033        2_1    3_3
              0.159   0.025        2_3    3_1
             -0.107   0.012        1_2    2_1    4_1
              0.067   0.004        2_3    3_1    4_1
              0.067   0.004        2_3    4_1    5_1
             -0.049   0.002        2_1    3_2    4_1
             -0.043   0.002        1_2    2_1    3_1
              0.041   0.002        3_2    5_1    6_1
             -0.039   0.002        2_1    3_1    4_1
              0.038   0.001        3_1    4_1    6_1
              0.036   0.001        2_2    5_1    6_1

         > STATE 00074:   2_1    3_1    6_1

             E(VCI)   =    11273.29806
             E(VCI)-E0=     5569.77550

             COEFF.  WEIGHT      CONFIG.
              0.551   0.303        2_1    3_1    6_1
             -0.548   0.300        3_2    5_1
             -0.397   0.157        2_2    3_2
             -0.326   0.106        6_2
              0.195   0.038        2_2    3_1    4_1
             -0.181   0.033        5_2
              0.126   0.016        1_2    3_2
             -0.092   0.008        5_1    6_2
             -0.090   0.008        3_2    6_2
              0.045   0.002        2_1    3_2    6_1
             -0.044   0.002        2_2    3_3
             -0.043   0.002        1_2    5_1
             -0.043   0.002        5_1    6_4
              0.041   0.002        3_4
              0.040   0.002        2_2    3_2    4_1
              0.039   0.002        5_1
              0.036   0.001        3_2    5_2    6_2
             -0.035   0.001        2_4    3_1

         > STATE 00075:   1_2    3_1    4_1

             E(VCI)   =    11324.54441
             E(VCI)-E0=     5621.02185

             COEFF.  WEIGHT      CONFIG.
              0.932   0.869        1_2    3_1    4_1
              0.201   0.041        3_2    5_1
              0.175   0.031        3_1    4_1    5_1
             -0.133   0.018        2_2    3_2
              0.110   0.012        2_2    3_1    4_1
              0.101   0.010        2_1    3_1    6_1
             -0.047   0.002        1_2    3_2
             -0.044   0.002        2_1    4_1    6_1
              0.041   0.002        1_2    3_1    4_2
             -0.036   0.001        1_4    4_1
             -0.033   0.001        1_2    3_3

         > STATE 00076:   1_1    3_3

             E(VCI)   =    11325.37195
             E(VCI)-E0=     5621.84939

             COEFF.  WEIGHT      CONFIG.
             -0.989   0.978        1_1    3_3
             -0.067   0.005        1_1    3_1    5_1
              0.060   0.004        1_1    3_3    4_1
              0.052   0.003        1_1    3_3    5_1
              0.048   0.002        1_3    3_2
              0.040   0.002        1_1    2_2    3_2
              0.034   0.001        1_1    4_1    5_1
             -0.034   0.001        1_1    3_1    4_1

         > STATE 00077:   3_2    5_1

             E(VCI)   =    11339.25487
             E(VCI)-E0=     5635.73231

             COEFF.  WEIGHT      CONFIG.
             -0.721   0.519        3_2    5_1
              0.402   0.162        2_2    3_2
             -0.309   0.096        2_1    3_1    6_1
              0.301   0.091        1_2    3_1    4_1
             -0.246   0.060        2_2    3_1    4_1
              0.135   0.018        1_2    3_2
              0.129   0.017        2_1    4_1    6_1
             -0.091   0.008        3_2    6_2
              0.068   0.005        6_2
              0.048   0.002        3_2    5_2    6_2
              0.044   0.002        3_4
              0.043   0.002        5_1    6_2
             -0.042   0.002        2_2    3_2    4_1
             -0.039   0.002        3_2    5_1    6_2
              0.038   0.001        2_4    3_1
              0.036   0.001        2_2    3_3

         > STATE 00078:   1_1    4_1    5_1

             E(VCI)   =    11390.73053
             E(VCI)-E0=     5687.20796

             COEFF.  WEIGHT      CONFIG.
              0.928   0.862        1_1    4_1    5_1
              0.251   0.063        1_3    4_1
             -0.206   0.042        1_1    2_2    4_1
              0.126   0.016        1_1    4_1    6_2
              0.053   0.003        1_1    4_1    5_2
              0.046   0.002        1_1    2_1    6_1
              0.044   0.002        1_1    3_2    4_1
              0.044   0.002        1_1    3_1    5_1
             -0.040   0.002        1_1    3_1    4_2
              0.038   0.001        1_1    4_1
              0.034   0.001        1_1    3_3

         > STATE 00079:   1_1    4_1    6_1

             E(VCI)   =    11416.01498
             E(VCI)-E0=     5712.49242

             COEFF.  WEIGHT      CONFIG.
              0.968   0.936        1_1    4_1    6_1
              0.223   0.050        1_1    2_1    4_2
              0.087   0.008        1_1    3_1    6_1
              0.043   0.002        1_3    4_1    6_1

         > STATE 00080:   2_2    3_1    4_1

             E(VCI)   =    11434.45327
             E(VCI)-E0=     5730.93070

             COEFF.  WEIGHT      CONFIG.
             -0.639   0.408        2_2    3_1    4_1
              0.636   0.404        2_1    4_1    6_1
              0.299   0.089        2_1    3_1    6_1
             -0.179   0.032        2_2    3_2
             -0.160   0.026        2_2    4_2
              0.128   0.016        3_2    5_1
             -0.069   0.005        3_1    4_1    5_1
              0.050   0.003        2_3    4_1    6_1
             -0.045   0.002        2_2    3_2    4_1
             -0.041   0.002        2_2    4_1
              0.039   0.002        6_2
              0.039   0.002        2_1    3_2    6_1
              0.035   0.001        1_2    3_1    4_1
              0.034   0.001        2_4    4_1

         > STATE 00081:   2_1    3_3

             E(VCI)   =    11466.09848
             E(VCI)-E0=     5762.57592

             COEFF.  WEIGHT      CONFIG.
              0.856   0.733        2_1    3_3
              0.422   0.178        3_2    6_1
             -0.155   0.024        2_1    4_1    5_1
             -0.123   0.015        2_1    3_2    4_1
              0.092   0.008        2_1    3_1    5_1
              0.082   0.007        3_2    5_1    6_1
              0.079   0.006        3_1    4_1    6_1
              0.062   0.004        2_3    3_2
             -0.062   0.004        2_1    3_3    4_1
             -0.053   0.003        2_3    4_1
              0.046   0.002        2_1    3_4
             -0.041   0.002        2_1    3_3    5_1
             -0.040   0.002        2_1    3_2
              0.040   0.002        2_2    3_2    6_1
              0.039   0.002        3_2    5_1    6_3
              0.037   0.001        2_1    3_1    4_1

         > STATE 00082:   2_1    4_1    5_1

             E(VCI)   =    11477.72865
             E(VCI)-E0=     5774.20609

             COEFF.  WEIGHT      CONFIG.
             -0.908   0.824        2_1    4_1    5_1
             -0.294   0.086        2_3    4_1
              0.148   0.022        1_2    2_1    4_1
             -0.147   0.022        2_1    3_3
             -0.123   0.015        2_1    4_1    6_2
              0.076   0.006        2_2    6_1
             -0.073   0.005        3_2    6_1
             -0.072   0.005        5_1    6_1
             -0.052   0.003        3_1    4_1    6_1
             -0.043   0.002        4_2    6_1
             -0.040   0.002        2_1    4_1    5_2

         > STATE 00083:   1_5

             E(VCI)   =    11504.19105
             E(VCI)-E0=     5800.66849

             COEFF.  WEIGHT      CONFIG.
             -0.840   0.705        1_5
             -0.475   0.225        1_3    5_1
             -0.131   0.017        1_3    2_2
              0.119   0.014        1_5    5_1
             -0.105   0.011        1_1    5_2
             -0.086   0.007        1_3    5_2
              0.061   0.004        1_3    4_1
             -0.058   0.003        1_3
             -0.052   0.003        1_5    3_1
             -0.047   0.002        1_3    3_1
              0.042   0.002        1_1    2_2    5_1
             -0.036   0.001        1_3    6_2
             -0.034   0.001        1_3    5_3

         > STATE 00084:   2_1    4_1    6_1

             E(VCI)   =    11570.20121
             E(VCI)-E0=     5866.67865

             COEFF.  WEIGHT      CONFIG.
              0.624   0.390        2_1    4_1    6_1
              0.605   0.366        2_2    3_1    4_1
             -0.346   0.120        2_2    4_2
              0.261   0.068        3_1    4_1    5_1
             -0.104   0.011        2_1    3_1    6_1
              0.101   0.010        6_2
              0.076   0.006        2_2    3_2    4_1
             -0.061   0.004        1_2    3_1    4_1
              0.056   0.003        2_2    3_2
              0.054   0.003        2_2    3_1    4_2
              0.051   0.003        3_1    4_1    6_2
              0.048   0.002        2_2    4_1
             -0.044   0.002        2_4    4_1
              0.041   0.002        5_1    6_2
              0.037   0.001        5_2

         > STATE 00085:   1_4    2_1

             E(VCI)   =    11573.21925
             E(VCI)-E0=     5869.69669

             COEFF.  WEIGHT      CONFIG.
             -0.877   0.769        1_4    2_1
             -0.412   0.170        1_2    2_1    5_1
              0.159   0.025        1_2    2_3
              0.123   0.015        1_4    2_1    5_1
             -0.077   0.006        1_2    2_1    5_2
              0.060   0.004        2_1    5_2
             -0.050   0.002        1_2    2_1
              0.049   0.002        1_2    2_1    4_1
              0.033   0.001        2_3    5_1

         > STATE 00086:   1_2    4_2

             E(VCI)   =    11603.41369
             E(VCI)-E0=     5899.89113

             COEFF.  WEIGHT      CONFIG.
              0.976   0.953        1_2    4_2
              0.165   0.027        4_2    5_1
             -0.082   0.007        1_2    4_2    5_1
             -0.051   0.003        1_4    4_1
             -0.040   0.002        1_2    4_1    5_1
              0.036   0.001        3_1    4_1    5_1
              0.032   0.001        4_3

         > STATE 00087:   1_1    3_2    4_1

             E(VCI)   =    11651.17079
             E(VCI)-E0=     5947.64823

             COEFF.  WEIGHT      CONFIG.
             -0.991   0.981        1_1    3_2    4_1
             -0.061   0.004        1_1    3_2    4_2
              0.049   0.002        1_1    3_4
             -0.043   0.002        1_1    3_2
              0.042   0.002        1_1    4_1    5_1
              0.036   0.001        1_3    3_1    4_1
             -0.032   0.001        1_1    3_1    4_3

         > STATE 00088:   3_4

             E(VCI)   =    11651.95196
             E(VCI)-E0=     5948.42940

             COEFF.  WEIGHT      CONFIG.
             -0.988   0.975        3_4
              0.072   0.005        3_4    4_1
             -0.057   0.003        3_2    5_1
             -0.053   0.003        3_1    4_1    5_1
              0.047   0.002        2_1    3_3    6_1
              0.046   0.002        2_2    3_3
             -0.045   0.002        3_2    4_1
             -0.040   0.002        3_2    6_2
             -0.033   0.001        1_2    3_3

         > STATE 00089:   1_3    2_2

             E(VCI)   =    11652.46677
             E(VCI)-E0=     5948.94421

             COEFF.  WEIGHT      CONFIG.
             -0.879   0.773        1_3    2_2
              0.336   0.113        1_1    2_2    5_1
              0.222   0.049        1_5
             -0.153   0.023        1_1    2_4
              0.121   0.015        1_3    2_2    5_1
             -0.096   0.009        1_3    5_1
             -0.076   0.006        1_1    5_2
              0.059   0.004        1_1    2_2    5_2
             -0.037   0.001        1_1    2_2    4_1
              0.036   0.001        1_1    2_2
              0.032   0.001        1_3    3_1

         > STATE 00090:   2_1    3_2    4_1

             E(VCI)   =    11667.83855
             E(VCI)-E0=     5964.31598

             COEFF.  WEIGHT      CONFIG.
              0.716   0.513        2_1    3_2    4_1
             -0.634   0.402        3_1    4_1    6_1
              0.179   0.032        3_2    6_1
             -0.119   0.014        2_1    3_1    4_2
             -0.096   0.009        4_2    6_1
              0.076   0.006        2_1    3_3
              0.047   0.002        2_1    3_3    4_1
             -0.042   0.002        2_1    3_1    4_1
              0.042   0.002        3_2    5_1    6_1
              0.040   0.002        2_3    3_1    4_1
             -0.039   0.002        3_3    4_1    6_1
             -0.037   0.001        3_2    4_1    6_1
             -0.037   0.001        4_1    6_1
             -0.036   0.001        2_1    4_1    6_2

         > STATE 00091:   3_1    4_1    5_1

             E(VCI)   =    11709.99372
             E(VCI)-E0=     6006.47116

             COEFF.  WEIGHT      CONFIG.
              0.911   0.831        3_1    4_1    5_1
              0.222   0.049        2_2    4_2
             -0.212   0.045        2_2    3_1    4_1
             -0.149   0.022        1_2    3_1    4_1
              0.112   0.012        3_1    4_1    6_2
              0.078   0.006        4_2    5_1
             -0.069   0.005        3_3    4_1
             -0.068   0.005        2_1    4_1    6_1
             -0.055   0.003        1_2    4_2
             -0.054   0.003        3_2    5_1
             -0.052   0.003        3_4
              0.050   0.002        3_2    4_2
              0.040   0.002        2_1    3_1    6_1
             -0.035   0.001        3_3    5_1

         > STATE 00092:   1_1    2_1    4_2

             E(VCI)   =    11729.34781
             E(VCI)-E0=     6025.82525

             COEFF.  WEIGHT      CONFIG.
              0.973   0.947        1_1    2_1    4_2
             -0.223   0.050        1_1    4_1    6_1

         > STATE 00093:   1_2    2_3

             E(VCI)   =    11730.29697
             E(VCI)-E0=     6026.77441

             COEFF.  WEIGHT      CONFIG.
             -0.875   0.766        1_2    2_3
             -0.284   0.081        1_4    2_1
             -0.235   0.055        2_3    5_1
              0.223   0.050        1_2    2_1    5_1
              0.118   0.014        2_5
              0.114   0.013        1_2    2_3    5_1
             -0.092   0.008        2_1    5_2
             -0.049   0.002        1_2    2_1    3_1
             -0.037   0.001        2_3    5_2
              0.035   0.001        1_2    2_1    5_2
              0.035   0.001        1_2    2_3    3_1
              0.034   0.001        1_4    2_1    5_1

         > STATE 00094:   1_3    6_1

             E(VCI)   =    11761.80200
             E(VCI)-E0=     6058.27944

             COEFF.  WEIGHT      CONFIG.
              0.916   0.840        1_3    6_1
              0.291   0.085        1_3    2_1    3_1
             -0.219   0.048        1_1    5_1    6_1
              0.090   0.008        1_3    5_1    6_1
             -0.085   0.007        1_3    2_1    4_1
              0.058   0.003        1_3    6_3
             -0.055   0.003        1_5    6_1
             -0.034   0.001        1_1    2_2    6_1
              0.032   0.001        1_1    5_2    6_1

         > STATE 00095:   2_2    4_2

             E(VCI)   =    11798.62020
             E(VCI)-E0=     6095.09764

             COEFF.  WEIGHT      CONFIG.
              0.860   0.740        2_2    4_2
              0.378   0.143        2_1    4_1    6_1
              0.194   0.038        4_2    5_1
              0.173   0.030        2_2    3_1    4_1
             -0.156   0.024        3_1    4_1    5_1
             -0.078   0.006        2_2    3_1    4_2
             -0.060   0.004        2_2    4_2    5_1
             -0.059   0.003        1_2    4_2
             -0.039   0.001        2_3    4_1    6_1

         > STATE 00096:   1_1    2_4

             E(VCI)   =    11808.39090
             E(VCI)-E0=     6104.86833

             COEFF.  WEIGHT      CONFIG.
              0.871   0.758        1_1    2_4
             -0.360   0.130        1_1    2_2    5_1
             -0.276   0.076        1_3    2_2
             -0.105   0.011        1_1    2_4    5_1
             -0.072   0.005        1_3    5_1
              0.063   0.004        1_1    2_2    3_1
             -0.063   0.004        1_1    2_4    3_1
             -0.054   0.003        1_1    2_2    5_2
              0.050   0.003        1_5
              0.037   0.001        1_1    5_2
             -0.036   0.001        1_1    2_2    6_2
             -0.034   0.001        1_1    2_2
              0.033   0.001        1_3    2_2    5_1

         > STATE 00097:   2_1    3_2    4_1

             E(VCI)   =    11819.38877
             E(VCI)-E0=     6115.86621

             COEFF.  WEIGHT      CONFIG.
              0.629   0.396        2_1    3_2    4_1
              0.623   0.388        3_1    4_1    6_1
              0.338   0.114        2_1    3_1    4_2
              0.249   0.062        4_2    6_1
              0.072   0.005        2_1    3_2    4_2
              0.071   0.005        2_1    3_3    4_1
             -0.056   0.003        2_1    3_1    4_1
              0.052   0.003        3_2    4_1    6_1
             -0.051   0.003        2_1    4_1    5_1
              0.045   0.002        2_1    4_2
              0.043   0.002        2_3    3_1    4_1
              0.043   0.002        2_1    4_3
              0.042   0.002        4_1    6_1
              0.034   0.001        4_2    5_1    6_1

         > STATE 00098:   1_4    3_1

             E(VCI)   =    11820.79049
             E(VCI)-E0=     6117.26793

             COEFF.  WEIGHT      CONFIG.
              0.883   0.780        1_4    3_1
              0.382   0.146        1_2    3_1    5_1
             -0.129   0.017        1_2    2_1    6_1
              0.126   0.016        1_2    2_2    3_1
             -0.112   0.012        1_4    3_1    5_1
              0.063   0.004        1_2    3_1    5_2
             -0.061   0.004        1_4    3_2
             -0.053   0.003        1_2    3_2
             -0.051   0.003        3_1    5_2
             -0.050   0.002        1_4
              0.048   0.002        1_6
             -0.046   0.002        1_2    3_1    4_1
              0.042   0.002        1_2    3_1
             -0.036   0.001        1_4    3_1    4_1
              0.032   0.001        1_4    2_1    6_1

         > STATE 00099:   1_2    2_1    6_1

             E(VCI)   =    11847.86268
             E(VCI)-E0=     6144.34012

             COEFF.  WEIGHT      CONFIG.
             -0.866   0.750        1_2    2_1    6_1
              0.389   0.152        1_2    2_2    3_1
             -0.178   0.032        2_1    5_1    6_1
             -0.155   0.024        1_4    3_1
             -0.111   0.012        1_2    2_2    4_1
              0.087   0.008        2_2    3_1    5_1
             -0.071   0.005        1_2    3_1    5_1
             -0.044   0.002        1_2    2_1    6_3
              0.043   0.002        2_3    6_1
              0.040   0.002        1_4    2_1    6_1
             -0.039   0.002        1_2    3_1    6_2
             -0.039   0.001        1_2    2_3    6_1
             -0.033   0.001        2_4    3_1

(  FINALIZE VCI MODULE  )

            (MEMORY INFO)
            -- CURRENT USAGE    [     0.17 MB /  1200.00 MB (  0.0 % ) ]  -- 
            -- IN THE LAST STEP [     2.64 MB /  1200.00 MB (  0.2 % ) ]  -- 

            (CLOCK) ---->  LAST STEP: USER     0.03, SYSTEM     0.00 SECS   <----


(  FINALIZE TARGET MODULE  )


(  ENTER PROPERTY MODULE  )

   >> RUN OPTIONS
      MR    =      3
      NPRPT =      0
      VSCF  =      F
      VCI   =      T
      VPT   =      F
      VQDPT =      F

   >> INFRARED SPECTRUM
      MIN_OMEGA =      800.00
      MAX_OMEGA =     4000.00
      DEL_OMEGA =        1.00
      FWHM      =        5.00

      >> PROPERTY SURFACE
         MR         =        3
         EXT        = .dipole   
         POTDIR     = ../3_mrpes/pes_b3lyp/

         1MR-PRPT SURFACE

           MODE=   1, GRID=  11   B3LYP/cc-pVDZ
           MODE=   2, GRID=  11   B3LYP/cc-pVDZ
           MODE=   3, GRID=  11   B3LYP/cc-pVDZ
           MODE=   4, GRID=  11   B3LYP/cc-pVDZ
           MODE=   5, GRID=  11   B3LYP/cc-pVDZ
           MODE=   6, GRID=  11   B3LYP/cc-pVDZ
 

         2MR-PRPT SURFACE

           MODE=   2   1, GRID=   7   7   B3LYP/cc-pVDZ
           MODE=   3   1, GRID=   7   7   B3LYP/cc-pVDZ
           MODE=   3   2, GRID=   9   9   B3LYP/cc-pVDZ
           MODE=   4   2, GRID=   9   9   B3LYP/cc-pVDZ
           MODE=   4   3, GRID=   7   7   B3LYP/cc-pVDZ
           MODE=   5   1, GRID=   9   9   B3LYP/cc-pVDZ
           MODE=   5   2, GRID=   9   9   B3LYP/cc-pVDZ
           MODE=   5   3, GRID=   9   9   B3LYP/cc-pVDZ
           MODE=   5   4, GRID=   7   7   B3LYP/cc-pVDZ
           MODE=   6   1, GRID=   9   9   B3LYP/cc-pVDZ
           MODE=   6   2, GRID=   9   9   B3LYP/cc-pVDZ
           MODE=   6   3, GRID=   9   9   B3LYP/cc-pVDZ
           MODE=   6   4, GRID=   9   9   B3LYP/cc-pVDZ
           MODE=   6   5, GRID=   9   9   B3LYP/cc-pVDZ
 

         3MR-PRPT SURFACE

           MODE=   5   4   3, GRID=   7   7   7   B3LYP/cc-pVDZ
           MODE=   6   3   2, GRID=   9   9   9   B3LYP/cc-pVDZ
           MODE=   6   4   2, GRID=   9   9   9   B3LYP/cc-pVDZ
 
      o VCI PROPERTY OPTIONS
         VCI_STATES       =  ALL

      -> DONE FOR VCI SPECTRUM : [ vci-IR.data / vci-IR.spectrum ]

            (MEMORY INFO)
            -- CURRENT USAGE    [     0.21 MB /  1200.00 MB (  0.0 % ) ]  -- 
            -- IN THE LAST STEP [    11.30 MB /  1200.00 MB (  0.9 % ) ]  -- 

            (CLOCK) ---->  LAST STEP: USER     0.20, SYSTEM     0.00 SECS   <----


(  FINALIZE PROPERTY MODULE  )


(  FINALIZE VIB MODULE  )


(  FINALIZE NMA MODULE  )


(  FINALIZE MOL MODULE  )



   (TOTAL MEMORY USAGE)   [    11.30 MB /  1200.00 MB (  0.9 % ) ] 

   (CLOCK) ---->  TOTAL CPU-TIME  <----
            >     USER :   0 DAYS   0 HOURS   0 MINS   0.4 SECS 
            >    SYSTEM:   0 DAYS   0 HOURS   0 MINS   0.0 SECS 

