 -------------------------------------------------------
                                                      
    ***   WELCOME TO SINDO PROGRAM                    
     ***                (  VERSION 4.0 BETA  )        
      ***                                             
       ***       COPYRIGHT 2019:                      
        ***         KIYOSHI YAGI  KIYOSHI.YAGI@RIKEN.JP
                                                      
 -------------------------------------------------------

     JOB STARTED AT: Wed Jun 16 19:13:11 2021
     RUNNING ON lemon.novalocal                 


(  SETUP MEM MODULE  )

   o MAXIMUM MEMORY :     1200 MB


(  SETUP MOL MODULE  )


   READ DATA FROM A MINFO FILE : [ ../1_harmonic/h2co-b3lyp-dz.minfo ]


(  ENTER NMA MODULE  )


      o ATOMIC MASS
           12.0000     15.9949      1.0078      1.0078
 
      o REFERENCE GEOMETRY
          0.000000    0.000000   -1.136626
          0.000000    0.000000    1.138988
          0.000000    1.787626   -2.271483
          0.000000   -1.787626   -2.271483
 
      o NORMAL DISPLACEMENT VECTOR
         -0.517530    0.000000   -0.000000
          0.149163   -0.000000    0.000000
          0.595782   -0.000000   -0.000000
          0.595782   -0.000000    0.000000
 
          0.000000    0.444566    0.000000
         -0.000000   -0.276038   -0.000000
         -0.000000   -0.217175   -0.562065
         -0.000000   -0.217175    0.562065
 
         -0.000000    0.000000    0.008692
          0.000000   -0.000000   -0.300114
          0.000000    0.339513    0.582802
          0.000000   -0.339513    0.582802
 
         -0.000000    0.000000   -0.749045
          0.000000   -0.000000    0.613952
          0.000000    0.161803    0.069404
         -0.000000   -0.161803    0.069404
 
          0.000000   -0.000000   -0.197476
         -0.000000   -0.000000   -0.004264
         -0.000000   -0.598791    0.349202
         -0.000000    0.598791    0.349202
 
         -0.000000    0.332434   -0.000000
          0.000000   -0.003367    0.000000
          0.000000   -0.566845    0.351318
          0.000000   -0.566845   -0.351318
 
 
      o TRANSLATIONAL VECTOR
          0.632345    0.000000    0.000000
          0.730053    0.000000    0.000000
          0.183253    0.000000    0.000000
          0.183253    0.000000    0.000000
 
          0.000000    0.632345    0.000000
          0.000000    0.730053    0.000000
          0.000000    0.183253    0.000000
          0.000000    0.183253    0.000000
 
          0.000000    0.000000    0.632345
          0.000000    0.000000    0.730053
          0.000000    0.000000    0.183253
          0.000000    0.000000    0.183253
 
 
      o ROTATIONAL VECTOR
          0.000000    0.540365    0.000000
          0.000000   -0.625153    0.000000
          0.000000    0.312950    0.246287
          0.000000    0.312950   -0.246287
 
         -0.576461    0.000000    0.000000
          0.666914    0.000000    0.000000
         -0.333855    0.000000    0.000000
         -0.333855    0.000000    0.000000
 
          0.000000    0.000000    0.000000
          0.000000    0.000000    0.000000
         -0.707107    0.000000    0.000000
          0.707107    0.000000    0.000000
 
(  SETUP OF NMA COMPLETED  )



(  SETUP VIB MODULE  )

   >> RUN OPTIONS
      VSCF    =     T
      OC-VSCF =     F
      VCI     =     T
      VPT     =     F
      VQDPT   =     F
      PRPT    =     T


   >> BASIS FUNCTIONS
      MODE :         1        2        3        4        5        6
      MAXV :        10       10       10       10       10       10
      FREQ :   1186.71  1253.90  1514.96  1831.55  2862.51  2915.76


(  SETUP TARGET MODULE  )

   >> TARGET STATES
       000   : ZERO-POINT STATE
 

(  SETUP MRPES MODULE  )

   >> POTENTIAL

      [  OPTIONS  ]

         MR         =        3
         MCS_CUTOFF = -.10E-02
         MCS_GRID   = -.10E+01
         POTDIR     = ../3_mrpes/pes_mrpes/
         MOPFILE    = prop_no_1.mop


         1MR-PEF

         o GRID PEF

           MODE=   1, GRID=  11   CCSD(T)/cc-pVTZ
           MODE=   2, GRID=  11   CCSD(T)/cc-pVTZ
           MODE=   3, GRID=  11   CCSD(T)/cc-pVTZ
           MODE=   4, GRID=  11   CCSD(T)/cc-pVTZ
           MODE=   5, GRID=  11   CCSD(T)/cc-pVTZ
           MODE=   6, GRID=  11   CCSD(T)/cc-pVTZ
 

         2MR-PEF

         o GRID PEF

           MODE=   2   1, GRID=   7   7   B3LYP/cc-pVDZ
           MODE=   3   1, GRID=   7   7   B3LYP/cc-pVDZ
           MODE=   3   2, GRID=   9   9   B3LYP/cc-pVDZ
           MODE=   4   2, GRID=   9   9   B3LYP/cc-pVDZ
           MODE=   4   3, GRID=   7   7   B3LYP/cc-pVDZ
           MODE=   5   1, GRID=   9   9   B3LYP/cc-pVDZ
           MODE=   5   2, GRID=   9   9   B3LYP/cc-pVDZ
           MODE=   5   3, GRID=   9   9   B3LYP/cc-pVDZ
           MODE=   5   4, GRID=   7   7   B3LYP/cc-pVDZ
           MODE=   6   1, GRID=   9   9   B3LYP/cc-pVDZ
           MODE=   6   2, GRID=   9   9   B3LYP/cc-pVDZ
           MODE=   6   3, GRID=   9   9   B3LYP/cc-pVDZ
           MODE=   6   4, GRID=   9   9   B3LYP/cc-pVDZ
           MODE=   6   5, GRID=   9   9   B3LYP/cc-pVDZ
 
         o QFF  B3LYP/cc-pVDZ

           MODE=   4   1
 

         3MR-PEF

         o GRID PEF

           MODE=   5   4   3, GRID=   7   7   7   B3LYP/cc-pVDZ
           MODE=   6   3   2, GRID=   9   9   9   B3LYP/cc-pVDZ
           MODE=   6   4   2, GRID=   9   9   9   B3LYP/cc-pVDZ
 
         o QFF  B3LYP/cc-pVDZ

           MODE=   3   2   1
           MODE=   4   2   1
           MODE=   4   3   1
           MODE=   4   3   2
           MODE=   5   2   1
           MODE=   5   3   1
           MODE=   5   3   2
           MODE=   5   4   1
           MODE=   5   4   2
           MODE=   6   2   1
           MODE=   6   3   1
           MODE=   6   4   1
           MODE=   6   4   3
           MODE=   6   5   1
           MODE=   6   5   2
           MODE=   6   5   3
           MODE=   6   5   4
 

(  FINALIZE MRPES MODULE  )

            (MEMORY INFO)
            -- CURRENT USAGE    [     0.16 MB /  1200.00 MB (  0.0 % ) ]  -- 
            -- IN THE LAST STEP [     0.22 MB /  1200.00 MB (  0.0 % ) ]  -- 

            (CLOCK) ---->  LAST STEP: USER     0.01, SYSTEM     0.00 SECS   <----


(  ENTER VSCF MODULE  )

  ---  VIBRATIONAL SELF-CONSISTENT FIELD CALCULATIONS   ---

   >> SCF OPTIONS
       STATE SPECIFIC :        F
              RESTART :        F
        MAX ITERATION :       10
         CONV. THRESH : 0.10E-04

   >> FILES
       WFN READ/WRITE FILE : vscf_xxx.wfn

   >> STATE 000:   ZERO-POINT STATE

       o INITIAL GUESS FROM (CONTRACTED) HARMONIC OSCILLATOR 

   -- (ITERATION) -------- (EOLD) -------- (ENEW) ----- (DELTA E) --
                1         5754.90         5720.32      -0.346D+02
                2         5720.32         5720.17      -0.154D+00
                3         5720.17         5720.16      -0.609D-02
                4         5720.16         5720.16      -0.266D-03
                5         5720.16         5720.16      -0.117D-04
                6         5720.16         5720.16      -0.519D-06
   -----------------------------------------------------------------
       E(VSCF)=     5720.15979887

       o COEFFICIENTS

         -MODES-          1         2         3         4         5         6
              0     0.99998  -1.00000  -0.99993  -0.99203   0.99946  -1.00000
              1    -0.00000   0.00000  -0.01166  -0.12277   0.02422  -0.00000
              2     0.00662   0.00018  -0.00065  -0.02085   0.00419   0.00112
              3    -0.00000  -0.00000  -0.00139  -0.01849  -0.02193   0.00000
              4    -0.00136   0.00069  -0.00004  -0.00444  -0.00062   0.00250
              5     0.00000   0.00000  -0.00001  -0.00112  -0.00027   0.00000
              6     0.00007  -0.00003  -0.00001  -0.00077   0.00109  -0.00006
              7    -0.00000   0.00000  -0.00000  -0.00023   0.00001  -0.00000
              8     0.00000  -0.00000  -0.00000  -0.00007   0.00002  -0.00002
              9     0.00000  -0.00000   0.00000  -0.00004  -0.00007   0.00000
             10    -0.00000   0.00000   0.00000  -0.00002  -0.00001   0.00000
 
       o VIBRATIONALLY AVERAGED STRUCTURE

         - Q0 -
             -0.000000   -0.000000    0.198655
              1.954524    0.299844    0.000000
 
         - X0 -
              0.000000   -0.000000   -1.146913
             -0.000000    0.000000    1.145659
             -0.000000    1.792389   -2.263174
             -0.000000   -1.792389   -2.263174
 

(  FINALIZE VSCF MODULE  )

            (MEMORY INFO)
            -- CURRENT USAGE    [     0.16 MB /  1200.00 MB (  0.0 % ) ]  -- 
            -- IN THE LAST STEP [     0.18 MB /  1200.00 MB (  0.0 % ) ]  -- 

            (CLOCK) ---->  LAST STEP: USER     0.00, SYSTEM     0.00 SECS   <----


(  ENTER VCI MODULE  )

   >> VCI OPTIONS

       o VCI SPACE SELECTION
         - MAX NUM. OF MODES TO EXCITE :          3
         - MAX SUM OF QUANTUM NUM.     :          6
         - MAX EXCITATION OF EACH MODE :    6  6  6  6  6  6
 
       o VCI DIMENSION  :        662
       o NUM_OF_STATES  :        100

   >> VCI WITH ZERO-POINT VSCF REFERENCE

       o READ VSCF WFN   : [ vscf-000.wfn ]

       o DUMP VCI WFN    : [ vci-w.wfn ]

       o VIB. AV. GEOM. : F

   >> VCI MAIN

      o FORMING HAMILTONIAN MATRIX     ... DONE

            (CLOCK) ---->  LAST STEP: USER     0.06, SYSTEM     0.00 SECS   <----

      o DIAGONALIZING HAMILTONIAN MATRIX     ... DONE

            (CLOCK) ---->  LAST STEP: USER     0.05, SYSTEM     0.00 SECS   <----


         > STATE 00000: ZERO-POINT STATE

             E(VCI)   =     5697.87310

             COEFF.  WEIGHT      CONFIG.
             -0.998   0.997        0_0
             -0.045   0.002        5_1    6_2

         > STATE 00001:   1_1

             E(VCI)   =     6853.94097
             E(VCI)-E0=     1156.06786

             COEFF.  WEIGHT      CONFIG.
              0.997   0.994        1_1
              0.046   0.002        1_1    5_1    6_2
             -0.039   0.002        1_1    5_1

         > STATE 00002:   2_1

             E(VCI)   =     6942.92698
             E(VCI)-E0=     1245.05388

             COEFF.  WEIGHT      CONFIG.
             -0.997   0.994        2_1
             -0.046   0.002        2_1    5_1    6_2

         > STATE 00003:   3_1

             E(VCI)   =     7202.22385
             E(VCI)-E0=     1504.35075

             COEFF.  WEIGHT      CONFIG.
              0.996   0.992        3_1
              0.046   0.002        3_1    5_1    6_2
              0.045   0.002        4_1

         > STATE 00004:   4_1

             E(VCI)   =     7448.69788
             E(VCI)-E0=     1750.82478

             COEFF.  WEIGHT      CONFIG.
              0.996   0.993        4_1
             -0.045   0.002        3_1
              0.045   0.002        4_1    5_1    6_2

         > STATE 00005:   1_2

             E(VCI)   =     8000.77773
             E(VCI)-E0=     2302.90462

             COEFF.  WEIGHT      CONFIG.
             -0.977   0.954        1_2
              0.172   0.030        5_1
              0.076   0.006        1_2    5_1
             -0.048   0.002        2_2
             -0.045   0.002        1_2    5_1    6_2
             -0.034   0.001        1_4    5_1

         > STATE 00006:   1_1    2_1

             E(VCI)   =     8118.24495
             E(VCI)-E0=     2420.37185

             COEFF.  WEIGHT      CONFIG.
             -0.996   0.992        1_1    2_1
              0.069   0.005        1_1    2_1    5_1

         > STATE 00007:   2_2

             E(VCI)   =     8181.01561
             E(VCI)-E0=     2483.14250

             COEFF.  WEIGHT      CONFIG.
             -0.975   0.950        2_2
              0.176   0.031        5_1
              0.079   0.006        1_2
              0.054   0.003        2_2    5_1
             -0.047   0.002        2_2    3_1
             -0.045   0.002        2_2    5_1    6_2

         > STATE 00008:   1_1    3_1

             E(VCI)   =     8375.75555
             E(VCI)-E0=     2677.88245

             COEFF.  WEIGHT      CONFIG.
             -0.994   0.989        1_1    3_1
              0.053   0.003        1_1    3_1    5_1
             -0.043   0.002        1_1    4_1
              0.033   0.001        1_3

         > STATE 00009:   6_1

             E(VCI)   =     8401.14707
             E(VCI)-E0=     2703.27396

             COEFF.  WEIGHT      CONFIG.
              0.692   0.479        6_1
             -0.689   0.475        2_1    3_1
              0.131   0.017        5_1    6_1
             -0.127   0.016        2_1    4_1
              0.061   0.004        5_1    6_3
              0.036   0.001        2_2    6_1
              0.032   0.001        6_3

         > STATE 00010:   5_1

             E(VCI)   =     8461.56816
             E(VCI)-E0=     2763.69506

             COEFF.  WEIGHT      CONFIG.
              0.952   0.905        5_1
              0.187   0.035        2_2
              0.161   0.026        1_2
              0.131   0.017        6_2
              0.077   0.006        3_2
             -0.062   0.004        5_2    6_2
              0.044   0.002        5_1    6_2
             -0.042   0.002        3_1    4_1

         > STATE 00011:   2_1    3_1

             E(VCI)   =     8536.56604
             E(VCI)-E0=     2838.69294

             COEFF.  WEIGHT      CONFIG.
              0.716   0.513        2_1    3_1
              0.656   0.430        6_1
             -0.165   0.027        2_1    4_1
              0.132   0.018        5_1    6_1
              0.059   0.003        5_1    6_3
              0.035   0.001        2_3
             -0.034   0.001        2_1    3_1    5_1

         > STATE 00012:   1_1    4_1

             E(VCI)   =     8616.66604
             E(VCI)-E0=     2918.79293

             COEFF.  WEIGHT      CONFIG.
              0.996   0.991        1_1    4_1
             -0.050   0.003        1_1    4_1    5_1
             -0.045   0.002        1_1    3_1

         > STATE 00013:   3_2

             E(VCI)   =     8705.89774
             E(VCI)-E0=     3008.02464

             COEFF.  WEIGHT      CONFIG.
              0.990   0.981        3_2
             -0.077   0.006        5_1
              0.047   0.002        3_2    5_1    6_2
             -0.044   0.002        3_1    4_1
             -0.038   0.001        3_2    4_1
              0.036   0.001        2_1    3_1    6_1
             -0.035   0.001        2_2    3_1

         > STATE 00014:   2_1    4_1

             E(VCI)   =     8717.40287
             E(VCI)-E0=     3019.52976

             COEFF.  WEIGHT      CONFIG.
              0.974   0.949        2_1    4_1
              0.200   0.040        6_1
              0.045   0.002        2_1    3_1    4_1
              0.045   0.002        5_1    6_1
             -0.039   0.002        2_1    4_1    5_1
              0.032   0.001        2_1    3_1

         > STATE 00015:   3_1    4_1

             E(VCI)   =     8969.11682
             E(VCI)-E0=     3271.24372

             COEFF.  WEIGHT      CONFIG.
              0.992   0.984        3_1    4_1
              0.047   0.002        3_2
              0.044   0.002        4_2
              0.038   0.001        5_1
              0.034   0.001        3_3
             -0.034   0.001        3_2    4_1

         > STATE 00016:   1_3

             E(VCI)   =     9146.17503
             E(VCI)-E0=     3448.30193

             COEFF.  WEIGHT      CONFIG.
              0.939   0.881        1_3
             -0.294   0.086        1_1    5_1
             -0.105   0.011        1_3    5_1
              0.074   0.005        1_1    2_2
             -0.049   0.002        1_3    5_2
              0.044   0.002        1_3    5_1    6_2
             -0.040   0.002        1_1    5_2
              0.039   0.002        1_5    5_1
              0.038   0.001        1_1    4_1
             -0.038   0.001        1_3    3_1
              0.034   0.001        1_1    3_1

         > STATE 00017:   4_2

             E(VCI)   =     9177.78855
             E(VCI)-E0=     3479.91545

             COEFF.  WEIGHT      CONFIG.
             -0.994   0.988        4_2
             -0.047   0.002        3_1    4_2
              0.045   0.002        3_1    4_1
             -0.045   0.002        4_2    5_1    6_2

         > STATE 00018:   1_2    2_1

             E(VCI)   =     9262.03733
             E(VCI)-E0=     3564.16423

             COEFF.  WEIGHT      CONFIG.
             -0.962   0.925        1_2    2_1
              0.215   0.046        2_1    5_1
              0.104   0.011        1_2    2_1    5_1
             -0.103   0.011        2_3
              0.039   0.002        1_2    2_1    5_2
             -0.034   0.001        1_4    2_1    5_1

         > STATE 00019:   1_1    2_2

             E(VCI)   =     9359.71361
             E(VCI)-E0=     3661.84051

             COEFF.  WEIGHT      CONFIG.
              0.964   0.929        1_1    2_2
             -0.191   0.037        1_1    5_1
             -0.137   0.019        1_3
             -0.094   0.009        1_1    2_2    5_1
             -0.034   0.001        1_1    2_2    5_2
              0.032   0.001        1_1    2_2    3_1

         > STATE 00020:   2_3

             E(VCI)   =     9416.65312
             E(VCI)-E0=     3718.78002

             COEFF.  WEIGHT      CONFIG.
              0.929   0.863        2_3
             -0.292   0.085        2_1    5_1
             -0.167   0.028        1_2    2_1
             -0.075   0.006        2_3    5_1
              0.066   0.004        2_3    3_1
             -0.050   0.002        2_1    3_1
              0.044   0.002        2_3    5_1    6_2
             -0.035   0.001        2_3    5_2

         > STATE 00021:   1_2    3_1

             E(VCI)   =     9519.42544
             E(VCI)-E0=     3821.55234

             COEFF.  WEIGHT      CONFIG.
             -0.967   0.935        1_2    3_1
              0.197   0.039        3_1    5_1
              0.089   0.008        1_2    3_1    5_1
             -0.051   0.003        2_2    3_1
             -0.044   0.002        1_2    4_1
             -0.044   0.002        1_4
             -0.039   0.002        1_2    3_2
             -0.034   0.001        1_4    3_1    5_1
              0.034   0.001        1_2    3_1    5_2
              0.033   0.001        1_2    3_1    4_1

         > STATE 00022:   1_1    6_1

             E(VCI)   =     9544.55605
             E(VCI)-E0=     3846.68294

             COEFF.  WEIGHT      CONFIG.
              0.835   0.698        1_1    6_1
             -0.507   0.257        1_1    2_1    3_1
              0.135   0.018        1_1    5_1    6_1
             -0.123   0.015        1_1    2_1    4_1
              0.077   0.006        1_1    5_1    6_3
              0.049   0.002        1_1    6_3

         > STATE 00023:   1_1    5_1

             E(VCI)   =     9605.70520
             E(VCI)-E0=     3907.83210

             COEFF.  WEIGHT      CONFIG.
             -0.913   0.833        1_1    5_1
             -0.276   0.076        1_3
             -0.225   0.050        1_1    2_2
             -0.140   0.020        1_1    6_2
             -0.076   0.006        1_1    3_2
              0.061   0.004        1_1    5_2    6_2
             -0.048   0.002        1_1    5_1    6_2
              0.041   0.002        1_1    3_1    4_1
             -0.039   0.002        1_1    5_2

         > STATE 00024:   2_1    6_1

             E(VCI)   =     9610.14409
             E(VCI)-E0=     3912.27098

             COEFF.  WEIGHT      CONFIG.
             -0.759   0.577        2_1    6_1
              0.601   0.361        2_2    3_1
              0.147   0.021        2_2    4_1
             -0.126   0.016        2_1    5_1    6_1
             -0.069   0.005        2_1    5_1    6_3
             -0.043   0.002        2_1    6_3
             -0.043   0.002        1_2    3_1
             -0.042   0.002        2_3    6_1
             -0.036   0.001        2_2    3_2
              0.035   0.001        2_4
             -0.033   0.001        2_2    3_1    5_1

         > STATE 00025:   2_1    5_1

             E(VCI)   =     9696.33942
             E(VCI)-E0=     3998.46632

             COEFF.  WEIGHT      CONFIG.
             -0.905   0.818        2_1    5_1
             -0.322   0.104        2_3
             -0.172   0.030        1_2    2_1
             -0.142   0.020        2_1    6_2
              0.105   0.011        3_1    6_1
              0.061   0.004        2_1    5_2    6_2
             -0.048   0.002        2_1    5_1    6_2
              0.042   0.002        3_1    5_1    6_1
              0.037   0.001        4_1    6_1
             -0.032   0.001        2_1    3_2

         > STATE 00026:   1_1    2_1    3_1

             E(VCI)   =     9696.82376
             E(VCI)-E0=     3998.95066

             COEFF.  WEIGHT      CONFIG.
              0.858   0.736        1_1    2_1    3_1
              0.487   0.237        1_1    6_1
             -0.112   0.013        1_1    2_1    4_1
              0.084   0.007        1_1    5_1    6_1
              0.046   0.002        1_1    5_1    6_3
              0.039   0.002        1_1    2_3

         > STATE 00027:   1_2    4_1

             E(VCI)   =     9757.66910
             E(VCI)-E0=     4059.79600

             COEFF.  WEIGHT      CONFIG.
             -0.972   0.945        1_2    4_1
              0.180   0.032        4_1    5_1
              0.087   0.008        1_2    4_1    5_1
              0.058   0.003        1_2    3_1
             -0.039   0.002        2_2    4_1
             -0.039   0.001        1_4
             -0.035   0.001        1_4    4_1    5_1
             -0.032   0.001        1_2    5_1

         > STATE 00028:   2_2    3_1

             E(VCI)   =     9764.71815
             E(VCI)-E0=     4066.84504

             COEFF.  WEIGHT      CONFIG.
             -0.722   0.521        2_2    3_1
             -0.535   0.286        2_1    6_1
              0.332   0.110        3_1    5_1
              0.181   0.033        2_2    4_1
             -0.108   0.012        2_1    5_1    6_1
              0.101   0.010        1_2    3_1
              0.060   0.004        3_1    6_2
              0.057   0.003        2_2    3_1    5_1
              0.055   0.003        2_2    3_2
             -0.051   0.003        2_1    5_1    6_3
             -0.048   0.002        2_4
              0.038   0.001        2_2
              0.035   0.001        2_2    3_1    4_1

         > STATE 00029:   3_1    6_1

             E(VCI)   =     9859.56447
             E(VCI)-E0=     4161.69136

             COEFF.  WEIGHT      CONFIG.
              0.755   0.570        3_1    6_1
              0.600   0.360        2_1    3_2
              0.136   0.019        3_1    5_1    6_1
             -0.135   0.018        2_1    3_1    4_1
              0.087   0.008        4_1    6_1
              0.073   0.005        2_1    5_1
              0.069   0.005        3_1    5_1    6_3
              0.044   0.002        3_1    6_3
              0.037   0.001        2_2    3_1    6_1
             -0.035   0.001        2_1    6_2
             -0.035   0.001        2_3    3_1
             -0.034   0.001        3_3    6_1
              0.032   0.001        2_1    3_2    6_2

         > STATE 00030:   1_1    3_2

             E(VCI)   =     9883.15053
             E(VCI)-E0=     4185.27743

             COEFF.  WEIGHT      CONFIG.
              0.989   0.979        1_1    3_2
             -0.076   0.006        1_1    5_1
             -0.063   0.004        1_1    3_2    5_1
             -0.046   0.002        1_1    3_2    4_1
              0.045   0.002        1_3    3_1
             -0.034   0.001        1_1    2_2    3_1

         > STATE 00031:   1_1    2_1    4_1

             E(VCI)   =     9894.06222
             E(VCI)-E0=     4196.18911

             COEFF.  WEIGHT      CONFIG.
             -0.984   0.968        1_1    2_1    4_1
             -0.159   0.025        1_1    6_1
             -0.034   0.001        1_1    2_1    3_1

         > STATE 00032:   3_1    5_1

             E(VCI)   =     9934.10309
             E(VCI)-E0=     4236.22999

             COEFF.  WEIGHT      CONFIG.
             -0.705   0.498        3_1    5_1
              0.611   0.373        2_2    4_1
             -0.196   0.038        2_2    3_1
             -0.177   0.031        4_1    5_1
             -0.138   0.019        1_2    3_1
             -0.102   0.010        3_1    6_2
             -0.080   0.006        3_3
             -0.075   0.006        1_2    4_1
              0.050   0.002        2_2    3_1    4_1
              0.048   0.002        3_1    5_2    6_2
             -0.045   0.002        3_2    4_1
             -0.039   0.002        2_2    4_1    5_1
             -0.037   0.001        3_1    5_1    6_2

         > STATE 00033:   2_2    4_1

             E(VCI)   =     9969.43997
             E(VCI)-E0=     4271.56687

             COEFF.  WEIGHT      CONFIG.
             -0.714   0.509        2_2    4_1
             -0.547   0.299        3_1    5_1
             -0.289   0.083        2_1    6_1
             -0.229   0.052        2_2    3_1
              0.126   0.016        4_1    5_1
             -0.104   0.011        1_2    3_1
             -0.070   0.005        3_3
             -0.067   0.004        3_1    6_2
              0.052   0.003        2_2    4_1    5_1
              0.046   0.002        1_2    4_1
             -0.045   0.002        2_1    5_1    6_1
             -0.043   0.002        2_2    3_1    4_1
              0.036   0.001        3_1    5_2    6_2
             -0.034   0.001        3_2    4_1

         > STATE 00034:   2_1    3_2

             E(VCI)   =    10045.38795
             E(VCI)-E0=     4347.51484

             COEFF.  WEIGHT      CONFIG.
              0.779   0.607        2_1    3_2
             -0.534   0.286        3_1    6_1
              0.203   0.041        2_1    3_1    4_1
             -0.157   0.025        4_1    6_1
             -0.105   0.011        3_1    5_1    6_1
             -0.095   0.009        2_1    5_1
             -0.052   0.003        2_3    3_1
             -0.050   0.003        3_1    5_1    6_3
             -0.049   0.002        2_1    3_2    4_1
             -0.044   0.002        2_1    3_2    5_1
              0.039   0.001        2_1    3_3
              0.035   0.001        2_1    4_2
              0.034   0.001        2_1    3_1

         > STATE 00035:   1_1    3_1    4_1

             E(VCI)   =    10135.46466
             E(VCI)-E0=     4437.59155

             COEFF.  WEIGHT      CONFIG.
             -0.994   0.988        1_1    3_1    4_1
              0.038   0.001        1_1    3_1    4_2
             -0.038   0.001        1_1    5_1
             -0.033   0.001        1_1    3_3
              0.032   0.001        1_3    4_1

         > STATE 00036:   4_1    6_1

             E(VCI)   =    10167.65792
             E(VCI)-E0=     4469.78482

             COEFF.  WEIGHT      CONFIG.
             -0.689   0.474        4_1    6_1
              0.608   0.370        2_1    3_1    4_1
              0.273   0.075        3_1    6_1
              0.183   0.034        2_1    4_2
             -0.126   0.016        4_1    5_1    6_1
             -0.115   0.013        2_1    3_2
             -0.059   0.004        4_1    5_1    6_3
              0.059   0.003        3_1    5_1    6_1
             -0.036   0.001        2_2    4_1    6_1

         > STATE 00037:   3_3

             E(VCI)   =    10209.29024
             E(VCI)-E0=     4511.41713

             COEFF.  WEIGHT      CONFIG.
              0.947   0.897        3_3
             -0.265   0.070        4_1    5_1
             -0.082   0.007        3_1    5_1
             -0.065   0.004        2_2    4_1
             -0.054   0.003        3_3    4_1
             -0.047   0.002        1_2    4_1
              0.047   0.002        3_3    5_1    6_2
             -0.039   0.002        2_1    3_2    6_1
              0.039   0.002        2_2    3_2
             -0.037   0.001        4_1    6_2
             -0.033   0.001        3_1    6_2

         > STATE 00038:   4_1    5_1

             E(VCI)   =    10219.72808
             E(VCI)-E0=     4521.85498

             COEFF.  WEIGHT      CONFIG.
             -0.900   0.810        4_1    5_1
             -0.267   0.071        3_3
             -0.202   0.041        2_2    4_1
             -0.159   0.025        1_2    4_1
             -0.122   0.015        4_1    6_2
              0.107   0.011        3_1    5_1
             -0.083   0.007        3_2    4_1
              0.059   0.003        3_1    4_2
             -0.058   0.003        2_1    6_1
              0.058   0.003        4_1    5_2    6_2
             -0.039   0.002        4_1    5_1    6_2
             -0.035   0.001        4_3

         > STATE 00039:   2_1    3_1    4_1

             E(VCI)   =    10284.23784
             E(VCI)-E0=     4586.36474

             COEFF.  WEIGHT      CONFIG.
             -0.738   0.544        2_1    3_1    4_1
             -0.586   0.344        4_1    6_1
              0.274   0.075        2_1    4_2
             -0.111   0.012        4_1    5_1    6_1
             -0.059   0.003        3_1    6_1
              0.058   0.003        2_1    3_2    4_1
             -0.052   0.003        4_1    5_1    6_3
              0.046   0.002        2_1    3_1    4_2
             -0.046   0.002        2_1    5_1
              0.042   0.002        2_1    4_1
             -0.038   0.001        2_3    4_1
             -0.038   0.001        3_1    4_1    6_1

         > STATE 00040:   1_4

             E(VCI)   =    10312.82659
             E(VCI)-E0=     4614.95348

             COEFF.  WEIGHT      CONFIG.
              0.877   0.769        1_4
              0.417   0.174        1_2    5_1
             -0.130   0.017        1_4    5_1
             -0.113   0.013        1_2    2_2
              0.070   0.005        1_2    5_2
             -0.058   0.003        1_4    5_2
             -0.058   0.003        1_2    4_1
              0.054   0.003        5_2
              0.051   0.003        1_2
             -0.048   0.002        1_2    3_1
             -0.046   0.002        1_4    3_1

         > STATE 00041:   1_1    4_2

             E(VCI)   =    10341.75816
             E(VCI)-E0=     4643.88505

             COEFF.  WEIGHT      CONFIG.
             -0.994   0.988        1_1    4_2
              0.060   0.004        1_1    4_2    5_1
              0.043   0.002        1_3    4_1
             -0.034   0.001        1_1    3_1    4_2
             -0.032   0.001        1_1    4_1    5_1

         > STATE 00042:   1_3    2_1

             E(VCI)   =    10413.00265
             E(VCI)-E0=     4715.12955

             COEFF.  WEIGHT      CONFIG.
              0.922   0.851        1_3    2_1
             -0.320   0.102        1_1    2_1    5_1
             -0.132   0.017        1_3    2_1    5_1
              0.130   0.017        1_1    2_3
             -0.055   0.003        1_1    2_1    5_2
             -0.053   0.003        1_3    2_1    5_2
              0.038   0.001        1_1    2_1    4_1
             -0.036   0.001        1_1    2_1

         > STATE 00043:   2_1    4_2

             E(VCI)   =    10454.27162
             E(VCI)-E0=     4756.39851

             COEFF.  WEIGHT      CONFIG.
             -0.935   0.875        2_1    4_2
             -0.312   0.097        4_1    6_1
             -0.091   0.008        2_1    3_1    4_1
             -0.065   0.004        4_1    5_1    6_1
             -0.063   0.004        2_1    3_1    4_2
              0.049   0.002        2_1    4_2    5_1
              0.036   0.001        2_2    4_1    6_1

         > STATE 00044:   3_2    4_1

             E(VCI)   =    10472.08274
             E(VCI)-E0=     4774.20964

             COEFF.  WEIGHT      CONFIG.
             -0.984   0.969        3_2    4_1
              0.078   0.006        4_1    5_1
              0.056   0.003        3_2    4_2
              0.047   0.002        3_4
              0.046   0.002        3_3
              0.045   0.002        3_1    5_1
             -0.041   0.002        3_3    4_1
             -0.038   0.001        3_2
              0.037   0.001        2_2    3_1    4_1
             -0.035   0.001        3_1    4_1

         > STATE 00045:   1_2    2_2

             E(VCI)   =    10508.71970
             E(VCI)-E0=     4810.84659

             COEFF.  WEIGHT      CONFIG.
              0.915   0.837        1_2    2_2
             -0.244   0.059        2_2    5_1
              0.198   0.039        1_4
             -0.142   0.020        1_2    5_1
              0.125   0.016        2_4
             -0.124   0.015        1_2    2_2    5_1
             -0.054   0.003        5_2
             -0.047   0.002        1_2    2_2    5_2
             -0.035   0.001        2_2    5_2

         > STATE 00046:   1_1    2_3

             E(VCI)   =    10604.58143
             E(VCI)-E0=     4906.70833

             COEFF.  WEIGHT      CONFIG.
              0.924   0.853        1_1    2_3
             -0.267   0.071        1_1    2_1    5_1
             -0.225   0.051        1_3    2_1
             -0.114   0.013        1_1    2_3    5_1
              0.051   0.003        1_1    2_3    3_1
             -0.048   0.002        1_1    2_1    3_1
             -0.043   0.002        1_1    2_3    5_2
             -0.038   0.001        1_1    2_1    5_2

         > STATE 00047:   1_3    3_1

             E(VCI)   =    10671.16738
             E(VCI)-E0=     4973.29428

             COEFF.  WEIGHT      CONFIG.
             -0.932   0.868        1_3    3_1
              0.298   0.089        1_1    3_1    5_1
              0.119   0.014        1_3    3_1    5_1
             -0.064   0.004        1_1    2_2    3_1
             -0.054   0.003        1_3    3_2
             -0.049   0.002        1_5
              0.049   0.002        1_1    3_2
              0.049   0.002        1_3    3_1    5_2
             -0.045   0.002        1_3
              0.045   0.002        1_1    3_1    5_2
             -0.042   0.002        1_3    4_1
             -0.039   0.001        1_1    3_1    4_1
              0.038   0.001        1_3    3_1    4_1

         > STATE 00048:   2_4

             E(VCI)   =    10671.78619
             E(VCI)-E0=     4973.91309

             COEFF.  WEIGHT      CONFIG.
             -0.856   0.733        2_4
              0.421   0.177        2_2    5_1
              0.220   0.048        1_2    2_2
              0.095   0.009        2_4    5_1
             -0.080   0.006        2_4    3_1
              0.068   0.005        2_2    3_1
             -0.061   0.004        1_2    5_1
              0.051   0.003        5_2
              0.048   0.002        2_2    5_2
              0.042   0.002        2_4    5_2
              0.041   0.002        2_2    6_2
              0.036   0.001        1_4

         > STATE 00049:   1_2    6_1

             E(VCI)   =    10675.75416
             E(VCI)-E0=     4977.88106

             COEFF.  WEIGHT      CONFIG.
             -0.885   0.784        1_2    6_1
              0.394   0.155        1_2    2_1    3_1
              0.115   0.013        1_2    2_1    4_1
             -0.114   0.013        1_2    5_1    6_1
              0.112   0.013        5_1    6_1
             -0.081   0.007        1_2    5_1    6_3
             -0.075   0.006        2_1    3_1    5_1
             -0.061   0.004        1_2    6_3
              0.037   0.001        1_4    6_1

         > STATE 00050:   3_1    4_2

             E(VCI)   =    10695.99622
             E(VCI)-E0=     4998.12312

             COEFF.  WEIGHT      CONFIG.
             -0.987   0.975        3_1    4_2
              0.066   0.004        3_2    4_2
             -0.059   0.003        4_1    5_1
             -0.047   0.002        3_3    4_1
              0.047   0.002        4_2
             -0.035   0.001        3_1    4_3

         > STATE 00051:   1_2    5_1

             E(VCI)   =    10757.05403
             E(VCI)-E0=     5059.18093

             COEFF.  WEIGHT      CONFIG.
              0.830   0.689        1_2    5_1
             -0.396   0.157        1_4
              0.231   0.054        1_2    2_2
              0.226   0.051        5_2
              0.138   0.019        1_2    6_2
              0.076   0.006        1_2    3_2
              0.069   0.005        1_2    5_2
              0.057   0.003        1_2
             -0.056   0.003        1_2    5_2    6_2
              0.045   0.002        1_2    5_1    6_2
              0.039   0.002        1_2    5_3
             -0.039   0.002        1_2    3_1    4_1

         > STATE 00052:   2_2    6_1

             E(VCI)   =    10831.31725
             E(VCI)-E0=     5133.44415

             COEFF.  WEIGHT      CONFIG.
             -0.765   0.585        2_2    6_1
              0.534   0.286        2_3    3_1
              0.165   0.027        1_2    2_1    3_1
              0.153   0.023        2_3    4_1
              0.122   0.015        1_2    6_1
             -0.117   0.014        2_1    3_1    5_1
             -0.104   0.011        2_2    5_1    6_1
              0.094   0.009        5_1    6_1
             -0.067   0.005        2_2    5_1    6_3
             -0.049   0.002        2_2    6_3
             -0.048   0.002        2_3    3_2
             -0.048   0.002        2_4    6_1
             -0.048   0.002        2_2    3_1    6_1
             -0.046   0.002        2_3
             -0.041   0.002        2_3    3_1    5_1
             -0.038   0.001        2_5
              0.037   0.001        2_1    3_2
             -0.035   0.001        2_1    3_1
              0.034   0.001        2_3    3_1    6_2

         > STATE 00053:   1_1    2_1    6_1

             E(VCI)   =    10835.26731
             E(VCI)-E0=     5137.39421

             COEFF.  WEIGHT      CONFIG.
              0.712   0.507        1_1    2_1    6_1
             -0.674   0.454        1_1    2_2    3_1
             -0.145   0.021        1_1    2_2    4_1
              0.077   0.006        1_3    3_1
              0.059   0.003        1_1    3_1    5_1
              0.044   0.002        1_1    2_3    6_1
             -0.039   0.002        1_1    2_4

         > STATE 00054:   1_2    2_1    3_1

             E(VCI)   =    10856.43269
             E(VCI)-E0=     5158.55959

             COEFF.  WEIGHT      CONFIG.
              0.865   0.747        1_2    2_1    3_1
              0.368   0.135        1_2    6_1
              0.224   0.050        2_2    6_1
             -0.196   0.038        2_1    3_1    5_1
             -0.090   0.008        1_2    2_1    4_1
              0.052   0.003        1_2    5_1    6_1
             -0.049   0.002        2_3    4_1
             -0.049   0.002        5_1    6_1
             -0.041   0.002        2_3    3_1
              0.041   0.002        1_2    2_3
              0.038   0.001        2_2    5_1    6_1
              0.034   0.001        1_2    5_1    6_3
              0.034   0.001        1_4    2_1

         > STATE 00055:   4_3

             E(VCI)   =    10890.22207
             E(VCI)-E0=     5192.34897

             COEFF.  WEIGHT      CONFIG.
              0.991   0.983        4_3
              0.067   0.005        3_1    4_3
              0.045   0.002        4_3    5_1    6_2
              0.035   0.001        2_1    4_2    6_1
             -0.034   0.001        4_1    5_1
             -0.034   0.001        3_2    4_2

         > STATE 00056:   1_1    2_1    5_1

             E(VCI)   =    10896.54161
             E(VCI)-E0=     5198.66851

             COEFF.  WEIGHT      CONFIG.
              0.885   0.783        1_1    2_1    5_1
              0.328   0.107        1_1    2_3
              0.269   0.072        1_3    2_1
              0.134   0.018        1_1    2_1    6_2
              0.076   0.006        1_1    2_1    5_2
              0.059   0.003        1_1    2_1    3_2
              0.056   0.003        1_1    2_1
             -0.045   0.002        1_1    3_1    6_1

         > STATE 00057:   1_3    4_1

             E(VCI)   =    10906.53779
             E(VCI)-E0=     5208.66469

             COEFF.  WEIGHT      CONFIG.
              0.941   0.886        1_3    4_1
             -0.277   0.077        1_1    4_1    5_1
             -0.117   0.014        1_3    4_1    5_1
              0.055   0.003        1_1    4_2
             -0.054   0.003        1_3    3_1
              0.053   0.003        1_1    2_2    4_1
             -0.044   0.002        1_3    4_1    5_2
              0.043   0.002        1_5
             -0.042   0.002        1_1    4_1    5_2
              0.037   0.001        1_3    5_1
              0.033   0.001        1_1    3_1    4_1
             -0.033   0.001        1_1    2_2    3_1
             -0.032   0.001        1_3    4_2

         > STATE 00058:   2_2    5_1

             E(VCI)   =    10944.98726
             E(VCI)-E0=     5247.11416

             COEFF.  WEIGHT      CONFIG.
             -0.792   0.627        2_2    5_1
             -0.462   0.213        2_4
             -0.291   0.085        5_2
             -0.149   0.022        1_2    2_2
             -0.126   0.016        2_2    6_2
              0.097   0.009        1_2    5_1
              0.065   0.004        5_1    6_2
              0.052   0.003        2_2    5_2    6_2
             -0.052   0.003        2_2    3_2
             -0.045   0.002        2_2    5_2
              0.042   0.002        6_2
             -0.040   0.002        2_2    5_1    6_2
             -0.037   0.001        2_2
             -0.036   0.001        2_4    3_1

         > STATE 00059:   1_1    2_2    3_1

             E(VCI)   =    10987.05269
             E(VCI)-E0=     5289.17958

             COEFF.  WEIGHT      CONFIG.
             -0.655   0.430        1_1    2_2    3_1
             -0.614   0.377        1_1    2_1    6_1
              0.315   0.099        1_1    3_1    5_1
              0.247   0.061        1_1    2_2    4_1
              0.136   0.018        1_3    3_1
              0.060   0.004        1_1    3_1    6_2
             -0.044   0.002        1_1    2_4
              0.040   0.002        1_1    2_2    3_2

         > STATE 00060:   2_3    3_1

             E(VCI)   =    10999.54020
             E(VCI)-E0=     5301.66710

             COEFF.  WEIGHT      CONFIG.
              0.668   0.446        2_3    3_1
              0.472   0.223        2_2    6_1
             -0.424   0.180        2_1    3_1    5_1
             -0.188   0.035        1_2    2_1    3_1
             -0.170   0.029        2_3    4_1
              0.163   0.027        5_1    6_1
              0.094   0.009        2_2    5_1    6_1
             -0.074   0.005        2_3    3_2
             -0.073   0.005        2_3    3_1    5_1
             -0.070   0.005        2_1    3_1    6_2
             -0.055   0.003        2_5
             -0.052   0.003        2_3
             -0.050   0.003        6_1
              0.048   0.002        6_3
             -0.048   0.002        5_2    6_1
              0.046   0.002        2_1    3_2
              0.046   0.002        2_2    5_1    6_3
             -0.039   0.001        2_3    3_1    4_1
              0.038   0.001        1_2    2_1    4_1
             -0.037   0.001        2_1    3_1    5_2
              0.036   0.001        2_2    3_1    6_1
             -0.035   0.001        2_1    4_1    5_1
              0.034   0.001        2_2    6_3
              0.032   0.001        2_1    3_1    4_1
             -0.032   0.001        2_3    3_1    5_2

         > STATE 00061:   6_2

             E(VCI)   =    11024.03487
             E(VCI)-E0=     5326.16177

             COEFF.  WEIGHT      CONFIG.
              0.633   0.401        6_2
             -0.404   0.163        5_2
             -0.382   0.146        2_1    3_1    6_1
              0.318   0.101        5_1    6_2
             -0.200   0.040        2_2    3_2
              0.170   0.029        2_2    5_1
             -0.154   0.024        1_2    3_2
             -0.124   0.015        2_1    4_1    6_1
             -0.114   0.013        5_1
              0.104   0.011        5_1    6_4
              0.096   0.009        1_2    5_1
              0.075   0.006        6_4
              0.074   0.005        2_4
              0.072   0.005        2_2    3_1    4_1
             -0.069   0.005        5_2    6_2
              0.068   0.005        2_2    6_2
             -0.046   0.002        5_2    6_4
              0.040   0.002        3_2    5_1
              0.039   0.002        1_2    6_2
              0.035   0.001        1_2    2_2
              0.035   0.001        5_3    6_2

         > STATE 00062:   1_2    3_2

             E(VCI)   =    11031.20120
             E(VCI)-E0=     5333.32810

             COEFF.  WEIGHT      CONFIG.
              0.945   0.893        1_2    3_2
             -0.208   0.043        3_2    5_1
              0.115   0.013        6_2
             -0.097   0.009        1_2    3_2    5_1
             -0.092   0.009        5_2
              0.063   0.004        5_1    6_2
             -0.060   0.004        1_2    5_1
             -0.056   0.003        1_4    3_1
             -0.054   0.003        2_1    3_1    6_1
             -0.050   0.003        1_2    3_2    4_1
             -0.046   0.002        1_2    3_3
             -0.042   0.002        1_2    3_1
             -0.037   0.001        1_2    3_2    5_2
              0.035   0.001        3_3
             -0.032   0.001        1_2    2_2    3_1

         > STATE 00063:   1_2    2_1    4_1

             E(VCI)   =    11052.13455
             E(VCI)-E0=     5354.26144

             COEFF.  WEIGHT      CONFIG.
              0.737   0.543        1_2    2_1    4_1
              0.478   0.228        5_1    6_1
             -0.229   0.052        2_1    4_1    5_1
             -0.216   0.047        2_3    3_1
              0.167   0.028        1_2    6_1
              0.142   0.020        2_3    4_1
             -0.134   0.018        5_2    6_1
             -0.126   0.016        2_1    3_1    5_1
             -0.113   0.013        6_1
              0.111   0.012        6_3
             -0.068   0.005        5_2    6_3
              0.062   0.004        5_1    6_3
              0.041   0.002        1_2    5_1    6_1

         > STATE 00064:   5_1    6_1

             E(VCI)   =    11061.52069
             E(VCI)-E0=     5363.64758

             COEFF.  WEIGHT      CONFIG.
              0.663   0.440        5_1    6_1
             -0.614   0.377        1_2    2_1    4_1
             -0.230   0.053        2_3    3_1
             -0.185   0.034        5_2    6_1
             -0.149   0.022        6_1
              0.148   0.022        6_3
             -0.143   0.021        2_1    3_1    5_1
             -0.093   0.009        5_2    6_3
              0.083   0.007        5_1    6_3
             -0.052   0.003        1_2    2_1    3_1
             -0.048   0.002        2_2    6_1

         > STATE 00065:   1_1    2_1    3_2

             E(VCI)   =    11092.35099
             E(VCI)-E0=     5394.47789

             COEFF.  WEIGHT      CONFIG.
             -0.708   0.501        1_1    2_1    3_2
             -0.698   0.487        1_1    3_1    6_1
             -0.061   0.004        1_1    4_1    6_1
              0.041   0.002        1_1    2_3    3_1
              0.036   0.001        1_1    2_1    6_2
              0.035   0.001        1_1    3_3    6_1

         > STATE 00066:   1_1    3_1    5_1

             E(VCI)   =    11130.35363
             E(VCI)-E0=     5432.48053

             COEFF.  WEIGHT      CONFIG.
             -0.771   0.595        1_1    3_1    5_1
              0.479   0.229        1_1    2_2    4_1
             -0.240   0.058        1_3    3_1
             -0.227   0.052        1_1    2_2    3_1
             -0.141   0.020        1_1    4_1    5_1
             -0.111   0.012        1_1    3_3
             -0.108   0.012        1_1    3_1    6_2
             -0.085   0.007        1_3    4_1
             -0.056   0.003        1_1    3_1    5_2
             -0.047   0.002        1_1    3_2    4_1
             -0.040   0.002        1_1    3_1
             -0.032   0.001        1_1    2_1    6_1

         > STATE 00067:   2_2    3_2

             E(VCI)   =    11147.00197
             E(VCI)-E0=     5449.12886

             COEFF.  WEIGHT      CONFIG.
             -0.650   0.423        2_2    3_2
             -0.489   0.239        2_1    3_1    6_1
              0.483   0.233        5_2
             -0.146   0.021        2_2    5_1
             -0.129   0.017        5_1    6_2
             -0.119   0.014        1_2    5_1
              0.105   0.011        2_2    3_1    4_1
             -0.065   0.004        6_2
              0.054   0.003        1_2    3_2
              0.050   0.002        2_4    3_1
             -0.049   0.002        2_4
              0.048   0.002        2_2    3_2    5_1
             -0.048   0.002        2_2    3_3
              0.046   0.002        5_2    6_2
             -0.044   0.002        2_3    3_1    6_1
              0.043   0.002        3_2    5_1
             -0.042   0.002        2_2    3_1
             -0.042   0.002        2_1    4_1    6_1
             -0.039   0.002        5_3    6_2
              0.036   0.001        2_1    3_3    6_1
              0.033   0.001        3_3

         > STATE 00068:   1_1    2_2    4_1

             E(VCI)   =    11169.10703
             E(VCI)-E0=     5471.23393

             COEFF.  WEIGHT      CONFIG.
              0.795   0.632        1_1    2_2    4_1
              0.394   0.155        1_1    3_1    5_1
              0.325   0.106        1_1    2_1    6_1
              0.219   0.048        1_1    2_2    3_1
             -0.154   0.024        1_1    4_1    5_1
              0.120   0.014        1_3    3_1
             -0.082   0.007        1_3    4_1
              0.064   0.004        1_1    3_3
              0.044   0.002        1_1    3_1    6_2
              0.036   0.001        1_1    2_2    5_1

         > STATE 00069:   2_3    4_1

             E(VCI)   =    11193.62895
             E(VCI)-E0=     5495.75585

             COEFF.  WEIGHT      CONFIG.
             -0.876   0.767        2_3    4_1
              0.272   0.074        2_1    4_1    5_1
              0.210   0.044        2_1    3_1    5_1
              0.164   0.027        5_1    6_1
             -0.162   0.026        2_2    6_1
              0.155   0.024        1_2    2_1    4_1
              0.083   0.007        2_3    4_1    5_1
             -0.080   0.006        2_3    3_1    4_1
              0.049   0.002        1_2    2_1    3_1
             -0.048   0.002        5_2    6_1
             -0.042   0.002        2_2    5_1    6_1
              0.038   0.001        2_1    3_1    6_2
              0.036   0.001        1_2    6_1
              0.034   0.001        2_1    3_1    4_1
              0.033   0.001        2_1    4_1    5_2
              0.032   0.001        6_3

         > STATE 00070:   5_2

             E(VCI)   =    11235.60899
             E(VCI)-E0=     5537.73589

             COEFF.  WEIGHT      CONFIG.
              0.568   0.323        5_2
              0.485   0.235        2_2    3_2
              0.457   0.209        6_2
             -0.295   0.087        3_2    5_1
             -0.203   0.041        2_2    5_1
             -0.141   0.020        1_2    5_1
             -0.131   0.017        2_1    4_1    6_1
             -0.100   0.010        1_2    3_2
             -0.084   0.007        2_1    3_1    6_1
              0.074   0.005        2_2    3_1    4_1
             -0.065   0.004        5_1
              0.065   0.004        5_1    6_2
              0.065   0.004        3_1    4_1    5_1
              0.053   0.003        5_1    6_4
             -0.051   0.003        3_2    6_2
             -0.046   0.002        2_4    3_1
              0.044   0.002        2_2    3_3
             -0.044   0.002        5_3    6_2
             -0.041   0.002        2_4
             -0.039   0.001        2_2    3_2    5_1
              0.039   0.001        2_2    3_1
             -0.036   0.001        1_2    2_2
              0.032   0.001        3_1    6_2

         > STATE 00071:   2_1    3_1    5_1

             E(VCI)   =    11268.26734
             E(VCI)-E0=     5570.39423

             COEFF.  WEIGHT      CONFIG.
              0.782   0.611        2_1    3_1    5_1
              0.352   0.124        2_3    3_1
              0.252   0.063        5_1    6_1
              0.235   0.055        2_2    6_1
              0.189   0.036        3_2    6_1
              0.186   0.035        2_3    4_1
              0.146   0.021        1_2    2_1    3_1
              0.108   0.012        2_1    3_1    6_2
             -0.100   0.010        2_1    4_1    5_1
             -0.079   0.006        5_2    6_1
              0.057   0.003        6_3
              0.051   0.003        3_2    5_1    6_1
             -0.049   0.002        6_1
              0.041   0.002        2_1    3_1    5_2
             -0.037   0.001        5_2    6_3
              0.034   0.001        1_2    6_1
              0.034   0.001        5_1    6_3
              0.034   0.001        2_3    5_1

         > STATE 00072:   1_1    2_1    3_2

             E(VCI)   =    11270.98303
             E(VCI)-E0=     5573.10993

             COEFF.  WEIGHT      CONFIG.
              0.697   0.486        1_1    2_1    3_2
             -0.697   0.486        1_1    3_1    6_1
             -0.117   0.014        1_1    4_1    6_1
             -0.077   0.006        1_1    2_1    5_1
             -0.043   0.002        1_1    2_3    3_1
              0.035   0.001        1_1    2_1    4_2

         > STATE 00073:   1_2    3_1    4_1

             E(VCI)   =    11297.71397
             E(VCI)-E0=     5599.84087

             COEFF.  WEIGHT      CONFIG.
              0.973   0.947        1_2    3_1    4_1
             -0.179   0.032        3_1    4_1    5_1
              0.050   0.003        2_2    3_1    4_1
             -0.047   0.002        1_2    3_1    4_2
              0.043   0.002        1_4    4_1
              0.036   0.001        1_4    3_1
              0.035   0.001        1_2    3_1
              0.034   0.001        1_2    5_1
              0.033   0.001        1_2    3_2
              0.032   0.001        1_2    3_3

         > STATE 00074:   3_2    6_1

             E(VCI)   =    11329.97989
             E(VCI)-E0=     5632.10679

             COEFF.  WEIGHT      CONFIG.
              0.785   0.617        3_2    6_1
             -0.541   0.293        2_1    3_3
             -0.133   0.018        2_1    3_2    4_1
              0.133   0.018        3_2    5_1    6_1
             -0.133   0.018        2_1    3_1    5_1
             -0.090   0.008        3_1    4_1    6_1
              0.071   0.005        3_2    5_1    6_3
              0.053   0.003        3_2    6_3
             -0.047   0.002        2_3    3_1
              0.039   0.002        3_4    6_1
              0.037   0.001        2_1    3_1    6_2
             -0.036   0.001        2_1    3_3    6_2
             -0.034   0.001        2_1    3_1
              0.034   0.001        2_2    3_2    6_1
             -0.034   0.001        2_3    3_2
              0.032   0.001        3_1    6_1

         > STATE 00075:   2_1    3_1    6_1

             E(VCI)   =    11378.02390
             E(VCI)-E0=     5680.15080

             COEFF.  WEIGHT      CONFIG.
              0.529   0.280        2_1    3_1    6_1
             -0.432   0.186        2_2    3_1    4_1
              0.408   0.166        6_2
              0.362   0.131        3_2    5_1
             -0.296   0.088        2_2    3_2
              0.258   0.066        5_2
              0.120   0.014        2_1    4_1    6_1
              0.116   0.013        5_1    6_2
              0.090   0.008        1_2    3_2
              0.061   0.004        3_2    6_2
             -0.061   0.004        1_2    5_1
              0.059   0.003        2_2    3_2    4_1
              0.055   0.003        5_1    6_4
             -0.054   0.003        5_1
             -0.053   0.003        3_4
              0.049   0.002        3_1    4_1    5_1
             -0.043   0.002        2_2    3_3
             -0.041   0.002        2_1    3_2    6_1
              0.038   0.001        2_2    4_1
             -0.036   0.001        2_2    3_1
             -0.033   0.001        3_2    4_1
             -0.032   0.001        2_2    4_2
              0.032   0.001        6_4
              0.032   0.001        2_4    3_1

         > STATE 00076:   1_1    3_3

             E(VCI)   =    11392.16460
             E(VCI)-E0=     5694.29150

             COEFF.  WEIGHT      CONFIG.
             -0.905   0.820        1_1    3_3
              0.360   0.130        1_1    4_1    5_1
              0.104   0.011        1_3    4_1
              0.093   0.009        1_1    3_1    5_1
              0.091   0.008        1_1    2_2    4_1
              0.065   0.004        1_1    3_3    5_1
              0.059   0.003        1_1    3_3    4_1
              0.050   0.003        1_1    4_1    6_2
              0.050   0.002        1_3    3_2
             -0.037   0.001        1_1    2_2    3_2

         > STATE 00077:   1_1    4_1    5_1

             E(VCI)   =    11402.91275
             E(VCI)-E0=     5705.03965

             COEFF.  WEIGHT      CONFIG.
              0.841   0.708        1_1    4_1    5_1
              0.377   0.142        1_1    3_3
              0.242   0.059        1_3    4_1
              0.199   0.040        1_1    2_2    4_1
             -0.116   0.014        1_1    3_1    5_1
              0.115   0.013        1_1    4_1    6_2
              0.073   0.005        1_1    3_2    4_1
             -0.057   0.003        1_1    3_1    4_2
              0.055   0.003        1_1    4_1    5_2
              0.050   0.002        1_1    2_1    6_1
              0.040   0.002        1_1    4_1
              0.034   0.001        1_1    4_3

         > STATE 00078:   3_2    5_1

             E(VCI)   =    11421.08814
             E(VCI)-E0=     5723.21504

             COEFF.  WEIGHT      CONFIG.
              0.721   0.520        3_2    5_1
              0.484   0.234        2_2    3_1    4_1
             -0.311   0.097        2_1    4_1    6_1
              0.206   0.042        2_2    3_2
              0.152   0.023        1_2    3_2
             -0.122   0.015        3_1    4_1    5_1
              0.104   0.011        2_2    4_2
              0.102   0.010        3_2    6_2
             -0.099   0.010        3_4
              0.084   0.007        5_2
             -0.078   0.006        1_2    3_1    4_1
             -0.055   0.003        2_2    3_2    4_1
             -0.049   0.002        3_2    5_2    6_2
             -0.049   0.002        3_3    4_1
              0.039   0.002        3_2    5_1    6_2
             -0.035   0.001        2_2    4_1

         > STATE 00079:   1_1    4_1    6_1

             E(VCI)   =    11446.62405
             E(VCI)-E0=     5748.75095

             COEFF.  WEIGHT      CONFIG.
              0.919   0.844        1_1    4_1    6_1
             -0.364   0.132        1_1    2_1    4_2
             -0.130   0.017        1_1    3_1    6_1
              0.045   0.002        1_1    2_1    3_2
              0.040   0.002        1_3    4_1    6_1

         > STATE 00080:   1_2    4_2

             E(VCI)   =    11482.07322
             E(VCI)-E0=     5784.20012

             COEFF.  WEIGHT      CONFIG.
              0.896   0.804        1_2    4_2
              0.197   0.039        2_1    3_1    6_1
             -0.169   0.028        2_1    4_1    6_1
             -0.168   0.028        4_2    5_1
             -0.155   0.024        3_2    5_1
              0.140   0.020        2_2    3_1    4_1
             -0.137   0.019        2_2    3_2
              0.115   0.013        2_2    4_2
             -0.089   0.008        1_2    4_2    5_1
              0.051   0.003        1_4    4_1
              0.040   0.002        1_2    4_1    5_1
             -0.035   0.001        4_3

         > STATE 00081:   2_1    3_1    6_1

             E(VCI)   =    11485.46479
             E(VCI)-E0=     5787.59169

             COEFF.  WEIGHT      CONFIG.
              0.486   0.237        2_1    3_1    6_1
             -0.416   0.173        2_1    4_1    6_1
              0.396   0.157        2_2    3_1    4_1
             -0.374   0.140        1_2    4_2
             -0.353   0.125        3_2    5_1
             -0.328   0.108        2_2    3_2
              0.170   0.029        2_2    4_2
             -0.067   0.004        1_2    3_2
              0.054   0.003        4_2    5_1
             -0.052   0.003        2_1    3_2    6_1
              0.051   0.003        3_4
              0.039   0.002        2_2    5_1
              0.037   0.001        1_2    4_2    5_1
             -0.034   0.001        3_1    4_1    5_1
             -0.034   0.001        2_3    4_1    6_1
              0.032   0.001        3_3    4_1
              0.032   0.001        2_2    3_2    5_1

         > STATE 00082:   1_5

             E(VCI)   =    11492.66726
             E(VCI)-E0=     5794.79416

             COEFF.  WEIGHT      CONFIG.
              0.833   0.694        1_5
              0.470   0.221        1_3    5_1
             -0.138   0.019        1_5    5_1
             -0.136   0.019        1_3    2_2
              0.109   0.012        1_1    5_2
              0.100   0.010        1_3    5_2
              0.075   0.006        1_3
             -0.069   0.005        1_3    4_1
             -0.056   0.003        1_3    3_1
             -0.052   0.003        1_5    3_1
              0.045   0.002        1_1    2_2    5_1
              0.039   0.002        1_3    5_3
              0.038   0.001        1_3    6_2

         > STATE 00083:   2_1    4_1    5_1

             E(VCI)   =    11502.74275
             E(VCI)-E0=     5804.86964

             COEFF.  WEIGHT      CONFIG.
             -0.905   0.819        2_1    4_1    5_1
             -0.312   0.097        2_3    4_1
             -0.158   0.025        1_2    2_1    4_1
             -0.121   0.015        2_1    4_1    6_2
             -0.090   0.008        2_2    6_1
             -0.087   0.008        5_1    6_1
             -0.081   0.006        2_1    3_2    4_1
              0.059   0.003        2_1    3_3
              0.056   0.003        2_1    3_1    4_2
             -0.046   0.002        2_1    4_1    5_2
              0.043   0.002        4_2    6_1
              0.033   0.001        5_2    6_1
             -0.033   0.001        2_1    4_1

         > STATE 00084:   2_1    3_3

             E(VCI)   =    11558.30489
             E(VCI)-E0=     5860.43178

             COEFF.  WEIGHT      CONFIG.
             -0.813   0.661        2_1    3_3
             -0.472   0.223        3_2    6_1
              0.194   0.038        2_1    3_2    4_1
              0.135   0.018        3_1    4_1    6_1
              0.133   0.018        2_1    3_1    5_1
             -0.088   0.008        3_2    5_1    6_1
             -0.072   0.005        2_1    4_1    5_1
              0.069   0.005        2_1    3_3    4_1
             -0.064   0.004        2_3    3_2
              0.052   0.003        2_1    3_3    5_1
             -0.047   0.002        2_1    3_4
              0.045   0.002        2_1    3_2
             -0.044   0.002        3_2    5_1    6_3
              0.039   0.002        2_1    3_1    4_1
              0.034   0.001        2_2    3_2    6_1

         > STATE 00085:   2_2    4_2

             E(VCI)   =    11577.01948
             E(VCI)-E0=     5879.14638

             COEFF.  WEIGHT      CONFIG.
             -0.566   0.320        2_2    4_2
              0.542   0.294        2_1    4_1    6_1
              0.504   0.254        2_2    3_1    4_1
             -0.209   0.044        3_1    4_1    5_1
              0.150   0.023        2_1    3_1    6_1
              0.128   0.016        6_2
             -0.078   0.006        2_2    3_2
             -0.071   0.005        2_2    3_1    4_2
             -0.069   0.005        2_2    3_2    4_1
             -0.059   0.004        3_2    5_1
             -0.055   0.003        1_2    3_1    4_1
              0.052   0.003        5_2
             -0.051   0.003        2_2    4_1
              0.050   0.002        5_1    6_2
              0.048   0.002        4_2    5_1
              0.045   0.002        2_4    4_1
             -0.041   0.002        3_1    4_1    6_2
              0.040   0.002        1_2    4_2
              0.034   0.001        2_2    4_2    5_1

         > STATE 00086:   1_4    2_1

             E(VCI)   =    11577.38751
             E(VCI)-E0=     5879.51441

             COEFF.  WEIGHT      CONFIG.
              0.867   0.752        1_4    2_1
              0.413   0.171        1_2    2_1    5_1
             -0.172   0.030        1_2    2_3
             -0.143   0.020        1_4    2_1    5_1
              0.089   0.008        1_2    2_1    5_2
              0.064   0.004        1_2    2_1
              0.063   0.004        2_1    5_2
             -0.055   0.003        1_2    2_1    4_1
              0.037   0.001        2_3    5_1
              0.033   0.001        1_2    2_1    5_3
             -0.033   0.001        1_2    2_1    3_1

         > STATE 00087:   1_1    2_1    4_2

             E(VCI)   =    11643.94604
             E(VCI)-E0=     5946.07294

             COEFF.  WEIGHT      CONFIG.
              0.929   0.863        1_1    2_1    4_2
              0.364   0.132        1_1    4_1    6_1

         > STATE 00088:   1_1    3_2    4_1

             E(VCI)   =    11646.34826
             E(VCI)-E0=     5948.47515

             COEFF.  WEIGHT      CONFIG.
              0.988   0.976        1_1    3_2    4_1
             -0.072   0.005        1_1    4_1    5_1
             -0.066   0.004        1_1    3_2    4_2
             -0.048   0.002        1_1    3_1    5_1
             -0.046   0.002        1_1    3_4
              0.046   0.002        1_1    3_2
              0.037   0.001        1_3    3_1    4_1
              0.033   0.001        1_1    3_1    4_3

         > STATE 00089:   1_3    2_2

             E(VCI)   =    11672.09044
             E(VCI)-E0=     5974.21734

             COEFF.  WEIGHT      CONFIG.
              0.869   0.755        1_3    2_2
             -0.342   0.117        1_1    2_2    5_1
              0.224   0.050        1_5
              0.171   0.029        1_1    2_4
             -0.140   0.020        1_3    2_2    5_1
             -0.085   0.007        1_3    5_1
             -0.076   0.006        1_1    5_2
             -0.069   0.005        1_1    2_2    5_2
             -0.048   0.002        1_1    2_2
              0.042   0.002        1_1    2_2    4_1
             -0.033   0.001        1_3    3_1
             -0.032   0.001        1_5    5_1

         > STATE 00090:   2_1    3_2    4_1

             E(VCI)   =    11699.01855
             E(VCI)-E0=     6001.14545

             COEFF.  WEIGHT      CONFIG.
             -0.761   0.579        2_1    3_2    4_1
             -0.526   0.276        3_1    4_1    6_1
             -0.255   0.065        3_2    6_1
              0.145   0.021        2_1    3_1    4_2
             -0.123   0.015        2_1    3_3
             -0.121   0.015        4_2    6_1
              0.062   0.004        2_1    3_1    5_1
             -0.056   0.003        3_2    5_1    6_1
              0.046   0.002        2_3    3_1    4_1
             -0.046   0.002        2_1    3_3    4_1
             -0.038   0.001        2_1    3_1    4_1
              0.037   0.001        2_1    4_1    5_1
              0.037   0.001        2_1    4_1    6_2
              0.034   0.001        3_3    4_1    6_1

         > STATE 00091:   3_1    4_1    5_1

             E(VCI)   =    11711.06669
             E(VCI)-E0=     6013.19358

             COEFF.  WEIGHT      CONFIG.
              0.676   0.457        3_1    4_1    5_1
             -0.555   0.308        2_2    4_2
             -0.328   0.107        2_1    4_1    6_1
              0.215   0.046        4_2    5_1
              0.125   0.016        1_2    3_1    4_1
             -0.114   0.013        3_4
              0.095   0.009        3_1    4_1    6_2
              0.084   0.007        3_3    4_1
              0.075   0.006        1_2    4_2
              0.066   0.004        3_2    4_2
             -0.062   0.004        6_2
             -0.056   0.003        5_2
             -0.054   0.003        2_2    3_1    4_2
              0.050   0.003        3_2    5_1
              0.044   0.002        2_2    4_2    5_1
              0.035   0.001        3_1    4_3
              0.034   0.001        4_2    6_2

         > STATE 00092:   3_4

             E(VCI)   =    11740.21092
             E(VCI)-E0=     6042.33781

             COEFF.  WEIGHT      CONFIG.
              0.964   0.930        3_4
             -0.130   0.017        2_2    4_2
              0.126   0.016        3_2    5_1
             -0.107   0.011        2_1    4_1    6_1
             -0.074   0.006        3_4    4_1
             -0.050   0.003        2_2    3_1    4_1
              0.046   0.002        3_2    6_2
              0.045   0.002        2_2    3_3
             -0.044   0.002        2_1    3_3    6_1
              0.039   0.002        3_2    4_1
              0.039   0.002        4_2    5_1
             -0.037   0.001        3_4    5_1
              0.036   0.001        3_3    4_1
             -0.035   0.001        1_2    3_3

         > STATE 00093:   3_1    4_1    5_1

             E(VCI)   =    11762.07872
             E(VCI)-E0=     6064.20561

             COEFF.  WEIGHT      CONFIG.
             -0.616   0.380        3_1    4_1    5_1
             -0.477   0.227        2_2    4_2
             -0.469   0.220        2_1    4_1    6_1
             -0.301   0.090        2_2    3_1    4_1
             -0.137   0.019        3_4
             -0.104   0.011        1_2    3_1    4_1
             -0.098   0.010        3_3    4_1
              0.092   0.008        4_2    5_1
             -0.074   0.005        3_2    5_1
             -0.063   0.004        3_2    4_2
             -0.062   0.004        3_1    4_1    6_2
              0.044   0.002        2_2    4_2    5_1
             -0.040   0.002        2_1    3_1    6_1
             -0.039   0.002        2_2    4_1    5_1
             -0.039   0.002        6_2
             -0.034   0.001        2_2    3_1    4_2

         > STATE 00094:   1_2    2_3

             E(VCI)   =    11764.57579
             E(VCI)-E0=     6066.70268

             COEFF.  WEIGHT      CONFIG.
             -0.867   0.751        1_2    2_3
             -0.294   0.086        1_4    2_1
              0.244   0.059        2_3    5_1
              0.206   0.042        1_2    2_1    5_1
              0.136   0.019        2_5
              0.133   0.018        1_2    2_3    5_1
              0.094   0.009        2_1    5_2
              0.050   0.003        1_2    2_1    3_1
              0.044   0.002        2_3    5_2
              0.043   0.002        1_4    2_1    5_1
              0.038   0.001        1_2    2_1    5_2
             -0.037   0.001        1_2    2_3    3_1

         > STATE 00095:   2_1    3_1    4_2

             E(VCI)   =    11823.66524
             E(VCI)-E0=     6125.79213

             COEFF.  WEIGHT      CONFIG.
             -0.528   0.279        2_1    3_1    4_2
              0.497   0.247        3_1    4_1    6_1
             -0.497   0.247        2_1    3_2    4_1
              0.417   0.174        4_2    6_1
              0.113   0.013        2_1    4_3
              0.082   0.007        2_1    3_2    4_2
             -0.067   0.004        2_1    3_3    4_1
              0.063   0.004        4_2    5_1    6_1
             -0.056   0.003        2_1    3_1    4_1
              0.046   0.002        2_1    4_2
             -0.041   0.002        4_1    6_1
              0.040   0.002        2_3    3_1    4_1
              0.038   0.001        2_1    4_1    5_1
             -0.035   0.001        3_2    4_1    6_1
              0.035   0.001        4_2    5_1    6_3
             -0.035   0.001        2_1    4_1    6_2

         > STATE 00096:   1_4    3_1

             E(VCI)   =    11836.02008
             E(VCI)-E0=     6138.14698

             COEFF.  WEIGHT      CONFIG.
             -0.886   0.784        1_4    3_1
             -0.391   0.153        1_2    3_1    5_1
              0.134   0.018        1_4    3_1    5_1
              0.086   0.007        1_2    2_2    3_1
             -0.075   0.006        1_2    3_1    5_2
             -0.066   0.004        1_2    3_2
             -0.062   0.004        1_4    3_2
             -0.056   0.003        1_4
             -0.055   0.003        3_1    5_2
              0.054   0.003        1_2    3_1    4_1
             -0.052   0.003        1_2    3_1
             -0.051   0.003        1_6
              0.041   0.002        1_4    3_1    4_1

         > STATE 00097:   1_1    2_4

             E(VCI)   =    11855.15364
             E(VCI)-E0=     6157.28054

             COEFF.  WEIGHT      CONFIG.
             -0.867   0.752        1_1    2_4
              0.344   0.118        1_1    2_2    5_1
              0.296   0.088        1_3    2_2
              0.123   0.015        1_1    2_4    5_1
             -0.065   0.004        1_1    2_4    3_1
              0.064   0.004        1_1    2_2    3_1
             -0.063   0.004        1_3    5_1
              0.060   0.004        1_1    2_2    5_2
              0.047   0.002        1_5
             -0.044   0.002        1_3    2_2    5_1
              0.041   0.002        1_1    2_2
              0.039   0.002        1_1    5_2
              0.036   0.001        1_1    2_2    6_2

         > STATE 00098:   1_1    3_1    4_2

             E(VCI)   =    11862.96202
             E(VCI)-E0=     6165.08892

             COEFF.  WEIGHT      CONFIG.
              0.990   0.980        1_1    3_1    4_2
              0.064   0.004        1_1    4_1    5_1
             -0.050   0.003        1_1    3_2    4_2
              0.047   0.002        1_1    3_1    4_3
              0.045   0.002        1_1    3_3    4_1
              0.037   0.001        1_1    3_1    4_1
             -0.033   0.001        1_1    4_2
             -0.033   0.001        1_3    3_1    4_1
             -0.033   0.001        1_3    4_2

         > STATE 00099:   1_3    6_1

             E(VCI)   =    11870.31658
             E(VCI)-E0=     6172.44348

             COEFF.  WEIGHT      CONFIG.
             -0.885   0.783        1_3    6_1
              0.350   0.122        1_3    2_1    3_1
              0.252   0.063        1_1    5_1    6_1
              0.109   0.012        1_3    2_1    4_1
             -0.075   0.006        1_3    5_1    6_1
             -0.051   0.003        1_3    6_3
              0.049   0.002        1_5    6_1
             -0.045   0.002        1_1    2_2    6_1
             -0.038   0.001        1_1    5_2    6_1

(  FINALIZE VCI MODULE  )

            (MEMORY INFO)
            -- CURRENT USAGE    [     0.17 MB /  1200.00 MB (  0.0 % ) ]  -- 
            -- IN THE LAST STEP [     2.64 MB /  1200.00 MB (  0.2 % ) ]  -- 

            (CLOCK) ---->  LAST STEP: USER     0.03, SYSTEM     0.00 SECS   <----


(  FINALIZE TARGET MODULE  )


(  ENTER PROPERTY MODULE  )

   >> RUN OPTIONS
      MR    =      3
      NPRPT =      0
      VSCF  =      F
      VCI   =      T
      VPT   =      F
      VQDPT =      F

   >> INFRARED SPECTRUM
      MIN_OMEGA =      800.00
      MAX_OMEGA =     4000.00
      DEL_OMEGA =        1.00
      FWHM      =        5.00

      >> PROPERTY SURFACE
         MR         =        3
         EXT        = .dipole   
         POTDIR     = ../3_mrpes/pes_mrpes/

         1MR-PRPT SURFACE

           MODE=   1, GRID=  11   B3LYP/cc-pVDZ
           MODE=   2, GRID=  11   B3LYP/cc-pVDZ
           MODE=   3, GRID=  11   B3LYP/cc-pVDZ
           MODE=   4, GRID=  11   B3LYP/cc-pVDZ
           MODE=   5, GRID=  11   B3LYP/cc-pVDZ
           MODE=   6, GRID=  11   B3LYP/cc-pVDZ
 

         2MR-PRPT SURFACE

           MODE=   2   1, GRID=   7   7   B3LYP/cc-pVDZ
           MODE=   3   1, GRID=   7   7   B3LYP/cc-pVDZ
           MODE=   3   2, GRID=   9   9   B3LYP/cc-pVDZ
           MODE=   4   2, GRID=   9   9   B3LYP/cc-pVDZ
           MODE=   4   3, GRID=   7   7   B3LYP/cc-pVDZ
           MODE=   5   1, GRID=   9   9   B3LYP/cc-pVDZ
           MODE=   5   2, GRID=   9   9   B3LYP/cc-pVDZ
           MODE=   5   3, GRID=   9   9   B3LYP/cc-pVDZ
           MODE=   5   4, GRID=   7   7   B3LYP/cc-pVDZ
           MODE=   6   1, GRID=   9   9   B3LYP/cc-pVDZ
           MODE=   6   2, GRID=   9   9   B3LYP/cc-pVDZ
           MODE=   6   3, GRID=   9   9   B3LYP/cc-pVDZ
           MODE=   6   4, GRID=   9   9   B3LYP/cc-pVDZ
           MODE=   6   5, GRID=   9   9   B3LYP/cc-pVDZ
 

         3MR-PRPT SURFACE

           MODE=   5   4   3, GRID=   7   7   7   B3LYP/cc-pVDZ
           MODE=   6   3   2, GRID=   9   9   9   B3LYP/cc-pVDZ
           MODE=   6   4   2, GRID=   9   9   9   B3LYP/cc-pVDZ
 
      o VCI PROPERTY OPTIONS
         VCI_STATES       =  ALL

      -> DONE FOR VCI SPECTRUM : [ vci-IR.data / vci-IR.spectrum ]

            (MEMORY INFO)
            -- CURRENT USAGE    [     0.21 MB /  1200.00 MB (  0.0 % ) ]  -- 
            -- IN THE LAST STEP [    11.30 MB /  1200.00 MB (  0.9 % ) ]  -- 

            (CLOCK) ---->  LAST STEP: USER     0.20, SYSTEM     0.00 SECS   <----


(  FINALIZE PROPERTY MODULE  )


(  FINALIZE VIB MODULE  )


(  FINALIZE NMA MODULE  )


(  FINALIZE MOL MODULE  )



   (TOTAL MEMORY USAGE)   [    11.30 MB /  1200.00 MB (  0.9 % ) ] 

   (CLOCK) ---->  TOTAL CPU-TIME  <----
            >     USER :   0 DAYS   0 HOURS   0 MINS   0.4 SECS 
            >    SYSTEM:   0 DAYS   0 HOURS   0 MINS   0.0 SECS 

