 -------------------------------------------------------
                                                      
    ***   WELCOME TO SINDO PROGRAM                    
     ***                (  VERSION 4.0 BETA  )        
      ***                                             
       ***       COPYRIGHT 2019:                      
        ***         KIYOSHI YAGI  KIYOSHI.YAGI@RIKEN.JP
                                                      
 -------------------------------------------------------

     JOB STARTED AT: Sat Jun 19 01:18:32 2021
     RUNNING ON lemon.novalocal                 


(  SETUP MEM MODULE  )

   o MAXIMUM MEMORY :      500 MB


(  SETUP MOL MODULE  )


   READ DATA FROM A MINFO FILE : [ ../3_harmonic/qmmm_harm.minfo ]


(  ENTER NMA MODULE  )


      o ATOMIC MASS
           30.9740     15.9994      1.0080     15.9994      1.0080
           15.9994     15.9994
 
      o REFERENCE GEOMETRY
         -9.479535  -20.233388  -10.192001
        -10.561272  -20.545037   -7.278583
        -10.314888  -22.260388   -6.634048
        -10.838773  -17.566717  -10.933976
        -12.695692  -17.681443  -10.772821
         -6.620269  -19.758295  -10.253483
        -10.485144  -22.429705  -11.845549
 
      o NORMAL DISPLACEMENT VECTOR
          0.234618   -0.018895    0.353462
          0.561402   -0.053363    0.386334
          0.085310   -0.034245    0.064713
          0.092930    0.008644    0.480809
          0.022105   -0.012486    0.085194
          0.152574    0.027891   -0.018626
          0.027780    0.046692    0.254173
 
         -0.051514    0.541352    0.036469
          0.041613    0.547890    0.093192
         -0.001065    0.131570    0.008710
         -0.078924    0.326850   -0.154154
         -0.018500    0.065444   -0.026445
         -0.028336    0.373312   -0.002418
          0.001782    0.238315    0.189344
 
          0.345706   -0.077435   -0.318337
          0.492524    0.181324   -0.125059
          0.072921    0.038349   -0.034080
          0.168023   -0.165002   -0.489714
          0.046920   -0.035180   -0.080997
          0.229740   -0.009406   -0.263729
          0.138356   -0.165114   -0.001610
 
          0.100127    0.218255   -0.337038
          0.173480   -0.283838   -0.270805
          0.056900   -0.079407   -0.099461
          0.099160    0.331185    0.327496
          0.023224    0.059963    0.043328
          0.083324    0.096007   -0.187931
         -0.028325    0.357776   -0.460703
 
         -0.179772    0.016448   -0.101783
          0.228761   -0.249560    0.021474
          0.050219   -0.077780   -0.033412
         -0.616774   -0.243318    0.003947
         -0.153810   -0.102187    0.023944
         -0.202052    0.501573   -0.186988
          0.091044   -0.149398   -0.003746
 
         -0.368026   -0.062498   -0.142286
          0.256510    0.196305    0.122219
          0.039545    0.044975    0.028114
         -0.126771    0.064635    0.025350
         -0.034421    0.025809    0.000182
         -0.206734   -0.422705   -0.379291
         -0.572884    0.021320    0.009228
 
          0.073854   -0.030809   -0.128743
         -0.293722    0.110670   -0.207357
         -0.151232    0.012974   -0.062039
          0.112055    0.135698    0.362357
          0.031721    0.058446    0.144571
          0.030032    0.099543   -0.551516
          0.117281   -0.390242    0.374159
 
          0.097343   -0.087020   -0.102397
         -0.074518    0.503430   -0.031003
          0.182970    0.230721    0.192096
         -0.340615   -0.191169    0.343198
         -0.080668   -0.099985    0.122542
          0.100430   -0.232308    0.036740
          0.320576    0.021900   -0.344062
 
         -0.169923   -0.396352   -0.050195
          0.046111    0.222036    0.124002
          0.080262    0.120411    0.179572
          0.436196   -0.020925    0.107046
          0.102837    0.100997   -0.035736
         -0.259612    0.516518    0.043757
         -0.110524   -0.136839   -0.316640
 
          0.300518   -0.074156    0.235108
         -0.312687    0.017019    0.075603
         -0.075406    0.027061    0.084506
         -0.020702   -0.369818   -0.066454
         -0.000838   -0.153831   -0.037870
          0.205137    0.208870   -0.409053
         -0.350199    0.425958   -0.088064
 
          0.203267   -0.063224   -0.269907
          0.074223    0.134772   -0.358101
         -0.067440    0.029110   -0.080810
         -0.107980   -0.125046    0.222340
         -0.022870   -0.105950    0.056180
          0.142348    0.161183    0.481822
         -0.531872   -0.074709    0.243925
 
         -0.006174   -0.073723    0.004022
          0.139426    0.213861    0.138108
         -0.833506   -0.201242   -0.307134
         -0.036257   -0.066229    0.038737
         -0.001488    0.002645    0.098862
         -0.037021   -0.019233    0.041058
          0.088252    0.033666   -0.226643
 
         -0.019506    0.006180    0.036974
          0.021009    0.059231   -0.076955
         -0.076007   -0.006499   -0.047119
          0.009491    0.048647    0.207287
         -0.060656   -0.300768   -0.911917
         -0.030893   -0.026754   -0.033859
          0.061829   -0.049579    0.006942
 
          0.208309   -0.089766   -0.307941
         -0.208875   -0.092781    0.576671
         -0.036614   -0.035860    0.127069
         -0.214027    0.394533   -0.071700
         -0.059000   -0.023374   -0.078304
          0.331608    0.056052    0.049661
         -0.163891   -0.270430   -0.133545
 
         -0.102201    0.418835   -0.477136
         -0.124301   -0.047812    0.387888
          0.059799   -0.067466   -0.081072
          0.290668   -0.505719    0.163353
          0.068941   -0.079968   -0.013359
         -0.080676   -0.049234    0.052883
          0.055300    0.031226    0.097808
 
          0.212972   -0.322939   -0.346786
          0.001623   -0.078643    0.059181
         -0.173213    0.076176    0.328056
         -0.059628    0.144203   -0.030126
         -0.007919   -0.069192   -0.004822
         -0.412953   -0.047261    0.028698
          0.194144    0.453962    0.359840
 
          0.248147   -0.226287    0.005379
         -0.118707    0.169057    0.151278
          0.386432   -0.189898   -0.712687
         -0.042097    0.118247   -0.011636
          0.001928   -0.126572    0.045634
         -0.293617   -0.002665   -0.003783
          0.008038    0.088862    0.011321
 
         -0.396831   -0.337703   -0.158865
         -0.017147    0.060238    0.033416
          0.078401   -0.055829   -0.205030
         -0.060934   -0.075464    0.045501
         -0.048933    0.435342   -0.155094
          0.490861    0.083429    0.006972
          0.143928    0.320915    0.218630
 
         -0.388446   -0.123109   -0.033067
          0.030050    0.005664   -0.012087
          0.011963   -0.004842   -0.018702
          0.133649    0.162266   -0.056463
          0.086822   -0.782148    0.248121
          0.274596    0.064596   -0.007365
          0.092342    0.098971    0.071227
 
          0.003598   -0.000782    0.000628
          0.000538   -0.000591   -0.000849
         -0.001986    0.009243   -0.004543
          0.247078    0.006143   -0.018283
         -0.964865   -0.040275    0.076466
         -0.003237    0.000936   -0.000462
          0.000140    0.003198    0.000343
 
         -0.001231    0.003350   -0.000319
         -0.028407    0.225171   -0.093528
          0.126503   -0.897062    0.344800
          0.003066   -0.001786    0.000708
         -0.009748    0.000191    0.000590
         -0.001791   -0.000351    0.001468
         -0.000028    0.001043    0.002193
 
 
      o TRANSLATIONAL VECTOR
          0.565120    0.000000    0.000000
          0.406157    0.000000    0.000000
          0.101946    0.000000    0.000000
          0.406157    0.000000    0.000000
          0.101946    0.000000    0.000000
          0.406157    0.000000    0.000000
          0.406157    0.000000    0.000000
 
          0.000000    0.565120    0.000000
          0.000000    0.406157    0.000000
          0.000000    0.101946    0.000000
          0.000000    0.406157    0.000000
          0.000000    0.101946    0.000000
          0.000000    0.406157    0.000000
          0.000000    0.406157    0.000000
 
          0.000000    0.000000    0.565120
          0.000000    0.000000    0.406157
          0.000000    0.000000    0.101946
          0.000000    0.000000    0.406157
          0.000000    0.000000    0.101946
          0.000000    0.000000    0.406157
          0.000000    0.000000    0.406157
 
 
      o ROTATIONAL VECTOR
          0.000044    0.029340   -0.030325
         -0.000841   -0.557213   -0.083979
         -0.000259   -0.171975   -0.106524
          0.000254    0.168365    0.507120
          0.000052    0.034231    0.121433
          0.000050    0.033291    0.073365
          0.000527    0.349308   -0.458055
 
         -0.029381    0.000000   -0.038441
          0.557990    0.000000    0.187391
          0.172215    0.000000    0.034743
         -0.168600    0.000000    0.242551
         -0.034279    0.000000    0.153527
         -0.033337    0.000000   -0.595971
         -0.349796    0.000000    0.172259
 
          0.030127    0.037476    0.000610
          0.085459   -0.172351    0.002812
          0.106638   -0.030241    0.002790
         -0.505757   -0.245278   -0.011725
         -0.121226   -0.153448   -0.002443
         -0.072256    0.591520   -0.004109
          0.454298   -0.179928    0.012087
 
(  SETUP OF NMA COMPLETED  )



(  SETUP VIB MODULE  )

   >> RUN OPTIONS
      VSCF    =     T
      OC-VSCF =     F
      VCI     =     F
      VPT     =     F
      VQDPT   =     T
      PRPT    =     T


   >> BASIS FUNCTIONS
      MODE :         1        2        3        4        5        6
      MAXV :        -1       -1       -1       -1       -1       -1
      FREQ :    124.07   155.22   163.36   193.62   229.79   249.73

      MODE :         7        8        9       10       11       12
      MAXV :        -1       -1       10       10       10       10
      FREQ :    387.67   399.33   504.16   517.05   547.23   563.03

      MODE :        13       14       15       16       17       18
      MAXV :        10       10       10       10       10       10
      FREQ :    728.95   825.58   897.56  1061.48  1127.60  1169.84

      MODE :        19       20       21
      MAXV :        10       10       10
      FREQ :   1250.55  3515.17  3652.44

(  SETUP TARGET MODULE  )

   >> TARGET STATES
       000   : ZERO-POINT STATE
     001-013 : FUNDAMENTALS
 

(  SETUP MRPES MODULE  )

   >> POTENTIAL

      [  OPTIONS  ]

         MR         =        3
         MCS_CUTOFF = -.10E-02
         MCS_GRID   = -.10E+01
         POTDIR     = ./pes/
         MOPFILE    = prop_no_1.mop


         1MR-PEF

         o GRID PEF

           MODE=   9, GRID=  11   QM/MM: B3LYP-D3/cc-pVDZ
           MODE=  10, GRID=  11   QM/MM: B3LYP-D3/cc-pVDZ
           MODE=  11, GRID=  11   QM/MM: B3LYP-D3/cc-pVDZ
           MODE=  12, GRID=  11   QM/MM: B3LYP-D3/cc-pVDZ
           MODE=  13, GRID=  11   QM/MM: B3LYP-D3/cc-pVDZ
           MODE=  14, GRID=  11   QM/MM: B3LYP-D3/cc-pVDZ
           MODE=  15, GRID=  11   QM/MM: B3LYP-D3/cc-pVDZ
           MODE=  16, GRID=  11   QM/MM: B3LYP-D3/cc-pVDZ
           MODE=  17, GRID=  11   QM/MM: B3LYP-D3/cc-pVDZ
           MODE=  18, GRID=  11   QM/MM: B3LYP-D3/cc-pVDZ
           MODE=  19, GRID=  11   QM/MM: B3LYP-D3/cc-pVDZ
           MODE=  20, GRID=  11   QM/MM: B3LYP-D3/cc-pVDZ
           MODE=  21, GRID=  11   QM/MM: B3LYP-D3/cc-pVDZ
 
         o DISABLED

           MODE=   1
           MODE=   2
           MODE=   3
           MODE=   4
           MODE=   5
           MODE=   6
           MODE=   7
           MODE=   8

         2MR-PEF

         o QFF  QM/MM: B3LYP-D3/cc-pVDZ

           NUMBER OF TERMS=      78
 

         3MR-PEF

         o QFF  QM/MM: B3LYP-D3/cc-pVDZ

           NUMBER OF TERMS=     286
 

(  FINALIZE MRPES MODULE  )

            (MEMORY INFO)
            -- CURRENT USAGE    [     0.22 MB /   500.00 MB (  0.0 % ) ]  -- 
            -- IN THE LAST STEP [     0.29 MB /   500.00 MB (  0.1 % ) ]  -- 

            (CLOCK) ---->  LAST STEP: USER     0.01, SYSTEM     0.00 SECS   <----


(  ENTER VSCF MODULE  )

  ---  VIBRATIONAL SELF-CONSISTENT FIELD CALCULATIONS   ---

   >> SCF OPTIONS
       STATE SPECIFIC :        F
              RESTART :        F
        MAX ITERATION :       20
         CONV. THRESH : 0.10E-04

   >> FILES
       WFN READ/WRITE FILE : vscf_xxx.wfn

   >> STATE 000:   ZERO-POINT STATE

       o INITIAL GUESS FROM (CONTRACTED) HARMONIC OSCILLATOR 

   -- (ITERATION) -------- (EOLD) -------- (ENEW) ----- (DELTA E) --
                1         8216.98         8158.71      -0.583D+02
                2         8158.71         8157.48      -0.124D+01
                3         8157.48         8157.27      -0.208D+00
                4         8157.27         8157.23      -0.363D-01
                5         8157.23         8157.23      -0.633D-02
                6         8157.23         8157.23      -0.110D-02
                7         8157.23         8157.23      -0.193D-03
                8         8157.23         8157.23      -0.337D-04
                9         8157.23         8157.23      -0.590D-05
   -----------------------------------------------------------------
       E(VSCF)=     8157.22621167

       o COEFFICIENTS

         -MODES-          1         2         3         4         5         6
              0     0.00000   0.00000   0.00000   0.00000   0.00000   0.00000
              1     0.00000   0.00000   0.00000   0.00000   0.00000   0.00000
              2     0.00000   0.00000   0.00000   0.00000   0.00000   0.00000
              3     0.00000   0.00000   0.00000   0.00000   0.00000   0.00000
              4     0.00000   0.00000   0.00000   0.00000   0.00000   0.00000
              5     0.00000   0.00000   0.00000   0.00000   0.00000   0.00000
              6     0.00000   0.00000   0.00000   0.00000   0.00000   0.00000
              7     0.00000   0.00000   0.00000   0.00000   0.00000   0.00000
              8     0.00000   0.00000   0.00000   0.00000   0.00000   0.00000
              9     0.00000   0.00000   0.00000   0.00000   0.00000   0.00000
             10     0.00000   0.00000   0.00000   0.00000   0.00000   0.00000
         -MODES-          7         8         9        10        11        12
              0     0.00000   0.00000   0.99997   0.99999   0.99962  -0.99790
              1     0.00000   0.00000   0.00730  -0.00530  -0.02748   0.02027
              2     0.00000   0.00000  -0.00358   0.00022  -0.00021   0.05822
              3     0.00000   0.00000  -0.00091  -0.00022  -0.00073  -0.00306
              4     0.00000   0.00000  -0.00023  -0.00009  -0.00005   0.01659
              5     0.00000   0.00000   0.00001  -0.00000   0.00000  -0.00031
              6     0.00000   0.00000   0.00001  -0.00000   0.00000  -0.00991
              7     0.00000   0.00000   0.00000   0.00000   0.00000   0.00044
              8     0.00000   0.00000  -0.00000   0.00000  -0.00000   0.00296
              9     0.00000   0.00000  -0.00000  -0.00000  -0.00000  -0.00019
             10     0.00000   0.00000   0.00000  -0.00000   0.00000  -0.00055
         -MODES-         13        14        15        16        17        18
              0    -0.99896   0.99539   0.99976  -0.99976   0.99956  -0.99998
              1     0.03329   0.09540  -0.02149   0.02116  -0.02898  -0.00533
              2     0.02703   0.00568   0.00022   0.00030  -0.00328   0.00039
              3    -0.00224   0.00832  -0.00497   0.00586  -0.00346  -0.00133
              4     0.01442   0.00152  -0.00026   0.00001  -0.00334   0.00060
              5    -0.00072   0.00013   0.00004  -0.00003   0.00065   0.00003
              6    -0.00511   0.00015   0.00006  -0.00008   0.00043  -0.00002
              7     0.00035   0.00004   0.00001  -0.00000  -0.00003   0.00000
              8     0.00088   0.00000  -0.00000   0.00000  -0.00002  -0.00000
              9    -0.00009   0.00000  -0.00000   0.00000  -0.00001  -0.00000
             10     0.00012   0.00000  -0.00000   0.00000  -0.00001   0.00000
         -MODES-         19        20        21
              0    -0.99986   0.99895   0.99893
              1     0.01642   0.00761  -0.00428
              2    -0.00062   0.01897   0.02154
              3     0.00311   0.04073   0.04039
              4     0.00202   0.00275   0.00225
              5    -0.00038   0.00230   0.00279
              6    -0.00020   0.00373   0.00383
              7     0.00001   0.00050   0.00056
              8     0.00001   0.00030   0.00043
              9     0.00000   0.00043   0.00048
             10     0.00000   0.00002   0.00005
 
       o VIBRATIONALLY AVERAGED STRUCTURE

         - Q0 -
              0.000000    0.000000    0.000000
              0.000000    0.000000    0.000000
              0.000000    0.000000    0.214575
             -0.154418   -0.777725   -0.529946
             -0.789450    2.209813   -0.475309
             -0.429850   -0.568099    0.103079
             -0.307775    0.105127   -0.029283
 
         - X0 -
             -9.478974  -20.233882  -10.192768
            -10.563824  -20.547769   -7.271150
            -10.307210  -22.256615   -6.614323
            -10.841060  -17.560437  -10.937023
            -12.700477  -17.664338  -10.764723
             -6.614840  -19.757461  -10.254771
            -10.485974  -22.434804  -11.849247
 
   >> VIRTUAL VSCF ENERGIES

      o VSCF STATES               TOTAL ENERGY         E-E0
        9_1                       8666.56893784         509.34272617
       10_1                       8673.96990514         516.74369347
       11_1                       8705.55120431         548.32499264
       12_1                       8812.33095887         655.10474720
       13_1                       8941.19159064         783.96537896
       14_1                       8980.52575994         823.29954826
       15_1                       9054.18206283         896.95585116
       16_1                       9219.25581271        1062.02960104
       17_1                       9296.10528019        1138.87906852
       18_1                       9328.32170276        1171.09549109
       19_1                       9405.69572888        1248.46951721
       20_1                      11381.73937828        3224.51316661
       21_1                      11489.24098001        3332.01476834

(  FINALIZE VSCF MODULE  )

            (MEMORY INFO)
            -- CURRENT USAGE    [     0.22 MB /   500.00 MB (  0.0 % ) ]  -- 
            -- IN THE LAST STEP [     0.33 MB /   500.00 MB (  0.1 % ) ]  -- 

            (CLOCK) ---->  LAST STEP: USER     0.01, SYSTEM     0.00 SECS   <----


(  ENTER VQDPT MODULE  )

   >> VQDPT OPTIONS

       o VQDPT WITH ZERO-POINT VSCF REFERENCE
         READ VSCF WFN  : vscf-000.wfn

       o P-SPACE CONSTRUCTION
         NGEN =    3
         THRESH_P0  = 0.50E+03
         THRESH_P1  = 0.10E+00
         THRESH_P2  = 0.50E-01
         THRESH_P3  = 0.90E+00
         P SET      =        0

       o Q-SPACE CONSTRUCTION
         NCUP   =    3
         MAXSUM =    4

       o P/Q INTERACTION =   1

       o THRESH_ENE =   0.100E-03

       o DUMP VQDPT WFN : [ vqdpt-w.wfn ]

   >> ENTER VQDPT MAIN ROUTINE

       o FOUND    8 GROUPS FROM THE TARGET STATES

            (CLOCK) ---->  LAST STEP: USER     0.00, SYSTEM     0.00 SECS   <----

    [ LOOP OVER THE GROUPS ]

       o STATE 000:   ZERO-POINT STATE

              --- Q-SPACE COMPONENTS--- 
                  1-MODE :        0
                  2-MODE :      468
                  3-MODE :     1144
                   TOTAL :     1612
              ------------------------- 

             E(0th)    =     7900.04052
             E(1st)    =      257.18570
             E(2nd)    =      -97.28502

             E(VMP1)   =     8157.22622
             E(VMP2)   =     8059.94120

            (CLOCK) ---->  LAST STEP: USER     0.00, SYSTEM     0.00 SECS   <----

       o GROUP 001: 
 
          --- P-SPACE COMPONENTS -----------------------------------------
          *    1)   9_1
          *    2)  10_1
          *    3)  12_1
          ----------------------------------------------------------------
                                                     * IS THE TARGET STATE

         o Q-SPACE COMPONENTS:         4333

            (CLOCK) ---->  LAST STEP: USER     0.00, SYSTEM     0.00 SECS   <----

         > STATE 001:   9_1
 
             E(VQDPT2)   =     8551.76222
             E(VQDPT2)-E0=      491.82102

             COEFF.  WEIGHT      CONFIG.

              0.907   0.823        9_1
             -0.418   0.175       12_1
              0.043   0.002       10_1
 
         > STATE 002:  10_1
 
             E(VQDPT2)   =     8573.76484
             E(VQDPT2)-E0=      513.82364

             COEFF.  WEIGHT      CONFIG.

             -0.989   0.977       10_1
              0.113   0.013       12_1
              0.099   0.010        9_1
 
         > STATE 003:  12_1
 
             E(VQDPT2)   =     8581.12351
             E(VQDPT2)-E0=      521.18231

             COEFF.  WEIGHT      CONFIG.

              0.901   0.812       12_1
              0.408   0.167        9_1
              0.144   0.021       10_1
 
 
            (CLOCK) ---->  LAST STEP: USER     0.00, SYSTEM     0.00 SECS   <----

       o GROUP 002:  11_1
 
              --- Q-SPACE COMPONENTS--- 
                  1-MODE :       53
                  2-MODE :      504
                  3-MODE :     1342
                   TOTAL :     1899
              ------------------------- 

             E(0th)     =     8448.36639
             E(1st)     =      257.18483
             E(2nd)     =     -101.99823

             E(VMP1)    =     8705.55122
             E(VMP2)    =     8603.55299

             E(VMP1)-E0 =      548.32500
             E(VMP2)-E0 =      543.61179

            (CLOCK) ---->  LAST STEP: USER     0.00, SYSTEM     0.00 SECS   <----

       o GROUP 003: 
 
          --- P-SPACE COMPONENTS -----------------------------------------
          *    1)  13_1
          *    2)  14_1
          ----------------------------------------------------------------
                                                     * IS THE TARGET STATE

         o Q-SPACE COMPONENTS:         3242

            (CLOCK) ---->  LAST STEP: USER     0.00, SYSTEM     0.00 SECS   <----

         > STATE 001:  13_1
 
             E(VQDPT2)   =     8730.72687
             E(VQDPT2)-E0=      670.78567

             COEFF.  WEIGHT      CONFIG.

             -0.999   0.999       13_1
             -0.032   0.001       14_1
 
         > STATE 002:  14_1
 
             E(VQDPT2)   =     8876.86907
             E(VQDPT2)-E0=      816.92787

             COEFF.  WEIGHT      CONFIG.

              0.999   0.999       14_1
             -0.032   0.001       13_1
 
 
            (CLOCK) ---->  LAST STEP: USER     0.00, SYSTEM     0.00 SECS   <----

       o GROUP 004:  15_1
 
              --- Q-SPACE COMPONENTS--- 
                  1-MODE :       53
                  2-MODE :      504
                  3-MODE :     1342
                   TOTAL :     1899
              ------------------------- 

             E(0th)     =     8796.99893
             E(1st)     =      257.18313
             E(2nd)     =     -109.87321

             E(VMP1)    =     9054.18206
             E(VMP2)    =     8944.30885

             E(VMP1)-E0 =      896.95584
             E(VMP2)-E0 =      884.36765

            (CLOCK) ---->  LAST STEP: USER     0.00, SYSTEM     0.00 SECS   <----

       o GROUP 005: 
 
          --- P-SPACE COMPONENTS -----------------------------------------
          *    1)  16_1
               2)  10_2
               3)  11_2
          *    4)  17_1
               5)   9_1   11_1
               6)   9_1   12_1
               7)  10_1   12_1
          *    8)  18_1
          ----------------------------------------------------------------
                                                     * IS THE TARGET STATE

         o Q-SPACE COMPONENTS:        10713

            (CLOCK) ---->  LAST STEP: USER     0.01, SYSTEM     0.00 SECS   <----

         > STATE 001:   9_1   12_1
 
             E(VQDPT2)   =     9046.94916
             E(VQDPT2)-E0=      987.00796

             COEFF.  WEIGHT      CONFIG.

              0.974   0.948        9_1   12_1
             -0.168   0.028        9_1   11_1
              0.130   0.017       10_1   12_1
             -0.055   0.003       17_1
              0.044   0.002       16_1
             -0.034   0.001       11_2
 
         > STATE 002:  10_1   12_1
 
             E(VQDPT2)   =     9081.56548
             E(VQDPT2)-E0=     1021.62428

             COEFF.  WEIGHT      CONFIG.

              0.724   0.524       10_1   12_1
              0.474   0.224       10_2
             -0.436   0.190       16_1
              0.228   0.052       17_1
             -0.071   0.005        9_1   12_1
             -0.057   0.003       18_1
             -0.037   0.001       11_2
 
         > STATE 003:  10_2
 
             E(VQDPT2)   =     9089.05925
             E(VQDPT2)-E0=     1029.11805

             COEFF.  WEIGHT      CONFIG.

             -0.863   0.745       10_2
              0.470   0.221       10_1   12_1
              0.169   0.029       17_1
             -0.058   0.003       16_1
             -0.036   0.001        9_1   12_1
 
         > STATE 004:   9_1   11_1
 
             E(VQDPT2)   =     9100.39931
             E(VQDPT2)-E0=     1040.45811

             COEFF.  WEIGHT      CONFIG.

              0.981   0.962        9_1   11_1
              0.168   0.028        9_1   12_1
              0.085   0.007       11_2
              0.033   0.001       16_1
 
         > STATE 005:  16_1
 
             E(VQDPT2)   =     9106.26946
             E(VQDPT2)-E0=     1046.32826

             COEFF.  WEIGHT      CONFIG.

              0.853   0.727       16_1
              0.446   0.199       10_1   12_1
              0.164   0.027       10_2
              0.131   0.017       11_2
             -0.130   0.017       17_1
             -0.109   0.012        9_1   12_1
             -0.032   0.001        9_1   11_1
 
         > STATE 006:  17_1
 
             E(VQDPT2)   =     9143.61947
             E(VQDPT2)-E0=     1083.67827

             COEFF.  WEIGHT      CONFIG.

              0.735   0.540       17_1
              0.640   0.409       11_2
             -0.165   0.027       10_1   12_1
              0.099   0.010       16_1
              0.071   0.005        9_1   12_1
             -0.063   0.004        9_1   11_1
             -0.049   0.002       18_1
              0.047   0.002       10_2
 
         > STATE 007:  11_2
 
             E(VQDPT2)   =     9151.48538
             E(VQDPT2)-E0=     1091.54418

             COEFF.  WEIGHT      CONFIG.

              0.751   0.563       11_2
             -0.596   0.355       17_1
             -0.256   0.065       16_1
              0.101   0.010       10_1   12_1
             -0.059   0.003        9_1   11_1
             -0.044   0.002       10_2
 
         > STATE 008:  18_1
 
             E(VQDPT2)   =     9206.99487
             E(VQDPT2)-E0=     1147.05367

             COEFF.  WEIGHT      CONFIG.

              0.996   0.992       18_1
              0.068   0.005       17_1
             -0.037   0.001       16_1
              0.034   0.001       10_1   12_1
 
 
            (CLOCK) ---->  LAST STEP: USER     0.00, SYSTEM     0.00 SECS   <----

       o GROUP 006:  19_1
 
          --- P-SPACE COMPONENTS -----------------------------------------
          *    1)  19_1
               2)   9_1   13_1
               3)  10_1   13_1
          ----------------------------------------------------------------
                                                     * IS THE TARGET STATE

         o Q-SPACE COMPONENTS:         5287

            (CLOCK) ---->  LAST STEP: USER     0.00, SYSTEM     0.00 SECS   <----

         > STATE 001:   9_1   13_1
 
             E(VQDPT2)   =     9220.18692
             E(VQDPT2)-E0=     1160.24572

             COEFF.  WEIGHT      CONFIG.

             -0.993   0.986        9_1   13_1
              0.117   0.014       19_1
 
         > STATE 002:  10_1   13_1
 
             E(VQDPT2)   =     9239.56369
             E(VQDPT2)-E0=     1179.62249

             COEFF.  WEIGHT      CONFIG.

              0.969   0.939       10_1   13_1
              0.247   0.061       19_1
 
         > STATE 003:  19_1
 
             E(VQDPT2)   =     9268.93182
             E(VQDPT2)-E0=     1208.99062

             COEFF.  WEIGHT      CONFIG.

             -0.962   0.925       19_1
              0.247   0.061       10_1   13_1
             -0.118   0.014        9_1   13_1
 
 
            (CLOCK) ---->  LAST STEP: USER     0.00, SYSTEM     0.00 SECS   <----

       o GROUP 007:  20_1
 
              --- Q-SPACE COMPONENTS--- 
                  1-MODE :       53
                  2-MODE :      504
                  3-MODE :     1342
                   TOTAL :     1899
              ------------------------- 

             E(0th)     =    11124.55116
             E(1st)     =      257.18820
             E(2nd)     =        5.88095

             E(VMP1)    =    11381.73936
             E(VMP2)    =    11387.62031

             E(VMP1)-E0 =     3224.51314
             E(VMP2)-E0 =     3327.67911

            (CLOCK) ---->  LAST STEP: USER     0.00, SYSTEM     0.00 SECS   <----

       o GROUP 008:  21_1
 
          --- P-SPACE COMPONENTS -----------------------------------------
          *    1)  21_1
               2)  16_1   17_2
               3)  11_2   17_2
               4)  17_3
               5)  16_2   17_1
               6)  17_2   18_1
               7)  16_1   17_1   18_1
               8)  16_1   18_2
               9)   9_1   12_1   16_1   17_1
              10)  10_1   12_1   16_1   17_1
              11)  11_4   17_1
              12)  11_2   16_1   17_1
              13)  11_2   17_1   18_1
              14)  11_2   18_2
              15)   9_1   11_2   12_1   17_1
              16)  10_1   11_2   12_1   17_1
              17)  11_3   12_1   17_1
              18)  17_1   18_2
              19)   9_1   12_1   17_2
              20)  10_1   12_1   17_2
              21)  11_1   12_1   17_2
              22)  10_2   16_1   17_1
              23)  15_1   16_1   17_1
              24)  16_2   18_1
              25)   9_1   12_1   16_2
              26)  10_1   12_1   16_2
              27)  15_1   17_2
              28)  18_3
              29)   9_1   12_1   17_1   18_1
              30)  10_1   12_1   17_1   18_1
              31)  10_2   17_1   18_1
              32)   9_1   12_1   16_1   18_1
              33)  10_1   12_1   16_1   18_1
              34)   9_1   11_1   18_2
              35)  11_1   12_1   16_1   17_1
              36)  12_2   16_1   17_1
              37)   9_2   16_1   17_1
              38)   9_2   11_1   12_1   17_1
              39)  12_3   16_1
              40)  10_1   11_1   16_1   17_1
              41)  10_3   12_1   17_1
              42)   9_1   10_1   11_1   12_1   17_1
          ----------------------------------------------------------------
                                                     * IS THE TARGET STATE

         o Q-SPACE COMPONENTS:        53928

            (CLOCK) ---->  LAST STEP: USER     0.13, SYSTEM     0.00 SECS   <----

         > STATE 002:  12_2   16_1   17_1
 
             E(VQDPT2)   =    10918.32214
             E(VQDPT2)-E0=     2858.38094

             COEFF.  WEIGHT      CONFIG.

             -0.739   0.546       12_2   16_1   17_1
             -0.440   0.193        9_1   12_1   17_2
             -0.289   0.083        9_1   12_1   16_1   17_1
              0.196   0.038        9_1   12_1   16_1   18_1
             -0.192   0.037       11_1   12_1   17_2
             -0.143   0.020        9_1   12_1   17_1   18_1
             -0.140   0.020        9_2   16_1   17_1
             -0.101   0.010       10_1   12_1   17_2
             -0.100   0.010       11_1   12_1   16_1   17_1
              0.097   0.009       16_1   17_2
              0.089   0.008       15_1   16_1   17_1
             -0.065   0.004       16_2   17_1
             -0.060   0.004       21_1
             -0.055   0.003       10_1   12_1   16_1   17_1
              0.052   0.003       10_1   12_1   16_1   18_1
              0.049   0.002       15_1   17_2
              0.040   0.002       17_3
             -0.036   0.001       10_1   12_1   17_1   18_1
              0.033   0.001        9_1   11_2   12_1   17_1
 
         > STATE 042:  21_1
 
             E(VQDPT2)   =    11502.91941
             E(VQDPT2)-E0=     3442.97821

             COEFF.  WEIGHT      CONFIG.

              0.997   0.994       21_1
             -0.065   0.004       12_2   16_1   17_1
 
 
            (CLOCK) ---->  LAST STEP: USER     0.00, SYSTEM     0.00 SECS   <----


(  FINALIZE VQDPT MODULE  )

            (MEMORY INFO)
            -- CURRENT USAGE    [     0.22 MB /   500.00 MB (  0.0 % ) ]  -- 
            -- IN THE LAST STEP [     2.32 MB /   500.00 MB (  0.5 % ) ]  -- 

            (CLOCK) ---->  LAST STEP: USER     0.00, SYSTEM     0.00 SECS   <----


(  FINALIZE TARGET MODULE  )


(  ENTER PROPERTY MODULE  )

   >> RUN OPTIONS
      MR    =      3
      NPRPT =      0
      VSCF  =      F
      VCI   =      F
      VPT   =      F
      VQDPT =      T

   >> INFRARED SPECTRUM
      MIN_OMEGA =      300.00
      MAX_OMEGA =     1800.00
      DEL_OMEGA =        1.00
      FWHM      =        5.00

      >> PROPERTY SURFACE
         MR         =        3
         EXT        = .dipole   
         POTDIR     = ./pes/

         1MR-PRPT SURFACE

           MODE=   9, GRID=  11   QM/MM: B3LYP-D3/cc-pVDZ
           MODE=  10, GRID=  11   QM/MM: B3LYP-D3/cc-pVDZ
           MODE=  11, GRID=  11   QM/MM: B3LYP-D3/cc-pVDZ
           MODE=  12, GRID=  11   QM/MM: B3LYP-D3/cc-pVDZ
           MODE=  13, GRID=  11   QM/MM: B3LYP-D3/cc-pVDZ
           MODE=  14, GRID=  11   QM/MM: B3LYP-D3/cc-pVDZ
           MODE=  15, GRID=  11   QM/MM: B3LYP-D3/cc-pVDZ
           MODE=  16, GRID=  11   QM/MM: B3LYP-D3/cc-pVDZ
           MODE=  17, GRID=  11   QM/MM: B3LYP-D3/cc-pVDZ
           MODE=  18, GRID=  11   QM/MM: B3LYP-D3/cc-pVDZ
           MODE=  19, GRID=  11   QM/MM: B3LYP-D3/cc-pVDZ
           MODE=  20, GRID=  11   QM/MM: B3LYP-D3/cc-pVDZ
           MODE=  21, GRID=  11   QM/MM: B3LYP-D3/cc-pVDZ
 

         2MR-PRPT SURFACE


         3MR-PRPT SURFACE

      -> DONE FOR VQDPT SPECTRUM : [ vqdpt-IR.data / vqdpt-IR.spectrum ]

            (MEMORY INFO)
            -- CURRENT USAGE    [     0.20 MB /   500.00 MB (  0.0 % ) ]  -- 
            -- IN THE LAST STEP [     0.22 MB /   500.00 MB (  0.0 % ) ]  -- 

            (CLOCK) ---->  LAST STEP: USER     0.01, SYSTEM     0.00 SECS   <----


(  FINALIZE PROPERTY MODULE  )


(  FINALIZE VIB MODULE  )


(  FINALIZE NMA MODULE  )


(  FINALIZE MOL MODULE  )



   (TOTAL MEMORY USAGE)   [     2.32 MB /   500.00 MB (  0.5 % ) ] 

   (CLOCK) ---->  TOTAL CPU-TIME  <----
            >     USER :   0 DAYS   0 HOURS   0 MINS   0.2 SECS 
            >    SYSTEM:   0 DAYS   0 HOURS   0 MINS   0.0 SECS 

