2021.06.18 at 13:58:45 JST
-------------------------------------------------------

      Make Potential Energy Surface for SINDO
                         Version 4.0
                         Release beta

                COPYRIGHT 2019:  
                   Kiyoshi Yagi  kiyoshi.yagi@riken.jp 

-------------------------------------------------------

Launch MakePES module

  o Input options read via makePES.xml ...  [OK] 
     - Molecular info via ../1_harmonic/w3-b3lyp-dz_local.minfo ...  [OK] 
     - Minfo_folder = minfo.files/
     - InterDomain  = false
     - ActiveModes:
        * Domain 1
            7   8   9 
        * Domain 2
           16  17  18 
        * Domain 3
           25  26  27 
     - Dipole  = true

  o Options for Quantum Chemistry jobs 

    QCID: ene
     - Program      = gaussian
     - Title        = B3LYP/cc-pVDZ
     - Removefiles  = true
     - Dryrun       = false
     - Template     = GaussianTemplate1
     - ExecCommand  = runGaussian.sh /home1/yagi/tutorial/MS_summer_school2021/9.2_wat3/2_mrpes basename.inp 

    QCID: hess
     - Program      = gaussian
     - Title        = B3LYP/cc-pVDZ
     - Removefiles  = true
     - Dryrun       = false
     - Template     = GaussianTemplate2
     - ExecCommand  = runGaussian.sh /home1/yagi/tutorial/MS_summer_school2021/9.2_wat3/2_mrpes basename.inp 

  o Options for QFF 

     - QCID         = hess
     - MR           = 2
     - stepsize     = 0.50         
     - ndifftype    = hess
     - mopfile      = prop_no_1.mop
     - intradomain_hc       = true
     - gradient_and_hessian = input

  o Options for Grid 

     - QCID         = ene
     - MR           = 2
     - 1-mode coupling = 7-9, 16-18, 25-27

     - QCID         = ene
     - MR           = 2
     - mopfile      = prop_no_1.mop
     - MCStrength   = 10.0

     - QCID         = ene
     - MR           = 2
     - mopfile      = prop_no_1.mop
     - MCStrength   = 1.0

  o Queue Manager via resources.info ...  [OK] 
     -----
     ID       : 0
     Hosts    : lemon.novalocal
     Ppn      : 1
     Memory   : unlimit
     SCR      : unlimit
     Status   : FREE
     -----
     ID       : 1
     Hosts    : lemon.novalocal
     Ppn      : 1
     Memory   : unlimit
     SCR      : unlimit
     Status   : FREE
     -----

Setup MakeQFF module


Enter QFF generation:

   Execute electronic structure calculations.

Thread1@lemon.novalocal> Running minfo.files/mkqff6-0.inp on lemon.novalocal at Fri Jun 18 13:58:45 JST 2021
Thread0@lemon.novalocal> Running minfo.files/mkqff-eq.inp on lemon.novalocal at Fri Jun 18 13:58:45 JST 2021
Thread0@lemon.novalocal> Running minfo.files/mkqff6-1.inp on lemon.novalocal at Fri Jun 18 13:58:55 JST 2021
Thread1@lemon.novalocal> Running minfo.files/mkqff7-0.inp on lemon.novalocal at Fri Jun 18 13:58:55 JST 2021
Thread0@lemon.novalocal> Running minfo.files/mkqff7-1.inp on lemon.novalocal at Fri Jun 18 13:59:04 JST 2021
Thread1@lemon.novalocal> Running minfo.files/mkqff8-0.inp on lemon.novalocal at Fri Jun 18 13:59:04 JST 2021
Thread1@lemon.novalocal> Running minfo.files/mkqff8-1.inp on lemon.novalocal at Fri Jun 18 13:59:13 JST 2021
Thread0@lemon.novalocal> Running minfo.files/mkqff15-0.inp on lemon.novalocal at Fri Jun 18 13:59:14 JST 2021
Thread1@lemon.novalocal> Running minfo.files/mkqff15-1.inp on lemon.novalocal at Fri Jun 18 13:59:22 JST 2021
Thread0@lemon.novalocal> Running minfo.files/mkqff16-0.inp on lemon.novalocal at Fri Jun 18 13:59:23 JST 2021
Thread1@lemon.novalocal> Running minfo.files/mkqff16-1.inp on lemon.novalocal at Fri Jun 18 13:59:32 JST 2021
Thread0@lemon.novalocal> Running minfo.files/mkqff17-0.inp on lemon.novalocal at Fri Jun 18 13:59:32 JST 2021
Thread1@lemon.novalocal> Running minfo.files/mkqff17-1.inp on lemon.novalocal at Fri Jun 18 13:59:41 JST 2021
Thread0@lemon.novalocal> Running minfo.files/mkqff24-0.inp on lemon.novalocal at Fri Jun 18 13:59:41 JST 2021
Thread0@lemon.novalocal> Running minfo.files/mkqff24-1.inp on lemon.novalocal at Fri Jun 18 13:59:50 JST 2021
Thread1@lemon.novalocal> Running minfo.files/mkqff25-0.inp on lemon.novalocal at Fri Jun 18 13:59:50 JST 2021
Thread1@lemon.novalocal> Running minfo.files/mkqff25-1.inp on lemon.novalocal at Fri Jun 18 13:59:59 JST 2021
Thread0@lemon.novalocal> Running minfo.files/mkqff26-0.inp on lemon.novalocal at Fri Jun 18 13:59:59 JST 2021
Thread0@lemon.novalocal> Running minfo.files/mkqff26-1.inp on lemon.novalocal at Fri Jun 18 14:00:08 JST 2021
   End of electronic structure calculations.


Storing electronic structure data in tempfile ...   Done!

Generating prop_no_1.mop... Done!

Removing the tempfiles ...   Done!

End of QFF generation.

Setup MakeGrid module

  o ngrid =    11 
  o 1MR Grid: 
      7 8 9 16 17 18 25 26 27 

Enter GridPES generation:

   Execute electronic structure calculations.

Thread1@lemon.novalocal> Running minfo.files/mkg-q7-11-0.inp on lemon.novalocal at Fri Jun 18 14:00:17 JST 2021
Thread0@lemon.novalocal> Running minfo.files/mkg-eq.inp on lemon.novalocal at Fri Jun 18 14:00:17 JST 2021
Thread0@lemon.novalocal> Running minfo.files/mkg-q7-11-1.inp on lemon.novalocal at Fri Jun 18 14:00:19 JST 2021
Thread1@lemon.novalocal> Running minfo.files/mkg-q7-11-2.inp on lemon.novalocal at Fri Jun 18 14:00:19 JST 2021
Thread0@lemon.novalocal> Running minfo.files/mkg-q7-11-3.inp on lemon.novalocal at Fri Jun 18 14:00:21 JST 2021
Thread1@lemon.novalocal> Running minfo.files/mkg-q7-11-4.inp on lemon.novalocal at Fri Jun 18 14:00:21 JST 2021
Thread1@lemon.novalocal> Running minfo.files/mkg-q7-11-6.inp on lemon.novalocal at Fri Jun 18 14:00:23 JST 2021
Thread0@lemon.novalocal> Running minfo.files/mkg-q7-11-7.inp on lemon.novalocal at Fri Jun 18 14:00:23 JST 2021
Thread0@lemon.novalocal> Running minfo.files/mkg-q7-11-8.inp on lemon.novalocal at Fri Jun 18 14:00:25 JST 2021
Thread1@lemon.novalocal> Running minfo.files/mkg-q7-11-9.inp on lemon.novalocal at Fri Jun 18 14:00:25 JST 2021
Thread0@lemon.novalocal> Running minfo.files/mkg-q7-11-10.inp on lemon.novalocal at Fri Jun 18 14:00:27 JST 2021
Thread1@lemon.novalocal> Running minfo.files/mkg-q8-11-0.inp on lemon.novalocal at Fri Jun 18 14:00:28 JST 2021
Thread0@lemon.novalocal> Running minfo.files/mkg-q8-11-1.inp on lemon.novalocal at Fri Jun 18 14:00:29 JST 2021
Thread1@lemon.novalocal> Running minfo.files/mkg-q8-11-2.inp on lemon.novalocal at Fri Jun 18 14:00:30 JST 2021
Thread0@lemon.novalocal> Running minfo.files/mkg-q8-11-3.inp on lemon.novalocal at Fri Jun 18 14:00:31 JST 2021
Thread1@lemon.novalocal> Running minfo.files/mkg-q8-11-4.inp on lemon.novalocal at Fri Jun 18 14:00:32 JST 2021
Thread0@lemon.novalocal> Running minfo.files/mkg-q8-11-6.inp on lemon.novalocal at Fri Jun 18 14:00:34 JST 2021
Thread1@lemon.novalocal> Running minfo.files/mkg-q8-11-7.inp on lemon.novalocal at Fri Jun 18 14:00:34 JST 2021
Thread0@lemon.novalocal> Running minfo.files/mkg-q8-11-8.inp on lemon.novalocal at Fri Jun 18 14:00:36 JST 2021
Thread1@lemon.novalocal> Running minfo.files/mkg-q8-11-9.inp on lemon.novalocal at Fri Jun 18 14:00:36 JST 2021
Thread0@lemon.novalocal> Running minfo.files/mkg-q8-11-10.inp on lemon.novalocal at Fri Jun 18 14:00:38 JST 2021
Thread1@lemon.novalocal> Running minfo.files/mkg-q9-11-0.inp on lemon.novalocal at Fri Jun 18 14:00:38 JST 2021
Thread0@lemon.novalocal> Running minfo.files/mkg-q9-11-1.inp on lemon.novalocal at Fri Jun 18 14:00:40 JST 2021
Thread1@lemon.novalocal> Running minfo.files/mkg-q9-11-2.inp on lemon.novalocal at Fri Jun 18 14:00:40 JST 2021
Thread0@lemon.novalocal> Running minfo.files/mkg-q9-11-3.inp on lemon.novalocal at Fri Jun 18 14:00:42 JST 2021
Thread1@lemon.novalocal> Running minfo.files/mkg-q9-11-4.inp on lemon.novalocal at Fri Jun 18 14:00:42 JST 2021
Thread0@lemon.novalocal> Running minfo.files/mkg-q9-11-6.inp on lemon.novalocal at Fri Jun 18 14:00:44 JST 2021
Thread1@lemon.novalocal> Running minfo.files/mkg-q9-11-7.inp on lemon.novalocal at Fri Jun 18 14:00:44 JST 2021
Thread0@lemon.novalocal> Running minfo.files/mkg-q9-11-8.inp on lemon.novalocal at Fri Jun 18 14:00:46 JST 2021
Thread1@lemon.novalocal> Running minfo.files/mkg-q9-11-9.inp on lemon.novalocal at Fri Jun 18 14:00:47 JST 2021
Thread0@lemon.novalocal> Running minfo.files/mkg-q9-11-10.inp on lemon.novalocal at Fri Jun 18 14:00:48 JST 2021
Thread1@lemon.novalocal> Running minfo.files/mkg-q16-11-0.inp on lemon.novalocal at Fri Jun 18 14:00:49 JST 2021
Thread0@lemon.novalocal> Running minfo.files/mkg-q16-11-1.inp on lemon.novalocal at Fri Jun 18 14:00:50 JST 2021
Thread1@lemon.novalocal> Running minfo.files/mkg-q16-11-2.inp on lemon.novalocal at Fri Jun 18 14:00:51 JST 2021
Thread0@lemon.novalocal> Running minfo.files/mkg-q16-11-3.inp on lemon.novalocal at Fri Jun 18 14:00:53 JST 2021
Thread1@lemon.novalocal> Running minfo.files/mkg-q16-11-4.inp on lemon.novalocal at Fri Jun 18 14:00:53 JST 2021
Thread0@lemon.novalocal> Running minfo.files/mkg-q16-11-6.inp on lemon.novalocal at Fri Jun 18 14:00:55 JST 2021
Thread1@lemon.novalocal> Running minfo.files/mkg-q16-11-7.inp on lemon.novalocal at Fri Jun 18 14:00:55 JST 2021
Thread0@lemon.novalocal> Running minfo.files/mkg-q16-11-8.inp on lemon.novalocal at Fri Jun 18 14:00:57 JST 2021
Thread1@lemon.novalocal> Running minfo.files/mkg-q16-11-9.inp on lemon.novalocal at Fri Jun 18 14:00:57 JST 2021
Thread0@lemon.novalocal> Running minfo.files/mkg-q16-11-10.inp on lemon.novalocal at Fri Jun 18 14:00:59 JST 2021
Thread1@lemon.novalocal> Running minfo.files/mkg-q17-11-0.inp on lemon.novalocal at Fri Jun 18 14:00:59 JST 2021
Thread0@lemon.novalocal> Running minfo.files/mkg-q17-11-1.inp on lemon.novalocal at Fri Jun 18 14:01:01 JST 2021
Thread1@lemon.novalocal> Running minfo.files/mkg-q17-11-2.inp on lemon.novalocal at Fri Jun 18 14:01:01 JST 2021
Thread0@lemon.novalocal> Running minfo.files/mkg-q17-11-3.inp on lemon.novalocal at Fri Jun 18 14:01:03 JST 2021
Thread1@lemon.novalocal> Running minfo.files/mkg-q17-11-4.inp on lemon.novalocal at Fri Jun 18 14:01:04 JST 2021
Thread0@lemon.novalocal> Running minfo.files/mkg-q17-11-6.inp on lemon.novalocal at Fri Jun 18 14:01:05 JST 2021
Thread1@lemon.novalocal> Running minfo.files/mkg-q17-11-7.inp on lemon.novalocal at Fri Jun 18 14:01:06 JST 2021
Thread0@lemon.novalocal> Running minfo.files/mkg-q17-11-8.inp on lemon.novalocal at Fri Jun 18 14:01:08 JST 2021
Thread1@lemon.novalocal> Running minfo.files/mkg-q17-11-9.inp on lemon.novalocal at Fri Jun 18 14:01:08 JST 2021
Thread0@lemon.novalocal> Running minfo.files/mkg-q17-11-10.inp on lemon.novalocal at Fri Jun 18 14:01:10 JST 2021
Thread1@lemon.novalocal> Running minfo.files/mkg-q18-11-0.inp on lemon.novalocal at Fri Jun 18 14:01:10 JST 2021
Thread0@lemon.novalocal> Running minfo.files/mkg-q18-11-1.inp on lemon.novalocal at Fri Jun 18 14:01:12 JST 2021
Thread1@lemon.novalocal> Running minfo.files/mkg-q18-11-2.inp on lemon.novalocal at Fri Jun 18 14:01:12 JST 2021
Thread0@lemon.novalocal> Running minfo.files/mkg-q18-11-3.inp on lemon.novalocal at Fri Jun 18 14:01:14 JST 2021
Thread1@lemon.novalocal> Running minfo.files/mkg-q18-11-4.inp on lemon.novalocal at Fri Jun 18 14:01:14 JST 2021
Thread0@lemon.novalocal> Running minfo.files/mkg-q18-11-6.inp on lemon.novalocal at Fri Jun 18 14:01:16 JST 2021
Thread1@lemon.novalocal> Running minfo.files/mkg-q18-11-7.inp on lemon.novalocal at Fri Jun 18 14:01:16 JST 2021
Thread0@lemon.novalocal> Running minfo.files/mkg-q18-11-8.inp on lemon.novalocal at Fri Jun 18 14:01:18 JST 2021
Thread1@lemon.novalocal> Running minfo.files/mkg-q18-11-9.inp on lemon.novalocal at Fri Jun 18 14:01:18 JST 2021
Thread0@lemon.novalocal> Running minfo.files/mkg-q18-11-10.inp on lemon.novalocal at Fri Jun 18 14:01:20 JST 2021
Thread1@lemon.novalocal> Running minfo.files/mkg-q25-11-0.inp on lemon.novalocal at Fri Jun 18 14:01:20 JST 2021
Thread0@lemon.novalocal> Running minfo.files/mkg-q25-11-1.inp on lemon.novalocal at Fri Jun 18 14:01:22 JST 2021
Thread1@lemon.novalocal> Running minfo.files/mkg-q25-11-2.inp on lemon.novalocal at Fri Jun 18 14:01:22 JST 2021
Thread0@lemon.novalocal> Running minfo.files/mkg-q25-11-3.inp on lemon.novalocal at Fri Jun 18 14:01:24 JST 2021
Thread1@lemon.novalocal> Running minfo.files/mkg-q25-11-4.inp on lemon.novalocal at Fri Jun 18 14:01:24 JST 2021
Thread0@lemon.novalocal> Running minfo.files/mkg-q25-11-6.inp on lemon.novalocal at Fri Jun 18 14:01:26 JST 2021
Thread1@lemon.novalocal> Running minfo.files/mkg-q25-11-7.inp on lemon.novalocal at Fri Jun 18 14:01:26 JST 2021
Thread0@lemon.novalocal> Running minfo.files/mkg-q25-11-8.inp on lemon.novalocal at Fri Jun 18 14:01:28 JST 2021
Thread1@lemon.novalocal> Running minfo.files/mkg-q25-11-9.inp on lemon.novalocal at Fri Jun 18 14:01:28 JST 2021
Thread0@lemon.novalocal> Running minfo.files/mkg-q25-11-10.inp on lemon.novalocal at Fri Jun 18 14:01:30 JST 2021
Thread1@lemon.novalocal> Running minfo.files/mkg-q26-11-0.inp on lemon.novalocal at Fri Jun 18 14:01:30 JST 2021
Thread0@lemon.novalocal> Running minfo.files/mkg-q26-11-1.inp on lemon.novalocal at Fri Jun 18 14:01:32 JST 2021
Thread1@lemon.novalocal> Running minfo.files/mkg-q26-11-2.inp on lemon.novalocal at Fri Jun 18 14:01:32 JST 2021
Thread0@lemon.novalocal> Running minfo.files/mkg-q26-11-3.inp on lemon.novalocal at Fri Jun 18 14:01:34 JST 2021
Thread1@lemon.novalocal> Running minfo.files/mkg-q26-11-4.inp on lemon.novalocal at Fri Jun 18 14:01:35 JST 2021
Thread0@lemon.novalocal> Running minfo.files/mkg-q26-11-6.inp on lemon.novalocal at Fri Jun 18 14:01:36 JST 2021
Thread1@lemon.novalocal> Running minfo.files/mkg-q26-11-7.inp on lemon.novalocal at Fri Jun 18 14:01:37 JST 2021
Thread0@lemon.novalocal> Running minfo.files/mkg-q26-11-8.inp on lemon.novalocal at Fri Jun 18 14:01:38 JST 2021
Thread1@lemon.novalocal> Running minfo.files/mkg-q26-11-9.inp on lemon.novalocal at Fri Jun 18 14:01:39 JST 2021
Thread0@lemon.novalocal> Running minfo.files/mkg-q26-11-10.inp on lemon.novalocal at Fri Jun 18 14:01:41 JST 2021
Thread1@lemon.novalocal> Running minfo.files/mkg-q27-11-0.inp on lemon.novalocal at Fri Jun 18 14:01:41 JST 2021
Thread0@lemon.novalocal> Running minfo.files/mkg-q27-11-1.inp on lemon.novalocal at Fri Jun 18 14:01:43 JST 2021
Thread1@lemon.novalocal> Running minfo.files/mkg-q27-11-2.inp on lemon.novalocal at Fri Jun 18 14:01:43 JST 2021
Thread0@lemon.novalocal> Running minfo.files/mkg-q27-11-3.inp on lemon.novalocal at Fri Jun 18 14:01:45 JST 2021
Thread1@lemon.novalocal> Running minfo.files/mkg-q27-11-4.inp on lemon.novalocal at Fri Jun 18 14:01:45 JST 2021
Thread0@lemon.novalocal> Running minfo.files/mkg-q27-11-6.inp on lemon.novalocal at Fri Jun 18 14:01:47 JST 2021
Thread1@lemon.novalocal> Running minfo.files/mkg-q27-11-7.inp on lemon.novalocal at Fri Jun 18 14:01:47 JST 2021
Thread0@lemon.novalocal> Running minfo.files/mkg-q27-11-8.inp on lemon.novalocal at Fri Jun 18 14:01:49 JST 2021
Thread1@lemon.novalocal> Running minfo.files/mkg-q27-11-9.inp on lemon.novalocal at Fri Jun 18 14:01:49 JST 2021
Thread0@lemon.novalocal> Running minfo.files/mkg-q27-11-10.inp on lemon.novalocal at Fri Jun 18 14:01:51 JST 2021
   End of electronic structure calculations.

Generating pot files.

   o q7.pot  [OK]
   o q7.dipole  [OK]
   o q8.pot  [OK]
   o q8.dipole  [OK]
   o q9.pot  [OK]
   o q9.dipole  [OK]
   o q16.pot  [OK]
   o q16.dipole  [OK]
   o q17.pot  [OK]
   o q17.dipole  [OK]
   o q18.pot  [OK]
   o q18.dipole  [OK]
   o q25.pot  [OK]
   o q25.dipole  [OK]
   o q26.pot  [OK]
   o q26.dipole  [OK]
   o q27.pot  [OK]
   o q27.dipole  [OK]


End of GridPES generation:

Setup MakeGrid module

  o Setup MCS: Read QFF Data via prop_no_1.mop ...  [OK]
  o ngrid =     9 
  o 1MR Grid: 
      8 7 9 17 16 18 26 25 27 
  o 2MR Grid: 
      (7,8) (7,9) (8,9) (16,17) (16,18) (25,26) (25,27) 

Enter GridPES generation:

   Execute electronic structure calculations.

Thread0@lemon.novalocal> Running minfo.files/mkg-q8q7-9-0.inp on lemon.novalocal at Fri Jun 18 14:01:53 JST 2021
Thread1@lemon.novalocal> Running minfo.files/mkg-q8q7-9-1.inp on lemon.novalocal at Fri Jun 18 14:01:53 JST 2021
Thread0@lemon.novalocal> Running minfo.files/mkg-q8q7-9-2.inp on lemon.novalocal at Fri Jun 18 14:01:55 JST 2021
Thread1@lemon.novalocal> Running minfo.files/mkg-q8q7-9-3.inp on lemon.novalocal at Fri Jun 18 14:01:55 JST 2021
Thread0@lemon.novalocal> Running minfo.files/mkg-q8q7-9-5.inp on lemon.novalocal at Fri Jun 18 14:01:57 JST 2021
Thread1@lemon.novalocal> Running minfo.files/mkg-q8q7-9-6.inp on lemon.novalocal at Fri Jun 18 14:01:58 JST 2021
Thread0@lemon.novalocal> Running minfo.files/mkg-q8q7-9-7.inp on lemon.novalocal at Fri Jun 18 14:02:00 JST 2021
Thread1@lemon.novalocal> Running minfo.files/mkg-q8q7-9-8.inp on lemon.novalocal at Fri Jun 18 14:02:00 JST 2021
Thread0@lemon.novalocal> Running minfo.files/mkg-q8q7-9-9.inp on lemon.novalocal at Fri Jun 18 14:02:02 JST 2021
Thread1@lemon.novalocal> Running minfo.files/mkg-q8q7-9-10.inp on lemon.novalocal at Fri Jun 18 14:02:02 JST 2021
Thread0@lemon.novalocal> Running minfo.files/mkg-q8q7-9-11.inp on lemon.novalocal at Fri Jun 18 14:02:04 JST 2021
Thread1@lemon.novalocal> Running minfo.files/mkg-q8q7-9-12.inp on lemon.novalocal at Fri Jun 18 14:02:04 JST 2021
Thread0@lemon.novalocal> Running minfo.files/mkg-q8q7-9-14.inp on lemon.novalocal at Fri Jun 18 14:02:06 JST 2021
Thread1@lemon.novalocal> Running minfo.files/mkg-q8q7-9-15.inp on lemon.novalocal at Fri Jun 18 14:02:06 JST 2021
Thread0@lemon.novalocal> Running minfo.files/mkg-q8q7-9-16.inp on lemon.novalocal at Fri Jun 18 14:02:08 JST 2021
Thread1@lemon.novalocal> Running minfo.files/mkg-q8q7-9-17.inp on lemon.novalocal at Fri Jun 18 14:02:08 JST 2021
Thread1@lemon.novalocal> Running minfo.files/mkg-q8q7-9-19.inp on lemon.novalocal at Fri Jun 18 14:02:10 JST 2021
Thread0@lemon.novalocal> Running minfo.files/mkg-q8q7-9-18.inp on lemon.novalocal at Fri Jun 18 14:02:10 JST 2021
Thread0@lemon.novalocal> Running minfo.files/mkg-q8q7-9-20.inp on lemon.novalocal at Fri Jun 18 14:02:12 JST 2021
Thread1@lemon.novalocal> Running minfo.files/mkg-q8q7-9-21.inp on lemon.novalocal at Fri Jun 18 14:02:12 JST 2021
Thread0@lemon.novalocal> Running minfo.files/mkg-q8q7-9-23.inp on lemon.novalocal at Fri Jun 18 14:02:14 JST 2021
Thread1@lemon.novalocal> Running minfo.files/mkg-q8q7-9-24.inp on lemon.novalocal at Fri Jun 18 14:02:15 JST 2021
Thread0@lemon.novalocal> Running minfo.files/mkg-q8q7-9-25.inp on lemon.novalocal at Fri Jun 18 14:02:17 JST 2021
Thread1@lemon.novalocal> Running minfo.files/mkg-q8q7-9-26.inp on lemon.novalocal at Fri Jun 18 14:02:17 JST 2021
Thread0@lemon.novalocal> Running minfo.files/mkg-q8q7-9-27.inp on lemon.novalocal at Fri Jun 18 14:02:19 JST 2021
Thread1@lemon.novalocal> Running minfo.files/mkg-q8q7-9-28.inp on lemon.novalocal at Fri Jun 18 14:02:19 JST 2021
Thread0@lemon.novalocal> Running minfo.files/mkg-q8q7-9-29.inp on lemon.novalocal at Fri Jun 18 14:02:21 JST 2021
Thread1@lemon.novalocal> Running minfo.files/mkg-q8q7-9-30.inp on lemon.novalocal at Fri Jun 18 14:02:21 JST 2021
Thread0@lemon.novalocal> Running minfo.files/mkg-q8q7-9-32.inp on lemon.novalocal at Fri Jun 18 14:02:23 JST 2021
Thread1@lemon.novalocal> Running minfo.files/mkg-q8q7-9-33.inp on lemon.novalocal at Fri Jun 18 14:02:23 JST 2021
Thread0@lemon.novalocal> Running minfo.files/mkg-q8q7-9-34.inp on lemon.novalocal at Fri Jun 18 14:02:25 JST 2021
Thread1@lemon.novalocal> Running minfo.files/mkg-q8q7-9-35.inp on lemon.novalocal at Fri Jun 18 14:02:25 JST 2021
Thread0@lemon.novalocal> Running minfo.files/mkg-q8q7-9-45.inp on lemon.novalocal at Fri Jun 18 14:02:27 JST 2021
Thread1@lemon.novalocal> Running minfo.files/mkg-q8q7-9-46.inp on lemon.novalocal at Fri Jun 18 14:02:27 JST 2021
Thread1@lemon.novalocal> Running minfo.files/mkg-q8q7-9-47.inp on lemon.novalocal at Fri Jun 18 14:02:29 JST 2021
Thread0@lemon.novalocal> Running minfo.files/mkg-q8q7-9-48.inp on lemon.novalocal at Fri Jun 18 14:02:29 JST 2021
Thread0@lemon.novalocal> Running minfo.files/mkg-q8q7-9-50.inp on lemon.novalocal at Fri Jun 18 14:02:31 JST 2021
Thread1@lemon.novalocal> Running minfo.files/mkg-q8q7-9-51.inp on lemon.novalocal at Fri Jun 18 14:02:31 JST 2021
Thread0@lemon.novalocal> Running minfo.files/mkg-q8q7-9-52.inp on lemon.novalocal at Fri Jun 18 14:02:33 JST 2021
Thread1@lemon.novalocal> Running minfo.files/mkg-q8q7-9-53.inp on lemon.novalocal at Fri Jun 18 14:02:33 JST 2021
Thread0@lemon.novalocal> Running minfo.files/mkg-q8q7-9-54.inp on lemon.novalocal at Fri Jun 18 14:02:35 JST 2021
Thread1@lemon.novalocal> Running minfo.files/mkg-q8q7-9-55.inp on lemon.novalocal at Fri Jun 18 14:02:35 JST 2021
Thread0@lemon.novalocal> Running minfo.files/mkg-q8q7-9-56.inp on lemon.novalocal at Fri Jun 18 14:02:38 JST 2021
Thread1@lemon.novalocal> Running minfo.files/mkg-q8q7-9-57.inp on lemon.novalocal at Fri Jun 18 14:02:38 JST 2021
Thread0@lemon.novalocal> Running minfo.files/mkg-q8q7-9-59.inp on lemon.novalocal at Fri Jun 18 14:02:40 JST 2021
Thread1@lemon.novalocal> Running minfo.files/mkg-q8q7-9-60.inp on lemon.novalocal at Fri Jun 18 14:02:40 JST 2021
Thread0@lemon.novalocal> Running minfo.files/mkg-q8q7-9-61.inp on lemon.novalocal at Fri Jun 18 14:02:42 JST 2021
Thread1@lemon.novalocal> Running minfo.files/mkg-q8q7-9-62.inp on lemon.novalocal at Fri Jun 18 14:02:42 JST 2021
Thread0@lemon.novalocal> Running minfo.files/mkg-q8q7-9-63.inp on lemon.novalocal at Fri Jun 18 14:02:44 JST 2021
Thread1@lemon.novalocal> Running minfo.files/mkg-q8q7-9-64.inp on lemon.novalocal at Fri Jun 18 14:02:44 JST 2021
Thread0@lemon.novalocal> Running minfo.files/mkg-q8q7-9-65.inp on lemon.novalocal at Fri Jun 18 14:02:46 JST 2021
Thread1@lemon.novalocal> Running minfo.files/mkg-q8q7-9-66.inp on lemon.novalocal at Fri Jun 18 14:02:47 JST 2021
Thread0@lemon.novalocal> Running minfo.files/mkg-q8q7-9-68.inp on lemon.novalocal at Fri Jun 18 14:02:49 JST 2021
Thread1@lemon.novalocal> Running minfo.files/mkg-q8q7-9-69.inp on lemon.novalocal at Fri Jun 18 14:02:49 JST 2021
Thread0@lemon.novalocal> Running minfo.files/mkg-q8q7-9-70.inp on lemon.novalocal at Fri Jun 18 14:02:51 JST 2021
Thread1@lemon.novalocal> Running minfo.files/mkg-q8q7-9-71.inp on lemon.novalocal at Fri Jun 18 14:02:51 JST 2021
Thread0@lemon.novalocal> Running minfo.files/mkg-q8q7-9-72.inp on lemon.novalocal at Fri Jun 18 14:02:53 JST 2021
Thread1@lemon.novalocal> Running minfo.files/mkg-q8q7-9-73.inp on lemon.novalocal at Fri Jun 18 14:02:53 JST 2021
Thread0@lemon.novalocal> Running minfo.files/mkg-q8q7-9-74.inp on lemon.novalocal at Fri Jun 18 14:02:55 JST 2021
Thread1@lemon.novalocal> Running minfo.files/mkg-q8q7-9-75.inp on lemon.novalocal at Fri Jun 18 14:02:56 JST 2021
Thread0@lemon.novalocal> Running minfo.files/mkg-q8q7-9-77.inp on lemon.novalocal at Fri Jun 18 14:02:57 JST 2021
Thread1@lemon.novalocal> Running minfo.files/mkg-q8q7-9-78.inp on lemon.novalocal at Fri Jun 18 14:02:58 JST 2021
Thread0@lemon.novalocal> Running minfo.files/mkg-q8q7-9-79.inp on lemon.novalocal at Fri Jun 18 14:03:00 JST 2021
Thread1@lemon.novalocal> Running minfo.files/mkg-q8q7-9-80.inp on lemon.novalocal at Fri Jun 18 14:03:00 JST 2021
Thread0@lemon.novalocal> Running minfo.files/mkg-q9q7-9-0.inp on lemon.novalocal at Fri Jun 18 14:03:02 JST 2021
Thread1@lemon.novalocal> Running minfo.files/mkg-q9q7-9-1.inp on lemon.novalocal at Fri Jun 18 14:03:03 JST 2021
Thread0@lemon.novalocal> Running minfo.files/mkg-q9q7-9-2.inp on lemon.novalocal at Fri Jun 18 14:03:04 JST 2021
Thread1@lemon.novalocal> Running minfo.files/mkg-q9q7-9-3.inp on lemon.novalocal at Fri Jun 18 14:03:05 JST 2021
Thread0@lemon.novalocal> Running minfo.files/mkg-q9q7-9-5.inp on lemon.novalocal at Fri Jun 18 14:03:06 JST 2021
Thread1@lemon.novalocal> Running minfo.files/mkg-q9q7-9-6.inp on lemon.novalocal at Fri Jun 18 14:03:07 JST 2021
Thread0@lemon.novalocal> Running minfo.files/mkg-q9q7-9-7.inp on lemon.novalocal at Fri Jun 18 14:03:08 JST 2021
Thread1@lemon.novalocal> Running minfo.files/mkg-q9q7-9-8.inp on lemon.novalocal at Fri Jun 18 14:03:09 JST 2021
Thread0@lemon.novalocal> Running minfo.files/mkg-q9q7-9-9.inp on lemon.novalocal at Fri Jun 18 14:03:11 JST 2021
Thread1@lemon.novalocal> Running minfo.files/mkg-q9q7-9-10.inp on lemon.novalocal at Fri Jun 18 14:03:11 JST 2021
Thread0@lemon.novalocal> Running minfo.files/mkg-q9q7-9-11.inp on lemon.novalocal at Fri Jun 18 14:03:13 JST 2021
Thread1@lemon.novalocal> Running minfo.files/mkg-q9q7-9-12.inp on lemon.novalocal at Fri Jun 18 14:03:13 JST 2021
Thread0@lemon.novalocal> Running minfo.files/mkg-q9q7-9-14.inp on lemon.novalocal at Fri Jun 18 14:03:15 JST 2021
Thread1@lemon.novalocal> Running minfo.files/mkg-q9q7-9-15.inp on lemon.novalocal at Fri Jun 18 14:03:15 JST 2021
Thread0@lemon.novalocal> Running minfo.files/mkg-q9q7-9-16.inp on lemon.novalocal at Fri Jun 18 14:03:17 JST 2021
Thread1@lemon.novalocal> Running minfo.files/mkg-q9q7-9-17.inp on lemon.novalocal at Fri Jun 18 14:03:17 JST 2021
Thread0@lemon.novalocal> Running minfo.files/mkg-q9q7-9-18.inp on lemon.novalocal at Fri Jun 18 14:03:19 JST 2021
Thread1@lemon.novalocal> Running minfo.files/mkg-q9q7-9-19.inp on lemon.novalocal at Fri Jun 18 14:03:19 JST 2021
Thread0@lemon.novalocal> Running minfo.files/mkg-q9q7-9-20.inp on lemon.novalocal at Fri Jun 18 14:03:21 JST 2021
Thread1@lemon.novalocal> Running minfo.files/mkg-q9q7-9-21.inp on lemon.novalocal at Fri Jun 18 14:03:21 JST 2021
Thread1@lemon.novalocal> Running minfo.files/mkg-q9q7-9-23.inp on lemon.novalocal at Fri Jun 18 14:03:23 JST 2021
Thread0@lemon.novalocal> Running minfo.files/mkg-q9q7-9-24.inp on lemon.novalocal at Fri Jun 18 14:03:23 JST 2021
Thread1@lemon.novalocal> Running minfo.files/mkg-q9q7-9-25.inp on lemon.novalocal at Fri Jun 18 14:03:25 JST 2021
Thread0@lemon.novalocal> Running minfo.files/mkg-q9q7-9-26.inp on lemon.novalocal at Fri Jun 18 14:03:25 JST 2021
Thread1@lemon.novalocal> Running minfo.files/mkg-q9q7-9-27.inp on lemon.novalocal at Fri Jun 18 14:03:27 JST 2021
Thread0@lemon.novalocal> Running minfo.files/mkg-q9q7-9-28.inp on lemon.novalocal at Fri Jun 18 14:03:27 JST 2021
Thread1@lemon.novalocal> Running minfo.files/mkg-q9q7-9-29.inp on lemon.novalocal at Fri Jun 18 14:03:29 JST 2021
Thread0@lemon.novalocal> Running minfo.files/mkg-q9q7-9-30.inp on lemon.novalocal at Fri Jun 18 14:03:29 JST 2021
Thread1@lemon.novalocal> Running minfo.files/mkg-q9q7-9-32.inp on lemon.novalocal at Fri Jun 18 14:03:31 JST 2021
Thread0@lemon.novalocal> Running minfo.files/mkg-q9q7-9-33.inp on lemon.novalocal at Fri Jun 18 14:03:31 JST 2021
Thread1@lemon.novalocal> Running minfo.files/mkg-q9q7-9-34.inp on lemon.novalocal at Fri Jun 18 14:03:33 JST 2021
Thread0@lemon.novalocal> Running minfo.files/mkg-q9q7-9-35.inp on lemon.novalocal at Fri Jun 18 14:03:33 JST 2021
Thread1@lemon.novalocal> Running minfo.files/mkg-q9q7-9-45.inp on lemon.novalocal at Fri Jun 18 14:03:35 JST 2021
Thread0@lemon.novalocal> Running minfo.files/mkg-q9q7-9-46.inp on lemon.novalocal at Fri Jun 18 14:03:36 JST 2021
Thread1@lemon.novalocal> Running minfo.files/mkg-q9q7-9-47.inp on lemon.novalocal at Fri Jun 18 14:03:38 JST 2021
Thread0@lemon.novalocal> Running minfo.files/mkg-q9q7-9-48.inp on lemon.novalocal at Fri Jun 18 14:03:38 JST 2021
Thread0@lemon.novalocal> Running minfo.files/mkg-q9q7-9-50.inp on lemon.novalocal at Fri Jun 18 14:03:40 JST 2021
Thread1@lemon.novalocal> Running minfo.files/mkg-q9q7-9-51.inp on lemon.novalocal at Fri Jun 18 14:03:40 JST 2021
Thread0@lemon.novalocal> Running minfo.files/mkg-q9q7-9-52.inp on lemon.novalocal at Fri Jun 18 14:03:42 JST 2021
Thread1@lemon.novalocal> Running minfo.files/mkg-q9q7-9-53.inp on lemon.novalocal at Fri Jun 18 14:03:42 JST 2021
Thread0@lemon.novalocal> Running minfo.files/mkg-q9q7-9-54.inp on lemon.novalocal at Fri Jun 18 14:03:44 JST 2021
Thread1@lemon.novalocal> Running minfo.files/mkg-q9q7-9-55.inp on lemon.novalocal at Fri Jun 18 14:03:44 JST 2021
Thread0@lemon.novalocal> Running minfo.files/mkg-q9q7-9-56.inp on lemon.novalocal at Fri Jun 18 14:03:46 JST 2021
Thread1@lemon.novalocal> Running minfo.files/mkg-q9q7-9-57.inp on lemon.novalocal at Fri Jun 18 14:03:46 JST 2021
Thread0@lemon.novalocal> Running minfo.files/mkg-q9q7-9-59.inp on lemon.novalocal at Fri Jun 18 14:03:48 JST 2021
Thread1@lemon.novalocal> Running minfo.files/mkg-q9q7-9-60.inp on lemon.novalocal at Fri Jun 18 14:03:48 JST 2021
Thread0@lemon.novalocal> Running minfo.files/mkg-q9q7-9-61.inp on lemon.novalocal at Fri Jun 18 14:03:50 JST 2021
Thread1@lemon.novalocal> Running minfo.files/mkg-q9q7-9-62.inp on lemon.novalocal at Fri Jun 18 14:03:51 JST 2021
Thread0@lemon.novalocal> Running minfo.files/mkg-q9q7-9-63.inp on lemon.novalocal at Fri Jun 18 14:03:53 JST 2021
Thread1@lemon.novalocal> Running minfo.files/mkg-q9q7-9-64.inp on lemon.novalocal at Fri Jun 18 14:03:53 JST 2021
Thread0@lemon.novalocal> Running minfo.files/mkg-q9q7-9-65.inp on lemon.novalocal at Fri Jun 18 14:03:55 JST 2021
Thread1@lemon.novalocal> Running minfo.files/mkg-q9q7-9-66.inp on lemon.novalocal at Fri Jun 18 14:03:55 JST 2021
Thread0@lemon.novalocal> Running minfo.files/mkg-q9q7-9-68.inp on lemon.novalocal at Fri Jun 18 14:03:57 JST 2021
Thread1@lemon.novalocal> Running minfo.files/mkg-q9q7-9-69.inp on lemon.novalocal at Fri Jun 18 14:03:57 JST 2021
Thread0@lemon.novalocal> Running minfo.files/mkg-q9q7-9-70.inp on lemon.novalocal at Fri Jun 18 14:03:59 JST 2021
Thread1@lemon.novalocal> Running minfo.files/mkg-q9q7-9-71.inp on lemon.novalocal at Fri Jun 18 14:04:00 JST 2021
Thread0@lemon.novalocal> Running minfo.files/mkg-q9q7-9-72.inp on lemon.novalocal at Fri Jun 18 14:04:02 JST 2021
Thread1@lemon.novalocal> Running minfo.files/mkg-q9q7-9-73.inp on lemon.novalocal at Fri Jun 18 14:04:02 JST 2021
Thread0@lemon.novalocal> Running minfo.files/mkg-q9q7-9-74.inp on lemon.novalocal at Fri Jun 18 14:04:04 JST 2021
Thread1@lemon.novalocal> Running minfo.files/mkg-q9q7-9-75.inp on lemon.novalocal at Fri Jun 18 14:04:04 JST 2021
Thread0@lemon.novalocal> Running minfo.files/mkg-q9q7-9-77.inp on lemon.novalocal at Fri Jun 18 14:04:06 JST 2021
Thread1@lemon.novalocal> Running minfo.files/mkg-q9q7-9-78.inp on lemon.novalocal at Fri Jun 18 14:04:06 JST 2021
Thread0@lemon.novalocal> Running minfo.files/mkg-q9q7-9-79.inp on lemon.novalocal at Fri Jun 18 14:04:08 JST 2021
Thread1@lemon.novalocal> Running minfo.files/mkg-q9q7-9-80.inp on lemon.novalocal at Fri Jun 18 14:04:09 JST 2021
Thread0@lemon.novalocal> Running minfo.files/mkg-q9q8-9-0.inp on lemon.novalocal at Fri Jun 18 14:04:11 JST 2021
Thread1@lemon.novalocal> Running minfo.files/mkg-q9q8-9-1.inp on lemon.novalocal at Fri Jun 18 14:04:11 JST 2021
Thread0@lemon.novalocal> Running minfo.files/mkg-q9q8-9-2.inp on lemon.novalocal at Fri Jun 18 14:04:13 JST 2021
Thread1@lemon.novalocal> Running minfo.files/mkg-q9q8-9-3.inp on lemon.novalocal at Fri Jun 18 14:04:13 JST 2021
Thread0@lemon.novalocal> Running minfo.files/mkg-q9q8-9-5.inp on lemon.novalocal at Fri Jun 18 14:04:15 JST 2021
Thread1@lemon.novalocal> Running minfo.files/mkg-q9q8-9-6.inp on lemon.novalocal at Fri Jun 18 14:04:15 JST 2021
Thread0@lemon.novalocal> Running minfo.files/mkg-q9q8-9-7.inp on lemon.novalocal at Fri Jun 18 14:04:17 JST 2021
Thread1@lemon.novalocal> Running minfo.files/mkg-q9q8-9-8.inp on lemon.novalocal at Fri Jun 18 14:04:17 JST 2021
Thread0@lemon.novalocal> Running minfo.files/mkg-q9q8-9-9.inp on lemon.novalocal at Fri Jun 18 14:04:19 JST 2021
Thread1@lemon.novalocal> Running minfo.files/mkg-q9q8-9-10.inp on lemon.novalocal at Fri Jun 18 14:04:19 JST 2021
Thread0@lemon.novalocal> Running minfo.files/mkg-q9q8-9-11.inp on lemon.novalocal at Fri Jun 18 14:04:21 JST 2021
Thread1@lemon.novalocal> Running minfo.files/mkg-q9q8-9-12.inp on lemon.novalocal at Fri Jun 18 14:04:22 JST 2021
Thread0@lemon.novalocal> Running minfo.files/mkg-q9q8-9-14.inp on lemon.novalocal at Fri Jun 18 14:04:23 JST 2021
Thread1@lemon.novalocal> Running minfo.files/mkg-q9q8-9-15.inp on lemon.novalocal at Fri Jun 18 14:04:24 JST 2021
Thread0@lemon.novalocal> Running minfo.files/mkg-q9q8-9-16.inp on lemon.novalocal at Fri Jun 18 14:04:25 JST 2021
Thread1@lemon.novalocal> Running minfo.files/mkg-q9q8-9-17.inp on lemon.novalocal at Fri Jun 18 14:04:26 JST 2021
Thread0@lemon.novalocal> Running minfo.files/mkg-q9q8-9-18.inp on lemon.novalocal at Fri Jun 18 14:04:27 JST 2021
Thread1@lemon.novalocal> Running minfo.files/mkg-q9q8-9-19.inp on lemon.novalocal at Fri Jun 18 14:04:28 JST 2021
Thread0@lemon.novalocal> Running minfo.files/mkg-q9q8-9-20.inp on lemon.novalocal at Fri Jun 18 14:04:30 JST 2021
Thread1@lemon.novalocal> Running minfo.files/mkg-q9q8-9-21.inp on lemon.novalocal at Fri Jun 18 14:04:31 JST 2021
Thread0@lemon.novalocal> Running minfo.files/mkg-q9q8-9-23.inp on lemon.novalocal at Fri Jun 18 14:04:32 JST 2021
Thread1@lemon.novalocal> Running minfo.files/mkg-q9q8-9-24.inp on lemon.novalocal at Fri Jun 18 14:04:33 JST 2021
Thread0@lemon.novalocal> Running minfo.files/mkg-q9q8-9-25.inp on lemon.novalocal at Fri Jun 18 14:04:34 JST 2021
Thread1@lemon.novalocal> Running minfo.files/mkg-q9q8-9-26.inp on lemon.novalocal at Fri Jun 18 14:04:35 JST 2021
Thread0@lemon.novalocal> Running minfo.files/mkg-q9q8-9-27.inp on lemon.novalocal at Fri Jun 18 14:04:36 JST 2021
Thread1@lemon.novalocal> Running minfo.files/mkg-q9q8-9-28.inp on lemon.novalocal at Fri Jun 18 14:04:37 JST 2021
Thread0@lemon.novalocal> Running minfo.files/mkg-q9q8-9-29.inp on lemon.novalocal at Fri Jun 18 14:04:38 JST 2021
Thread1@lemon.novalocal> Running minfo.files/mkg-q9q8-9-30.inp on lemon.novalocal at Fri Jun 18 14:04:39 JST 2021
Thread0@lemon.novalocal> Running minfo.files/mkg-q9q8-9-32.inp on lemon.novalocal at Fri Jun 18 14:04:40 JST 2021
Thread1@lemon.novalocal> Running minfo.files/mkg-q9q8-9-33.inp on lemon.novalocal at Fri Jun 18 14:04:41 JST 2021
Thread0@lemon.novalocal> Running minfo.files/mkg-q9q8-9-34.inp on lemon.novalocal at Fri Jun 18 14:04:42 JST 2021
Thread1@lemon.novalocal> Running minfo.files/mkg-q9q8-9-35.inp on lemon.novalocal at Fri Jun 18 14:04:43 JST 2021
Thread0@lemon.novalocal> Running minfo.files/mkg-q9q8-9-45.inp on lemon.novalocal at Fri Jun 18 14:04:45 JST 2021
Thread1@lemon.novalocal> Running minfo.files/mkg-q9q8-9-46.inp on lemon.novalocal at Fri Jun 18 14:04:46 JST 2021
Thread0@lemon.novalocal> Running minfo.files/mkg-q9q8-9-47.inp on lemon.novalocal at Fri Jun 18 14:04:47 JST 2021
Thread1@lemon.novalocal> Running minfo.files/mkg-q9q8-9-48.inp on lemon.novalocal at Fri Jun 18 14:04:48 JST 2021
Thread0@lemon.novalocal> Running minfo.files/mkg-q9q8-9-50.inp on lemon.novalocal at Fri Jun 18 14:04:49 JST 2021
Thread1@lemon.novalocal> Running minfo.files/mkg-q9q8-9-51.inp on lemon.novalocal at Fri Jun 18 14:04:50 JST 2021
Thread0@lemon.novalocal> Running minfo.files/mkg-q9q8-9-52.inp on lemon.novalocal at Fri Jun 18 14:04:51 JST 2021
Thread1@lemon.novalocal> Running minfo.files/mkg-q9q8-9-53.inp on lemon.novalocal at Fri Jun 18 14:04:52 JST 2021
Thread0@lemon.novalocal> Running minfo.files/mkg-q9q8-9-54.inp on lemon.novalocal at Fri Jun 18 14:04:53 JST 2021
Thread1@lemon.novalocal> Running minfo.files/mkg-q9q8-9-55.inp on lemon.novalocal at Fri Jun 18 14:04:54 JST 2021
Thread0@lemon.novalocal> Running minfo.files/mkg-q9q8-9-56.inp on lemon.novalocal at Fri Jun 18 14:04:55 JST 2021
Thread1@lemon.novalocal> Running minfo.files/mkg-q9q8-9-57.inp on lemon.novalocal at Fri Jun 18 14:04:57 JST 2021
Thread0@lemon.novalocal> Running minfo.files/mkg-q9q8-9-59.inp on lemon.novalocal at Fri Jun 18 14:04:57 JST 2021
Thread1@lemon.novalocal> Running minfo.files/mkg-q9q8-9-60.inp on lemon.novalocal at Fri Jun 18 14:04:59 JST 2021
Thread0@lemon.novalocal> Running minfo.files/mkg-q9q8-9-61.inp on lemon.novalocal at Fri Jun 18 14:04:59 JST 2021
Thread1@lemon.novalocal> Running minfo.files/mkg-q9q8-9-62.inp on lemon.novalocal at Fri Jun 18 14:05:01 JST 2021
Thread0@lemon.novalocal> Running minfo.files/mkg-q9q8-9-63.inp on lemon.novalocal at Fri Jun 18 14:05:02 JST 2021
Thread1@lemon.novalocal> Running minfo.files/mkg-q9q8-9-64.inp on lemon.novalocal at Fri Jun 18 14:05:03 JST 2021
Thread0@lemon.novalocal> Running minfo.files/mkg-q9q8-9-65.inp on lemon.novalocal at Fri Jun 18 14:05:04 JST 2021
Thread1@lemon.novalocal> Running minfo.files/mkg-q9q8-9-66.inp on lemon.novalocal at Fri Jun 18 14:05:05 JST 2021
Thread0@lemon.novalocal> Running minfo.files/mkg-q9q8-9-68.inp on lemon.novalocal at Fri Jun 18 14:05:06 JST 2021
Thread1@lemon.novalocal> Running minfo.files/mkg-q9q8-9-69.inp on lemon.novalocal at Fri Jun 18 14:05:07 JST 2021
Thread0@lemon.novalocal> Running minfo.files/mkg-q9q8-9-70.inp on lemon.novalocal at Fri Jun 18 14:05:08 JST 2021
Thread1@lemon.novalocal> Running minfo.files/mkg-q9q8-9-71.inp on lemon.novalocal at Fri Jun 18 14:05:09 JST 2021
Thread0@lemon.novalocal> Running minfo.files/mkg-q9q8-9-72.inp on lemon.novalocal at Fri Jun 18 14:05:10 JST 2021
Thread1@lemon.novalocal> Running minfo.files/mkg-q9q8-9-73.inp on lemon.novalocal at Fri Jun 18 14:05:12 JST 2021
Thread0@lemon.novalocal> Running minfo.files/mkg-q9q8-9-74.inp on lemon.novalocal at Fri Jun 18 14:05:13 JST 2021
Thread1@lemon.novalocal> Running minfo.files/mkg-q9q8-9-75.inp on lemon.novalocal at Fri Jun 18 14:05:14 JST 2021
Thread0@lemon.novalocal> Running minfo.files/mkg-q9q8-9-77.inp on lemon.novalocal at Fri Jun 18 14:05:15 JST 2021
Thread1@lemon.novalocal> Running minfo.files/mkg-q9q8-9-78.inp on lemon.novalocal at Fri Jun 18 14:05:16 JST 2021
Thread0@lemon.novalocal> Running minfo.files/mkg-q9q8-9-79.inp on lemon.novalocal at Fri Jun 18 14:05:17 JST 2021
Thread1@lemon.novalocal> Running minfo.files/mkg-q9q8-9-80.inp on lemon.novalocal at Fri Jun 18 14:05:19 JST 2021
Thread0@lemon.novalocal> Running minfo.files/mkg-q17q16-9-0.inp on lemon.novalocal at Fri Jun 18 14:05:19 JST 2021
Thread1@lemon.novalocal> Running minfo.files/mkg-q17q16-9-1.inp on lemon.novalocal at Fri Jun 18 14:05:21 JST 2021
Thread0@lemon.novalocal> Running minfo.files/mkg-q17q16-9-2.inp on lemon.novalocal at Fri Jun 18 14:05:22 JST 2021
Thread1@lemon.novalocal> Running minfo.files/mkg-q17q16-9-3.inp on lemon.novalocal at Fri Jun 18 14:05:23 JST 2021
Thread0@lemon.novalocal> Running minfo.files/mkg-q17q16-9-5.inp on lemon.novalocal at Fri Jun 18 14:05:24 JST 2021
Thread1@lemon.novalocal> Running minfo.files/mkg-q17q16-9-6.inp on lemon.novalocal at Fri Jun 18 14:05:25 JST 2021
Thread0@lemon.novalocal> Running minfo.files/mkg-q17q16-9-7.inp on lemon.novalocal at Fri Jun 18 14:05:26 JST 2021
Thread1@lemon.novalocal> Running minfo.files/mkg-q17q16-9-8.inp on lemon.novalocal at Fri Jun 18 14:05:27 JST 2021
Thread0@lemon.novalocal> Running minfo.files/mkg-q17q16-9-9.inp on lemon.novalocal at Fri Jun 18 14:05:28 JST 2021
Thread1@lemon.novalocal> Running minfo.files/mkg-q17q16-9-10.inp on lemon.novalocal at Fri Jun 18 14:05:30 JST 2021
Thread0@lemon.novalocal> Running minfo.files/mkg-q17q16-9-11.inp on lemon.novalocal at Fri Jun 18 14:05:30 JST 2021
Thread1@lemon.novalocal> Running minfo.files/mkg-q17q16-9-12.inp on lemon.novalocal at Fri Jun 18 14:05:32 JST 2021
Thread0@lemon.novalocal> Running minfo.files/mkg-q17q16-9-14.inp on lemon.novalocal at Fri Jun 18 14:05:33 JST 2021
Thread1@lemon.novalocal> Running minfo.files/mkg-q17q16-9-15.inp on lemon.novalocal at Fri Jun 18 14:05:34 JST 2021
Thread0@lemon.novalocal> Running minfo.files/mkg-q17q16-9-16.inp on lemon.novalocal at Fri Jun 18 14:05:35 JST 2021
Thread1@lemon.novalocal> Running minfo.files/mkg-q17q16-9-17.inp on lemon.novalocal at Fri Jun 18 14:05:36 JST 2021
Thread0@lemon.novalocal> Running minfo.files/mkg-q17q16-9-18.inp on lemon.novalocal at Fri Jun 18 14:05:37 JST 2021
Thread1@lemon.novalocal> Running minfo.files/mkg-q17q16-9-19.inp on lemon.novalocal at Fri Jun 18 14:05:38 JST 2021
Thread0@lemon.novalocal> Running minfo.files/mkg-q17q16-9-20.inp on lemon.novalocal at Fri Jun 18 14:05:39 JST 2021
Thread1@lemon.novalocal> Running minfo.files/mkg-q17q16-9-21.inp on lemon.novalocal at Fri Jun 18 14:05:41 JST 2021
Thread0@lemon.novalocal> Running minfo.files/mkg-q17q16-9-23.inp on lemon.novalocal at Fri Jun 18 14:05:41 JST 2021
Thread1@lemon.novalocal> Running minfo.files/mkg-q17q16-9-24.inp on lemon.novalocal at Fri Jun 18 14:05:43 JST 2021
Thread0@lemon.novalocal> Running minfo.files/mkg-q17q16-9-25.inp on lemon.novalocal at Fri Jun 18 14:05:44 JST 2021
Thread1@lemon.novalocal> Running minfo.files/mkg-q17q16-9-26.inp on lemon.novalocal at Fri Jun 18 14:05:45 JST 2021
Thread0@lemon.novalocal> Running minfo.files/mkg-q17q16-9-27.inp on lemon.novalocal at Fri Jun 18 14:05:46 JST 2021
Thread1@lemon.novalocal> Running minfo.files/mkg-q17q16-9-28.inp on lemon.novalocal at Fri Jun 18 14:05:47 JST 2021
Thread0@lemon.novalocal> Running minfo.files/mkg-q17q16-9-29.inp on lemon.novalocal at Fri Jun 18 14:05:48 JST 2021
Thread1@lemon.novalocal> Running minfo.files/mkg-q17q16-9-30.inp on lemon.novalocal at Fri Jun 18 14:05:49 JST 2021
Thread0@lemon.novalocal> Running minfo.files/mkg-q17q16-9-32.inp on lemon.novalocal at Fri Jun 18 14:05:50 JST 2021
Thread1@lemon.novalocal> Running minfo.files/mkg-q17q16-9-33.inp on lemon.novalocal at Fri Jun 18 14:05:51 JST 2021
Thread0@lemon.novalocal> Running minfo.files/mkg-q17q16-9-34.inp on lemon.novalocal at Fri Jun 18 14:05:52 JST 2021
Thread1@lemon.novalocal> Running minfo.files/mkg-q17q16-9-35.inp on lemon.novalocal at Fri Jun 18 14:05:53 JST 2021
Thread0@lemon.novalocal> Running minfo.files/mkg-q17q16-9-45.inp on lemon.novalocal at Fri Jun 18 14:05:54 JST 2021
Thread1@lemon.novalocal> Running minfo.files/mkg-q17q16-9-46.inp on lemon.novalocal at Fri Jun 18 14:05:55 JST 2021
Thread0@lemon.novalocal> Running minfo.files/mkg-q17q16-9-47.inp on lemon.novalocal at Fri Jun 18 14:05:57 JST 2021
Thread1@lemon.novalocal> Running minfo.files/mkg-q17q16-9-48.inp on lemon.novalocal at Fri Jun 18 14:05:57 JST 2021
Thread0@lemon.novalocal> Running minfo.files/mkg-q17q16-9-50.inp on lemon.novalocal at Fri Jun 18 14:05:59 JST 2021
Thread1@lemon.novalocal> Running minfo.files/mkg-q17q16-9-51.inp on lemon.novalocal at Fri Jun 18 14:05:59 JST 2021
Thread0@lemon.novalocal> Running minfo.files/mkg-q17q16-9-52.inp on lemon.novalocal at Fri Jun 18 14:06:01 JST 2021
Thread1@lemon.novalocal> Running minfo.files/mkg-q17q16-9-53.inp on lemon.novalocal at Fri Jun 18 14:06:01 JST 2021
Thread0@lemon.novalocal> Running minfo.files/mkg-q17q16-9-54.inp on lemon.novalocal at Fri Jun 18 14:06:03 JST 2021
Thread1@lemon.novalocal> Running minfo.files/mkg-q17q16-9-55.inp on lemon.novalocal at Fri Jun 18 14:06:03 JST 2021
Thread0@lemon.novalocal> Running minfo.files/mkg-q17q16-9-56.inp on lemon.novalocal at Fri Jun 18 14:06:05 JST 2021
Thread1@lemon.novalocal> Running minfo.files/mkg-q17q16-9-57.inp on lemon.novalocal at Fri Jun 18 14:06:05 JST 2021
Thread0@lemon.novalocal> Running minfo.files/mkg-q17q16-9-59.inp on lemon.novalocal at Fri Jun 18 14:06:07 JST 2021
Thread1@lemon.novalocal> Running minfo.files/mkg-q17q16-9-60.inp on lemon.novalocal at Fri Jun 18 14:06:08 JST 2021
Thread0@lemon.novalocal> Running minfo.files/mkg-q17q16-9-61.inp on lemon.novalocal at Fri Jun 18 14:06:09 JST 2021
Thread1@lemon.novalocal> Running minfo.files/mkg-q17q16-9-62.inp on lemon.novalocal at Fri Jun 18 14:06:10 JST 2021
Thread0@lemon.novalocal> Running minfo.files/mkg-q17q16-9-63.inp on lemon.novalocal at Fri Jun 18 14:06:11 JST 2021
Thread1@lemon.novalocal> Running minfo.files/mkg-q17q16-9-64.inp on lemon.novalocal at Fri Jun 18 14:06:12 JST 2021
Thread0@lemon.novalocal> Running minfo.files/mkg-q17q16-9-65.inp on lemon.novalocal at Fri Jun 18 14:06:13 JST 2021
Thread1@lemon.novalocal> Running minfo.files/mkg-q17q16-9-66.inp on lemon.novalocal at Fri Jun 18 14:06:14 JST 2021
Thread0@lemon.novalocal> Running minfo.files/mkg-q17q16-9-68.inp on lemon.novalocal at Fri Jun 18 14:06:15 JST 2021
Thread1@lemon.novalocal> Running minfo.files/mkg-q17q16-9-69.inp on lemon.novalocal at Fri Jun 18 14:06:16 JST 2021
Thread0@lemon.novalocal> Running minfo.files/mkg-q17q16-9-70.inp on lemon.novalocal at Fri Jun 18 14:06:17 JST 2021
Thread1@lemon.novalocal> Running minfo.files/mkg-q17q16-9-71.inp on lemon.novalocal at Fri Jun 18 14:06:18 JST 2021
Thread0@lemon.novalocal> Running minfo.files/mkg-q17q16-9-72.inp on lemon.novalocal at Fri Jun 18 14:06:19 JST 2021
Thread1@lemon.novalocal> Running minfo.files/mkg-q17q16-9-73.inp on lemon.novalocal at Fri Jun 18 14:06:20 JST 2021
Thread0@lemon.novalocal> Running minfo.files/mkg-q17q16-9-74.inp on lemon.novalocal at Fri Jun 18 14:06:22 JST 2021
Thread1@lemon.novalocal> Running minfo.files/mkg-q17q16-9-75.inp on lemon.novalocal at Fri Jun 18 14:06:22 JST 2021
Thread0@lemon.novalocal> Running minfo.files/mkg-q17q16-9-77.inp on lemon.novalocal at Fri Jun 18 14:06:24 JST 2021
Thread1@lemon.novalocal> Running minfo.files/mkg-q17q16-9-78.inp on lemon.novalocal at Fri Jun 18 14:06:24 JST 2021
Thread0@lemon.novalocal> Running minfo.files/mkg-q17q16-9-79.inp on lemon.novalocal at Fri Jun 18 14:06:26 JST 2021
Thread1@lemon.novalocal> Running minfo.files/mkg-q17q16-9-80.inp on lemon.novalocal at Fri Jun 18 14:06:27 JST 2021
Thread0@lemon.novalocal> Running minfo.files/mkg-q18q16-9-0.inp on lemon.novalocal at Fri Jun 18 14:06:28 JST 2021
Thread1@lemon.novalocal> Running minfo.files/mkg-q18q16-9-1.inp on lemon.novalocal at Fri Jun 18 14:06:29 JST 2021
Thread0@lemon.novalocal> Running minfo.files/mkg-q18q16-9-2.inp on lemon.novalocal at Fri Jun 18 14:06:30 JST 2021
Thread1@lemon.novalocal> Running minfo.files/mkg-q18q16-9-3.inp on lemon.novalocal at Fri Jun 18 14:06:31 JST 2021
Thread0@lemon.novalocal> Running minfo.files/mkg-q18q16-9-5.inp on lemon.novalocal at Fri Jun 18 14:06:33 JST 2021
Thread1@lemon.novalocal> Running minfo.files/mkg-q18q16-9-6.inp on lemon.novalocal at Fri Jun 18 14:06:33 JST 2021
Thread0@lemon.novalocal> Running minfo.files/mkg-q18q16-9-7.inp on lemon.novalocal at Fri Jun 18 14:06:35 JST 2021
Thread1@lemon.novalocal> Running minfo.files/mkg-q18q16-9-8.inp on lemon.novalocal at Fri Jun 18 14:06:35 JST 2021
Thread0@lemon.novalocal> Running minfo.files/mkg-q18q16-9-9.inp on lemon.novalocal at Fri Jun 18 14:06:37 JST 2021
Thread1@lemon.novalocal> Running minfo.files/mkg-q18q16-9-10.inp on lemon.novalocal at Fri Jun 18 14:06:37 JST 2021
Thread0@lemon.novalocal> Running minfo.files/mkg-q18q16-9-11.inp on lemon.novalocal at Fri Jun 18 14:06:39 JST 2021
Thread1@lemon.novalocal> Running minfo.files/mkg-q18q16-9-12.inp on lemon.novalocal at Fri Jun 18 14:06:39 JST 2021
Thread0@lemon.novalocal> Running minfo.files/mkg-q18q16-9-14.inp on lemon.novalocal at Fri Jun 18 14:06:41 JST 2021
Thread1@lemon.novalocal> Running minfo.files/mkg-q18q16-9-15.inp on lemon.novalocal at Fri Jun 18 14:06:41 JST 2021
Thread0@lemon.novalocal> Running minfo.files/mkg-q18q16-9-16.inp on lemon.novalocal at Fri Jun 18 14:06:43 JST 2021
Thread1@lemon.novalocal> Running minfo.files/mkg-q18q16-9-17.inp on lemon.novalocal at Fri Jun 18 14:06:43 JST 2021
Thread0@lemon.novalocal> Running minfo.files/mkg-q18q16-9-18.inp on lemon.novalocal at Fri Jun 18 14:06:45 JST 2021
Thread1@lemon.novalocal> Running minfo.files/mkg-q18q16-9-19.inp on lemon.novalocal at Fri Jun 18 14:06:45 JST 2021
Thread0@lemon.novalocal> Running minfo.files/mkg-q18q16-9-20.inp on lemon.novalocal at Fri Jun 18 14:06:47 JST 2021
Thread1@lemon.novalocal> Running minfo.files/mkg-q18q16-9-21.inp on lemon.novalocal at Fri Jun 18 14:06:47 JST 2021
Thread0@lemon.novalocal> Running minfo.files/mkg-q18q16-9-23.inp on lemon.novalocal at Fri Jun 18 14:06:49 JST 2021
Thread1@lemon.novalocal> Running minfo.files/mkg-q18q16-9-24.inp on lemon.novalocal at Fri Jun 18 14:06:49 JST 2021
Thread0@lemon.novalocal> Running minfo.files/mkg-q18q16-9-25.inp on lemon.novalocal at Fri Jun 18 14:06:51 JST 2021
Thread1@lemon.novalocal> Running minfo.files/mkg-q18q16-9-26.inp on lemon.novalocal at Fri Jun 18 14:06:51 JST 2021
Thread0@lemon.novalocal> Running minfo.files/mkg-q18q16-9-27.inp on lemon.novalocal at Fri Jun 18 14:06:53 JST 2021
Thread1@lemon.novalocal> Running minfo.files/mkg-q18q16-9-28.inp on lemon.novalocal at Fri Jun 18 14:06:54 JST 2021
Thread0@lemon.novalocal> Running minfo.files/mkg-q18q16-9-29.inp on lemon.novalocal at Fri Jun 18 14:06:55 JST 2021
Thread1@lemon.novalocal> Running minfo.files/mkg-q18q16-9-30.inp on lemon.novalocal at Fri Jun 18 14:06:56 JST 2021
Thread0@lemon.novalocal> Running minfo.files/mkg-q18q16-9-32.inp on lemon.novalocal at Fri Jun 18 14:06:58 JST 2021
Thread1@lemon.novalocal> Running minfo.files/mkg-q18q16-9-33.inp on lemon.novalocal at Fri Jun 18 14:06:58 JST 2021
Thread0@lemon.novalocal> Running minfo.files/mkg-q18q16-9-34.inp on lemon.novalocal at Fri Jun 18 14:07:00 JST 2021
Thread1@lemon.novalocal> Running minfo.files/mkg-q18q16-9-35.inp on lemon.novalocal at Fri Jun 18 14:07:00 JST 2021
Thread0@lemon.novalocal> Running minfo.files/mkg-q18q16-9-45.inp on lemon.novalocal at Fri Jun 18 14:07:02 JST 2021
Thread1@lemon.novalocal> Running minfo.files/mkg-q18q16-9-46.inp on lemon.novalocal at Fri Jun 18 14:07:02 JST 2021
Thread0@lemon.novalocal> Running minfo.files/mkg-q18q16-9-47.inp on lemon.novalocal at Fri Jun 18 14:07:04 JST 2021
Thread1@lemon.novalocal> Running minfo.files/mkg-q18q16-9-48.inp on lemon.novalocal at Fri Jun 18 14:07:04 JST 2021
Thread0@lemon.novalocal> Running minfo.files/mkg-q18q16-9-50.inp on lemon.novalocal at Fri Jun 18 14:07:06 JST 2021
Thread1@lemon.novalocal> Running minfo.files/mkg-q18q16-9-51.inp on lemon.novalocal at Fri Jun 18 14:07:06 JST 2021
Thread0@lemon.novalocal> Running minfo.files/mkg-q18q16-9-52.inp on lemon.novalocal at Fri Jun 18 14:07:08 JST 2021
Thread1@lemon.novalocal> Running minfo.files/mkg-q18q16-9-53.inp on lemon.novalocal at Fri Jun 18 14:07:08 JST 2021
Thread0@lemon.novalocal> Running minfo.files/mkg-q18q16-9-54.inp on lemon.novalocal at Fri Jun 18 14:07:10 JST 2021
Thread1@lemon.novalocal> Running minfo.files/mkg-q18q16-9-55.inp on lemon.novalocal at Fri Jun 18 14:07:10 JST 2021
Thread0@lemon.novalocal> Running minfo.files/mkg-q18q16-9-56.inp on lemon.novalocal at Fri Jun 18 14:07:12 JST 2021
Thread1@lemon.novalocal> Running minfo.files/mkg-q18q16-9-57.inp on lemon.novalocal at Fri Jun 18 14:07:12 JST 2021
Thread0@lemon.novalocal> Running minfo.files/mkg-q18q16-9-59.inp on lemon.novalocal at Fri Jun 18 14:07:14 JST 2021
Thread1@lemon.novalocal> Running minfo.files/mkg-q18q16-9-60.inp on lemon.novalocal at Fri Jun 18 14:07:14 JST 2021
Thread0@lemon.novalocal> Running minfo.files/mkg-q18q16-9-61.inp on lemon.novalocal at Fri Jun 18 14:07:16 JST 2021
Thread1@lemon.novalocal> Running minfo.files/mkg-q18q16-9-62.inp on lemon.novalocal at Fri Jun 18 14:07:16 JST 2021
Thread0@lemon.novalocal> Running minfo.files/mkg-q18q16-9-63.inp on lemon.novalocal at Fri Jun 18 14:07:18 JST 2021
Thread1@lemon.novalocal> Running minfo.files/mkg-q18q16-9-64.inp on lemon.novalocal at Fri Jun 18 14:07:19 JST 2021
Thread0@lemon.novalocal> Running minfo.files/mkg-q18q16-9-65.inp on lemon.novalocal at Fri Jun 18 14:07:20 JST 2021
Thread1@lemon.novalocal> Running minfo.files/mkg-q18q16-9-66.inp on lemon.novalocal at Fri Jun 18 14:07:21 JST 2021
Thread0@lemon.novalocal> Running minfo.files/mkg-q18q16-9-68.inp on lemon.novalocal at Fri Jun 18 14:07:23 JST 2021
Thread1@lemon.novalocal> Running minfo.files/mkg-q18q16-9-69.inp on lemon.novalocal at Fri Jun 18 14:07:23 JST 2021
Thread0@lemon.novalocal> Running minfo.files/mkg-q18q16-9-70.inp on lemon.novalocal at Fri Jun 18 14:07:25 JST 2021
Thread1@lemon.novalocal> Running minfo.files/mkg-q18q16-9-71.inp on lemon.novalocal at Fri Jun 18 14:07:25 JST 2021
Thread0@lemon.novalocal> Running minfo.files/mkg-q18q16-9-72.inp on lemon.novalocal at Fri Jun 18 14:07:27 JST 2021
Thread1@lemon.novalocal> Running minfo.files/mkg-q18q16-9-73.inp on lemon.novalocal at Fri Jun 18 14:07:27 JST 2021
Thread0@lemon.novalocal> Running minfo.files/mkg-q18q16-9-74.inp on lemon.novalocal at Fri Jun 18 14:07:29 JST 2021
Thread1@lemon.novalocal> Running minfo.files/mkg-q18q16-9-75.inp on lemon.novalocal at Fri Jun 18 14:07:30 JST 2021
Thread0@lemon.novalocal> Running minfo.files/mkg-q18q16-9-77.inp on lemon.novalocal at Fri Jun 18 14:07:32 JST 2021
Thread1@lemon.novalocal> Running minfo.files/mkg-q18q16-9-78.inp on lemon.novalocal at Fri Jun 18 14:07:32 JST 2021
Thread0@lemon.novalocal> Running minfo.files/mkg-q18q16-9-79.inp on lemon.novalocal at Fri Jun 18 14:07:34 JST 2021
Thread1@lemon.novalocal> Running minfo.files/mkg-q18q16-9-80.inp on lemon.novalocal at Fri Jun 18 14:07:34 JST 2021
Thread0@lemon.novalocal> Running minfo.files/mkg-q26q25-9-0.inp on lemon.novalocal at Fri Jun 18 14:07:36 JST 2021
Thread1@lemon.novalocal> Running minfo.files/mkg-q26q25-9-1.inp on lemon.novalocal at Fri Jun 18 14:07:37 JST 2021
Thread0@lemon.novalocal> Running minfo.files/mkg-q26q25-9-2.inp on lemon.novalocal at Fri Jun 18 14:07:38 JST 2021
Thread1@lemon.novalocal> Running minfo.files/mkg-q26q25-9-3.inp on lemon.novalocal at Fri Jun 18 14:07:39 JST 2021
Thread0@lemon.novalocal> Running minfo.files/mkg-q26q25-9-5.inp on lemon.novalocal at Fri Jun 18 14:07:40 JST 2021
Thread1@lemon.novalocal> Running minfo.files/mkg-q26q25-9-6.inp on lemon.novalocal at Fri Jun 18 14:07:41 JST 2021
Thread0@lemon.novalocal> Running minfo.files/mkg-q26q25-9-7.inp on lemon.novalocal at Fri Jun 18 14:07:43 JST 2021
Thread1@lemon.novalocal> Running minfo.files/mkg-q26q25-9-8.inp on lemon.novalocal at Fri Jun 18 14:07:43 JST 2021
Thread0@lemon.novalocal> Running minfo.files/mkg-q26q25-9-9.inp on lemon.novalocal at Fri Jun 18 14:07:45 JST 2021
Thread1@lemon.novalocal> Running minfo.files/mkg-q26q25-9-10.inp on lemon.novalocal at Fri Jun 18 14:07:45 JST 2021
Thread0@lemon.novalocal> Running minfo.files/mkg-q26q25-9-11.inp on lemon.novalocal at Fri Jun 18 14:07:47 JST 2021
Thread1@lemon.novalocal> Running minfo.files/mkg-q26q25-9-12.inp on lemon.novalocal at Fri Jun 18 14:07:47 JST 2021
Thread0@lemon.novalocal> Running minfo.files/mkg-q26q25-9-14.inp on lemon.novalocal at Fri Jun 18 14:07:49 JST 2021
Thread1@lemon.novalocal> Running minfo.files/mkg-q26q25-9-15.inp on lemon.novalocal at Fri Jun 18 14:07:49 JST 2021
Thread0@lemon.novalocal> Running minfo.files/mkg-q26q25-9-16.inp on lemon.novalocal at Fri Jun 18 14:07:51 JST 2021
Thread1@lemon.novalocal> Running minfo.files/mkg-q26q25-9-17.inp on lemon.novalocal at Fri Jun 18 14:07:51 JST 2021
Thread0@lemon.novalocal> Running minfo.files/mkg-q26q25-9-18.inp on lemon.novalocal at Fri Jun 18 14:07:53 JST 2021
Thread1@lemon.novalocal> Running minfo.files/mkg-q26q25-9-19.inp on lemon.novalocal at Fri Jun 18 14:07:53 JST 2021
Thread0@lemon.novalocal> Running minfo.files/mkg-q26q25-9-20.inp on lemon.novalocal at Fri Jun 18 14:07:55 JST 2021
Thread1@lemon.novalocal> Running minfo.files/mkg-q26q25-9-21.inp on lemon.novalocal at Fri Jun 18 14:07:56 JST 2021
Thread0@lemon.novalocal> Running minfo.files/mkg-q26q25-9-23.inp on lemon.novalocal at Fri Jun 18 14:07:57 JST 2021
Thread1@lemon.novalocal> Running minfo.files/mkg-q26q25-9-24.inp on lemon.novalocal at Fri Jun 18 14:07:58 JST 2021
Thread0@lemon.novalocal> Running minfo.files/mkg-q26q25-9-25.inp on lemon.novalocal at Fri Jun 18 14:07:59 JST 2021
Thread1@lemon.novalocal> Running minfo.files/mkg-q26q25-9-26.inp on lemon.novalocal at Fri Jun 18 14:08:00 JST 2021
Thread0@lemon.novalocal> Running minfo.files/mkg-q26q25-9-27.inp on lemon.novalocal at Fri Jun 18 14:08:01 JST 2021
Thread1@lemon.novalocal> Running minfo.files/mkg-q26q25-9-28.inp on lemon.novalocal at Fri Jun 18 14:08:02 JST 2021
Thread0@lemon.novalocal> Running minfo.files/mkg-q26q25-9-29.inp on lemon.novalocal at Fri Jun 18 14:08:04 JST 2021
Thread1@lemon.novalocal> Running minfo.files/mkg-q26q25-9-30.inp on lemon.novalocal at Fri Jun 18 14:08:04 JST 2021
Thread0@lemon.novalocal> Running minfo.files/mkg-q26q25-9-32.inp on lemon.novalocal at Fri Jun 18 14:08:06 JST 2021
Thread1@lemon.novalocal> Running minfo.files/mkg-q26q25-9-33.inp on lemon.novalocal at Fri Jun 18 14:08:06 JST 2021
Thread0@lemon.novalocal> Running minfo.files/mkg-q26q25-9-34.inp on lemon.novalocal at Fri Jun 18 14:08:08 JST 2021
Thread1@lemon.novalocal> Running minfo.files/mkg-q26q25-9-35.inp on lemon.novalocal at Fri Jun 18 14:08:08 JST 2021
Thread0@lemon.novalocal> Running minfo.files/mkg-q26q25-9-45.inp on lemon.novalocal at Fri Jun 18 14:08:10 JST 2021
Thread1@lemon.novalocal> Running minfo.files/mkg-q26q25-9-46.inp on lemon.novalocal at Fri Jun 18 14:08:10 JST 2021
Thread0@lemon.novalocal> Running minfo.files/mkg-q26q25-9-47.inp on lemon.novalocal at Fri Jun 18 14:08:12 JST 2021
Thread1@lemon.novalocal> Running minfo.files/mkg-q26q25-9-48.inp on lemon.novalocal at Fri Jun 18 14:08:12 JST 2021
Thread0@lemon.novalocal> Running minfo.files/mkg-q26q25-9-50.inp on lemon.novalocal at Fri Jun 18 14:08:14 JST 2021
Thread1@lemon.novalocal> Running minfo.files/mkg-q26q25-9-51.inp on lemon.novalocal at Fri Jun 18 14:08:14 JST 2021
Thread0@lemon.novalocal> Running minfo.files/mkg-q26q25-9-52.inp on lemon.novalocal at Fri Jun 18 14:08:16 JST 2021
Thread1@lemon.novalocal> Running minfo.files/mkg-q26q25-9-53.inp on lemon.novalocal at Fri Jun 18 14:08:16 JST 2021
Thread0@lemon.novalocal> Running minfo.files/mkg-q26q25-9-54.inp on lemon.novalocal at Fri Jun 18 14:08:18 JST 2021
Thread1@lemon.novalocal> Running minfo.files/mkg-q26q25-9-55.inp on lemon.novalocal at Fri Jun 18 14:08:19 JST 2021
Thread0@lemon.novalocal> Running minfo.files/mkg-q26q25-9-56.inp on lemon.novalocal at Fri Jun 18 14:08:21 JST 2021
Thread1@lemon.novalocal> Running minfo.files/mkg-q26q25-9-57.inp on lemon.novalocal at Fri Jun 18 14:08:21 JST 2021
Thread0@lemon.novalocal> Running minfo.files/mkg-q26q25-9-59.inp on lemon.novalocal at Fri Jun 18 14:08:23 JST 2021
Thread1@lemon.novalocal> Running minfo.files/mkg-q26q25-9-60.inp on lemon.novalocal at Fri Jun 18 14:08:23 JST 2021
Thread0@lemon.novalocal> Running minfo.files/mkg-q26q25-9-61.inp on lemon.novalocal at Fri Jun 18 14:08:25 JST 2021
Thread1@lemon.novalocal> Running minfo.files/mkg-q26q25-9-62.inp on lemon.novalocal at Fri Jun 18 14:08:25 JST 2021
Thread0@lemon.novalocal> Running minfo.files/mkg-q26q25-9-63.inp on lemon.novalocal at Fri Jun 18 14:08:27 JST 2021
Thread1@lemon.novalocal> Running minfo.files/mkg-q26q25-9-64.inp on lemon.novalocal at Fri Jun 18 14:08:27 JST 2021
Thread0@lemon.novalocal> Running minfo.files/mkg-q26q25-9-65.inp on lemon.novalocal at Fri Jun 18 14:08:29 JST 2021
Thread1@lemon.novalocal> Running minfo.files/mkg-q26q25-9-66.inp on lemon.novalocal at Fri Jun 18 14:08:30 JST 2021
Thread0@lemon.novalocal> Running minfo.files/mkg-q26q25-9-68.inp on lemon.novalocal at Fri Jun 18 14:08:32 JST 2021
Thread1@lemon.novalocal> Running minfo.files/mkg-q26q25-9-69.inp on lemon.novalocal at Fri Jun 18 14:08:32 JST 2021
Thread0@lemon.novalocal> Running minfo.files/mkg-q26q25-9-70.inp on lemon.novalocal at Fri Jun 18 14:08:34 JST 2021
Thread1@lemon.novalocal> Running minfo.files/mkg-q26q25-9-71.inp on lemon.novalocal at Fri Jun 18 14:08:34 JST 2021
Thread0@lemon.novalocal> Running minfo.files/mkg-q26q25-9-72.inp on lemon.novalocal at Fri Jun 18 14:08:36 JST 2021
Thread1@lemon.novalocal> Running minfo.files/mkg-q26q25-9-73.inp on lemon.novalocal at Fri Jun 18 14:08:36 JST 2021
Thread0@lemon.novalocal> Running minfo.files/mkg-q26q25-9-74.inp on lemon.novalocal at Fri Jun 18 14:08:38 JST 2021
Thread1@lemon.novalocal> Running minfo.files/mkg-q26q25-9-75.inp on lemon.novalocal at Fri Jun 18 14:08:39 JST 2021
Thread0@lemon.novalocal> Running minfo.files/mkg-q26q25-9-77.inp on lemon.novalocal at Fri Jun 18 14:08:40 JST 2021
Thread1@lemon.novalocal> Running minfo.files/mkg-q26q25-9-78.inp on lemon.novalocal at Fri Jun 18 14:08:41 JST 2021
Thread0@lemon.novalocal> Running minfo.files/mkg-q26q25-9-79.inp on lemon.novalocal at Fri Jun 18 14:08:43 JST 2021
Thread1@lemon.novalocal> Running minfo.files/mkg-q26q25-9-80.inp on lemon.novalocal at Fri Jun 18 14:08:43 JST 2021
Thread0@lemon.novalocal> Running minfo.files/mkg-q27q25-9-0.inp on lemon.novalocal at Fri Jun 18 14:08:45 JST 2021
Thread1@lemon.novalocal> Running minfo.files/mkg-q27q25-9-1.inp on lemon.novalocal at Fri Jun 18 14:08:45 JST 2021
Thread0@lemon.novalocal> Running minfo.files/mkg-q27q25-9-2.inp on lemon.novalocal at Fri Jun 18 14:08:47 JST 2021
Thread1@lemon.novalocal> Running minfo.files/mkg-q27q25-9-3.inp on lemon.novalocal at Fri Jun 18 14:08:47 JST 2021
Thread0@lemon.novalocal> Running minfo.files/mkg-q27q25-9-5.inp on lemon.novalocal at Fri Jun 18 14:08:49 JST 2021
Thread1@lemon.novalocal> Running minfo.files/mkg-q27q25-9-6.inp on lemon.novalocal at Fri Jun 18 14:08:50 JST 2021
Thread0@lemon.novalocal> Running minfo.files/mkg-q27q25-9-7.inp on lemon.novalocal at Fri Jun 18 14:08:52 JST 2021
Thread1@lemon.novalocal> Running minfo.files/mkg-q27q25-9-8.inp on lemon.novalocal at Fri Jun 18 14:08:52 JST 2021
Thread0@lemon.novalocal> Running minfo.files/mkg-q27q25-9-9.inp on lemon.novalocal at Fri Jun 18 14:08:54 JST 2021
Thread1@lemon.novalocal> Running minfo.files/mkg-q27q25-9-10.inp on lemon.novalocal at Fri Jun 18 14:08:54 JST 2021
Thread0@lemon.novalocal> Running minfo.files/mkg-q27q25-9-11.inp on lemon.novalocal at Fri Jun 18 14:08:56 JST 2021
Thread1@lemon.novalocal> Running minfo.files/mkg-q27q25-9-12.inp on lemon.novalocal at Fri Jun 18 14:08:56 JST 2021
Thread0@lemon.novalocal> Running minfo.files/mkg-q27q25-9-14.inp on lemon.novalocal at Fri Jun 18 14:08:58 JST 2021
Thread1@lemon.novalocal> Running minfo.files/mkg-q27q25-9-15.inp on lemon.novalocal at Fri Jun 18 14:08:59 JST 2021
Thread0@lemon.novalocal> Running minfo.files/mkg-q27q25-9-16.inp on lemon.novalocal at Fri Jun 18 14:09:01 JST 2021
Thread1@lemon.novalocal> Running minfo.files/mkg-q27q25-9-17.inp on lemon.novalocal at Fri Jun 18 14:09:01 JST 2021
Thread0@lemon.novalocal> Running minfo.files/mkg-q27q25-9-18.inp on lemon.novalocal at Fri Jun 18 14:09:03 JST 2021
Thread1@lemon.novalocal> Running minfo.files/mkg-q27q25-9-19.inp on lemon.novalocal at Fri Jun 18 14:09:03 JST 2021
Thread0@lemon.novalocal> Running minfo.files/mkg-q27q25-9-20.inp on lemon.novalocal at Fri Jun 18 14:09:05 JST 2021
Thread1@lemon.novalocal> Running minfo.files/mkg-q27q25-9-21.inp on lemon.novalocal at Fri Jun 18 14:09:05 JST 2021
Thread0@lemon.novalocal> Running minfo.files/mkg-q27q25-9-23.inp on lemon.novalocal at Fri Jun 18 14:09:07 JST 2021
Thread1@lemon.novalocal> Running minfo.files/mkg-q27q25-9-24.inp on lemon.novalocal at Fri Jun 18 14:09:07 JST 2021
Thread0@lemon.novalocal> Running minfo.files/mkg-q27q25-9-25.inp on lemon.novalocal at Fri Jun 18 14:09:09 JST 2021
Thread1@lemon.novalocal> Running minfo.files/mkg-q27q25-9-26.inp on lemon.novalocal at Fri Jun 18 14:09:09 JST 2021
Thread0@lemon.novalocal> Running minfo.files/mkg-q27q25-9-27.inp on lemon.novalocal at Fri Jun 18 14:09:11 JST 2021
Thread1@lemon.novalocal> Running minfo.files/mkg-q27q25-9-28.inp on lemon.novalocal at Fri Jun 18 14:09:12 JST 2021
Thread0@lemon.novalocal> Running minfo.files/mkg-q27q25-9-29.inp on lemon.novalocal at Fri Jun 18 14:09:13 JST 2021
Thread1@lemon.novalocal> Running minfo.files/mkg-q27q25-9-30.inp on lemon.novalocal at Fri Jun 18 14:09:14 JST 2021
Thread0@lemon.novalocal> Running minfo.files/mkg-q27q25-9-32.inp on lemon.novalocal at Fri Jun 18 14:09:15 JST 2021
Thread1@lemon.novalocal> Running minfo.files/mkg-q27q25-9-33.inp on lemon.novalocal at Fri Jun 18 14:09:16 JST 2021
Thread0@lemon.novalocal> Running minfo.files/mkg-q27q25-9-34.inp on lemon.novalocal at Fri Jun 18 14:09:17 JST 2021
Thread1@lemon.novalocal> Running minfo.files/mkg-q27q25-9-35.inp on lemon.novalocal at Fri Jun 18 14:09:18 JST 2021
Thread0@lemon.novalocal> Running minfo.files/mkg-q27q25-9-45.inp on lemon.novalocal at Fri Jun 18 14:09:19 JST 2021
Thread1@lemon.novalocal> Running minfo.files/mkg-q27q25-9-46.inp on lemon.novalocal at Fri Jun 18 14:09:20 JST 2021
Thread0@lemon.novalocal> Running minfo.files/mkg-q27q25-9-47.inp on lemon.novalocal at Fri Jun 18 14:09:22 JST 2021
Thread1@lemon.novalocal> Running minfo.files/mkg-q27q25-9-48.inp on lemon.novalocal at Fri Jun 18 14:09:22 JST 2021
Thread0@lemon.novalocal> Running minfo.files/mkg-q27q25-9-50.inp on lemon.novalocal at Fri Jun 18 14:09:24 JST 2021
Thread1@lemon.novalocal> Running minfo.files/mkg-q27q25-9-51.inp on lemon.novalocal at Fri Jun 18 14:09:24 JST 2021
Thread0@lemon.novalocal> Running minfo.files/mkg-q27q25-9-52.inp on lemon.novalocal at Fri Jun 18 14:09:26 JST 2021
Thread1@lemon.novalocal> Running minfo.files/mkg-q27q25-9-53.inp on lemon.novalocal at Fri Jun 18 14:09:26 JST 2021
Thread0@lemon.novalocal> Running minfo.files/mkg-q27q25-9-54.inp on lemon.novalocal at Fri Jun 18 14:09:28 JST 2021
Thread1@lemon.novalocal> Running minfo.files/mkg-q27q25-9-55.inp on lemon.novalocal at Fri Jun 18 14:09:28 JST 2021
Thread0@lemon.novalocal> Running minfo.files/mkg-q27q25-9-56.inp on lemon.novalocal at Fri Jun 18 14:09:30 JST 2021
Thread1@lemon.novalocal> Running minfo.files/mkg-q27q25-9-57.inp on lemon.novalocal at Fri Jun 18 14:09:30 JST 2021
Thread0@lemon.novalocal> Running minfo.files/mkg-q27q25-9-59.inp on lemon.novalocal at Fri Jun 18 14:09:32 JST 2021
Thread1@lemon.novalocal> Running minfo.files/mkg-q27q25-9-60.inp on lemon.novalocal at Fri Jun 18 14:09:32 JST 2021
Thread0@lemon.novalocal> Running minfo.files/mkg-q27q25-9-61.inp on lemon.novalocal at Fri Jun 18 14:09:34 JST 2021
Thread1@lemon.novalocal> Running minfo.files/mkg-q27q25-9-62.inp on lemon.novalocal at Fri Jun 18 14:09:34 JST 2021
Thread0@lemon.novalocal> Running minfo.files/mkg-q27q25-9-63.inp on lemon.novalocal at Fri Jun 18 14:09:36 JST 2021
Thread1@lemon.novalocal> Running minfo.files/mkg-q27q25-9-64.inp on lemon.novalocal at Fri Jun 18 14:09:36 JST 2021
Thread0@lemon.novalocal> Running minfo.files/mkg-q27q25-9-65.inp on lemon.novalocal at Fri Jun 18 14:09:38 JST 2021
Thread1@lemon.novalocal> Running minfo.files/mkg-q27q25-9-66.inp on lemon.novalocal at Fri Jun 18 14:09:39 JST 2021
Thread0@lemon.novalocal> Running minfo.files/mkg-q27q25-9-68.inp on lemon.novalocal at Fri Jun 18 14:09:40 JST 2021
Thread1@lemon.novalocal> Running minfo.files/mkg-q27q25-9-69.inp on lemon.novalocal at Fri Jun 18 14:09:40 JST 2021
Thread0@lemon.novalocal> Running minfo.files/mkg-q27q25-9-70.inp on lemon.novalocal at Fri Jun 18 14:09:42 JST 2021
Thread1@lemon.novalocal> Running minfo.files/mkg-q27q25-9-71.inp on lemon.novalocal at Fri Jun 18 14:09:42 JST 2021
Thread0@lemon.novalocal> Running minfo.files/mkg-q27q25-9-72.inp on lemon.novalocal at Fri Jun 18 14:09:44 JST 2021
Thread1@lemon.novalocal> Running minfo.files/mkg-q27q25-9-73.inp on lemon.novalocal at Fri Jun 18 14:09:44 JST 2021
Thread0@lemon.novalocal> Running minfo.files/mkg-q27q25-9-74.inp on lemon.novalocal at Fri Jun 18 14:09:46 JST 2021
Thread1@lemon.novalocal> Running minfo.files/mkg-q27q25-9-75.inp on lemon.novalocal at Fri Jun 18 14:09:46 JST 2021
Thread0@lemon.novalocal> Running minfo.files/mkg-q27q25-9-77.inp on lemon.novalocal at Fri Jun 18 14:09:48 JST 2021
Thread1@lemon.novalocal> Running minfo.files/mkg-q27q25-9-78.inp on lemon.novalocal at Fri Jun 18 14:09:48 JST 2021
Thread0@lemon.novalocal> Running minfo.files/mkg-q27q25-9-79.inp on lemon.novalocal at Fri Jun 18 14:09:50 JST 2021
Thread1@lemon.novalocal> Running minfo.files/mkg-q27q25-9-80.inp on lemon.novalocal at Fri Jun 18 14:09:51 JST 2021
   End of electronic structure calculations.

Generating pot files.

   o q8q7.pot  [OK]
   o q8q7.dipole  [OK]
   o q9q7.pot  [OK]
   o q9q7.dipole  [OK]
   o q9q8.pot  [OK]
   o q9q8.dipole  [OK]
   o q17q16.pot  [OK]
   o q17q16.dipole  [OK]
   o q18q16.pot  [OK]
   o q18q16.dipole  [OK]
   o q26q25.pot  [OK]
   o q26q25.dipole  [OK]
   o q27q25.pot  [OK]
   o q27q25.dipole  [OK]


End of GridPES generation:

Setup MakeGrid module

  o Setup MCS: Read QFF Data via prop_no_1.mop ...  [OK]
  o ngrid =     7 
  o 1MR Grid: 
      8 7 9 17 16 18 26 25 27 
  o 2MR Grid: 
      (7,8) (7,9) (8,9) (16,17) (16,18) (17,18) (25,26) (25,27) (26,27) 

Enter GridPES generation:

   Execute electronic structure calculations.

Thread1@lemon.novalocal> Running minfo.files/mkg-q18q17-7-1.inp on lemon.novalocal at Fri Jun 18 14:09:53 JST 2021
Thread0@lemon.novalocal> Running minfo.files/mkg-q18q17-7-0.inp on lemon.novalocal at Fri Jun 18 14:09:53 JST 2021
Thread1@lemon.novalocal> Running minfo.files/mkg-q18q17-7-2.inp on lemon.novalocal at Fri Jun 18 14:09:55 JST 2021
Thread0@lemon.novalocal> Running minfo.files/mkg-q18q17-7-4.inp on lemon.novalocal at Fri Jun 18 14:09:55 JST 2021
Thread1@lemon.novalocal> Running minfo.files/mkg-q18q17-7-5.inp on lemon.novalocal at Fri Jun 18 14:09:57 JST 2021
Thread0@lemon.novalocal> Running minfo.files/mkg-q18q17-7-6.inp on lemon.novalocal at Fri Jun 18 14:09:57 JST 2021
Thread1@lemon.novalocal> Running minfo.files/mkg-q18q17-7-7.inp on lemon.novalocal at Fri Jun 18 14:09:59 JST 2021
Thread0@lemon.novalocal> Running minfo.files/mkg-q18q17-7-8.inp on lemon.novalocal at Fri Jun 18 14:09:59 JST 2021
Thread1@lemon.novalocal> Running minfo.files/mkg-q18q17-7-9.inp on lemon.novalocal at Fri Jun 18 14:10:01 JST 2021
Thread0@lemon.novalocal> Running minfo.files/mkg-q18q17-7-11.inp on lemon.novalocal at Fri Jun 18 14:10:01 JST 2021
Thread1@lemon.novalocal> Running minfo.files/mkg-q18q17-7-12.inp on lemon.novalocal at Fri Jun 18 14:10:03 JST 2021
Thread0@lemon.novalocal> Running minfo.files/mkg-q18q17-7-13.inp on lemon.novalocal at Fri Jun 18 14:10:03 JST 2021
Thread1@lemon.novalocal> Running minfo.files/mkg-q18q17-7-14.inp on lemon.novalocal at Fri Jun 18 14:10:06 JST 2021
Thread0@lemon.novalocal> Running minfo.files/mkg-q18q17-7-15.inp on lemon.novalocal at Fri Jun 18 14:10:06 JST 2021
Thread1@lemon.novalocal> Running minfo.files/mkg-q18q17-7-16.inp on lemon.novalocal at Fri Jun 18 14:10:08 JST 2021
Thread0@lemon.novalocal> Running minfo.files/mkg-q18q17-7-18.inp on lemon.novalocal at Fri Jun 18 14:10:08 JST 2021
Thread1@lemon.novalocal> Running minfo.files/mkg-q18q17-7-19.inp on lemon.novalocal at Fri Jun 18 14:10:10 JST 2021
Thread0@lemon.novalocal> Running minfo.files/mkg-q18q17-7-20.inp on lemon.novalocal at Fri Jun 18 14:10:10 JST 2021
Thread1@lemon.novalocal> Running minfo.files/mkg-q18q17-7-28.inp on lemon.novalocal at Fri Jun 18 14:10:12 JST 2021
Thread0@lemon.novalocal> Running minfo.files/mkg-q18q17-7-29.inp on lemon.novalocal at Fri Jun 18 14:10:12 JST 2021
Thread1@lemon.novalocal> Running minfo.files/mkg-q18q17-7-30.inp on lemon.novalocal at Fri Jun 18 14:10:14 JST 2021
Thread0@lemon.novalocal> Running minfo.files/mkg-q18q17-7-32.inp on lemon.novalocal at Fri Jun 18 14:10:14 JST 2021
Thread1@lemon.novalocal> Running minfo.files/mkg-q18q17-7-33.inp on lemon.novalocal at Fri Jun 18 14:10:16 JST 2021
Thread0@lemon.novalocal> Running minfo.files/mkg-q18q17-7-34.inp on lemon.novalocal at Fri Jun 18 14:10:16 JST 2021
Thread1@lemon.novalocal> Running minfo.files/mkg-q18q17-7-35.inp on lemon.novalocal at Fri Jun 18 14:10:18 JST 2021
Thread0@lemon.novalocal> Running minfo.files/mkg-q18q17-7-36.inp on lemon.novalocal at Fri Jun 18 14:10:18 JST 2021
Thread0@lemon.novalocal> Running minfo.files/mkg-q18q17-7-37.inp on lemon.novalocal at Fri Jun 18 14:10:20 JST 2021
Thread1@lemon.novalocal> Running minfo.files/mkg-q18q17-7-39.inp on lemon.novalocal at Fri Jun 18 14:10:20 JST 2021
Thread0@lemon.novalocal> Running minfo.files/mkg-q18q17-7-40.inp on lemon.novalocal at Fri Jun 18 14:10:22 JST 2021
Thread1@lemon.novalocal> Running minfo.files/mkg-q18q17-7-41.inp on lemon.novalocal at Fri Jun 18 14:10:22 JST 2021
Thread0@lemon.novalocal> Running minfo.files/mkg-q18q17-7-42.inp on lemon.novalocal at Fri Jun 18 14:10:24 JST 2021
Thread1@lemon.novalocal> Running minfo.files/mkg-q18q17-7-43.inp on lemon.novalocal at Fri Jun 18 14:10:24 JST 2021
Thread0@lemon.novalocal> Running minfo.files/mkg-q18q17-7-44.inp on lemon.novalocal at Fri Jun 18 14:10:26 JST 2021
Thread1@lemon.novalocal> Running minfo.files/mkg-q18q17-7-46.inp on lemon.novalocal at Fri Jun 18 14:10:27 JST 2021
Thread0@lemon.novalocal> Running minfo.files/mkg-q18q17-7-47.inp on lemon.novalocal at Fri Jun 18 14:10:29 JST 2021
Thread1@lemon.novalocal> Running minfo.files/mkg-q18q17-7-48.inp on lemon.novalocal at Fri Jun 18 14:10:29 JST 2021
Thread0@lemon.novalocal> Running minfo.files/mkg-q27q26-7-0.inp on lemon.novalocal at Fri Jun 18 14:10:31 JST 2021
Thread1@lemon.novalocal> Running minfo.files/mkg-q27q26-7-1.inp on lemon.novalocal at Fri Jun 18 14:10:31 JST 2021
Thread1@lemon.novalocal> Running minfo.files/mkg-q27q26-7-2.inp on lemon.novalocal at Fri Jun 18 14:10:33 JST 2021
Thread0@lemon.novalocal> Running minfo.files/mkg-q27q26-7-4.inp on lemon.novalocal at Fri Jun 18 14:10:33 JST 2021
Thread0@lemon.novalocal> Running minfo.files/mkg-q27q26-7-5.inp on lemon.novalocal at Fri Jun 18 14:10:35 JST 2021
Thread1@lemon.novalocal> Running minfo.files/mkg-q27q26-7-6.inp on lemon.novalocal at Fri Jun 18 14:10:35 JST 2021
Thread1@lemon.novalocal> Running minfo.files/mkg-q27q26-7-7.inp on lemon.novalocal at Fri Jun 18 14:10:37 JST 2021
Thread0@lemon.novalocal> Running minfo.files/mkg-q27q26-7-8.inp on lemon.novalocal at Fri Jun 18 14:10:37 JST 2021
Thread1@lemon.novalocal> Running minfo.files/mkg-q27q26-7-9.inp on lemon.novalocal at Fri Jun 18 14:10:39 JST 2021
Thread0@lemon.novalocal> Running minfo.files/mkg-q27q26-7-11.inp on lemon.novalocal at Fri Jun 18 14:10:39 JST 2021
Thread1@lemon.novalocal> Running minfo.files/mkg-q27q26-7-12.inp on lemon.novalocal at Fri Jun 18 14:10:41 JST 2021
Thread0@lemon.novalocal> Running minfo.files/mkg-q27q26-7-13.inp on lemon.novalocal at Fri Jun 18 14:10:42 JST 2021
Thread1@lemon.novalocal> Running minfo.files/mkg-q27q26-7-14.inp on lemon.novalocal at Fri Jun 18 14:10:44 JST 2021
Thread0@lemon.novalocal> Running minfo.files/mkg-q27q26-7-15.inp on lemon.novalocal at Fri Jun 18 14:10:44 JST 2021
Thread1@lemon.novalocal> Running minfo.files/mkg-q27q26-7-16.inp on lemon.novalocal at Fri Jun 18 14:10:46 JST 2021
Thread0@lemon.novalocal> Running minfo.files/mkg-q27q26-7-18.inp on lemon.novalocal at Fri Jun 18 14:10:46 JST 2021
Thread1@lemon.novalocal> Running minfo.files/mkg-q27q26-7-19.inp on lemon.novalocal at Fri Jun 18 14:10:48 JST 2021
Thread0@lemon.novalocal> Running minfo.files/mkg-q27q26-7-20.inp on lemon.novalocal at Fri Jun 18 14:10:48 JST 2021
Thread1@lemon.novalocal> Running minfo.files/mkg-q27q26-7-28.inp on lemon.novalocal at Fri Jun 18 14:10:50 JST 2021
Thread0@lemon.novalocal> Running minfo.files/mkg-q27q26-7-29.inp on lemon.novalocal at Fri Jun 18 14:10:50 JST 2021
Thread1@lemon.novalocal> Running minfo.files/mkg-q27q26-7-30.inp on lemon.novalocal at Fri Jun 18 14:10:52 JST 2021
Thread0@lemon.novalocal> Running minfo.files/mkg-q27q26-7-32.inp on lemon.novalocal at Fri Jun 18 14:10:52 JST 2021
Thread1@lemon.novalocal> Running minfo.files/mkg-q27q26-7-33.inp on lemon.novalocal at Fri Jun 18 14:10:54 JST 2021
Thread0@lemon.novalocal> Running minfo.files/mkg-q27q26-7-34.inp on lemon.novalocal at Fri Jun 18 14:10:55 JST 2021
Thread1@lemon.novalocal> Running minfo.files/mkg-q27q26-7-35.inp on lemon.novalocal at Fri Jun 18 14:10:56 JST 2021
Thread0@lemon.novalocal> Running minfo.files/mkg-q27q26-7-36.inp on lemon.novalocal at Fri Jun 18 14:10:57 JST 2021
Thread1@lemon.novalocal> Running minfo.files/mkg-q27q26-7-37.inp on lemon.novalocal at Fri Jun 18 14:10:59 JST 2021
Thread0@lemon.novalocal> Running minfo.files/mkg-q27q26-7-39.inp on lemon.novalocal at Fri Jun 18 14:10:59 JST 2021
Thread1@lemon.novalocal> Running minfo.files/mkg-q27q26-7-40.inp on lemon.novalocal at Fri Jun 18 14:11:01 JST 2021
Thread0@lemon.novalocal> Running minfo.files/mkg-q27q26-7-41.inp on lemon.novalocal at Fri Jun 18 14:11:01 JST 2021
Thread1@lemon.novalocal> Running minfo.files/mkg-q27q26-7-42.inp on lemon.novalocal at Fri Jun 18 14:11:03 JST 2021
Thread0@lemon.novalocal> Running minfo.files/mkg-q27q26-7-43.inp on lemon.novalocal at Fri Jun 18 14:11:03 JST 2021
Thread1@lemon.novalocal> Running minfo.files/mkg-q27q26-7-44.inp on lemon.novalocal at Fri Jun 18 14:11:05 JST 2021
Thread0@lemon.novalocal> Running minfo.files/mkg-q27q26-7-46.inp on lemon.novalocal at Fri Jun 18 14:11:06 JST 2021
Thread1@lemon.novalocal> Running minfo.files/mkg-q27q26-7-47.inp on lemon.novalocal at Fri Jun 18 14:11:07 JST 2021
Thread0@lemon.novalocal> Running minfo.files/mkg-q27q26-7-48.inp on lemon.novalocal at Fri Jun 18 14:11:08 JST 2021
   End of electronic structure calculations.

Generating pot files.

   o q18q17.pot  [OK]
   o q18q17.dipole  [OK]
   o q27q26.pot  [OK]
   o q27q26.dipole  [OK]


End of GridPES generation:

