 -------------------------------------------------------
                                                      
    ***   WELCOME TO SINDO PROGRAM                    
     ***                (  VERSION 4.0 BETA  )        
      ***                                             
       ***       COPYRIGHT 2019:                      
        ***         KIYOSHI YAGI  KIYOSHI.YAGI@RIKEN.JP
                                                      
 -------------------------------------------------------

     JOB STARTED AT: Wed Jun 16 19:13:11 2021
     RUNNING ON lemon.novalocal                 


(  SETUP MEM MODULE  )

   o MAXIMUM MEMORY :      500 MB


(  SETUP MOL MODULE  )


   READ DATA FROM A MINFO FILE : [ ../1_harmonic/h2co-b3lyp-dz.minfo ]


(  ENTER NMA MODULE  )


      o ATOMIC MASS
           12.0000     15.9949      1.0078      1.0078
 
      o REFERENCE GEOMETRY
          0.000000    0.000000   -1.136626
          0.000000    0.000000    1.138988
          0.000000    1.787626   -2.271483
          0.000000   -1.787626   -2.271483
 
      o NORMAL DISPLACEMENT VECTOR
         -0.517530    0.000000   -0.000000
          0.149163   -0.000000    0.000000
          0.595782   -0.000000   -0.000000
          0.595782   -0.000000    0.000000
 
          0.000000    0.444566    0.000000
         -0.000000   -0.276038   -0.000000
         -0.000000   -0.217175   -0.562065
         -0.000000   -0.217175    0.562065
 
         -0.000000    0.000000    0.008692
          0.000000   -0.000000   -0.300114
          0.000000    0.339513    0.582802
          0.000000   -0.339513    0.582802
 
         -0.000000    0.000000   -0.749045
          0.000000   -0.000000    0.613952
          0.000000    0.161803    0.069404
         -0.000000   -0.161803    0.069404
 
          0.000000   -0.000000   -0.197476
         -0.000000   -0.000000   -0.004264
         -0.000000   -0.598791    0.349202
         -0.000000    0.598791    0.349202
 
         -0.000000    0.332434   -0.000000
          0.000000   -0.003367    0.000000
          0.000000   -0.566845    0.351318
          0.000000   -0.566845   -0.351318
 
 
      o TRANSLATIONAL VECTOR
          0.632345    0.000000    0.000000
          0.730053    0.000000    0.000000
          0.183253    0.000000    0.000000
          0.183253    0.000000    0.000000
 
          0.000000    0.632345    0.000000
          0.000000    0.730053    0.000000
          0.000000    0.183253    0.000000
          0.000000    0.183253    0.000000
 
          0.000000    0.000000    0.632345
          0.000000    0.000000    0.730053
          0.000000    0.000000    0.183253
          0.000000    0.000000    0.183253
 
 
      o ROTATIONAL VECTOR
          0.000000    0.540365    0.000000
          0.000000   -0.625153    0.000000
          0.000000    0.312950    0.246287
          0.000000    0.312950   -0.246287
 
         -0.576461    0.000000    0.000000
          0.666914    0.000000    0.000000
         -0.333855    0.000000    0.000000
         -0.333855    0.000000    0.000000
 
          0.000000    0.000000    0.000000
          0.000000    0.000000    0.000000
         -0.707107    0.000000    0.000000
          0.707107    0.000000    0.000000
 
(  SETUP OF NMA COMPLETED  )



(  SETUP VIB MODULE  )

   >> RUN OPTIONS
      VSCF    =     T
      OC-VSCF =     F
      VCI     =     F
      VPT     =     F
      VQDPT   =     T
      PRPT    =     T


   >> BASIS FUNCTIONS
      MODE :         1        2        3        4        5        6
      MAXV :        10       10       10       10       10       10
      FREQ :   1186.71  1253.90  1514.96  1831.55  2862.51  2915.76


(  SETUP TARGET MODULE  )

   >> TARGET STATES
       000   : ZERO-POINT STATE
     001-006 : FUNDAMENTALS
 

(  SETUP MRPES MODULE  )

   >> POTENTIAL

      [  OPTIONS  ]

         MR         =        3
         MCS_CUTOFF = -.10E-02
         MCS_GRID   = -.10E+01
         POTDIR     = ../3_mrpes/pes_mrpes/
         MOPFILE    = prop_no_1.mop


         1MR-PEF

         o GRID PEF

           MODE=   1, GRID=  11   CCSD(T)/cc-pVTZ
           MODE=   2, GRID=  11   CCSD(T)/cc-pVTZ
           MODE=   3, GRID=  11   CCSD(T)/cc-pVTZ
           MODE=   4, GRID=  11   CCSD(T)/cc-pVTZ
           MODE=   5, GRID=  11   CCSD(T)/cc-pVTZ
           MODE=   6, GRID=  11   CCSD(T)/cc-pVTZ
 

         2MR-PEF

         o GRID PEF

           MODE=   2   1, GRID=   7   7   B3LYP/cc-pVDZ
           MODE=   3   1, GRID=   7   7   B3LYP/cc-pVDZ
           MODE=   3   2, GRID=   9   9   B3LYP/cc-pVDZ
           MODE=   4   2, GRID=   9   9   B3LYP/cc-pVDZ
           MODE=   4   3, GRID=   7   7   B3LYP/cc-pVDZ
           MODE=   5   1, GRID=   9   9   B3LYP/cc-pVDZ
           MODE=   5   2, GRID=   9   9   B3LYP/cc-pVDZ
           MODE=   5   3, GRID=   9   9   B3LYP/cc-pVDZ
           MODE=   5   4, GRID=   7   7   B3LYP/cc-pVDZ
           MODE=   6   1, GRID=   9   9   B3LYP/cc-pVDZ
           MODE=   6   2, GRID=   9   9   B3LYP/cc-pVDZ
           MODE=   6   3, GRID=   9   9   B3LYP/cc-pVDZ
           MODE=   6   4, GRID=   9   9   B3LYP/cc-pVDZ
           MODE=   6   5, GRID=   9   9   B3LYP/cc-pVDZ
 
         o QFF  B3LYP/cc-pVDZ

           MODE=   4   1
 

         3MR-PEF

         o GRID PEF

           MODE=   5   4   3, GRID=   7   7   7   B3LYP/cc-pVDZ
           MODE=   6   3   2, GRID=   9   9   9   B3LYP/cc-pVDZ
           MODE=   6   4   2, GRID=   9   9   9   B3LYP/cc-pVDZ
 
         o QFF  B3LYP/cc-pVDZ

           MODE=   3   2   1
           MODE=   4   2   1
           MODE=   4   3   1
           MODE=   4   3   2
           MODE=   5   2   1
           MODE=   5   3   1
           MODE=   5   3   2
           MODE=   5   4   1
           MODE=   5   4   2
           MODE=   6   2   1
           MODE=   6   3   1
           MODE=   6   4   1
           MODE=   6   4   3
           MODE=   6   5   1
           MODE=   6   5   2
           MODE=   6   5   3
           MODE=   6   5   4
 

(  FINALIZE MRPES MODULE  )

            (MEMORY INFO)
            -- CURRENT USAGE    [     0.16 MB /   500.00 MB (  0.0 % ) ]  -- 
            -- IN THE LAST STEP [     0.22 MB /   500.00 MB (  0.0 % ) ]  -- 

            (CLOCK) ---->  LAST STEP: USER     0.01, SYSTEM     0.00 SECS   <----


(  ENTER VSCF MODULE  )

  ---  VIBRATIONAL SELF-CONSISTENT FIELD CALCULATIONS   ---

   >> SCF OPTIONS
       STATE SPECIFIC :        F
              RESTART :        F
        MAX ITERATION :       20
         CONV. THRESH : 0.10E-04

   >> FILES
       WFN READ/WRITE FILE : vscf_xxx.wfn

   >> STATE 000:   ZERO-POINT STATE

       o INITIAL GUESS FROM (CONTRACTED) HARMONIC OSCILLATOR 

   -- (ITERATION) -------- (EOLD) -------- (ENEW) ----- (DELTA E) --
                1         5754.90         5720.32      -0.346D+02
                2         5720.32         5720.17      -0.154D+00
                3         5720.17         5720.16      -0.609D-02
                4         5720.16         5720.16      -0.266D-03
                5         5720.16         5720.16      -0.117D-04
                6         5720.16         5720.16      -0.519D-06
   -----------------------------------------------------------------
       E(VSCF)=     5720.15979887

       o COEFFICIENTS

         -MODES-          1         2         3         4         5         6
              0     0.99998  -1.00000  -0.99993  -0.99203   0.99946  -1.00000
              1    -0.00000   0.00000  -0.01166  -0.12277   0.02422  -0.00000
              2     0.00662   0.00018  -0.00065  -0.02085   0.00419   0.00112
              3    -0.00000  -0.00000  -0.00139  -0.01849  -0.02193   0.00000
              4    -0.00136   0.00069  -0.00004  -0.00444  -0.00062   0.00250
              5     0.00000   0.00000  -0.00001  -0.00112  -0.00027   0.00000
              6     0.00007  -0.00003  -0.00001  -0.00077   0.00109  -0.00006
              7    -0.00000   0.00000  -0.00000  -0.00023   0.00001  -0.00000
              8     0.00000  -0.00000  -0.00000  -0.00007   0.00002  -0.00002
              9     0.00000  -0.00000   0.00000  -0.00004  -0.00007   0.00000
             10    -0.00000   0.00000   0.00000  -0.00002  -0.00001   0.00000
 
       o VIBRATIONALLY AVERAGED STRUCTURE

         - Q0 -
             -0.000000   -0.000000    0.198655
              1.954524    0.299844    0.000000
 
         - X0 -
              0.000000   -0.000000   -1.146913
             -0.000000    0.000000    1.145659
             -0.000000    1.792389   -2.263174
             -0.000000   -1.792389   -2.263174
 
   >> VIRTUAL VSCF ENERGIES

      o VSCF STATES               TOTAL ENERGY         E-E0
        1_1                       6884.90059912        1164.74080025
        2_1                       6974.70508832        1254.54528946
        3_1                       7232.59493544        1512.43513657
        4_1                       7474.59156833        1754.43176946
        5_1                       8534.68093029        2814.52113142
        6_1                       8644.86344551        2924.70364664

(  FINALIZE VSCF MODULE  )

            (MEMORY INFO)
            -- CURRENT USAGE    [     0.16 MB /   500.00 MB (  0.0 % ) ]  -- 
            -- IN THE LAST STEP [     0.20 MB /   500.00 MB (  0.0 % ) ]  -- 

            (CLOCK) ---->  LAST STEP: USER     0.00, SYSTEM     0.00 SECS   <----


(  ENTER VQDPT MODULE  )

   >> VQDPT OPTIONS

       o VQDPT WITH ZERO-POINT VSCF REFERENCE
         READ VSCF WFN  : vscf-000.wfn

       o P-SPACE CONSTRUCTION
         NGEN =    3
         THRESH_P0  = 0.50E+03
         THRESH_P1  = 0.10E+00
         THRESH_P2  = 0.50E-01
         THRESH_P3  = 0.90E+00
         P SET      =        0

       o Q-SPACE CONSTRUCTION
         NCUP   =    3
         MAXSUM =    4

       o P/Q INTERACTION =   1

       o THRESH_ENE =   0.100E-03

       o DUMP VQDPT WFN : [ vqdpt-w.wfn ]

   >> ENTER VQDPT MAIN ROUTINE

       o FOUND    6 GROUPS FROM THE TARGET STATES

            (CLOCK) ---->  LAST STEP: USER     0.00, SYSTEM     0.00 SECS   <----

    [ LOOP OVER THE GROUPS ]

       o STATE 000:   ZERO-POINT STATE

              --- Q-SPACE COMPONENTS--- 
                  1-MODE :        0
                  2-MODE :       90
                  3-MODE :       80
                   TOTAL :      170
              ------------------------- 

             E(0th)    =     5679.97428
             E(1st)    =       40.18551
             E(2nd)    =      -22.01511

             E(VMP1)   =     5720.15980
             E(VMP2)   =     5698.14469

            (CLOCK) ---->  LAST STEP: USER     0.00, SYSTEM     0.00 SECS   <----

       o GROUP 001:   1_1
 
              --- Q-SPACE COMPONENTS--- 
                  1-MODE :       25
                  2-MODE :      105
                  3-MODE :      110
                   TOTAL :      240
              ------------------------- 

             E(0th)     =     6844.71340
             E(1st)     =       40.18720
             E(2nd)     =      -30.05657

             E(VMP1)    =     6884.90060
             E(VMP2)    =     6854.84404

             E(VMP1)-E0 =     1164.74081
             E(VMP2)-E0 =     1156.69935

            (CLOCK) ---->  LAST STEP: USER     0.00, SYSTEM     0.00 SECS   <----

       o GROUP 002:   2_1
 
              --- Q-SPACE COMPONENTS--- 
                  1-MODE :       25
                  2-MODE :      105
                  3-MODE :      110
                   TOTAL :      240
              ------------------------- 

             E(0th)     =     6934.51836
             E(1st)     =       40.18673
             E(2nd)     =      -30.04055

             E(VMP1)    =     6974.70510
             E(VMP2)    =     6944.66455

             E(VMP1)-E0 =     1254.54530
             E(VMP2)-E0 =     1246.51986

            (CLOCK) ---->  LAST STEP: USER     0.00, SYSTEM     0.00 SECS   <----

       o GROUP 003:   3_1
 
              --- Q-SPACE COMPONENTS--- 
                  1-MODE :       25
                  2-MODE :      105
                  3-MODE :      110
                   TOTAL :      240
              ------------------------- 

             E(0th)     =     7192.40865
             E(1st)     =       40.18628
             E(2nd)     =      -28.95036

             E(VMP1)    =     7232.59493
             E(VMP2)    =     7203.64456

             E(VMP1)-E0 =     1512.43513
             E(VMP2)-E0 =     1505.49987

            (CLOCK) ---->  LAST STEP: USER     0.00, SYSTEM     0.00 SECS   <----

       o GROUP 004:   4_1
 
              --- Q-SPACE COMPONENTS--- 
                  1-MODE :       25
                  2-MODE :      105
                  3-MODE :      110
                   TOTAL :      240
              ------------------------- 

             E(0th)     =     7434.40610
             E(1st)     =       40.18545
             E(2nd)     =      -26.42928

             E(VMP1)    =     7474.59155
             E(VMP2)    =     7448.16228

             E(VMP1)-E0 =     1754.43176
             E(VMP2)-E0 =     1750.01759

            (CLOCK) ---->  LAST STEP: USER     0.00, SYSTEM     0.00 SECS   <----

       o GROUP 005:   5_1
 
          --- P-SPACE COMPONENTS -----------------------------------------
          *    1)   5_1
               2)   1_2
               3)   2_2
               4)   3_2
          ----------------------------------------------------------------
                                                     * IS THE TARGET STATE

         o Q-SPACE COMPONENTS:          668

            (CLOCK) ---->  LAST STEP: USER     0.00, SYSTEM     0.00 SECS   <----

         > STATE 001:   1_2
 
             E(VQDPT2)   =     8004.96246
             E(VQDPT2)-E0=     2306.81777

             COEFF.  WEIGHT      CONFIG.

             -0.984   0.968        1_2
              0.173   0.030        5_1
             -0.046   0.002        2_2
 
         > STATE 002:   2_2
 
             E(VQDPT2)   =     8184.50155
             E(VQDPT2)-E0=     2486.35687

             COEFF.  WEIGHT      CONFIG.

              0.981   0.962        2_2
             -0.179   0.032        5_1
             -0.077   0.006        1_2
 
         > STATE 003:   5_1
 
             E(VQDPT2)   =     8467.04285
             E(VQDPT2)-E0=     2768.89816

             COEFF.  WEIGHT      CONFIG.

             -0.965   0.931        5_1
             -0.190   0.036        2_2
             -0.161   0.026        1_2
             -0.083   0.007        3_2
 
         > STATE 004:   3_2
 
             E(VQDPT2)   =     8708.81760
             E(VQDPT2)-E0=     3010.67291

             COEFF.  WEIGHT      CONFIG.

              0.996   0.993        3_2
             -0.083   0.007        5_1
 
 
            (CLOCK) ---->  LAST STEP: USER     0.00, SYSTEM     0.00 SECS   <----

       o GROUP 006:   6_1
 
          --- P-SPACE COMPONENTS -----------------------------------------
          *    1)   6_1
               2)   2_1    3_1
               3)   2_1    4_1
          ----------------------------------------------------------------
                                                     * IS THE TARGET STATE

         o Q-SPACE COMPONENTS:          555

            (CLOCK) ---->  LAST STEP: USER     0.00, SYSTEM     0.00 SECS   <----

         > STATE 001:   2_1    3_1
 
             E(VQDPT2)   =     8390.06723
             E(VQDPT2)-E0=     2691.92254

             COEFF.  WEIGHT      CONFIG.

              0.742   0.550        2_1    3_1
             -0.658   0.433        6_1
              0.130   0.017        2_1    4_1
 
         > STATE 002:   6_1
 
             E(VQDPT2)   =     8529.97713
             E(VQDPT2)-E0=     2831.83244

             COEFF.  WEIGHT      CONFIG.

              0.716   0.513        6_1
              0.669   0.448        2_1    3_1
             -0.197   0.039        2_1    4_1
 
         > STATE 003:   2_1    4_1
 
             E(VQDPT2)   =     8699.04828
             E(VQDPT2)-E0=     3000.90359

             COEFF.  WEIGHT      CONFIG.

              0.972   0.944        2_1    4_1
              0.233   0.054        6_1
              0.037   0.001        2_1    3_1
 
 
            (CLOCK) ---->  LAST STEP: USER     0.00, SYSTEM     0.00 SECS   <----


(  FINALIZE VQDPT MODULE  )

            (MEMORY INFO)
            -- CURRENT USAGE    [     0.16 MB /   500.00 MB (  0.0 % ) ]  -- 
            -- IN THE LAST STEP [     2.19 MB /   500.00 MB (  0.4 % ) ]  -- 

            (CLOCK) ---->  LAST STEP: USER     0.00, SYSTEM     0.00 SECS   <----


(  FINALIZE TARGET MODULE  )


(  ENTER PROPERTY MODULE  )

   >> RUN OPTIONS
      MR    =      3
      NPRPT =      0
      VSCF  =      F
      VCI   =      F
      VPT   =      F
      VQDPT =      T

   >> INFRARED SPECTRUM
      MIN_OMEGA =      800.00
      MAX_OMEGA =     4000.00
      DEL_OMEGA =        1.00
      FWHM      =        5.00

      >> PROPERTY SURFACE
         MR         =        3
         EXT        = .dipole   
         POTDIR     = ../3_mrpes/pes_mrpes/

         1MR-PRPT SURFACE

           MODE=   1, GRID=  11   B3LYP/cc-pVDZ
           MODE=   2, GRID=  11   B3LYP/cc-pVDZ
           MODE=   3, GRID=  11   B3LYP/cc-pVDZ
           MODE=   4, GRID=  11   B3LYP/cc-pVDZ
           MODE=   5, GRID=  11   B3LYP/cc-pVDZ
           MODE=   6, GRID=  11   B3LYP/cc-pVDZ
 

         2MR-PRPT SURFACE

           MODE=   2   1, GRID=   7   7   B3LYP/cc-pVDZ
           MODE=   3   1, GRID=   7   7   B3LYP/cc-pVDZ
           MODE=   3   2, GRID=   9   9   B3LYP/cc-pVDZ
           MODE=   4   2, GRID=   9   9   B3LYP/cc-pVDZ
           MODE=   4   3, GRID=   7   7   B3LYP/cc-pVDZ
           MODE=   5   1, GRID=   9   9   B3LYP/cc-pVDZ
           MODE=   5   2, GRID=   9   9   B3LYP/cc-pVDZ
           MODE=   5   3, GRID=   9   9   B3LYP/cc-pVDZ
           MODE=   5   4, GRID=   7   7   B3LYP/cc-pVDZ
           MODE=   6   1, GRID=   9   9   B3LYP/cc-pVDZ
           MODE=   6   2, GRID=   9   9   B3LYP/cc-pVDZ
           MODE=   6   3, GRID=   9   9   B3LYP/cc-pVDZ
           MODE=   6   4, GRID=   9   9   B3LYP/cc-pVDZ
           MODE=   6   5, GRID=   9   9   B3LYP/cc-pVDZ
 

         3MR-PRPT SURFACE

           MODE=   5   4   3, GRID=   7   7   7   B3LYP/cc-pVDZ
           MODE=   6   3   2, GRID=   9   9   9   B3LYP/cc-pVDZ
           MODE=   6   4   2, GRID=   9   9   9   B3LYP/cc-pVDZ
 
      -> DONE FOR VQDPT SPECTRUM : [ vqdpt-IR.data / vqdpt-IR.spectrum ]

            (MEMORY INFO)
            -- CURRENT USAGE    [     0.21 MB /   500.00 MB (  0.0 % ) ]  -- 
            -- IN THE LAST STEP [     0.21 MB /   500.00 MB (  0.0 % ) ]  -- 

            (CLOCK) ---->  LAST STEP: USER     0.02, SYSTEM     0.00 SECS   <----


(  FINALIZE PROPERTY MODULE  )


(  FINALIZE VIB MODULE  )


(  FINALIZE NMA MODULE  )


(  FINALIZE MOL MODULE  )



   (TOTAL MEMORY USAGE)   [     2.19 MB /   500.00 MB (  0.4 % ) ] 

   (CLOCK) ---->  TOTAL CPU-TIME  <----
            >     USER :   0 DAYS   0 HOURS   0 MINS   0.0 SECS 
            >    SYSTEM:   0 DAYS   0 HOURS   0 MINS   0.0 SECS 

