****************************************************
*                                                  *
*                  GENESIS ATDYN                   *
*                                                  *
*        A Molecular Dynamics Simulator with       *
*            Atomic Decomposition Scheme           *
*                                                  *
*               Developed by RIKEN                 *
*                                                  *
****************************************************
 
[STEP0] Architecture and Compiler Information
 
GENESIS_Information> GENESIS Information
  version      = 1.6.0
  commit ID    = 1.6.0 [2020-12-20 21:42:07 +0900]
  precision    = double
  nonbonding   = CPU

Build_Information> Compiler Information
  build host   = yagi@lemon.novalocal
  fortran      = ifort (IFORT) 19.0.5.281 20190815
  option       = -xHost -O3 -ip -mkl=parallel  -assume byterecl -qopenmp 
  C            = icc (ICC) 19.0.5.281 20190815
  option       = -O3 -ip -axCORE-AVX2  -qopenmp
  defined var. =  -DMPI -DOMP -DFFTE -DLAPACK -DDSFMT_MEXP=19937 -DINTEL
  link option  = 
  -assume byterecl -qopenmp  -lmkl_intel_lp64 -lmkl_sequential -lmkl_core -lmkl_
 lapack95_lp64 

Runtime_Information> Machine and Library Information
  date       = 2021/06/19 00:43:09
  cpu model    = Intel(R) Xeon(R) Platinum 8260 CPU @ 2.40GHz
  exec. host   = yagi@lemon.novalocal
  LD library   = 
 /APL/ISV/x86_64/intel/impi/2019.5.281/intel64/lib/release:/APL/ISV/x86_64/intel
 /impi/2019.5.281/intel64/lib:/APL/ISV/x86_64/intel/impi/2019.5.281/intel64/libf
 abric/lib:/APL/ISV/x86_64/intel/parallel_studio_xe_2019.5.075/compilers_and_lib
 raries_2019/linux/compiler/lib/intel64:/APL/ISV/x86_64/intel/parallel_studio_xe
 _2019.5.075/compilers_and_libraries_2019/linux/compiler/lib/intel64_lin:/APL/IS
 V/x86_64/intel/parallel_studio_xe_2019.5.075/compilers_and_libraries_2019/linux
 /mpi/intel64/lib:/APL/ISV/x86_64/intel/parallel_studio_xe_2019.5.075/compilers_
 and_libraries_2019/linux/mpi/intel64/libfabric/lib:/APL/ISV/x86_64/intel/parall
 el_studio_xe_2019.5.075/compilers_and_libraries_2019/linel64:/APL/ISV/x86_64/in
 tel/parallel_studio_xe_2019.5.075/compilers_and_libraries_2019/linux/compiler/l
 ib/intel64:/APL/ISV/x86_64/intel/parallel_studio_xe_2019.5.075/compilers_and_li
 braries_2019/linux/mkl/lib/intel64:/APL/ISV/x86_64/intel/parallel_studio_xe_201
 9.5.075/compilers_and_libraries_2019/linux/tbb/lib/intel64/gcc4.7:/APL/ISV/x86_
 64/intel/debugger_2019/iga/lib:/APL/ISV/x86_64/intel/debugger_tel64/lib:/APL/IS
 V/x86_64/intel/parallel_studio_xe_2019.5.075/compilers_and_libraries_2019/linux
 /daal/lib/intel64_lin:/APL/ISV/x86_64/intel/parallel_studio_xe_2019.5.075/compi
 lers_and_libraries_2019/linux/daal/../tbb/lib/intel64_lin/gcc4.7

[STEP1] Read Control Parameters
 
Read_Ctrl_Input> Input Files
  topfile = ../1_setup/po4.rtf
  parfile = ../1_setup/po4.prm
  psffile = ../1_setup/cmd_100.psf
  pdbfile = ../1_setup/cmd_100.pdb
  rstfile = ../2_minimize/qmmm_mini.rst
 
Read_Ctrl_Output> Output Files
 
Read_Ctrl_Energy>  WARNING: water_model is not available
Read_Ctrl_Energy> Parameters of Energy Calculations
  forcefield      =     CHARMM
  switchdist      =     16.000  cutoffdist      =     18.000
  pairlistdist    =     19.500  dielec_const    =      1.000
 vdW force_switch =         no
  electrostatic   =  CUTOFF
  implicit_solvent=       none
  table_order     =          3
  table_density   =     20.000
  water_model     =       NONE
  output_style    =    GENESIS
  dispersion_corr =       none
  nonb_limiter    =      no
 
Read_Ctrl_Vibration> Parameters of VIBRATION
  runmode             =        QFF
  nreplica            =          2
  vibatm_select_index = 3
  minfo_folder        = minfo.files
  gridfile            = makeQFF.xyz
 
Read_Ctrl_Boundary> Parameters of Boundary Condition
  type            =       NOBC
  spherical_pot   =         no  restart         =          T
 
Read_Ctrl_Selection> Parameters of Selection
  # of groups     =          3
    group 1 = not (sid:PO4 around_res: 15.0 or sid:PO4)
    group 2 = sid:PO4
    group 3 = sid:PO4
  # of mole names =          0
 
Read_Ctrl_Restraints> No restraint in the system

Read_Ctrl_QMMM> Parameters of QM/MM
  qmtyp              = gaussian
  qmcnt              = gaussian.com
  qmexe              = runGau.sh
  workdir            = qmmm_qff
  savedir            = none
  basename           = job
  qmsave_period      = 50
  qmmaxtrial         = 1
  qmatm_select_index = 2
  exclude_charge     = GROUP
 
[STEP2] Setup MPI
 
Setup_Mpi_Vib> Summary of Setup MPI
  number of MPI processes                =          2
  number of MPI processes in one replica =          1
  number of OpenMP threads               =          8
  total number of CPU cores              =         16
     world_rank     country_no   country_rank
              0              0              0  REAL        MASTER
              1              1              0  REAL        MASTER

[STEP3] Set Relevant Variables and Structures
 
Input_Top> Summary of Topfile
  num_atom_class  =          7  num_resi_type   =          1
 
Input_Par> Summary of Parfile
  num_bonds       =          5  num_angles      =          5
  num_dihedrals   =          3  num_impropers   =          0
  num_atom_cls    =          7  num_nbfix       =          0
  num_cmap_terms  =          0
 
Read_Psf> Summary of Psffile
  psftype         =      xplor
  num_atoms       =       4324  num_bonds       =       2884
  num_angles      =       1447  num_dihedrals   =          6
  num_impropers   =          0  num_cmap_terms  =          0
  num_HB_donors   =          0  num_HB_acceptors=          0
  num_NB_exclusion=          0  num_groups      =          0
  total_charge    =     -1.000
 
Read_Pdb> there are no segment (renamed "A   ")
 
Read_Pdb> Summary of Data in PDB file
  num_atoms       =       4324
 
Read_Rst_Binary> Summary of RST file
  num_atoms       =       4324  iseed           =          0
  boxsize (x,y,z) =      0.000     0.000     0.000
  num_of_qm_charge           7

Define_Molecule> Summary of molecules
  num_atoms       =       4324  num_bonds       =       2884
  num_angles      =       1447  num_dihedrals   =          6
  num_impropers   =          0  num_cmap_terms  =          0
  num_residues    =       1440  num_molecules   =       1440
  num_segments    =          2  num_deg_freedom =      12972
  total_charge    =     -1.000
 
Setup_Boundary> Setup Variables for Boundary Condition
  origin(x,y,z)   =      0.000     0.000     0.000
 
Select_Contacts> mode        : Resi
                 sel atoms A :       7
                 sel atoms B :    4317
                 distance    :   15.00
                contact atom list :    1959
 
Setup_QMMM> Setup QM region
  QM assignment info
     1 PO4       1 PO42   P    PG3    assigned to QM atom    1 of element: P    15
     2 PO4       1 PO42   O1   OG311  assigned to QM atom    2 of element: O     8
     3 PO4       1 PO42   H1   HGP1   assigned to QM atom    3 of element: H     1
     4 PO4       1 PO42   O2   OG311  assigned to QM atom    4 of element: O     8
     5 PO4       1 PO42   H2   HGP1   assigned to QM atom    5 of element: H     1
     6 PO4       1 PO42   O3   OG2P1  assigned to QM atom    6 of element: O     8
     7 PO4       1 PO42   O4   OG2P1  assigned to QM atom    7 of element: O     8
  number of QM atoms = 7
 
  QM charges retreived from rstfile.
 
 
  Check the control file for Gaussian [ gaussian.com ]
  Passed the check!
Setup_Enefunc_Cmap_Par> Natural spline is used to derive cmap coefs.

Setup_Enefunc_Table> Setup Variables for LookupTable
  num_solutes     =       4324  num_waters      =          0

Define_Enefunc_CHARMM> Number of Interactions in Each Term
  bond_ene        =       2878  angle_ene       =       1439
  urey_ene        =          0
  torsion_ene     =          0  improper_ene    =          0
  cmap_ene        =          0
  restraint_groups=          0  restraint_funcs =          0
 
Setup_Vibration_Atoms> Atoms subject to vibrational analysis
     1     1 PO4       1 PO42   P    PG3   
     2     2 PO4       1 PO42   O1   OG311 
     3     3 PO4       1 PO42   H1   HGP1  
     4     4 PO4       1 PO42   O2   OG311 
     5     5 PO4       1 PO42   H2   HGP1  
     6     6 PO4       1 PO42   O3   OG2P1 
     7     7 PO4       1 PO42   O4   OG2P1 
  number of VIB atoms = 7
 
Setup_Vibration> 
  WARNING: qmmaxtrial in [QMMM] is non-zero: qmmaxtrial =    1
  WARNING: QM retry causes problems in numerical differentiations, and thus
  WARNING: not recommended. If you encounter SCF convergence problems,
  WARNING: try instead with increased SCF maximum iteration in a QM input.
  WARNING: qmmaxtrial is reset to zero.
 
[STEP4] Compute Single Point Energy for Molecules
 
SKIPPED: Energy calculation is omitted when QMMM is performed
 
[STEP5] Perform Vibrational Analysis
 
 Compute energy at grid points: minfo files created in [ minfo.files ]
      Done for                       mkqff8-0 :    replicaID =     1
      Done for                       mkqff-eq :    replicaID =     2
      Done for                       mkqff8-2 :    replicaID =     1
      Done for                       mkqff8-1 :    replicaID =     2
      Done for                       mkqff9-0 :    replicaID =     1
      Done for                       mkqff8-3 :    replicaID =     2
      Done for                       mkqff9-2 :    replicaID =     1
      Done for                       mkqff9-1 :    replicaID =     2
      Done for                       mkqff9-3 :    replicaID =     2
      Done for                      mkqff10-0 :    replicaID =     1
      Done for                      mkqff10-2 :    replicaID =     1
      Done for                      mkqff10-1 :    replicaID =     2
      Done for                      mkqff11-0 :    replicaID =     1
      Done for                      mkqff10-3 :    replicaID =     2
      Done for                      mkqff11-1 :    replicaID =     2
      Done for                      mkqff11-2 :    replicaID =     1
      Done for                      mkqff11-3 :    replicaID =     2
      Done for                      mkqff12-0 :    replicaID =     1
      Done for                      mkqff12-1 :    replicaID =     2
      Done for                      mkqff12-2 :    replicaID =     1
      Done for                      mkqff12-3 :    replicaID =     2
      Done for                      mkqff13-0 :    replicaID =     1
      Done for                      mkqff13-1 :    replicaID =     2
      Done for                      mkqff13-2 :    replicaID =     1
      Done for                      mkqff13-3 :    replicaID =     2
      Done for                      mkqff14-0 :    replicaID =     1
      Done for                      mkqff14-1 :    replicaID =     2
      Done for                      mkqff14-2 :    replicaID =     1
      Done for                      mkqff14-3 :    replicaID =     2
      Done for                      mkqff15-0 :    replicaID =     1
      Done for                      mkqff15-1 :    replicaID =     2
      Done for                      mkqff15-2 :    replicaID =     1
      Done for                      mkqff15-3 :    replicaID =     2
      Done for                      mkqff16-0 :    replicaID =     1
      Done for                      mkqff16-1 :    replicaID =     2
      Done for                      mkqff16-2 :    replicaID =     1
      Done for                      mkqff16-3 :    replicaID =     2
      Done for                      mkqff17-0 :    replicaID =     1
      Done for                      mkqff17-1 :    replicaID =     2
      Done for                      mkqff17-2 :    replicaID =     1
      Done for                      mkqff17-3 :    replicaID =     2
      Done for                      mkqff18-0 :    replicaID =     1
      Done for                      mkqff18-1 :    replicaID =     2
      Done for                      mkqff18-2 :    replicaID =     1
      Done for                      mkqff18-3 :    replicaID =     2
      Done for                      mkqff19-0 :    replicaID =     1
      Done for                      mkqff19-1 :    replicaID =     2
      Done for                      mkqff19-2 :    replicaID =     1
      Done for                      mkqff19-3 :    replicaID =     2
      Done for                      mkqff20-0 :    replicaID =     1
      Done for                      mkqff20-1 :    replicaID =     2
      Done for                      mkqff20-2 :    replicaID =     1
      Done for                      mkqff20-3 :    replicaID =     2
      Done for                     mkqff9_8-0 :    replicaID =     1
      Done for                     mkqff9_8-1 :    replicaID =     2
      Done for                     mkqff9_8-2 :    replicaID =     1
      Done for                     mkqff9_8-3 :    replicaID =     2
      Done for                    mkqff10_8-0 :    replicaID =     1
      Done for                    mkqff10_8-1 :    replicaID =     2
      Done for                    mkqff10_8-2 :    replicaID =     1
      Done for                    mkqff10_8-3 :    replicaID =     2
      Done for                    mkqff10_9-0 :    replicaID =     1
      Done for                    mkqff10_9-1 :    replicaID =     2
      Done for                    mkqff10_9-2 :    replicaID =     1
      Done for                    mkqff10_9-3 :    replicaID =     2
      Done for                    mkqff11_8-0 :    replicaID =     1
      Done for                    mkqff11_8-1 :    replicaID =     2
      Done for                    mkqff11_8-2 :    replicaID =     1
      Done for                    mkqff11_8-3 :    replicaID =     2
      Done for                    mkqff11_9-0 :    replicaID =     1
      Done for                    mkqff11_9-1 :    replicaID =     2
      Done for                    mkqff11_9-2 :    replicaID =     1
      Done for                    mkqff11_9-3 :    replicaID =     2
      Done for                   mkqff11_10-0 :    replicaID =     1
      Done for                   mkqff11_10-1 :    replicaID =     2
      Done for                   mkqff11_10-2 :    replicaID =     1
      Done for                   mkqff11_10-3 :    replicaID =     2
      Done for                    mkqff12_8-0 :    replicaID =     1
      Done for                    mkqff12_8-1 :    replicaID =     2
      Done for                    mkqff12_8-2 :    replicaID =     1
      Done for                    mkqff12_8-3 :    replicaID =     2
      Done for                    mkqff12_9-0 :    replicaID =     1
      Done for                    mkqff12_9-1 :    replicaID =     2
      Done for                    mkqff12_9-2 :    replicaID =     1
      Done for                    mkqff12_9-3 :    replicaID =     2
      Done for                   mkqff12_10-0 :    replicaID =     1
      Done for                   mkqff12_10-1 :    replicaID =     2
      Done for                   mkqff12_10-2 :    replicaID =     1
      Done for                   mkqff12_10-3 :    replicaID =     2
      Done for                   mkqff12_11-0 :    replicaID =     1
      Done for                   mkqff12_11-1 :    replicaID =     2
      Done for                   mkqff12_11-2 :    replicaID =     1
      Done for                   mkqff12_11-3 :    replicaID =     2
      Done for                    mkqff13_8-0 :    replicaID =     1
      Done for                    mkqff13_8-1 :    replicaID =     2
      Done for                    mkqff13_8-2 :    replicaID =     1
      Done for                    mkqff13_8-3 :    replicaID =     2
      Done for                    mkqff13_9-0 :    replicaID =     1
      Done for                    mkqff13_9-1 :    replicaID =     2
      Done for                    mkqff13_9-2 :    replicaID =     1
      Done for                    mkqff13_9-3 :    replicaID =     2
      Done for                   mkqff13_10-0 :    replicaID =     1
      Done for                   mkqff13_10-1 :    replicaID =     2
      Done for                   mkqff13_10-2 :    replicaID =     1
      Done for                   mkqff13_10-3 :    replicaID =     2
      Done for                   mkqff13_11-0 :    replicaID =     1
      Done for                   mkqff13_11-1 :    replicaID =     2
      Done for                   mkqff13_11-2 :    replicaID =     1
      Done for                   mkqff13_11-3 :    replicaID =     2
      Done for                   mkqff13_12-0 :    replicaID =     1
      Done for                   mkqff13_12-1 :    replicaID =     2
      Done for                   mkqff13_12-2 :    replicaID =     1
      Done for                   mkqff13_12-3 :    replicaID =     2
      Done for                    mkqff14_8-0 :    replicaID =     1
      Done for                    mkqff14_8-1 :    replicaID =     2
      Done for                    mkqff14_8-2 :    replicaID =     1
      Done for                    mkqff14_8-3 :    replicaID =     2
      Done for                    mkqff14_9-0 :    replicaID =     1
      Done for                    mkqff14_9-1 :    replicaID =     2
      Done for                    mkqff14_9-2 :    replicaID =     1
      Done for                    mkqff14_9-3 :    replicaID =     2
      Done for                   mkqff14_10-0 :    replicaID =     1
      Done for                   mkqff14_10-1 :    replicaID =     2
      Done for                   mkqff14_10-2 :    replicaID =     1
      Done for                   mkqff14_10-3 :    replicaID =     2
      Done for                   mkqff14_11-0 :    replicaID =     1
      Done for                   mkqff14_11-1 :    replicaID =     2
      Done for                   mkqff14_11-2 :    replicaID =     1
      Done for                   mkqff14_11-3 :    replicaID =     2
      Done for                   mkqff14_12-0 :    replicaID =     1
      Done for                   mkqff14_12-1 :    replicaID =     2
      Done for                   mkqff14_12-2 :    replicaID =     1
      Done for                   mkqff14_12-3 :    replicaID =     2
      Done for                   mkqff14_13-0 :    replicaID =     1
      Done for                   mkqff14_13-1 :    replicaID =     2
      Done for                   mkqff14_13-2 :    replicaID =     1
      Done for                   mkqff14_13-3 :    replicaID =     2
      Done for                    mkqff15_8-0 :    replicaID =     1
      Done for                    mkqff15_8-1 :    replicaID =     2
      Done for                    mkqff15_8-2 :    replicaID =     1
      Done for                    mkqff15_8-3 :    replicaID =     2
      Done for                    mkqff15_9-0 :    replicaID =     1
      Done for                    mkqff15_9-1 :    replicaID =     2
      Done for                    mkqff15_9-2 :    replicaID =     1
      Done for                    mkqff15_9-3 :    replicaID =     2
      Done for                   mkqff15_10-0 :    replicaID =     1
      Done for                   mkqff15_10-1 :    replicaID =     2
      Done for                   mkqff15_10-2 :    replicaID =     1
      Done for                   mkqff15_10-3 :    replicaID =     2
      Done for                   mkqff15_11-0 :    replicaID =     1
      Done for                   mkqff15_11-1 :    replicaID =     2
      Done for                   mkqff15_11-2 :    replicaID =     1
      Done for                   mkqff15_11-3 :    replicaID =     2
      Done for                   mkqff15_12-0 :    replicaID =     1
      Done for                   mkqff15_12-1 :    replicaID =     2
      Done for                   mkqff15_12-2 :    replicaID =     1
      Done for                   mkqff15_12-3 :    replicaID =     2
      Done for                   mkqff15_13-0 :    replicaID =     1
      Done for                   mkqff15_13-1 :    replicaID =     2
      Done for                   mkqff15_13-2 :    replicaID =     1
      Done for                   mkqff15_13-3 :    replicaID =     2
      Done for                   mkqff15_14-0 :    replicaID =     1
      Done for                   mkqff15_14-1 :    replicaID =     2
      Done for                   mkqff15_14-2 :    replicaID =     1
      Done for                   mkqff15_14-3 :    replicaID =     2
      Done for                    mkqff16_8-0 :    replicaID =     1
      Done for                    mkqff16_8-1 :    replicaID =     2
      Done for                    mkqff16_8-2 :    replicaID =     1
      Done for                    mkqff16_8-3 :    replicaID =     2
      Done for                    mkqff16_9-0 :    replicaID =     1
      Done for                    mkqff16_9-1 :    replicaID =     2
      Done for                    mkqff16_9-2 :    replicaID =     1
      Done for                    mkqff16_9-3 :    replicaID =     2
      Done for                   mkqff16_10-0 :    replicaID =     1
      Done for                   mkqff16_10-1 :    replicaID =     2
      Done for                   mkqff16_10-2 :    replicaID =     1
      Done for                   mkqff16_10-3 :    replicaID =     2
      Done for                   mkqff16_11-0 :    replicaID =     1
      Done for                   mkqff16_11-1 :    replicaID =     2
      Done for                   mkqff16_11-2 :    replicaID =     1
      Done for                   mkqff16_11-3 :    replicaID =     2
      Done for                   mkqff16_12-0 :    replicaID =     1
      Done for                   mkqff16_12-1 :    replicaID =     2
      Done for                   mkqff16_12-2 :    replicaID =     1
      Done for                   mkqff16_12-3 :    replicaID =     2
      Done for                   mkqff16_13-0 :    replicaID =     1
      Done for                   mkqff16_13-1 :    replicaID =     2
      Done for                   mkqff16_13-2 :    replicaID =     1
      Done for                   mkqff16_13-3 :    replicaID =     2
      Done for                   mkqff16_14-0 :    replicaID =     1
      Done for                   mkqff16_14-1 :    replicaID =     2
      Done for                   mkqff16_14-2 :    replicaID =     1
      Done for                   mkqff16_14-3 :    replicaID =     2
      Done for                   mkqff16_15-0 :    replicaID =     1
      Done for                   mkqff16_15-1 :    replicaID =     2
      Done for                   mkqff16_15-2 :    replicaID =     1
      Done for                   mkqff16_15-3 :    replicaID =     2
      Done for                    mkqff17_8-0 :    replicaID =     1
      Done for                    mkqff17_8-1 :    replicaID =     2
      Done for                    mkqff17_8-2 :    replicaID =     1
      Done for                    mkqff17_8-3 :    replicaID =     2
      Done for                    mkqff17_9-0 :    replicaID =     1
      Done for                    mkqff17_9-1 :    replicaID =     2
      Done for                    mkqff17_9-2 :    replicaID =     1
      Done for                    mkqff17_9-3 :    replicaID =     2
      Done for                   mkqff17_10-0 :    replicaID =     1
      Done for                   mkqff17_10-1 :    replicaID =     2
      Done for                   mkqff17_10-2 :    replicaID =     1
      Done for                   mkqff17_10-3 :    replicaID =     2
      Done for                   mkqff17_11-0 :    replicaID =     1
      Done for                   mkqff17_11-1 :    replicaID =     2
      Done for                   mkqff17_11-2 :    replicaID =     1
      Done for                   mkqff17_11-3 :    replicaID =     2
      Done for                   mkqff17_12-0 :    replicaID =     1
      Done for                   mkqff17_12-1 :    replicaID =     2
      Done for                   mkqff17_12-2 :    replicaID =     1
      Done for                   mkqff17_12-3 :    replicaID =     2
      Done for                   mkqff17_13-0 :    replicaID =     1
      Done for                   mkqff17_13-1 :    replicaID =     2
      Done for                   mkqff17_13-2 :    replicaID =     1
      Done for                   mkqff17_13-3 :    replicaID =     2
      Done for                   mkqff17_14-0 :    replicaID =     1
      Done for                   mkqff17_14-1 :    replicaID =     2
      Done for                   mkqff17_14-2 :    replicaID =     1
      Done for                   mkqff17_14-3 :    replicaID =     2
      Done for                   mkqff17_15-0 :    replicaID =     1
      Done for                   mkqff17_15-1 :    replicaID =     2
      Done for                   mkqff17_15-2 :    replicaID =     1
      Done for                   mkqff17_15-3 :    replicaID =     2
      Done for                   mkqff17_16-0 :    replicaID =     1
      Done for                   mkqff17_16-1 :    replicaID =     2
      Done for                   mkqff17_16-2 :    replicaID =     1
      Done for                   mkqff17_16-3 :    replicaID =     2
      Done for                    mkqff18_8-0 :    replicaID =     1
      Done for                    mkqff18_8-1 :    replicaID =     2
      Done for                    mkqff18_8-2 :    replicaID =     1
      Done for                    mkqff18_8-3 :    replicaID =     2
      Done for                    mkqff18_9-0 :    replicaID =     1
      Done for                    mkqff18_9-1 :    replicaID =     2
      Done for                    mkqff18_9-2 :    replicaID =     1
      Done for                    mkqff18_9-3 :    replicaID =     2
      Done for                   mkqff18_10-0 :    replicaID =     1
      Done for                   mkqff18_10-1 :    replicaID =     2
      Done for                   mkqff18_10-2 :    replicaID =     1
      Done for                   mkqff18_10-3 :    replicaID =     2
      Done for                   mkqff18_11-0 :    replicaID =     1
      Done for                   mkqff18_11-1 :    replicaID =     2
      Done for                   mkqff18_11-2 :    replicaID =     1
      Done for                   mkqff18_11-3 :    replicaID =     2
      Done for                   mkqff18_12-0 :    replicaID =     1
      Done for                   mkqff18_12-1 :    replicaID =     2
      Done for                   mkqff18_12-2 :    replicaID =     1
      Done for                   mkqff18_12-3 :    replicaID =     2
      Done for                   mkqff18_13-0 :    replicaID =     1
      Done for                   mkqff18_13-1 :    replicaID =     2
      Done for                   mkqff18_13-2 :    replicaID =     1
      Done for                   mkqff18_13-3 :    replicaID =     2
      Done for                   mkqff18_14-0 :    replicaID =     1
      Done for                   mkqff18_14-1 :    replicaID =     2
      Done for                   mkqff18_14-2 :    replicaID =     1
      Done for                   mkqff18_14-3 :    replicaID =     2
      Done for                   mkqff18_15-0 :    replicaID =     1
      Done for                   mkqff18_15-1 :    replicaID =     2
      Done for                   mkqff18_15-2 :    replicaID =     1
      Done for                   mkqff18_15-3 :    replicaID =     2
      Done for                   mkqff18_16-0 :    replicaID =     1
      Done for                   mkqff18_16-1 :    replicaID =     2
      Done for                   mkqff18_16-2 :    replicaID =     1
      Done for                   mkqff18_16-3 :    replicaID =     2
      Done for                   mkqff18_17-0 :    replicaID =     1
      Done for                   mkqff18_17-1 :    replicaID =     2
      Done for                   mkqff18_17-2 :    replicaID =     1
      Done for                   mkqff18_17-3 :    replicaID =     2
      Done for                    mkqff19_8-0 :    replicaID =     1
      Done for                    mkqff19_8-1 :    replicaID =     2
      Done for                    mkqff19_8-2 :    replicaID =     1
      Done for                    mkqff19_8-3 :    replicaID =     2
      Done for                    mkqff19_9-0 :    replicaID =     1
      Done for                    mkqff19_9-1 :    replicaID =     2
      Done for                    mkqff19_9-2 :    replicaID =     1
      Done for                    mkqff19_9-3 :    replicaID =     2
      Done for                   mkqff19_10-0 :    replicaID =     1
      Done for                   mkqff19_10-1 :    replicaID =     2
      Done for                   mkqff19_10-2 :    replicaID =     1
      Done for                   mkqff19_10-3 :    replicaID =     2
      Done for                   mkqff19_11-0 :    replicaID =     1
      Done for                   mkqff19_11-1 :    replicaID =     2
      Done for                   mkqff19_11-2 :    replicaID =     1
      Done for                   mkqff19_11-3 :    replicaID =     2
      Done for                   mkqff19_12-0 :    replicaID =     1
      Done for                   mkqff19_12-1 :    replicaID =     2
      Done for                   mkqff19_12-2 :    replicaID =     1
      Done for                   mkqff19_12-3 :    replicaID =     2
      Done for                   mkqff19_13-0 :    replicaID =     1
      Done for                   mkqff19_13-1 :    replicaID =     2
      Done for                   mkqff19_13-2 :    replicaID =     1
      Done for                   mkqff19_13-3 :    replicaID =     2
      Done for                   mkqff19_14-0 :    replicaID =     1
      Done for                   mkqff19_14-1 :    replicaID =     2
      Done for                   mkqff19_14-2 :    replicaID =     1
      Done for                   mkqff19_14-3 :    replicaID =     2
      Done for                   mkqff19_15-0 :    replicaID =     1
      Done for                   mkqff19_15-1 :    replicaID =     2
      Done for                   mkqff19_15-2 :    replicaID =     1
      Done for                   mkqff19_15-3 :    replicaID =     2
      Done for                   mkqff19_16-0 :    replicaID =     1
      Done for                   mkqff19_16-1 :    replicaID =     2
      Done for                   mkqff19_16-2 :    replicaID =     1
      Done for                   mkqff19_16-3 :    replicaID =     2
      Done for                   mkqff19_17-0 :    replicaID =     1
      Done for                   mkqff19_17-1 :    replicaID =     2
      Done for                   mkqff19_17-2 :    replicaID =     1
      Done for                   mkqff19_17-3 :    replicaID =     2
      Done for                   mkqff19_18-0 :    replicaID =     1
      Done for                   mkqff19_18-1 :    replicaID =     2
      Done for                   mkqff19_18-2 :    replicaID =     1
      Done for                   mkqff19_18-3 :    replicaID =     2
      Done for                    mkqff20_8-0 :    replicaID =     1
      Done for                    mkqff20_8-1 :    replicaID =     2
      Done for                    mkqff20_8-2 :    replicaID =     1
      Done for                    mkqff20_8-3 :    replicaID =     2
      Done for                    mkqff20_9-0 :    replicaID =     1
      Done for                    mkqff20_9-1 :    replicaID =     2
      Done for                    mkqff20_9-2 :    replicaID =     1
      Done for                    mkqff20_9-3 :    replicaID =     2
      Done for                   mkqff20_10-0 :    replicaID =     1
      Done for                   mkqff20_10-1 :    replicaID =     2
      Done for                   mkqff20_10-2 :    replicaID =     1
      Done for                   mkqff20_10-3 :    replicaID =     2
      Done for                   mkqff20_11-0 :    replicaID =     1
      Done for                   mkqff20_11-1 :    replicaID =     2
      Done for                   mkqff20_11-2 :    replicaID =     1
      Done for                   mkqff20_11-3 :    replicaID =     2
      Done for                   mkqff20_12-0 :    replicaID =     1
      Done for                   mkqff20_12-1 :    replicaID =     2
      Done for                   mkqff20_12-2 :    replicaID =     1
      Done for                   mkqff20_12-3 :    replicaID =     2
      Done for                   mkqff20_13-0 :    replicaID =     1
      Done for                   mkqff20_13-1 :    replicaID =     2
      Done for                   mkqff20_13-2 :    replicaID =     1
      Done for                   mkqff20_13-3 :    replicaID =     2
      Done for                   mkqff20_14-0 :    replicaID =     1
      Done for                   mkqff20_14-1 :    replicaID =     2
      Done for                   mkqff20_14-2 :    replicaID =     1
      Done for                   mkqff20_14-3 :    replicaID =     2
      Done for                   mkqff20_15-0 :    replicaID =     1
      Done for                   mkqff20_15-1 :    replicaID =     2
      Done for                   mkqff20_15-3 :    replicaID =     2
      Done for                   mkqff20_15-2 :    replicaID =     1
      Done for                   mkqff20_16-1 :    replicaID =     2
      Done for                   mkqff20_16-0 :    replicaID =     1
      Done for                   mkqff20_16-2 :    replicaID =     1
      Done for                   mkqff20_16-3 :    replicaID =     2
      Done for                   mkqff20_17-0 :    replicaID =     1
      Done for                   mkqff20_17-1 :    replicaID =     2
      Done for                   mkqff20_17-2 :    replicaID =     1
      Done for                   mkqff20_17-3 :    replicaID =     2
      Done for                   mkqff20_18-0 :    replicaID =     1
      Done for                   mkqff20_18-1 :    replicaID =     2
      Done for                   mkqff20_18-2 :    replicaID =     1
      Done for                   mkqff20_18-3 :    replicaID =     2
      Done for                   mkqff20_19-0 :    replicaID =     1
      Done for                   mkqff20_19-1 :    replicaID =     2
      Done for                   mkqff20_19-2 :    replicaID =     1
      Done for                   mkqff20_19-3 :    replicaID =     2
 
[STEP6] Deallocate Arrays
 
Output_Time> Averaged timer profile (Min, Max)
  total time      =     864.070
    setup         =       0.146
    dynamics      =     863.925
      energy      =     863.707
      integrator  =       0.000
      pairlist    =       0.038 (       0.037,       0.039)
  energy           
    bond          =       0.051 (       0.050,       0.052)
    angle         =       0.012 (       0.012,       0.013)
    dihedral      =       0.007 (       0.007,       0.008)
    nonbond       =       3.262 (       3.189,       3.336)
      pme real    =       3.262 (       3.189,       3.336)
      pme recip   =       0.000 (       0.000,       0.000)
    solvation     =       0.000 (       0.000,       0.000)
      polar       =       0.000 (       0.000,       0.000)
      non-polar   =       0.000 (       0.000,       0.000)
    restraint     =       0.000 (       0.000,       0.000)
    qmmm          =     860.355 (     860.339,     860.370)
  integrator       
    constraint    =       0.000 (       0.000,       0.000)
    update        =       0.000 (       0.000,       0.000)
    comm_coord    =       0.000 (       0.000,       0.000)
    comm_force    =       0.000 (       0.000,       0.000)
    comm_migrate  =       0.000 (       0.000,       0.000)

