****************************************************
*                                                  *
*                  GENESIS SPDYN                   *
*                                                  *
*        A Molecular Dynamics Simulator with       *
*           Spatial Decomposition Scheme           *
*                                                  *
*               Developed by RIKEN                 *
*                                                  *
****************************************************
 
[STEP0] Architecture and Compiler Information
 
GENESIS_Information> GENESIS Information
  version      = 1.6.0
  commit ID    = 1.6.0 [2020-12-20 21:42:07 +0900]
  precision    = double
  nonbonding   = CPU

Build_Information> Compiler Information
  build host   = yagi@lemon.novalocal
  fortran      = ifort (IFORT) 19.0.5.281 20190815
  option       = -xHost -O3 -ip -mkl=parallel  -assume byterecl -qopenmp 
  C            = icc (ICC) 19.0.5.281 20190815
  option       = -O3 -ip -axCORE-AVX2  -qopenmp
  defined var. =  -DMPI -DOMP -DFFTE -DLAPACK -DDSFMT_MEXP=19937 -DINTEL
  link option  = 
  -assume byterecl -qopenmp  -lmkl_intel_lp64 -lmkl_sequential -lmkl_core -lmkl_
 lapack95_lp64 

Runtime_Information> Machine and Library Information
  date       = 2021/06/16 12:54:03
  cpu model    = Intel(R) Xeon(R) Platinum 8260 CPU @ 2.40GHz
  exec. host   = yagi@lemon.novalocal
  LD library   = 
 /APL/ISV/x86_64/intel/impi/2019.5.281/intel64/lib/release:/APL/ISV/x86_64/intel
 /impi/2019.5.281/intel64/lib:/APL/ISV/x86_64/intel/impi/2019.5.281/intel64/libf
 abric/lib:/APL/ISV/x86_64/intel/parallel_studio_xe_2019.5.075/compilers_and_lib
 raries_2019/linux/compiler/lib/intel64:/APL/ISV/x86_64/intel/parallel_studio_xe
 _2019.5.075/compilers_and_libraries_2019/linux/compiler/lib/intel64_lin:/APL/IS
 V/x86_64/intel/parallel_studio_xe_2019.5.075/compilers_and_libraries_2019/linux
 /mpi/intel64/lib:/APL/ISV/x86_64/intel/parallel_studio_xe_2019.5.075/compilers_
 and_libraries_2019/linux/mpi/intel64/libfabric/lib:/APL/ISV/x86_64/intel/parall
 el_studio_xe_2019.5.075/compilers_and_libraries_2019/linel64:/APL/ISV/x86_64/in
 tel/parallel_studio_xe_2019.5.075/compilers_and_libraries_2019/linux/compiler/l
 ib/intel64:/APL/ISV/x86_64/intel/parallel_studio_xe_2019.5.075/compilers_and_li
 braries_2019/linux/mkl/lib/intel64:/APL/ISV/x86_64/intel/parallel_studio_xe_201
 9.5.075/compilers_and_libraries_2019/linux/tbb/lib/intel64/gcc4.7:/APL/ISV/x86_
 64/intel/debugger_2019/iga/lib:/APL/ISV/x86_64/intel/debugger_tel64/lib:/APL/IS
 V/x86_64/intel/parallel_studio_xe_2019.5.075/compilers_and_libraries_2019/linux
 /daal/lib/intel64_lin:/APL/ISV/x86_64/intel/parallel_studio_xe_2019.5.075/compi
 lers_and_libraries_2019/linux/daal/../tbb/lib/intel64_lin/gcc4.7

[STEP1] Read Control Parameters
 
Read_Ctrl_Input> Input Files
  topfile = ../1_setup/po4.rtf
  parfile = ../1_setup/po4.prm
  psffile = ../1_setup/ionized.psf
  pdbfile = ../1_setup/ionized.pdb
  rstfile = mini.rst
 
Read_Ctrl_Output> Output Files
  dcdfile    = equil.dcd
  rstfile    = equil.rst
 
Read_Ctrl_Energy> Parameters of Energy Calculations
  forcefield      =     CHARMM
  switchdist      =     10.000  cutoffdist      =     12.000
  pairlistdist    =     13.500  dielec_const    =      1.000
 vdW force_switch =         no
  electrostatic   =        PME
  pme_nspline     =          4
  pme_alpha       =    0.22664  pme_alpha_tol   =  0.100E-04
  fft_scheme      = 1DALLTOALL
  table_order     =          1
  table_density   =     20.000
  water_model     =       NONE
  output_style    =    GENESIS
  dispersion_corr =       none
  nonb_limiter    =      no
  contact_check   =      no
  vacuum          =      no
 
Read_Ctrl_Dynamics> Parameters of MD simulation
  integrator      =       VVER  nsteps          =      25000
  timestep        =     0.0020  initial_time    =     0.0000
  eneout_period   =        500  rstout_period   =      25000
  crdout_period   =        500  velout_period   =          0
  nbupdate_period =         10  stoptr_period   =         10
  iseed           =      31415
  annealing       =         no
  verbose         =         no
  target_md       =         no
  steered_md      =         no
 
Read_Ctrl_Constraints> Parameters for Constraints
  rigid_bond      =        yes
  shake_iteration =        500  shake_tolerance =  0.100E-09
  fast_bond       =         no
  fast_water      =        yes  water_model     =       TIP3
  hydrogen_type   =       name
 
Read_Ctrl_Ensemble> Parameters for Ensemble
  ensemble        =        NPT
  temperature     =    300.000
  pressure        =      1.000
  tpcontrol       =                BUSSI
  tau_t           =      5.000
  tau_p           =      5.000
  isotropy        =        ISO
 
Read_Ctrl_Boundary> Parameters of Boundary Condition
  type            =       PBC 
  box_size(x,y,z) =      0.000     0.000     0.000
 
Read_Ctrl_Selection> Parameters of Selection
  # of groups     =          0
  # of mole names =          0
 
Read_Ctrl_Restraints> No restraint in the system

Read_Ctrl_Fitting_MD> Parameters of Fitting
  fitting method  =  TR+ROT   
  fitting atom    = group1
  mass_weight     =         no
 
[STEP2] Setup MPI
 
Setup_Mpi_Md> Summary of Setup MPI
  number of MPI processes   =          4
  number of OpenMP threads  =          4
  total number of CPU cores =         16

[STEP3] Set Relevant Variables and Structures
 
Input_Top> Summary of Topfile
  num_atom_class  =          7  num_resi_type   =          1
 
Input_Par> Summary of Parfile
  num_bonds       =          5  num_angles      =          5
  num_dihedrals   =          3  num_impropers   =          0
  num_atom_cls    =          7  num_nbfix       =          0
  num_cmap_terms  =          0
 
Read_Psf> Summary of Psffile
  psftype         =      xplor
  num_atoms       =      11747  num_bonds       =       7832
  num_angles      =       3921  num_dihedrals   =          6
  num_impropers   =          0  num_cmap_terms  =          0
  num_HB_donors   =          0  num_HB_acceptors=          0
  num_NB_exclusion=          0  num_groups      =          1
  total_charge    =      0.000
 
Read_Pdb> there are no segment (renamed "A   ")
 
Read_Pdb> Summary of Data in PDB file
  num_atoms       =      11747
 
Read_Rst_Binary> Summary of RST file
  num_atoms       =      11747  iseed           =          0
  boxsize (x,y,z) =     50.000    50.000    50.000

Define_Molecule> Summary of molecules
  num_atoms       =      11747  num_bonds       =       7832
  num_angles      =       3921  num_dihedrals   =          6
  num_impropers   =          0  num_cmap_terms  =          0
  num_residues    =       3915  num_molecules   =       3915
  num_segments    =          3  num_deg_freedom =      35241
  total_charge    =      0.000
 
Setup_Restart_Pre> Coordinates were replaced

Setup_Boundary_Cell> Set Variables for Boundary Condition
  domains (x,y,z) =          2         2         1
  ncells (x,y,z)  =          6         6         6
 
Setup_Enefunc_Cmap> Natural spline is used to derive cmap coefs.

Define_Enefunc_Charmm> Number of Interactions in Each Term
  bond_ene        =          4  angle_ene       =          8
  torsion_ene     =          8  improper_ene    =          0
  cmap_ene        =          0
  nb_exclusions   =      11753  nb14_calc       =          6
 
Setup_Fitting_Spdyn> NO fitting is applied, skip
  fitting method  =  NO
 

Setup_PME> Proper PME grid number was generated automatically
  pme_ngrid(x,y,z)=         48        48        48

Setup_Dynamics> Subtract 3 translational degrees of freedom
 
Update_Num_Deg_Freedom> Number of degrees of freedom was updated
  num_deg_freedom =      35238 (After removing translation)
 
Random_Init> Initialize the random number
  seed            = 31415

Setup_Fast_Water> Setup constraints for SETTLE
  r0(O-H)         =     0.9572  mass(O)         =    15.9994
  r0(H-H)         =     1.5139  mass(H)         =     1.0080
 
Update_Num_Deg_Freedom> Number of degrees of freedom was updated
  num_deg_freedom =      23499 (After setup of SETTLE)
 
Setup_Rigid_Bond> Setup constrains for SHAKE and RATTLE
  num_rigid_bonds =          2
 
Update_Num_Deg_Freedom> Number of degrees of freedom was updated
  num_deg_freedom =      23497 (After setup of SHAKE/RATTLE)
 
[STEP4] Compute Single Point Energy for Molecules
 
            STEP            BOND           ANGLE    UREY-BRADLEY        DIHEDRAL         VDWAALS           ELECT
 --------------- --------------- --------------- --------------- ---------------
               0          1.8465          4.0934          7.5580          2.9325       3103.3500     -47219.1984

[STEP5] Perform Molecular Dynamics Simulation
 
Initial_Velocity> Generate initial velocities
  iseed           =      31415
  temperature     =    300.000
 
Random_Init_Velocity> Initialize the random number
  seed            = 31415

INFO:       STEP            TIME       TOTAL_ENE   POTENTIAL_ENE     KINETIC_ENE            RMSG            BOND           ANGLE    UREY-BRADLEY        DIHEDRAL         VDWAALS           ELECT     TEMPERATURE          VOLUME            BOXX            BOXY            BOXZ          VIRIAL        PRESSURE         PRESSXX         PRESSYY         PRESSZZ
 --------------- --------------- --------------- --------------- ---------------
INFO:          0          0.0000     -29445.0646     -39844.5553      10399.4907         13.2302          1.8442          4.0920          7.6486          2.9326       3047.8226     -42908.8953        445.4408     125000.0000         50.0000         50.0000         50.0000     -11684.3086      -2606.3152      -2896.3235      -1694.0833      -3228.5387

INFO:        500          1.0000     -32747.2520     -39199.1728       6451.9209         13.6372          4.4426         28.3450         10.3216          3.3133       4355.6601     -43601.2554        276.3548     121402.9316         49.5157         49.5157         49.5157      -5315.7203       -572.9546       -450.4526       -612.8257       -655.5855

INFO:       1000          2.0000     -32705.5972     -39355.4585       6649.8613         13.7936          3.8575         40.9734          9.6691          5.2693       4573.2443     -43988.4721        284.8332     115323.1451         48.6749         48.6749         48.6749      -3250.0348        703.5048        665.5386        876.2363        568.7394

INFO:       1500          3.0000     -32634.2412     -39394.6601       6760.4189         13.7201          4.4145         63.6989         11.9266          3.6664       4430.5674     -43908.9338        289.5687     111965.8906         48.1980         48.1980         48.1980      -3069.2034        880.4780        979.3597       1032.3418        629.7325

INFO:       2000          4.0000     -32557.7521     -39353.8309       6796.0787         13.6716          3.3969         47.3517          8.9039          3.4515       4273.4716     -43690.4065        291.0961     112277.9340         48.2427         48.2427         48.2427      -3712.9740        499.3979        759.8968        286.9848        451.3120

INFO:       2500          5.0000     -32579.8674     -39271.3503       6691.4829         13.6172          1.2238         53.0593          6.2074          3.5140       4095.1598     -43430.5145        286.6159     114394.1113         48.5439         48.5439         48.5439      -4838.2894       -226.1555        175.3323       -291.8452       -561.9536

INFO:       3000          6.0000     -32552.3242     -39300.8075       6748.4833         13.6396          3.9575         10.1263          9.7619          3.1077       4283.8137     -43611.5746        289.0574     115942.9832         48.7620         48.7620         48.7620      -4671.1365       -101.8075        -79.7052       -567.1302        341.4130

INFO:       3500          7.0000     -32461.9671     -39147.8567       6685.8896         13.5793          5.6469          4.4783          6.9716          3.3750       4153.4543     -43321.7827        286.3764     116526.9950         48.8437         48.8437         48.8437      -4968.4433       -300.7970       -565.8892       -303.9806        -32.5212

INFO:       4000          8.0000     -32428.7657     -39196.6519       6767.8862         13.6159          2.8833          3.1804          4.8258          3.4417       4189.9210     -43400.9041        289.8885     116083.8322         48.7817         48.7817         48.7817      -4786.4327       -162.1464         39.9896       -418.9404       -107.4884

INFO:       4500          9.0000     -32421.2326     -39208.9820       6787.7493         13.6176          0.6026          4.0230          3.6150          4.2906       4169.3058     -43390.8189        290.7393     115081.8475         48.6410         48.6410         48.6410      -4668.2900        -85.2763       -414.7846         34.4654        124.4904

INFO:       5000         10.0000     -32378.0238     -39208.2539       6830.2301         13.6478          3.9708          4.8291          7.6445          2.8701       4187.0819     -43414.6502        292.5589     114375.8351         48.5413         48.5413         48.5413      -4447.8695         63.3175          2.1519        254.8785        -67.0780

INFO:       5500         11.0000     -32276.3127     -39156.8648       6880.5522         13.5352          2.6927          3.9003          6.0202          2.7718       3994.6127     -43166.8625        294.7143     114306.0963         48.5314         48.5314         48.5314      -5070.2250       -289.8490       -487.1625       -150.4296       -231.9550

INFO:       6000         12.0000     -32255.3240     -39082.4849       6827.1608         13.5961          3.1472          8.8965         12.0360          3.3042       4179.6250     -43289.4939        292.4274     114857.0833         48.6093         48.6093         48.6093      -4358.3841        115.2523        258.9576        -45.8779        132.6773

INFO:       6500         13.0000     -32313.8465     -39172.9965       6859.1499         13.6664          3.4924          5.7540          6.9199          4.0038       4296.9494     -43490.1160        293.7976     115849.4362         48.7489         48.7489         48.7489      -4356.4652        128.0232        227.9812        175.1110        -19.0227

INFO:       7000         14.0000     -32213.3660     -39042.0516       6828.6856         13.5788          6.2498         14.0685          8.3106          3.6460       4199.7927     -43274.1192        292.4927     116649.3307         48.8608         48.8608         48.8608      -4712.6235        -94.1483       -140.4637        -69.1178        -72.8634

INFO:       7500         15.0000     -32136.6795     -39006.8332       6870.1537         13.6128          5.0821          2.8157          7.2132          3.2283       4238.7220     -43263.8945        294.2689     116614.3972         48.8559         48.8559         48.8559      -4700.8363        -70.9904       -222.0438       -147.0047        156.0772

INFO:       8000         16.0000     -32142.4204     -38935.4282       6793.0078         13.5522          3.4143          9.2100          6.9056          4.4026       4143.9417     -43103.3023        290.9646     115852.8610         48.7494         48.7494         48.7494      -4674.7948        -86.4838        -76.3345        -10.5842       -172.5327

INFO:       8500         17.0000     -32089.6785     -39003.7499       6914.0715         13.5614          5.5378         21.2966         13.2471          3.1318       4072.4652     -43119.4285        296.1501     115178.4082         48.6546         48.6546         48.6546      -4827.5785       -129.8978       -209.5934       -182.4287          2.3287

INFO:       9000         18.0000     -32124.4301     -39000.7636       6876.3335         13.6228          5.0401          9.0094         11.7188          4.0172       4200.4366     -43230.9856        294.5336     115255.1650         48.6654         48.6654         48.6654      -4354.2910        136.7920        132.3388        260.8137         17.2235

INFO:       9500         19.0000     -32066.5112     -38900.3872       6833.8761         13.5401          8.3076          1.4662          4.8530          3.2404       4088.2683     -43006.5227        292.7151     116085.7274         48.7820         48.7820         48.7820      -4882.5937       -192.9576       -425.2098         92.4978       -246.1609

INFO:      10000         20.0000     -32103.1855     -39005.7736       6902.5880         13.5652          6.0779          7.8524          7.3450          2.7550       4116.5324     -43146.3362        295.6582     116562.6114         48.8487         48.8487         48.8487      -5113.1017       -300.8185       -392.4441       -436.4999        -73.5114

INFO:      10500         21.0000     -32102.2083     -38958.3753       6856.1671         13.6143          7.6666         25.1596         11.0546          2.9099       4262.7205     -43267.8866        293.6698     116067.5831         48.7795         48.7795         48.7795      -4413.7204         92.7836        169.6352        214.3238       -105.6081

INFO:      11000         22.0000     -32108.5170     -38961.5506       6853.0336         13.6066          7.5038         18.7127         10.0539          3.7294       4309.7054     -43311.2557        293.5356     115610.8854         48.7154         48.7154         48.7154      -4001.9935        336.1044         74.1166        407.9735        526.2231

INFO:      11500         23.0000     -32068.4496     -38915.8142       6847.3646         13.5985          4.8274          9.9502         11.9195          4.7699       4235.9336     -43183.2149        293.2928     115540.5125         48.7055         48.7055         48.7055      -4222.4313        203.2461        185.4373        -48.7198        473.0207

INFO:      12000         24.0000     -32077.4521     -39011.5152       6934.0631         13.6327          1.4801          5.6617          8.7458          2.6626       4234.4503     -43264.5157        297.0064     115770.9557         48.7379         48.7379         48.7379      -4426.5846        116.1595         42.3886          6.6835        299.4064

INFO:      12500         25.0000     -32056.8931     -39000.5877       6943.6946         13.5821         10.1464          6.1719          6.2481          2.7632       4093.5007     -43119.4180        297.4189     115904.1600         48.7566         48.7566         48.7566      -4822.6585       -114.4905       -123.7442       -296.9330         77.2056

INFO:      13000         26.0000     -32021.3627     -38978.9210       6957.5583         13.6166          3.8439          5.8103         11.3556          3.4575       4243.4647     -43246.8530        298.0127     115819.0107         48.7446         48.7446         48.7446      -4338.8011        177.3549        208.9270        313.1140         10.0236

INFO:      13500         27.0000     -32004.4268     -38823.4537       6819.0269         13.5064          3.0842          3.0089          5.2622          2.6582       4027.0909     -42864.5581        292.0790     115706.1707         48.7288         48.7288         48.7288      -4912.0333       -216.9032       -190.9100       -141.8296       -317.9698

INFO:      14000         28.0000     -31999.6331     -38834.7637       6835.1306         13.5623          2.9026          9.7651          5.7286          3.1712       4090.8841     -42947.2154        292.7688     115299.0673         48.6716         48.6716         48.6716      -4600.5237        -26.0300       -328.7190        494.9411       -244.3120

INFO:      14500         29.0000     -31970.5488     -38855.0735       6884.5247         13.5184          3.8659          2.2525          6.0375          2.8005       4011.0284     -42881.0584        294.8845     115222.4685         48.6608         48.6608         48.6608      -4893.2044       -180.6238         56.3752       -308.8373       -289.4094

INFO:      15000         30.0000     -31879.9299     -38868.0762       6988.1463         13.5762          1.4768          4.3157          7.8566          2.9812       4145.3851     -43030.0918        299.3229     115246.2119         48.6641         48.6641         48.6641      -4580.2295         46.7260        156.4182         77.2320        -93.4723

INFO:      15500         31.0000     -31924.7564     -38917.4241       6992.6676         13.5665          4.3764          5.8369          6.7080          2.9430       4113.4429     -43050.7314        299.5166     115334.3813         48.6765         48.6765         48.6765      -4642.2956         11.5829         96.4304        142.6439       -204.3256

INFO:      16000         32.0000     -31886.7260     -38871.9378       6985.2118         13.5480          4.0921         14.7256          9.4415          3.3531       4168.3485     -43071.8985        299.1972     115619.7722         48.7166         48.7166         48.7166      -4533.3151         73.2373        -71.6430       -150.1033        441.4583

INFO:      16500         33.0000     -31888.8596     -38709.3605       6820.5009         13.4419          3.5019         32.3319         12.1855          3.1432       4024.4686     -42784.9916        292.1422     116075.3737         48.7806         48.7806         48.7806      -4843.0253       -174.8682       -277.2165        -99.9936       -147.3946

INFO:      17000         34.0000     -31889.4572     -38809.4882       6920.0310         13.5355          6.2025         60.2299         12.4144          3.5199       4191.6799     -43083.5348        296.4053     116097.6965         48.7837         48.7837         48.7837      -4470.1420         84.5822        411.6936        -79.3574        -78.5896

INFO:      17500         35.0000     -31859.8039     -38862.8540       7003.0502         13.5814          3.8024         56.2495          7.8063          3.4996       4243.3604     -43177.5723        299.9613     115901.4350         48.7562         48.7562         48.7562      -4279.1034        230.4887         11.0808        667.5512         12.8341

INFO:      18000         36.0000     -31807.3934     -38822.0922       7014.6988         13.5528          4.7663         26.2996         10.5739          3.5755       4098.0084     -42965.3157        300.4602     115698.6800         48.7277         48.7277         48.7277      -4711.8884        -20.9930        179.0943         20.9849       -263.0582

INFO:      18500         37.0000     -31800.4933     -38852.7883       7052.2950         13.5595          7.0513         41.6871          9.7727          3.5140       4137.3415     -43052.1550        302.0706     116016.4086         48.7723         48.7723         48.7723      -4672.6162         17.0887       -134.3538       -168.4659        354.0859

INFO:      19000         38.0000     -31821.6587     -38752.4061       6930.7474         13.5098          2.8845         69.7647          9.8138          3.5779       4073.7457     -42912.1927        296.8643     116615.1086         48.8560         48.8560         48.8560      -4898.6052       -163.5235       -463.0110        -66.2797         38.7203

INFO:      19500         39.0000     -31865.5299     -38776.7772       6911.2473         13.5487          2.9576         67.4838         13.4078          5.0755       4223.2553     -43088.9573        296.0291     116515.3658         48.8421         48.8421         48.8421      -4401.3037        121.3437        -31.1405       -192.6350        587.8065

INFO:      20000         40.0000     -31929.2786     -38926.9676       6997.6891         13.6111          4.2738         12.7811          7.1468          4.3508       4186.1451     -43141.6654        299.7317     116254.7515         48.8057         48.8057         48.8057      -4635.9455         17.2110       -152.0950         71.3321        132.3959

INFO:      20500         41.0000     -31956.5507     -38993.8582       7037.3075         13.5343          6.2394          6.2745          6.3015          4.1130       4050.5427     -43067.3293        301.4286     116021.7022         48.7730         48.7730         48.7730      -5192.7319       -296.2030       -230.9661       -255.9755       -401.6674

INFO:      21000         42.0000     -31939.0384     -38900.1805       6961.1421         13.5281          3.9231          9.9340          8.0378          4.3628       4123.9655     -43050.4037        298.1662     115473.7803         48.6961         48.6961         48.6961      -4577.4714         37.5816        -53.4776         79.6413         86.5811

INFO:      21500         43.0000     -31969.8270     -38904.6658       6934.8388         13.6014          4.0861          5.8297          9.7565          3.6731       4208.5238     -43136.5350        297.0396     114946.5442         48.6219         48.6219         48.6219      -4144.4991        285.5716        430.8561        121.8310        304.0275

INFO:      22000         44.0000     -31876.5143     -38967.2017       7090.6874         13.5554          1.2728         13.8653          7.3355          3.3395       4093.3042     -43086.3190        303.7150     114899.6198         48.6153         48.6153         48.6153      -4694.2116         19.6416        165.7844        142.0343       -248.8940

INFO:      22500         45.0000     -31804.3515     -38797.5419       6993.1904         13.4899          2.8357         18.1619          7.1684          3.3351       3950.4056     -42779.4486        299.5390     115505.2224         48.7006         48.7006         48.7006      -5203.2117       -321.2084       -164.7820       -442.6337       -356.2093

INFO:      23000         46.0000     -31843.5571     -38885.0991       7041.5420         13.5672          2.1107          4.5319          6.3468          4.6525       4073.7480     -42976.4889        301.6100     115928.1788         48.7599         48.7599         48.7599      -5099.4372       -239.5910       -247.7462         -8.7515       -462.2753

INFO:      23500         47.0000     -31837.9508     -38812.6794       6974.7286         13.5022          2.8416          3.8306          4.4044          3.3720       3994.7713     -42821.8993        298.7482     115780.4483         48.7392         48.7392         48.7392      -5033.9895       -227.5160        122.4603       -532.5857       -272.4226

INFO:      24000         48.0000     -31764.3579     -38793.0520       7028.6941         13.5644          3.5337          3.9427          7.1612          4.6319       4209.7737     -43022.0952        301.0597     115586.5575         48.7120         48.7120         48.7120      -4337.7768        206.4520        601.3015        193.6796       -175.6250

INFO:      24500         49.0000     -31709.5492     -38811.2543       7101.7051         13.4735          4.7896          3.4746          5.5838          2.6006       4040.9389     -42868.6417        304.1870     115871.9339         48.7520         48.7520         48.7520      -4972.8104       -141.0401        -53.1933       -222.6176       -147.3093

INFO:      25000         50.0000     -31737.1218     -38802.1514       7065.0296         13.5137          3.8545         12.4036         12.3695          3.5625       4094.7405     -42929.0820        302.6160     115937.3732         48.7612         48.7612         48.7612      -4798.8434        -52.5325        127.5570       -260.4723        -24.6822

 
[STEP6] Deallocate Arrays
 
Output_Time> Averaged timer profile (Min, Max)
  total time      =     263.443
    setup         =       0.358
    dynamics      =     263.085
      energy      =     214.788
      integrator  =      33.489
      pairlist    =      14.929 (      14.789,      14.985)
  energy           
    bond          =       0.118 (       0.111,       0.129)
    angle         =       0.098 (       0.079,       0.131)
    dihedral      =       0.233 (       0.205,       0.282)
    nonbond       =     192.411 (     192.131,     192.968)
      pme real    =     139.336 (     133.012,     146.448)
      pme recip   =      53.060 (      45.668,      59.378)
    solvation     =       0.000 (       0.000,       0.000)
      polar       =       0.000 (       0.000,       0.000)
      non-polar   =       0.000 (       0.000,       0.000)
    restraint     =       0.000 (       0.000,       0.000)
    qmmm          =       0.000 (       0.000,       0.000)
  integrator       
    constraint    =       5.520 (       5.263,       5.791)
    update        =       2.462 (       2.399,       2.613)
    comm_coord    =       2.340 (       2.230,       2.450)
    comm_force    =       3.584 (       2.483,       4.438)
    comm_migrate  =       0.000 (       0.000,       0.000)

