****************************************************
*                                                  *
*                  GENESIS SPDYN                   *
*                                                  *
*        A Molecular Dynamics Simulator with       *
*           Spatial Decomposition Scheme           *
*                                                  *
*               Developed by RIKEN                 *
*                                                  *
****************************************************
 
[STEP0] Architecture and Compiler Information
 
GENESIS_Information> GENESIS Information
  version      = 1.6.0
  commit ID    = 1.6.0 [2020-12-20 21:42:07 +0900]
  precision    = double
  nonbonding   = CPU

Build_Information> Compiler Information
  build host   = yagi@lemon.novalocal
  fortran      = ifort (IFORT) 19.0.5.281 20190815
  option       = -xHost -O3 -ip -mkl=parallel  -assume byterecl -qopenmp 
  C            = icc (ICC) 19.0.5.281 20190815
  option       = -O3 -ip -axCORE-AVX2  -qopenmp
  defined var. =  -DMPI -DOMP -DFFTE -DLAPACK -DDSFMT_MEXP=19937 -DINTEL
  link option  = 
  -assume byterecl -qopenmp  -lmkl_intel_lp64 -lmkl_sequential -lmkl_core -lmkl_
 lapack95_lp64 

Runtime_Information> Machine and Library Information
  date       = 2021/06/16 12:53:47
  cpu model    = Intel(R) Xeon(R) Platinum 8260 CPU @ 2.40GHz
  exec. host   = yagi@lemon.novalocal
  LD library   = 
 /APL/ISV/x86_64/intel/impi/2019.5.281/intel64/lib/release:/APL/ISV/x86_64/intel
 /impi/2019.5.281/intel64/lib:/APL/ISV/x86_64/intel/impi/2019.5.281/intel64/libf
 abric/lib:/APL/ISV/x86_64/intel/parallel_studio_xe_2019.5.075/compilers_and_lib
 raries_2019/linux/compiler/lib/intel64:/APL/ISV/x86_64/intel/parallel_studio_xe
 _2019.5.075/compilers_and_libraries_2019/linux/compiler/lib/intel64_lin:/APL/IS
 V/x86_64/intel/parallel_studio_xe_2019.5.075/compilers_and_libraries_2019/linux
 /mpi/intel64/lib:/APL/ISV/x86_64/intel/parallel_studio_xe_2019.5.075/compilers_
 and_libraries_2019/linux/mpi/intel64/libfabric/lib:/APL/ISV/x86_64/intel/parall
 el_studio_xe_2019.5.075/compilers_and_libraries_2019/linel64:/APL/ISV/x86_64/in
 tel/parallel_studio_xe_2019.5.075/compilers_and_libraries_2019/linux/compiler/l
 ib/intel64:/APL/ISV/x86_64/intel/parallel_studio_xe_2019.5.075/compilers_and_li
 braries_2019/linux/mkl/lib/intel64:/APL/ISV/x86_64/intel/parallel_studio_xe_201
 9.5.075/compilers_and_libraries_2019/linux/tbb/lib/intel64/gcc4.7:/APL/ISV/x86_
 64/intel/debugger_2019/iga/lib:/APL/ISV/x86_64/intel/debugger_tel64/lib:/APL/IS
 V/x86_64/intel/parallel_studio_xe_2019.5.075/compilers_and_libraries_2019/linux
 /daal/lib/intel64_lin:/APL/ISV/x86_64/intel/parallel_studio_xe_2019.5.075/compi
 lers_and_libraries_2019/linux/daal/../tbb/lib/intel64_lin/gcc4.7

[STEP1] Read Control Parameters
 
Read_Ctrl_Input> Input Files
  topfile = ../1_setup/po4.rtf
  parfile = ../1_setup/po4.prm
  psffile = ../1_setup/ionized.psf
  pdbfile = ../1_setup/ionized.pdb
 
Read_Ctrl_Output> Output Files
  dcdfile    = mini.dcd
  rstfile    = mini.rst
 
Read_Ctrl_Energy> Parameters of Energy Calculations
  forcefield      =     CHARMM
  switchdist      =     10.000  cutoffdist      =     12.000
  pairlistdist    =     13.500  dielec_const    =      1.000
 vdW force_switch =         no
  electrostatic   =        PME
  pme_nspline     =          4
  pme_alpha       =    0.22664  pme_alpha_tol   =  0.100E-04
  fft_scheme      = 1DALLTOALL
  table_order     =          1
  table_density   =     20.000
  water_model     =       NONE
  output_style    =    GENESIS
  dispersion_corr =       none
  nonb_limiter    =      no
  contact_check   =      no
  vacuum          =      no
 
Read_Ctrl_Minimize> Parameters of MIN
  method          =         SD  nsteps          =       1000
  eneout_period   =        100  crdout_period   =        100
  rstout_period   =       1000  nbupdate_period =         10
  force_scale_init=      0.000  force_scale_max =      0.000
  verbose         =         no
  check_structure            =         no  fix_ring_error             =         no
  fix_chirality_error        =         no
 
Read_Ctrl_Constraints> Parameters for Constraints
  rigid_bond      =         no
 
Read_Ctrl_Boundary> Parameters of Boundary Condition
  type            =       PBC 
  box_size(x,y,z) =     50.000    50.000    50.000
 
Read_Ctrl_Selection> Parameters of Selection
  # of groups     =          0
  # of mole names =          0
 
Read_Ctrl_Restraints> No restraint in the system

Read_Ctrl_Fitting_MD> Parameters of Fitting
  fitting method  =  TR+ROT   
  fitting atom    = group1
  mass_weight     =         no
 
[STEP2] Setup MPI
 
Setup_Mpi_Md> Summary of Setup MPI
  number of MPI processes   =          4
  number of OpenMP threads  =          4
  total number of CPU cores =         16

[STEP3] Set Relevant Variables and Structures
 
Input_Top> Summary of Topfile
  num_atom_class  =          7  num_resi_type   =          1
 
Input_Par> Summary of Parfile
  num_bonds       =          5  num_angles      =          5
  num_dihedrals   =          3  num_impropers   =          0
  num_atom_cls    =          7  num_nbfix       =          0
  num_cmap_terms  =          0
 
Read_Psf> Summary of Psffile
  psftype         =      xplor
  num_atoms       =      11747  num_bonds       =       7832
  num_angles      =       3921  num_dihedrals   =          6
  num_impropers   =          0  num_cmap_terms  =          0
  num_HB_donors   =          0  num_HB_acceptors=          0
  num_NB_exclusion=          0  num_groups      =          1
  total_charge    =      0.000
 
Read_Pdb> there are no segment (renamed "A   ")
 
Read_Pdb> Summary of Data in PDB file
  num_atoms       =      11747
 
Define_Molecule> Summary of molecules
  num_atoms       =      11747  num_bonds       =       7832
  num_angles      =       3921  num_dihedrals   =          6
  num_impropers   =          0  num_cmap_terms  =          0
  num_residues    =       3915  num_molecules   =       3915
  num_segments    =          3  num_deg_freedom =      35241
  total_charge    =      0.000
 
Setup_Boundary_Cell> Set Variables for Boundary Condition
  domains (x,y,z) =          2         2         1
  ncells (x,y,z)  =          6         6         7
 
Setup_Enefunc_Cmap> Natural spline is used to derive cmap coefs.

Define_Enefunc_Charmm> Number of Interactions in Each Term
  bond_ene        =       7832  angle_ene       =       3921
  torsion_ene     =          8  improper_ene    =          0
  cmap_ene        =          0
  nb_exclusions   =      11753  nb14_calc       =          6
 
Setup_Fitting_Spdyn> NO fitting is applied, skip
  fitting method  =  NO
 

Setup_PME> Proper PME grid number was generated automatically
  pme_ngrid(x,y,z)=         48        48        48

[STEP4] Compute Single Point Energy for Molecules
 
            STEP            BOND           ANGLE    UREY-BRADLEY        DIHEDRAL         VDWAALS           ELECT
 --------------- --------------- --------------- --------------- ---------------
               0       3645.5346        854.4550          3.8225          4.8908     234279.9232     -40309.6554

[STEP5] Perform Energy Minimization
 
INFO:       STEP   POTENTIAL_ENE            RMSG            BOND           ANGLE    UREY-BRADLEY        DIHEDRAL         VDWAALS           ELECT
 --------------- --------------- --------------- --------------- ---------------
INFO:          0     198478.9708       7698.6076       3645.5346        854.4550          3.8225          4.8908     234279.9232     -40309.6554

INFO:        100     -30375.3559         21.4930       3009.7665        865.8955          4.1700          4.8486       6298.8080     -40558.8446

INFO:        200     -34822.5609          7.3602       1394.1678        763.0510          5.3886          4.6357       4409.6501     -41399.4540

INFO:        300     -36728.1863          4.1489       1148.5429        747.4643          6.3560          4.3096       3782.6313     -42417.4904

INFO:        400     -37964.5815          3.0171       1100.4833        840.0954          6.9634          3.9918       3470.5379     -43386.6533

INFO:        500     -38916.8481          2.4375       1100.9931        908.0387          7.3980          3.7361       3298.0049     -44235.0188

INFO:        600     -39705.0160          2.0564       1117.6064        937.0999          7.6937          3.5357       3197.2079     -44968.1596

INFO:        700     -40377.8516          1.7743       1138.1861        949.2683          7.8363          3.3666       3138.6185     -45615.1274

INFO:        800     -40963.0610          1.5549       1158.9789        955.7900          7.8357          3.2121       3107.9271     -46196.8048

INFO:        900     -41478.6741          1.3788       1179.1154        960.2745          7.7286          3.0667       3097.6334     -46726.4927

INFO:       1000     -41938.3839          1.2350       1198.4947        963.9045          7.5598          2.9337       3103.2255     -47214.5022

Check_Chirality> Check chirality
 
  No suspicious residue was detected.
 
 
[STEP6] Deallocate Arrays
 
Output_Time> Averaged timer profile (Min, Max)
  total time      =      15.720
    setup         =       0.301
    dynamics      =      15.419
      energy      =      14.500
      integrator  =       0.114
      pairlist    =       0.720 (       0.715,       0.725)
  energy           
    bond          =       0.036 (       0.034,       0.038)
    angle         =       0.029 (       0.029,       0.030)
    dihedral      =       0.011 (       0.010,       0.011)
    nonbond       =      13.362 (      13.343,      13.392)
      pme real    =      10.407 (       9.771,      11.372)
      pme recip   =       2.954 (       1.971,       3.594)
    solvation     =       0.000 (       0.000,       0.000)
      polar       =       0.000 (       0.000,       0.000)
      non-polar   =       0.000 (       0.000,       0.000)
    restraint     =       0.000 (       0.000,       0.000)
    qmmm          =       0.000 (       0.000,       0.000)
  integrator       
    constraint    =       0.000 (       0.000,       0.000)
    update        =       0.000 (       0.000,       0.000)
    comm_coord    =       0.000 (       0.000,       0.000)
    comm_force    =       0.000 (       0.000,       0.000)
    comm_migrate  =       0.000 (       0.000,       0.000)

