****************************************************
*                                                  *
*                  GENESIS SPDYN                   *
*                                                  *
*        A Molecular Dynamics Simulator with       *
*           Spatial Decomposition Scheme           *
*                                                  *
*               Developed by RIKEN                 *
*                                                  *
****************************************************
 
[STEP0] Architecture and Compiler Information
 
GENESIS_Information> GENESIS Information
  version      = 1.6.0
  commit ID    = 1.6.0 [2020-12-20 21:42:07 +0900]
  precision    = double
  nonbonding   = CPU

Build_Information> Compiler Information
  build host   = yagi@lemon.novalocal
  fortran      = ifort (IFORT) 19.0.5.281 20190815
  option       = -xHost -O3 -ip -mkl=parallel  -assume byterecl -qopenmp 
  C            = icc (ICC) 19.0.5.281 20190815
  option       = -O3 -ip -axCORE-AVX2  -qopenmp
  defined var. =  -DMPI -DOMP -DFFTE -DLAPACK -DDSFMT_MEXP=19937 -DINTEL
  link option  = 
  -assume byterecl -qopenmp  -lmkl_intel_lp64 -lmkl_sequential -lmkl_core -lmkl_
 lapack95_lp64 

Runtime_Information> Machine and Library Information
  date       = 2021/06/16 12:58:27
  cpu model    = Intel(R) Xeon(R) Platinum 8260 CPU @ 2.40GHz
  exec. host   = yagi@lemon.novalocal
  LD library   = 
 /APL/ISV/x86_64/intel/impi/2019.5.281/intel64/lib/release:/APL/ISV/x86_64/intel
 /impi/2019.5.281/intel64/lib:/APL/ISV/x86_64/intel/impi/2019.5.281/intel64/libf
 abric/lib:/APL/ISV/x86_64/intel/parallel_studio_xe_2019.5.075/compilers_and_lib
 raries_2019/linux/compiler/lib/intel64:/APL/ISV/x86_64/intel/parallel_studio_xe
 _2019.5.075/compilers_and_libraries_2019/linux/compiler/lib/intel64_lin:/APL/IS
 V/x86_64/intel/parallel_studio_xe_2019.5.075/compilers_and_libraries_2019/linux
 /mpi/intel64/lib:/APL/ISV/x86_64/intel/parallel_studio_xe_2019.5.075/compilers_
 and_libraries_2019/linux/mpi/intel64/libfabric/lib:/APL/ISV/x86_64/intel/parall
 el_studio_xe_2019.5.075/compilers_and_libraries_2019/linel64:/APL/ISV/x86_64/in
 tel/parallel_studio_xe_2019.5.075/compilers_and_libraries_2019/linux/compiler/l
 ib/intel64:/APL/ISV/x86_64/intel/parallel_studio_xe_2019.5.075/compilers_and_li
 braries_2019/linux/mkl/lib/intel64:/APL/ISV/x86_64/intel/parallel_studio_xe_201
 9.5.075/compilers_and_libraries_2019/linux/tbb/lib/intel64/gcc4.7:/APL/ISV/x86_
 64/intel/debugger_2019/iga/lib:/APL/ISV/x86_64/intel/debugger_tel64/lib:/APL/IS
 V/x86_64/intel/parallel_studio_xe_2019.5.075/compilers_and_libraries_2019/linux
 /daal/lib/intel64_lin:/APL/ISV/x86_64/intel/parallel_studio_xe_2019.5.075/compi
 lers_and_libraries_2019/linux/daal/../tbb/lib/intel64_lin/gcc4.7

[STEP1] Read Control Parameters
 
Read_Ctrl_Input> Input Files
  topfile = ../1_setup/po4.rtf
  parfile = ../1_setup/po4.prm
  psffile = ../1_setup/ionized.psf
  pdbfile = ../1_setup/ionized.pdb
  rstfile = equil.rst
 
Read_Ctrl_Output> Output Files
  dcdfile    = prod.dcd
  rstfile    = prod.rst
 
Read_Ctrl_Energy> Parameters of Energy Calculations
  forcefield      =     CHARMM
  switchdist      =     10.000  cutoffdist      =     12.000
  pairlistdist    =     13.500  dielec_const    =      1.000
 vdW force_switch =         no
  electrostatic   =        PME
  pme_nspline     =          4
  pme_alpha       =    0.22664  pme_alpha_tol   =  0.100E-04
  fft_scheme      = 1DALLTOALL
  table_order     =          1
  table_density   =     20.000
  water_model     =       NONE
  output_style    =    GENESIS
  dispersion_corr =       none
  nonb_limiter    =      no
  contact_check   =      no
  vacuum          =      no
 
Read_Ctrl_Dynamics> Parameters of MD simulation
  integrator      =       VVER  nsteps          =      50000
  timestep        =     0.0020  initial_time    =     0.0000
  eneout_period   =        500  rstout_period   =      50000
  crdout_period   =        500  velout_period   =          0
  nbupdate_period =         10  stoptr_period   =         10
  iseed           =         -1
  annealing       =         no
  verbose         =         no
  target_md       =         no
  steered_md      =         no
 
Read_Ctrl_Constraints> Parameters for Constraints
  rigid_bond      =        yes
  shake_iteration =       2000  shake_tolerance =  0.100E-09
  fast_bond       =         no
  fast_water      =        yes  water_model     =       TIP3
  hydrogen_type   =  name|mass
 
Read_Ctrl_Ensemble> Parameters for Ensemble
  ensemble        =        NVT
  temperature     =    300.000
  tpcontrol       =      BUSSI
  tau_t           =      5.000
 
Read_Ctrl_Boundary> Parameters of Boundary Condition
  type            =       PBC 
  box_size(x,y,z) =      0.000     0.000     0.000
 
Read_Ctrl_Selection> Parameters of Selection
  # of groups     =          0
  # of mole names =          0
 
Read_Ctrl_Restraints> No restraint in the system

Read_Ctrl_Fitting_MD> Parameters of Fitting
  fitting method  =  TR+ROT   
  fitting atom    = group1
  mass_weight     =         no
 
[STEP2] Setup MPI
 
Setup_Mpi_Md> Summary of Setup MPI
  number of MPI processes   =          4
  number of OpenMP threads  =          4
  total number of CPU cores =         16

[STEP3] Set Relevant Variables and Structures
 
Input_Top> Summary of Topfile
  num_atom_class  =          7  num_resi_type   =          1
 
Input_Par> Summary of Parfile
  num_bonds       =          5  num_angles      =          5
  num_dihedrals   =          3  num_impropers   =          0
  num_atom_cls    =          7  num_nbfix       =          0
  num_cmap_terms  =          0
 
Read_Psf> Summary of Psffile
  psftype         =      xplor
  num_atoms       =      11747  num_bonds       =       7832
  num_angles      =       3921  num_dihedrals   =          6
  num_impropers   =          0  num_cmap_terms  =          0
  num_HB_donors   =          0  num_HB_acceptors=          0
  num_NB_exclusion=          0  num_groups      =          1
  total_charge    =      0.000
 
Read_Pdb> there are no segment (renamed "A   ")
 
Read_Pdb> Summary of Data in PDB file
  num_atoms       =      11747
 
Read_Rst_Binary> Summary of RST file
  num_atoms       =      11747  iseed           =      31415
  boxsize (x,y,z) =     48.761    48.761    48.761

Define_Molecule> Summary of molecules
  num_atoms       =      11747  num_bonds       =       7832
  num_angles      =       3921  num_dihedrals   =          6
  num_impropers   =          0  num_cmap_terms  =          0
  num_residues    =       3915  num_molecules   =       3915
  num_segments    =          3  num_deg_freedom =      35241
  total_charge    =      0.000
 
Setup_Restart_Pre> Coordinates and velocities were replaced

Setup_Boundary_Cell> Set Variables for Boundary Condition
  domains (x,y,z) =          2         2         1
  ncells (x,y,z)  =          6         6         6
 
Setup_Enefunc_Cmap> Natural spline is used to derive cmap coefs.

Define_Enefunc_Charmm> Number of Interactions in Each Term
  bond_ene        =          4  angle_ene       =          8
  torsion_ene     =          8  improper_ene    =          0
  cmap_ene        =          0
  nb_exclusions   =      11753  nb14_calc       =          6
 
Setup_Fitting_Spdyn> NO fitting is applied, skip
  fitting method  =  NO
 

Setup_PME> Proper PME grid number was generated automatically
  pme_ngrid(x,y,z)=         40        40        40

Setup_Dynamics> Subtract 3 translational degrees of freedom
 
Update_Num_Deg_Freedom> Number of degrees of freedom was updated
  num_deg_freedom =      35238 (After removing translation)
 
Random_Init> Initialize the random number
  seed            = 71392

Setup_Fast_Water> Setup constraints for SETTLE
  r0(O-H)         =     0.9572  mass(O)         =    15.9994
  r0(H-H)         =     1.5139  mass(H)         =     1.0080
 
Update_Num_Deg_Freedom> Number of degrees of freedom was updated
  num_deg_freedom =      23499 (After setup of SETTLE)
 
Setup_Rigid_Bond> Setup constrains for SHAKE and RATTLE
  num_rigid_bonds =          2
 
Update_Num_Deg_Freedom> Number of degrees of freedom was updated
  num_deg_freedom =      23497 (After setup of SHAKE/RATTLE)
 
Setup_Restart_Post> Read random seed  from RST file and Overwrite it

Setup_Restart_Post> Parameters were replaced

[STEP4] Compute Single Point Energy for Molecules
 
            STEP            BOND           ANGLE    UREY-BRADLEY        DIHEDRAL         VDWAALS           ELECT
 --------------- --------------- --------------- --------------- ---------------
               0          3.8545         12.4036         12.3695          3.5625       4094.7405     -42929.0816

[STEP5] Perform Molecular Dynamics Simulation
 
INFO:       STEP            TIME       TOTAL_ENE   POTENTIAL_ENE     KINETIC_ENE            RMSG            BOND           ANGLE    UREY-BRADLEY        DIHEDRAL         VDWAALS           ELECT     TEMPERATURE          VOLUME
 --------------- --------------- --------------- --------------- ---------------
INFO:        500          1.0000     -31838.1126     -38861.3293       7023.2167         13.5254          2.1578         17.7155         14.3693          3.9054       3989.9196     -42889.3968        300.8251     115937.3732

INFO:       1000          2.0000     -31875.4601     -38832.4307       6956.9706         13.5268          2.1114          7.1614          9.7244          2.6355       4106.1661     -42960.2296        297.9876     115937.3732

INFO:       1500          3.0000     -31839.2254     -38799.0719       6959.8465         13.4728          4.8359          9.0502         10.6355          2.9690       3982.0017     -42808.5642        298.1107     115937.3732

INFO:       2000          4.0000     -31838.6778     -38757.3546       6918.6768         13.5636          7.1326          7.0308          6.2633          2.7456       4103.7966     -42884.3235        296.3473     115937.3732

INFO:       2500          5.0000     -31766.0546     -38760.7685       6994.7139         13.5317          3.6668          9.5710         10.4166          4.0279       4018.7294     -42807.1801        299.6042     115937.3732

INFO:       3000          6.0000     -31738.5023     -38843.3246       7104.8223         13.5484          2.5878          3.7383          5.8968          2.6261       4066.7580     -42924.9316        304.3205     115937.3732

INFO:       3500          7.0000     -31783.8889     -38866.7423       7082.8534         13.5635          5.8946          5.8800          8.6683          2.9041       4230.3440     -43120.4333        303.3795     115937.3732

INFO:       4000          8.0000     -31791.0742     -38802.4674       7011.3933         13.5150          3.3007          2.0016          5.4089          2.7264       3996.4636     -42812.3686        300.3186     115937.3732

INFO:       4500          9.0000     -31865.0200     -38931.3370       7066.3170         13.5441          6.0120          4.3896          4.6775          3.7232       4142.3893     -43092.5287        302.6712     115937.3732

INFO:       5000         10.0000     -31825.1801     -38730.4639       6905.2838         13.5950          7.5031          2.5419          6.9164          2.6950       4259.7815     -43009.9017        295.7737     115937.3732

INFO:       5500         11.0000     -31749.1464     -38756.2037       7007.0572         13.5353          4.0860          4.0900          7.9956          2.6488       4186.9787     -42962.0027        300.1329     115937.3732

INFO:       6000         12.0000     -31713.5447     -38786.7721       7073.2274         13.5639          5.0955         10.7529         11.7543          4.9393       4155.9965     -42975.3106        302.9672     115937.3732

INFO:       6500         13.0000     -31666.5392     -38696.2996       7029.7605         13.5739         12.1383         17.3768          7.2595          2.8210       4162.8999     -42898.7952        301.1054     115937.3732

INFO:       7000         14.0000     -31672.4651     -38772.0996       7099.6345         13.5028          1.1006         31.9702          6.2440          3.9189       4089.0788     -42904.4121        304.0983     115937.3732

INFO:       7500         15.0000     -31655.5919     -38688.8326       7033.2407         13.5584          1.4583         58.1164         10.1336          3.5071       4164.9908     -42927.0387        301.2544     115937.3732

INFO:       8000         16.0000     -31635.6943     -38730.5626       7094.8682         13.5140          1.5969         55.8719          8.2397          3.4963       4172.9792     -42972.7465        303.8941     115937.3732

INFO:       8500         17.0000     -31602.9730     -38774.5141       7171.5411         13.5114          5.7472         60.4664         10.7479          3.4930       4063.8514     -42918.8201        307.1782     115937.3732

INFO:       9000         18.0000     -31619.1338     -38628.0680       7008.9342         13.5395          7.1186         46.4036          8.6302          3.3636       4197.4432     -42891.0273        300.2133     115937.3732

INFO:       9500         19.0000     -31673.3814     -38679.8917       7006.5104         13.5121          7.2527         38.5159         11.6857          3.3900       4169.7251     -42910.4611        300.1095     115937.3732

INFO:      10000         20.0000     -31666.1543     -38736.3466       7070.1923         13.5105          5.8808          4.1084          6.6059          3.5361       4017.5432     -42774.0210        302.8372     115937.3732

INFO:      10500         21.0000     -31699.7270     -38697.4871       6997.7601         13.4976          4.7103          6.1986          7.9403          4.4092       4023.7489     -42744.4945        299.7347     115937.3732

INFO:      11000         22.0000     -31775.6638     -38734.2380       6958.5742         13.4795          3.4924         10.6718          9.5439          2.7562       3973.4955     -42734.1979        298.0562     115937.3732

INFO:      11500         23.0000     -31793.0500     -38831.9153       7038.8653         13.5106          2.4391          3.9991          4.7796          3.4829       3962.9431     -42809.5591        301.4954     115937.3732

INFO:      12000         24.0000     -31771.5119     -38723.4054       6951.8935         13.4453          8.5613          8.6738          9.2934          3.0771       3914.9228     -42667.9339        297.7701     115937.3732

INFO:      12500         25.0000     -31731.3839     -38769.6283       7038.2445         13.5731          4.8483          9.7620          9.0441          3.7035       4113.8141     -42910.8004        301.4688     115937.3732

INFO:      13000         26.0000     -31793.2064     -38733.1343       6939.9279         13.5823          3.9396          6.3528          7.4595          2.6521       4276.0602     -43029.5984        297.2576     115937.3732

INFO:      13500         27.0000     -31815.7726     -38766.6487       6950.8761         13.5640          2.4931          2.2963          4.0646          4.1344       4220.8982     -43000.5353        297.7265     115937.3732

INFO:      14000         28.0000     -31836.7955     -38771.3925       6934.5970         13.5255          4.9682          9.1345         10.7184          2.7367       4034.2719     -42833.2222        297.0292     115937.3732

INFO:      14500         29.0000     -31842.4728     -38857.0406       7014.5678         13.5884          2.9453         15.4301         10.4448          3.4157       4158.6226     -43047.8992        300.4546     115937.3732

INFO:      15000         30.0000     -31798.0096     -38857.5179       7059.5083         13.5109          7.1219          4.3324          8.3310          3.0401       4094.5127     -42974.8560        302.3796     115937.3732

INFO:      15500         31.0000     -31703.2202     -38684.1586       6980.9384         13.5043          9.9301         22.7082         13.7216          4.4862       4162.4179     -42897.4226        299.0142     115937.3732

INFO:      16000         32.0000     -31635.8705     -38669.1037       7033.2332         13.5026          3.2123         22.7838          8.2098          3.8235       4090.2146     -42797.3477        301.2541     115937.3732

INFO:      16500         33.0000     -31708.0385     -38754.2859       7046.2474         13.5506          4.3596          6.6038          9.6751          2.9679       4167.8719     -42945.7642        301.8115     115937.3732

INFO:      17000         34.0000     -31652.3640     -38627.2844       6974.9205         13.5527          2.5179          4.6847          7.4325          3.4727       4150.9042     -42796.2964        298.7564     115937.3732

INFO:      17500         35.0000     -31650.2307     -38606.8016       6956.5709         13.5064          2.4378          5.8951          7.3333          4.0959       4118.0013     -42744.5651        297.9704     115937.3732

INFO:      18000         36.0000     -31603.4627     -38750.5252       7147.0625         13.5016          2.0439          7.9115          7.0968          3.4599       4015.7233     -42786.7607        306.1298     115937.3732

INFO:      18500         37.0000     -31579.5831     -38616.3234       7036.7403         13.5200          1.0737          3.7717          3.7346          3.5223       4081.7391     -42710.1648        301.4043     115937.3732

INFO:      19000         38.0000     -31547.3219     -38566.8314       7019.5094         13.4395          3.4428         14.5690          7.7483          5.9507       3933.8169     -42532.3588        300.6663     115937.3732

INFO:      19500         39.0000     -31563.1901     -38583.5032       7020.3131         13.4582          3.6928          6.2734          7.8299          3.4190       3961.9582     -42566.6764        300.7007     115937.3732

INFO:      20000         40.0000     -31568.5045     -38618.5051       7050.0006         13.4741          5.7979         36.2662         14.4492          4.6137       3988.6410     -42668.2731        301.9723     115937.3732

INFO:      20500         41.0000     -31586.2282     -38683.1882       7096.9600         13.4868         12.5616          3.9160          9.4083          4.2174       4018.3614     -42731.6530        303.9837     115937.3732

INFO:      21000         42.0000     -31615.7850     -38594.7774       6978.9923         13.5131          2.4253          8.3227          7.6383          2.8038       4092.4239     -42708.3913        298.9308     115937.3732

INFO:      21500         43.0000     -31642.6248     -38682.8159       7040.1911         13.4969          3.9567         11.0579         11.6866          2.7688       4118.3873     -42830.6732        301.5521     115937.3732

INFO:      22000         44.0000     -31629.7288     -38683.5757       7053.8469         13.4947          1.5437          3.0453          6.6301          2.9684       3977.8179     -42675.5811        302.1371     115937.3732

INFO:      22500         45.0000     -31685.8473     -38653.0591       6967.2118         13.4546          4.9157         12.7021          8.2944          2.9995       3920.8417     -42602.8125        298.4262     115937.3732

INFO:      23000         46.0000     -31718.0287     -38682.5814       6964.5528         13.5134          6.6057          4.3847          9.8856          3.7030       4093.3402     -42800.5007        298.3123     115937.3732

INFO:      23500         47.0000     -31730.6262     -38731.8282       7001.2020         13.5277          3.4644          5.8698          7.7108          2.9169       4118.0561     -42869.8463        299.8821     115937.3732

INFO:      24000         48.0000     -31793.9575     -38836.3629       7042.4054         13.5517          2.6799          6.0522          7.3503          2.9701       4129.2204     -42984.6357        301.6470     115937.3732

INFO:      24500         49.0000     -31799.1210     -38830.9145       7031.7935         13.4858          1.7610          5.1351          9.0163          3.1004       3962.0065     -42811.9337        301.1924     115937.3732

INFO:      25000         50.0000     -31825.5276     -38771.3000       6945.7724         13.5179          4.0226          6.9765         10.9843          2.8097       4021.0910     -42817.1841        297.5079     115937.3732

INFO:      25500         51.0000     -31820.0981     -38812.5389       6992.4408         13.5138          5.5949          8.5215          7.3283          3.3709       4080.3932     -42917.7478        299.5069     115937.3732

INFO:      26000         52.0000     -31905.8217     -38826.2769       6920.4552         13.5183          4.1150          4.7031          6.5887          3.5298       4054.0227     -42899.2361        296.4235     115937.3732

INFO:      26500         53.0000     -31932.7148     -38862.5349       6929.8200         13.5621          4.8308          3.7134          4.2933          2.6284       4143.5101     -43021.5108        296.8246     115937.3732

INFO:      27000         54.0000     -31874.9055     -38853.3646       6978.4591         13.5313          3.1631          6.8102          3.5590          4.5613       4126.6971     -42998.1553        298.9080     115937.3732

INFO:      27500         55.0000     -31905.0788     -38820.8023       6915.7235         13.5620          3.3586         65.0081         18.9538          3.4867       4151.9619     -43063.5713        296.2208     115937.3732

INFO:      28000         56.0000     -31838.6609     -38839.4850       7000.8241         13.5604          2.8989         42.5771         11.6074          3.4277       4170.0049     -43070.0010        299.8659     115937.3732

INFO:      28500         57.0000     -31879.2727     -38827.4025       6948.1298         13.5557          4.0545         60.7483         10.2369          3.7780       4067.2316     -42973.4519        297.6089     115937.3732

INFO:      29000         58.0000     -31893.2075     -38836.1172       6942.9097         13.6073          2.0167         18.4036          5.2037          3.3872       4299.4012     -43164.5296        297.3853     115937.3732

INFO:      29500         59.0000     -31991.4441     -38880.5800       6889.1358         13.5640          1.6280          5.0871          7.7633          2.9988       4128.2539     -43026.3112        295.0820     115937.3732

INFO:      30000         60.0000     -31938.7579     -38991.0874       7052.3296         13.5494          4.9593          8.4993          9.0136          3.1091       4119.5384     -43136.2072        302.0721     115937.3732

INFO:      30500         61.0000     -31920.1336     -38918.2062       6998.0727         13.5346          0.8926          9.8102          8.6111          2.7241       4157.7448     -43097.9890        299.7481     115937.3732

INFO:      31000         62.0000     -31974.1935     -38964.9648       6990.7713         13.5809          2.4968          3.7389          6.5851          2.9275       4174.8345     -43155.5476        299.4353     115937.3732

INFO:      31500         63.0000     -31961.1663     -38929.1531       6967.9869         13.5881          4.0100          5.8670          8.2535          2.9854       4137.6979     -43087.9669        298.4594     115937.3732

INFO:      32000         64.0000     -31922.6221     -38841.9965       6919.3744         13.5517          4.3841         14.3128         11.0304          3.1691       4172.3974     -43047.2903        296.3772     115937.3732

INFO:      32500         65.0000     -31897.5948     -38801.1943       6903.5995         13.5189          2.8882          3.8068          7.6690          2.5854       4006.4150     -42824.5587        295.7015     115937.3732

INFO:      33000         66.0000     -31785.6479     -38752.0151       6966.3672         13.4931          1.5974          6.7276          4.9144          5.1640       4106.9313     -42877.3498        298.3900     115937.3732

INFO:      33500         67.0000     -31803.6529     -38791.1643       6987.5114         13.5464          2.3136          9.1898          5.4507          2.7947       4125.2216     -42936.1347        299.2957     115937.3732

INFO:      34000         68.0000     -31755.6479     -38754.6617       6999.0138         13.5251          2.5403          7.4802          8.3200          2.6637       4102.0546     -42877.7205        299.7884     115937.3732

INFO:      34500         69.0000     -31752.5247     -38745.2924       6992.7678         13.5465          1.2741          2.6979          3.3194          3.4606       4227.3507     -42983.3951        299.5209     115937.3732

INFO:      35000         70.0000     -31748.5428     -38801.5690       7053.0261         13.5244          5.5177         48.8298         10.3575          3.3355       4098.1237     -42967.7331        302.1019     115937.3732

INFO:      35500         71.0000     -31728.9999     -38717.3608       6988.3609         13.5092          2.8473         64.0022          8.3996          3.4468       4081.3503     -42877.4070        299.3321     115937.3732

INFO:      36000         72.0000     -31716.0340     -38769.1456       7053.1116         13.5766          7.7013         42.3940         13.3051          4.0505       4250.9978     -43087.5943        302.1056     115937.3732

INFO:      36500         73.0000     -31646.8356     -38721.7949       7074.9594         13.5421          2.4075         26.0060         13.3356          5.4626       4132.6817     -42901.6882        303.0414     115937.3732

INFO:      37000         74.0000     -31623.2547     -38744.6002       7121.3455         13.5126          3.6303          3.7991          6.5477          6.0207       3979.8343     -42744.4324        305.0282     115937.3732

INFO:      37500         75.0000     -31585.0761     -38588.7806       7003.7045         13.4430          2.0256          4.4171          5.5185          3.9602       3914.3186     -42519.0206        299.9893     115937.3732

INFO:      38000         76.0000     -31527.3649     -38681.5658       7154.2009         13.5081          2.2942          6.5307          5.7776          3.7612       4012.2950     -42712.2247        306.4355     115937.3732

INFO:      38500         77.0000     -31541.0824     -38574.4855       7033.4032         13.5166          3.6182          2.5355          5.0604          2.8380       4123.5492     -42712.0867        301.2614     115937.3732

INFO:      39000         78.0000     -31567.2537     -38548.2715       6981.0178         13.5384          2.7407          3.8841          6.1216          6.4807       4145.2872     -42712.7859        299.0176     115937.3732

INFO:      39500         79.0000     -31582.8257     -38648.0685       7065.2428         13.4953          6.2933         11.4325         11.6161          5.0452       4026.0171     -42708.4726        302.6252     115937.3732

INFO:      40000         80.0000     -31587.9980     -38653.8536       7065.8556         13.5191          2.8859          6.9999          6.4904          4.4183       4134.2056     -42808.8538        302.6514     115937.3732

INFO:      40500         81.0000     -31572.1925     -38622.1006       7049.9081         13.5201         12.6744         11.0548          9.9828          3.3133       4021.8030     -42680.9290        301.9683     115937.3732

INFO:      41000         82.0000     -31542.9017     -38519.4569       6976.5552         13.4551          3.1532          6.3491          5.8595          3.1508       4076.8385     -42614.8080        298.8264     115937.3732

INFO:      41500         83.0000     -31459.5194     -38546.0022       7086.4828         13.5004          5.9471          5.0104          6.9878          2.7571       4093.8085     -42660.5131        303.5350     115937.3732

INFO:      42000         84.0000     -31463.9678     -38596.2916       7132.3238         13.4767          3.7297          3.9263          5.3717          2.6721       4016.8496     -42628.8411        305.4985     115937.3732

INFO:      42500         85.0000     -31476.7098     -38609.3865       7132.6767         13.5114          6.0818          5.9888         10.1931          2.6765       4129.7182     -42764.0449        305.5136     115937.3732

INFO:      43000         86.0000     -31486.3381     -38586.4955       7100.1574         13.4448          2.4860          2.3281          4.1405          3.1190       3957.8355     -42556.4044        304.1207     115937.3732

INFO:      43500         87.0000     -31517.8784     -38635.8169       7117.9385         13.4942          4.9018          3.1196          7.9943          2.9935       4092.3864     -42747.2124        304.8823     115937.3732

INFO:      44000         88.0000     -31526.3353     -38529.5287       7003.1934         13.4693          4.0454          2.9845          4.2025          2.6760       4038.5172     -42581.9545        299.9674     115937.3732

INFO:      44500         89.0000     -31542.5292     -38535.2413       6992.7122         13.4633          1.7997          1.9603          5.3072          3.2711       3969.7984     -42517.3780        299.5185     115937.3732

INFO:      45000         90.0000     -31537.4163     -38705.1340       7167.7177         13.4851          4.4058          8.9841          4.3232          3.3433       4041.7638     -42767.9542        307.0145     115937.3732

INFO:      45500         91.0000     -31544.8486     -38635.5819       7090.7333         13.4521          3.8549          6.2553          7.4250          3.6106       3961.1317     -42617.8594        303.7170     115937.3732

INFO:      46000         92.0000     -31648.5854     -38729.8558       7081.2704         13.5161          2.4662          8.5339          7.5672          2.5877       4114.9087     -42865.9195        303.3117     115937.3732

INFO:      46500         93.0000     -31639.9277     -38642.9171       7002.9894         13.5259          1.9960          5.2417          7.8432          3.9482       4085.8870     -42747.8331        299.9587     115937.3732

INFO:      47000         94.0000     -31588.5565     -38663.8739       7075.3174         13.5437          5.3546         10.4548         10.3404          2.7261       4185.5253     -42878.2751        303.0567     115937.3732

INFO:      47500         95.0000     -31644.4546     -38621.1395       6976.6849         13.4618          5.1753         11.5906          8.5235          3.0972       3971.5810     -42621.1072        298.8320     115937.3732

INFO:      48000         96.0000     -31654.8182     -38588.0389       6933.2207         13.4920          2.1936          7.8184          6.1793          3.2717       4143.3451     -42750.8469        296.9703     115937.3732

INFO:      48500         97.0000     -31678.0135     -38719.6446       7041.6311         13.5023          4.4728          5.2735          7.9252          2.7245       4021.0288     -42761.0694        301.6138     115937.3732

INFO:      49000         98.0000     -31698.4799     -38786.4873       7088.0074         13.5601          5.6077          4.5104          6.8783          3.4836       4304.6040     -43111.5712        303.6003     115937.3732

INFO:      49500         99.0000     -31753.8973     -38769.2311       7015.3339         13.6120          3.1090          5.0261          7.7507          3.5413       4303.9675     -43092.6257        300.4874     115937.3732

INFO:      50000        100.0000     -31707.9974     -38729.1249       7021.1275         13.5115          8.2397          7.0121          7.4075          3.4009       4107.1502     -42862.3353        300.7356     115937.3732

 
[STEP6] Deallocate Arrays
 
Output_Time> Averaged timer profile (Min, Max)
  total time      =     434.325
    setup         =       0.285
    dynamics      =     434.040
      energy      =     375.101
      integrator  =      30.165
      pairlist    =      28.803 (      28.691,      28.901)
  energy           
    bond          =       0.221 (       0.198,       0.230)
    angle         =       0.191 (       0.147,       0.251)
    dihedral      =       0.452 (       0.386,       0.499)
    nonbond       =     347.529 (     346.632,     348.035)
      pme real    =     273.768 (     263.147,     281.001)
      pme recip   =      73.734 (      67.006,      83.454)
    solvation     =       0.000 (       0.000,       0.000)
      polar       =       0.000 (       0.000,       0.000)
      non-polar   =       0.000 (       0.000,       0.000)
    restraint     =       0.000 (       0.000,       0.000)
    qmmm          =       0.000 (       0.000,       0.000)
  integrator       
    constraint    =       4.549 (       4.421,       4.733)
    update        =       9.937 (       9.749,      10.158)
    comm_coord    =       3.863 (       3.745,       4.016)
    comm_force    =       7.169 (       5.701,       8.452)
    comm_migrate  =       0.000 (       0.000,       0.000)

