****************************************************
*                                                  *
*                  GENESIS ATDYN                   *
*                                                  *
*        A Molecular Dynamics Simulator with       *
*            Atomic Decomposition Scheme           *
*                                                  *
*               Developed by RIKEN                 *
*                                                  *
****************************************************
 
[STEP0] Architecture and Compiler Information
 
GENESIS_Information> GENESIS Information
  version      = 1.6.0
  commit ID    = 1.6.0 [2020-12-20 21:42:07 +0900]
  precision    = double
  nonbonding   = CPU

Build_Information> Compiler Information
  build host   = yagi@lemon.novalocal
  fortran      = ifort (IFORT) 19.0.5.281 20190815
  option       = -xHost -O3 -ip -mkl=parallel  -assume byterecl -qopenmp 
  C            = icc (ICC) 19.0.5.281 20190815
  option       = -O3 -ip -axCORE-AVX2  -qopenmp
  defined var. =  -DMPI -DOMP -DFFTE -DLAPACK -DDSFMT_MEXP=19937 -DINTEL
  link option  = 
  -assume byterecl -qopenmp  -lmkl_intel_lp64 -lmkl_sequential -lmkl_core -lmkl_
 lapack95_lp64 

Runtime_Information> Machine and Library Information
  date       = 2021/06/16 15:10:58
  cpu model    = Intel(R) Xeon(R) Platinum 8260 CPU @ 2.40GHz
  exec. host   = yagi@lemon.novalocal
  LD library   = 
 /APL/ISV/x86_64/intel/impi/2019.5.281/intel64/lib/release:/APL/ISV/x86_64/intel
 /impi/2019.5.281/intel64/lib:/APL/ISV/x86_64/intel/impi/2019.5.281/intel64/libf
 abric/lib:/APL/ISV/x86_64/intel/parallel_studio_xe_2019.5.075/compilers_and_lib
 raries_2019/linux/compiler/lib/intel64:/APL/ISV/x86_64/intel/parallel_studio_xe
 _2019.5.075/compilers_and_libraries_2019/linux/compiler/lib/intel64_lin:/APL/IS
 V/x86_64/intel/parallel_studio_xe_2019.5.075/compilers_and_libraries_2019/linux
 /mpi/intel64/lib:/APL/ISV/x86_64/intel/parallel_studio_xe_2019.5.075/compilers_
 and_libraries_2019/linux/mpi/intel64/libfabric/lib:/APL/ISV/x86_64/intel/parall
 el_studio_xe_2019.5.075/compilers_and_libraries_2019/linel64:/APL/ISV/x86_64/in
 tel/parallel_studio_xe_2019.5.075/compilers_and_libraries_2019/linux/compiler/l
 ib/intel64:/APL/ISV/x86_64/intel/parallel_studio_xe_2019.5.075/compilers_and_li
 braries_2019/linux/mkl/lib/intel64:/APL/ISV/x86_64/intel/parallel_studio_xe_201
 9.5.075/compilers_and_libraries_2019/linux/tbb/lib/intel64/gcc4.7:/APL/ISV/x86_
 64/intel/debugger_2019/iga/lib:/APL/ISV/x86_64/intel/debugger_tel64/lib:/APL/IS
 V/x86_64/intel/parallel_studio_xe_2019.5.075/compilers_and_libraries_2019/linux
 /daal/lib/intel64_lin:/APL/ISV/x86_64/intel/parallel_studio_xe_2019.5.075/compi
 lers_and_libraries_2019/linux/daal/../tbb/lib/intel64_lin/gcc4.7

[STEP1] Read Control Parameters
 
Read_Ctrl_Input> Input Files
  topfile = ../1_setup/po4.rtf
  parfile = ../1_setup/po4.prm
  psffile = cmd_100.psf
  pdbfile = cmd_100.pdb
  rstfile = qmmm_equil.rst
  reffile = cmd_100.pdb
 
Read_Ctrl_Output> Output Files
  dcdfile    = qmmm_prod.dcd
  rstfile    = qmmm_prod.rst
 
Read_Ctrl_Energy>  WARNING: water_model is not available
Read_Ctrl_Energy> Parameters of Energy Calculations
  forcefield      =     CHARMM
  switchdist      =     16.000  cutoffdist      =     18.000
  pairlistdist    =     19.500  dielec_const    =      1.000
 vdW force_switch =         no
  electrostatic   =  CUTOFF
  implicit_solvent=       none
  table_order     =          3
  table_density   =     20.000
  water_model     =       NONE
  output_style    =    GENESIS
  dispersion_corr =       none
  nonb_limiter    =      no
 
Read_Ctrl_Dynamics> Parameters of MD simulation
  integrator      =       VVER  nsteps          =      10000
  timestep        =     0.0020  initial_time    =     0.0000
  eneout_period   =        100  rstout_period   =        100
  crdout_period   =        100  velout_period   =          0
  nbupdate_period =         10  stoptr_period   =         10
  iseed           =   20210816
  annealing       =         no
  verbose         =         no
  target_md       =         no
  steered_md      =         no
  esp_mm          =         no
 
Read_Ctrl_Constraints> Parameters for Constraints
  rigid_bond      =        yes
  shake_iteration =       2000  shake_tolerance =  0.100E-09
  fast_water      =        yes  water_model     =       TIP3
  hydrogen_type   =  name|mass
  noshake_index   =       none
  fixatm_select_index        =       none
 
Read_Ctrl_Ensemble> Parameters for Ensemble
  ensemble        =        NVT
  temperature     =    300.000
  tpcontrol       =      BUSSI
  tau_t           =      0.500
 
Read_Ctrl_Boundary> Parameters of Boundary Condition
  type            =       NOBC
  spherical_pot   =        yes  restart         =          T
  center_info     =       read  modify_ratio    =      1.000
  constant        =     10.000  exponent        =          2
  fixatom         =          T  fix_layer       =      1.000
 
Read_Ctrl_Selection> Parameters of Selection
  # of groups     =          2
    group 1 = sid:PO4
    group 2 = atomno:1
  # of mole names =          0
 
Read_Ctrl_Restraints> Parameters of Restraint
  numfunc         =   1
  function1 = POSI     
    direction     = ALL 
    constant      = 1.0
    reference     = 
    select_index  = 2
    mode          =   0
    exponent      =   2
    exponent_dist = 
    weight_dist   = 

  pressure_position   = NO
  pressure_rmsd     = NO

Read_Ctrl_Fitting_MD> Parameters of Fitting
  fitting method  =  TR+ROT   
  fitting atom    = group1
  mass_weight     =         no
 
Read_Ctrl_QMMM> Parameters of QM/MM
  qmtyp              = dftb+
  qmcnt              = dftb_01.hsd
  qmexe              = runDFTB.sh
  workdir            = /dev/shm/qmmm_prod
  savedir            = qmmm_prod
  basename           = job
  qmsave_period      = 1000
  qmmaxtrial         = 1
  qmatm_select_index = 1
  exclude_charge     = GROUP
 
[STEP2] Setup MPI
 
Setup_Mpi_Md> Summary of Setup MPI
  number of MPI processes   =          1
  number of OpenMP threads  =         16
  total number of CPU cores =         16

[STEP3] Set Relevant Variables and Structures
 
Input_Top> Summary of Topfile
  num_atom_class  =          7  num_resi_type   =          1
 
Input_Par> Summary of Parfile
  num_bonds       =          5  num_angles      =          5
  num_dihedrals   =          3  num_impropers   =          0
  num_atom_cls    =          7  num_nbfix       =          0
  num_cmap_terms  =          0
 
Read_Psf> Summary of Psffile
  psftype         =      xplor
  num_atoms       =       4324  num_bonds       =       2884
  num_angles      =       1447  num_dihedrals   =          6
  num_impropers   =          0  num_cmap_terms  =          0
  num_HB_donors   =          0  num_HB_acceptors=          0
  num_NB_exclusion=          0  num_groups      =          0
  total_charge    =     -1.000
 
Read_Pdb> there are no segment (renamed "A   ")
 
Read_Pdb> Summary of Data in PDB file
  num_atoms       =       4324
 
Read_Rst_Binary> Summary of RST file
  num_atoms       =       4324  iseed           = 1181704823
  boxsize (x,y,z) =      0.000     0.000     0.000
  spherical_pot     =      yes
  nfunctions                 1  num_fixatm              2010
  num_of_qm_charge           7

Define_Molecule> Summary of molecules
  num_atoms       =       4324  num_bonds       =       2884
  num_angles      =       1447  num_dihedrals   =          6
  num_impropers   =          0  num_cmap_terms  =          0
  num_residues    =       1440  num_molecules   =       1440
  num_segments    =          2  num_deg_freedom =      12972
  total_charge    =     -1.000
 
Setup_Boundary> Setup Variables for Boundary Condition
  origin(x,y,z)   =      0.000     0.000     0.000
  nfunctions      =        1
    center(x,y,z) =     -6.029   -10.603    -5.635
    radius        =     18.000
    constant      =     10.000
    exponent      =          2
 
  num_fixatm      =     2010
 
 
Random_Init> Initialize the random number
  seed            = 20210816

Setup_QMMM> Setup QM region
  QM assignment info
     1 PO4       1 PO42   P    PG3    assigned to QM atom    1 of element: P    15
     2 PO4       1 PO42   O1   OG311  assigned to QM atom    2 of element: O     8
     3 PO4       1 PO42   H1   HGP1   assigned to QM atom    3 of element: H     1
     4 PO4       1 PO42   O2   OG311  assigned to QM atom    4 of element: O     8
     5 PO4       1 PO42   H2   HGP1   assigned to QM atom    5 of element: H     1
     6 PO4       1 PO42   O3   OG2P1  assigned to QM atom    6 of element: O     8
     7 PO4       1 PO42   O4   OG2P1  assigned to QM atom    7 of element: O     8
  number of QM atoms = 7
 
  QM charges retreived from rstfile.
 
 
  Check the control file for DFTB+ [ dftb_01.hsd ]
  Passed the check!
 
Setup_Enefunc_Cmap_Par> Natural spline is used to derive cmap coefs.

Setup_Enefunc_Table> Setup Variables for LookupTable
  num_solutes     =       4324  num_waters      =          0

Setup_Enefunc_Restraint> Setup restraint groups
 group =     1, "sid:PO4"
 # of atoms =     7
 atomlist: 
      1      2      3      4      5      6      7
 group =     2, "atomno:1"
 # of atoms =     1
 atomlist: 
      1
Setup_Enefunc_Restraint> Setup restraint functions
 func  =     1 kind  =     1
 const(total, x, y, z) =    1.000   1.000   1.000   1.000
 exponend of function =     2
 # of groups  =     1
 grouplist:   2

Define_Enefunc_CHARMM> Number of Interactions in Each Term
  bond_ene        =       2878  angle_ene       =       1439
  urey_ene        =          0
  torsion_ene     =          0  improper_ene    =          0
  cmap_ene        =          0
  restraint_groups=          2  restraint_funcs =          1
 
Setup_Fitting_Atdyn> NO fitting is applied, skip
  fitting method  =  NO
 
Update_Num_Deg_Freedom> Number of degrees of freedom was updated
  num_deg_freedom =       6942 (After setup of fixed atoms at boundary)
 
Remove_Fixatm> Modified Interactions
  bond_ene        =       1538  angle_ene       =        769
  torsion_ene     =          0  improper_ene    =          0
 
Setup_Settle> Setup constraints for SETTLE
  num_unconsbonds =          0      num_Settle  =        769
  r0(O-H)         =     0.9572  mass(O)         =    15.9994
  r0(H-H)         =     1.5139  mass(H)         =     1.0080
 
Setup_Shake> bond for SHAKE was not found
 
  num_qm_rigid_bonds =          2
 
Update_Num_Deg_Freedom> Number of degrees of freedom was updated
  num_deg_freedom =       4635 (After setup of SETTLE)
 
Update_Num_Deg_Freedom> Number of degrees of freedom was updated
  num_deg_freedom =       4633 (After setup of SHAKE/RATTLE)
 
[STEP4] Compute Single Point Energy for Molecules
 
            STEP         VDWAALS           ELECT    RESTRAINT001    RESTR_CVS001              QM            SPOT
 --------------- --------------- --------------- --------------- ---------------
               0       1454.8944     -14031.9569          0.2778          0.0000     -10149.0502          6.2489

[STEP5] Perform Molecular Dynamics Simulation
 
INFO:       STEP            TIME       TOTAL_ENE   POTENTIAL_ENE     KINETIC_ENE            RMSG         VDWAALS           ELECT RESTRAINT_TOTAL    RESTRAINT001    RESTR_CVS001     TEMPERATURE          VOLUME              QM            SPOT
 --------------- --------------- --------------- --------------- ---------------
INFO:        100          0.2000     -21328.9937     -22772.3114       1443.3177         10.1171       1500.8771     -14094.6177          0.2279          0.2279          0.0000        313.5379          0.0000     -10178.7988          9.7715

INFO:        200          0.4000     -21291.0297     -22709.4103       1418.3807         10.0378       1427.4862     -13972.2226          0.1358          0.1358          0.0000        308.1207          0.0000     -10164.8098          4.9815

INFO:        300          0.6000     -21303.4590     -22682.8871       1379.4280         10.2540       1552.4368     -14030.8980          0.2903          0.2903          0.0000        299.6589          0.0000     -10204.7162          8.7982

INFO:        400          0.8000     -21331.9697     -22688.0243       1356.0546         10.0744       1487.1345     -13992.1229          0.1294          0.1294          0.0000        294.5814          0.0000     -10183.1653          6.1623

INFO:        500          1.0000     -21331.0185     -22716.0518       1385.0334         10.0643       1448.6355     -13977.7130          0.2864          0.2864          0.0000        300.8765          0.0000     -10187.2607          4.4662

INFO:        600          1.2000     -21365.0756     -22709.9210       1344.8454          9.9604       1408.5554     -13959.5781          0.0734          0.0734          0.0000        292.1463          0.0000     -10158.9718          6.9917

INFO:        700          1.4000     -21382.1854     -22775.1940       1393.0086         10.1146       1481.4154     -14072.7435          0.0097          0.0097          0.0000        302.6090          0.0000     -10183.8755          5.0709

INFO:        800          1.6000     -21403.7312     -22776.4339       1372.7027         10.0556       1446.7208     -14046.6446          0.1123          0.1123          0.0000        298.1979          0.0000     -10176.6225          4.2534

INFO:        900          1.8000     -21376.5002     -22721.8318       1345.3316         10.1590       1530.5580     -14074.2065          0.1620          0.1620          0.0000        292.2520          0.0000     -10178.3453          4.7695

INFO:       1000          2.0000     -21358.7383     -22730.2156       1371.4774         10.0844       1462.1978     -14021.2328          0.3690          0.3690          0.0000        297.9317          0.0000     -10171.5497          5.3712

INFO:       1100          2.2000     -21365.5244     -22756.7316       1391.2072         10.1190       1496.9638     -14069.6605          0.2243          0.2243          0.0000        302.2177          0.0000     -10184.2592          4.7844

INFO:       1200          2.4000     -21408.0759     -22745.9176       1337.8417         10.0013       1444.7415     -14032.5577          0.2196          0.2196          0.0000        290.6249          0.0000     -10158.3211          4.0530

INFO:       1300          2.6000     -21397.8123     -22759.8537       1362.0414         10.1801       1548.9900     -14125.5634          0.4424          0.4424          0.0000        295.8819          0.0000     -10183.7227          3.4025

INFO:       1400          2.8000     -21387.4273     -22740.1758       1352.7486         10.1570       1490.6772     -14040.8935          0.6166          0.6166          0.0000        293.8632          0.0000     -10190.5761          3.5002

INFO:       1500          3.0000     -21350.6536     -22748.2024       1397.5488         10.2014       1509.8876     -14087.2152          0.1224          0.1224          0.0000        303.5953          0.0000     -10170.9972          6.2859

INFO:       1600          3.2000     -21363.2002     -22750.0387       1386.8386         10.0647       1488.7403     -14065.7297          0.2366          0.2366          0.0000        301.2687          0.0000     -10173.2859          2.8055

INFO:       1700          3.4000     -21323.4577     -22740.9157       1417.4580         10.0993       1494.6930     -14069.7867          0.3038          0.3038          0.0000        307.9203          0.0000     -10166.1257          4.3995

INFO:       1800          3.6000     -21333.1778     -22757.1484       1423.9705         10.1786       1504.6707     -14066.4740          0.4546          0.4546          0.0000        309.3350          0.0000     -10195.7996          2.6787

INFO:       1900          3.8000     -21326.0205     -22731.8614       1405.8409         10.0045       1418.1049     -13969.8545          0.9803          0.9803          0.0000        305.3966          0.0000     -10181.0921          3.2520

INFO:       2000          4.0000     -21357.7356     -22744.1240       1386.3883         10.1588       1501.6048     -14087.4748          0.9430          0.9430          0.0000        301.1709          0.0000     -10159.1969          4.9413

INFO:       2100          4.2000     -21343.0167     -22731.0390       1388.0224         10.0530       1425.2922     -13985.1961          0.7722          0.7722          0.0000        301.5258          0.0000     -10171.9074          3.1349

INFO:       2200          4.4000     -21346.2186     -22697.4723       1351.2537          9.9726       1408.5845     -13953.7820          0.5838          0.5838          0.0000        293.5384          0.0000     -10152.8585          5.1230

INFO:       2300          4.6000     -21368.6710     -22773.4594       1404.7884         10.0487       1444.0419     -14031.1112          0.1642          0.1642          0.0000        305.1680          0.0000     -10186.5544          4.5480

INFO:       2400          4.8000     -21360.1341     -22738.6629       1378.5288         10.0281       1418.6830     -13971.2033          0.1079          0.1079          0.0000        299.4635          0.0000     -10186.2505          1.5840

INFO:       2500          5.0000     -21405.7796     -22779.5022       1373.7226         10.1833       1510.5391     -14119.9597          0.0024          0.0024          0.0000        298.4194          0.0000     -10170.0840          3.7255

INFO:       2600          5.2000     -21445.8542     -22801.4460       1355.5919         10.1388       1473.2134     -14106.7179          0.1591          0.1591          0.0000        294.4808          0.0000     -10168.1007          2.2939

INFO:       2700          5.4000     -21396.8939     -22772.6330       1375.7390         10.1059       1463.9402     -14047.5005          0.3591          0.3591          0.0000        298.8575          0.0000     -10189.4318          3.5344

INFO:       2800          5.6000     -21380.3472     -22765.3743       1385.0271         10.0882       1433.9277     -14030.2237          0.4035          0.4035          0.0000        300.8752          0.0000     -10169.4818          4.8740

INFO:       2900          5.8000     -21374.6085     -22760.9695       1386.3610         10.0737       1424.7830     -13988.6689          0.6287          0.6287          0.0000        301.1649          0.0000     -10197.7124          4.0173

INFO:       3000          6.0000     -21393.1450     -22801.8875       1408.7425         10.2285       1558.9814     -14182.2249          0.3313          0.3313          0.0000        306.0270          0.0000     -10178.9753          5.1924

INFO:       3100          6.2000     -21408.2611     -22759.8682       1351.6070         10.0626       1434.7275     -13999.8177          0.3748          0.3748          0.0000        293.6152          0.0000     -10195.1528          3.1469

INFO:       3200          6.4000     -21414.1435     -22749.2310       1335.0875         10.0519       1392.7521     -13947.4621          0.2765          0.2765          0.0000        290.0266          0.0000     -10194.7975          7.3823

INFO:       3300          6.6000     -21410.2289     -22758.8777       1348.6488         10.1352       1473.9344     -14041.6245          0.2635          0.2635          0.0000        292.9726          0.0000     -10191.4511          5.1463

INFO:       3400          6.8000     -21376.7849     -22719.4785       1342.6936         10.0992       1407.1615     -13964.5174          0.4249          0.4249          0.0000        291.6789          0.0000     -10162.5474          1.5863

INFO:       3500          7.0000     -21383.6336     -22750.9150       1367.2814         10.1046       1432.3942     -14022.3471          0.5592          0.5592          0.0000        297.0202          0.0000     -10161.5213          4.6717

INFO:       3600          7.2000     -21369.5687     -22728.9674       1359.3986         10.1834       1510.2721     -14063.0856          0.2996          0.2996          0.0000        295.3078          0.0000     -10176.4536          3.5677

INFO:       3700          7.4000     -21377.4326     -22760.5714       1383.1389         10.1925       1465.3658     -14071.4586          0.5434          0.5434          0.0000        300.4650          0.0000     -10155.0221          3.2838

INFO:       3800          7.6000     -21388.2125     -22769.9981       1381.7856         10.1639       1464.6266     -14086.5037          0.2581          0.2581          0.0000        300.1710          0.0000     -10148.3790          4.3376

INFO:       3900          7.8000     -21403.7404     -22751.5306       1347.7902         10.0435       1408.4074     -13978.4265          0.2007          0.2007          0.0000        292.7860          0.0000     -10181.7122          2.9092

INFO:       4000          8.0000     -21387.4741     -22750.0351       1362.5611         10.0912       1374.0504     -13963.3262          0.1464          0.1464          0.0000        295.9948          0.0000     -10160.9058          5.0116

INFO:       4100          8.2000     -21364.9694     -22755.9994       1391.0300         10.2073       1504.0210     -14103.1667          0.0460          0.0460          0.0000        302.1792          0.0000     -10156.8997          4.3827

INFO:       4200          8.4000     -21369.9525     -22754.6734       1384.7209         10.0789       1408.4550     -14010.4079          0.1280          0.1280          0.0000        300.8087          0.0000     -10152.8485          5.7399

INFO:       4300          8.6000     -21357.6418     -22732.8799       1375.2381         10.1936       1535.0865     -14090.3826          0.0607          0.0607          0.0000        298.7487          0.0000     -10177.6445          3.3617

INFO:       4400          8.8000     -21350.7178     -22728.5258       1377.8080         10.0986       1486.0616     -14056.7637          0.0771          0.0771          0.0000        299.3069          0.0000     -10157.9007          5.8504

INFO:       4500          9.0000     -21372.4199     -22761.1986       1388.7787         10.0770       1516.1461     -14099.7462          0.0454          0.0454          0.0000        301.6901          0.0000     -10177.6438          4.5886

INFO:       4600          9.2000     -21395.3619     -22758.7325       1363.3706         10.1373       1476.1621     -14058.6094          0.1667          0.1667          0.0000        296.1706          0.0000     -10176.4519          6.1233

INFO:       4700          9.4000     -21404.1518     -22749.3989       1345.2471         10.0574       1423.3018     -14019.6629          0.4865          0.4865          0.0000        292.2336          0.0000     -10153.5242          5.4714

INFO:       4800          9.6000     -21408.8687     -22770.3036       1361.4349         10.1338       1428.0388     -14016.0767          0.8053          0.8053          0.0000        295.7501          0.0000     -10183.0709          2.2312

INFO:       4900          9.8000     -21403.7573     -22769.2678       1365.5104         10.1351       1479.7075     -14085.4311          0.7643          0.7643          0.0000        296.6355          0.0000     -10164.3085          6.2155

INFO:       5000         10.0000     -21431.1880     -22757.9306       1326.7426         10.0822       1443.0900     -14033.4136          0.8105          0.8105          0.0000        288.2138          0.0000     -10168.4174          5.0398

INFO:       5100         10.2000     -21415.2623     -22771.2243       1355.9620         10.0738       1444.7045     -14058.1012          0.3854          0.3854          0.0000        294.5612          0.0000     -10158.2131          6.0925

INFO:       5200         10.4000     -21454.9609     -22784.4747       1329.5138         10.1338       1539.2958     -14149.3854          0.1501          0.1501          0.0000        288.8158          0.0000     -10174.5352          4.4904

INFO:       5300         10.6000     -21439.2370     -22787.5857       1348.3486         10.1623       1453.9548     -14075.2319          0.2227          0.2227          0.0000        292.9074          0.0000     -10166.5312          4.7743

INFO:       5400         10.8000     -21453.9708     -22817.6090       1363.6382         10.0946       1459.9810     -14097.4215          0.1456          0.1456          0.0000        296.2288          0.0000     -10180.3141          4.5010

INFO:       5500         11.0000     -21409.3818     -22806.8622       1397.4804         10.1391       1449.1874     -14075.7384          0.4534          0.4534          0.0000        303.5804          0.0000     -10180.7645          6.0758

INFO:       5600         11.2000     -21366.8781     -22789.4195       1422.5414         10.0737       1479.0594     -14076.3101          0.2965          0.2965          0.0000        309.0246          0.0000     -10192.4653          7.1355

INFO:       5700         11.4000     -21381.1597     -22766.1640       1385.0043         10.1656       1469.0956     -14053.8562          0.3464          0.3464          0.0000        300.8702          0.0000     -10181.7498          4.2083

INFO:       5800         11.6000     -21386.8712     -22740.0835       1353.2123         10.0410       1459.0400     -14027.1255          0.5635          0.5635          0.0000        293.9639          0.0000     -10172.5615          4.1338

INFO:       5900         11.8000     -21330.6731     -22715.5887       1384.9156         10.1497       1488.1802     -14007.1726          1.0239          1.0239          0.0000        300.8510          0.0000     -10197.6203          4.2648

INFO:       6000         12.0000     -21346.1967     -22723.6820       1377.4853         10.1160       1449.5073     -14011.4900          1.7274          1.7274          0.0000        299.2368          0.0000     -10163.4268          3.0442

INFO:       6100         12.2000     -21244.3046     -22725.7973       1481.4927         10.1827       1491.4775     -14031.8193          0.9220          0.9220          0.0000        321.8308          0.0000     -10186.3776          5.2399

INFO:       6200         12.4000     -21216.4509     -22663.7721       1447.3212          9.9919       1417.9121     -13879.6611          0.5688          0.5688          0.0000        314.4076          0.0000     -10202.5920          5.1079

INFO:       6300         12.6000     -21233.8819     -22661.3601       1427.4782         10.0189       1443.2629     -13900.3677          0.2281          0.2281          0.0000        310.0970          0.0000     -10204.4834          4.7407

INFO:       6400         12.8000     -21321.6113     -22698.9521       1377.3408         10.0655       1444.2818     -13968.9891          0.3597          0.3597          0.0000        299.2055          0.0000     -10174.6044          5.0892

INFO:       6500         13.0000     -21310.6294     -22664.2870       1353.6576         10.1727       1519.5357     -14001.2208          0.5493          0.5493          0.0000        294.0606          0.0000     -10183.1512          8.5341

INFO:       6600         13.2000     -21272.9073     -22657.1646       1384.2574         10.1609       1504.5924     -13993.1201          0.5278          0.5278          0.0000        300.7080          0.0000     -10169.1647          2.4805

INFO:       6700         13.4000     -21214.1539     -22669.6795       1455.5256         10.1050       1431.8656     -13918.2727          0.3089          0.3089          0.0000        316.1899          0.0000     -10183.5814          6.2298

INFO:       6800         13.6000     -21184.5576     -22616.2861       1431.7285          9.9987       1425.3070     -13849.9734          0.6201          0.6201          0.0000        311.0203          0.0000     -10192.2399          4.7635

INFO:       6900         13.8000     -21228.8869     -22627.9035       1399.0166         10.0670       1449.3762     -13904.4625          0.6917          0.6917          0.0000        303.9142          0.0000     -10173.5090          2.4240

INFO:       7000         14.0000     -21294.2345     -22697.9354       1403.7010         10.0996       1468.9476     -13985.0643          0.3666          0.3666          0.0000        304.9318          0.0000     -10182.1854          3.8946

INFO:       7100         14.2000     -21274.9553     -22682.7407       1407.7854         10.0340       1431.8913     -13947.2925          0.6192          0.6192          0.0000        305.8191          0.0000     -10167.9586          3.7791

INFO:       7200         14.4000     -21280.5552     -22676.0297       1395.4744         10.1313       1445.9209     -13949.5691          1.7869          1.7869          0.0000        303.1447          0.0000     -10174.1684          7.7441

INFO:       7300         14.6000     -21285.8949     -22702.4044       1416.5095         10.1997       1538.4440     -14079.6155          1.7191          1.7191          0.0000        307.7142          0.0000     -10162.9521          8.0814

INFO:       7400         14.8000     -21289.7741     -22684.3265       1394.5524         10.1443       1536.4098     -14052.7938          1.8734          1.8734          0.0000        302.9444          0.0000     -10169.8159          5.4440

INFO:       7500         15.0000     -21265.2861     -22659.8346       1394.5486         10.1698       1485.9310     -13976.7814          1.5875          1.5875          0.0000        302.9436          0.0000     -10170.5717          3.2617

INFO:       7600         15.2000     -21272.7539     -22701.7231       1428.9693         10.0126       1401.9248     -13938.4492          0.5443          0.5443          0.0000        310.4209          0.0000     -10165.7430          6.5484

INFO:       7700         15.4000     -21245.4051     -22638.5489       1393.1438          9.9881       1429.5291     -13905.1887          0.2423          0.2423          0.0000        302.6384          0.0000     -10163.1316          6.2105

INFO:       7800         15.6000     -21246.1275     -22651.8799       1405.7523          9.9869       1429.0397     -13911.1804          0.3394          0.3394          0.0000        305.3774          0.0000     -10170.0785          7.6013

INFO:       7900         15.8000     -21251.3510     -22654.6058       1403.2548          9.9211       1386.5998     -13866.7068          0.4614          0.4614          0.0000        304.8348          0.0000     -10174.9602          2.9260

INFO:       8000         16.0000     -21248.0557     -22683.5988       1435.5431          9.9261       1370.8373     -13888.5739          0.1641          0.1641          0.0000        311.8490          0.0000     -10166.0264          2.9143

INFO:       8100         16.2000     -21249.9031     -22608.4025       1358.4994         10.0306       1500.8285     -13924.1477          0.0267          0.0267          0.0000        295.1124          0.0000     -10185.1101          4.6751

INFO:       8200         16.4000     -21256.4741     -22656.3950       1399.9209         10.0619       1407.9723     -13898.1161          0.0972          0.0972          0.0000        304.1106          0.0000     -10166.3484          3.2682

INFO:       8300         16.6000     -21257.7763     -22647.1929       1389.4167          9.9348       1331.5788     -13792.1409          0.1003          0.1003          0.0000        301.8287          0.0000     -10186.7311          6.4839

INFO:       8400         16.8000     -21282.4435     -22672.5407       1390.0972         10.0433       1444.4398     -13960.2682          0.1146          0.1146          0.0000        301.9766          0.0000     -10156.8269          4.4335

INFO:       8500         17.0000     -21304.7776     -22653.0108       1348.2332          9.9848       1403.4592     -13885.1133          0.7658          0.7658          0.0000        292.8823          0.0000     -10172.1225          4.3873

INFO:       8600         17.2000     -21353.9432     -22721.9667       1368.0235         10.1505       1478.2246     -14022.1171          1.2259          1.2259          0.0000        297.1814          0.0000     -10179.3001          9.4769

INFO:       8700         17.4000     -21378.6517     -22767.1822       1388.5305         10.1053       1480.5276     -14057.1426          0.6062          0.6062          0.0000        301.6362          0.0000     -10191.1734          7.4441

INFO:       8800         17.6000     -21380.6476     -22743.7384       1363.0908         10.0915       1478.9792     -14048.6188          0.9868          0.9868          0.0000        296.1099          0.0000     -10175.0856          4.2232

INFO:       8900         17.8000     -21371.8287     -22730.9403       1359.1116         10.1096       1517.8213     -14079.1889          1.1159          1.1159          0.0000        295.2454          0.0000     -10170.6886          1.9491

INFO:       9000         18.0000     -21372.8251     -22779.6765       1406.8513         10.1082       1473.4049     -14071.9162          0.3984          0.3984          0.0000        305.6161          0.0000     -10181.5636          4.8941

INFO:       9100         18.2000     -21332.5820     -22707.5092       1374.9272         10.2153       1484.3247     -14022.8530          0.5972          0.5972          0.0000        298.6811          0.0000     -10169.5781          3.1251

INFO:       9200         18.4000     -21348.3374     -22714.7304       1366.3930         10.1375       1485.0717     -14004.9071          0.6080          0.6080          0.0000        296.8272          0.0000     -10195.5031          3.9084

INFO:       9300         18.6000     -21356.5681     -22735.2421       1378.6741         10.1243       1494.1742     -14055.3918          0.8192          0.8192          0.0000        299.4951          0.0000     -10174.8437          5.3965

INFO:       9400         18.8000     -21357.4060     -22689.9813       1332.5753         10.0427       1406.7859     -13918.6189          1.5820          1.5820          0.0000        289.4808          0.0000     -10179.7302          5.6158

INFO:       9500         19.0000     -21352.8363     -22734.9806       1382.1443         10.0627       1403.4487     -13973.3173          1.7387          1.7387          0.0000        300.2489          0.0000     -10166.8508          4.0127

INFO:       9600         19.2000     -21319.6168     -22686.6699       1367.0531         10.0204       1417.0506     -13911.3465          0.9976          0.9976          0.0000        296.9706          0.0000     -10193.3717          3.9482

INFO:       9700         19.4000     -21359.9332     -22737.9330       1377.9998         10.0589       1447.2104     -14004.9617          0.7159          0.7159          0.0000        299.3486          0.0000     -10180.8977          2.9040

INFO:       9800         19.6000     -21368.4274     -22730.9189       1362.4915         10.1755       1472.3794     -14026.8648          0.7408          0.7408          0.0000        295.9797          0.0000     -10177.1742         11.3838

INFO:       9900         19.8000     -21350.6766     -22742.9564       1392.2797         10.1927       1496.0331     -14058.1558          1.1429          1.1429          0.0000        302.4507          0.0000     -10181.9766          3.4097

INFO:      10000         20.0000     -21318.0744     -22728.4786       1410.4042         10.0211       1393.5704     -13933.5471          0.5861          0.5861          0.0000        306.3880          0.0000     -10189.0881          2.0131

 
[STEP6] Deallocate Arrays
 
Output_Time> Averaged timer profile (Min, Max)
  total time      =    1375.815
    setup         =       0.335
    dynamics      =    1375.480
      energy      =    1356.046
      integrator  =       3.015
      pairlist    =      16.262 (      16.262,      16.262)
  energy           
    bond          =       0.086 (       0.086,       0.086)
    angle         =       0.148 (       0.148,       0.148)
    dihedral      =       0.254 (       0.254,       0.254)
    nonbond       =      65.944 (      65.944,      65.944)
      pme real    =      65.942 (      65.942,      65.942)
      pme recip   =       0.000 (       0.000,       0.000)
    solvation     =       0.000 (       0.000,       0.000)
      polar       =       0.000 (       0.000,       0.000)
      non-polar   =       0.000 (       0.000,       0.000)
    restraint     =       0.013 (       0.013,       0.013)
    qmmm          =    1288.201 (    1288.201,    1288.201)
  integrator       
    constraint    =       0.556 (       0.556,       0.556)
    update        =       0.000 (       0.000,       0.000)
    comm_coord    =       0.000 (       0.000,       0.000)
    comm_force    =       0.000 (       0.000,       0.000)
    comm_migrate  =       0.000 (       0.000,       0.000)

