****************************************************
*                                                  *
*                  GENESIS ATDYN                   *
*                                                  *
*        A Molecular Dynamics Simulator with       *
*            Atomic Decomposition Scheme           *
*                                                  *
*               Developed by RIKEN                 *
*                                                  *
****************************************************
 
[STEP0] Architecture and Compiler Information
 
GENESIS_Information> GENESIS Information
  version      = 1.6.0
  commit ID    = 1.6.0 [2020-12-20 21:42:07 +0900]
  precision    = double
  nonbonding   = CPU

Build_Information> Compiler Information
  build host   = yagi@lemon.novalocal
  fortran      = ifort (IFORT) 19.0.5.281 20190815
  option       = -xHost -O3 -ip -mkl=parallel  -assume byterecl -qopenmp 
  C            = icc (ICC) 19.0.5.281 20190815
  option       = -O3 -ip -axCORE-AVX2  -qopenmp
  defined var. =  -DMPI -DOMP -DFFTE -DLAPACK -DDSFMT_MEXP=19937 -DINTEL
  link option  = 
  -assume byterecl -qopenmp  -lmkl_intel_lp64 -lmkl_sequential -lmkl_core -lmkl_
 lapack95_lp64 

Runtime_Information> Machine and Library Information
  date       = 2021/06/16 14:43:37
  cpu model    = Intel(R) Xeon(R) Platinum 8260 CPU @ 2.40GHz
  exec. host   = yagi@lemon.novalocal
  LD library   = 
 /APL/ISV/x86_64/intel/impi/2019.5.281/intel64/lib/release:/APL/ISV/x86_64/intel
 /impi/2019.5.281/intel64/lib:/APL/ISV/x86_64/intel/impi/2019.5.281/intel64/libf
 abric/lib:/APL/ISV/x86_64/intel/parallel_studio_xe_2019.5.075/compilers_and_lib
 raries_2019/linux/compiler/lib/intel64:/APL/ISV/x86_64/intel/parallel_studio_xe
 _2019.5.075/compilers_and_libraries_2019/linux/compiler/lib/intel64_lin:/APL/IS
 V/x86_64/intel/parallel_studio_xe_2019.5.075/compilers_and_libraries_2019/linux
 /mpi/intel64/lib:/APL/ISV/x86_64/intel/parallel_studio_xe_2019.5.075/compilers_
 and_libraries_2019/linux/mpi/intel64/libfabric/lib:/APL/ISV/x86_64/intel/parall
 el_studio_xe_2019.5.075/compilers_and_libraries_2019/linel64:/APL/ISV/x86_64/in
 tel/parallel_studio_xe_2019.5.075/compilers_and_libraries_2019/linux/compiler/l
 ib/intel64:/APL/ISV/x86_64/intel/parallel_studio_xe_2019.5.075/compilers_and_li
 braries_2019/linux/mkl/lib/intel64:/APL/ISV/x86_64/intel/parallel_studio_xe_201
 9.5.075/compilers_and_libraries_2019/linux/tbb/lib/intel64/gcc4.7:/APL/ISV/x86_
 64/intel/debugger_2019/iga/lib:/APL/ISV/x86_64/intel/debugger_tel64/lib:/APL/IS
 V/x86_64/intel/parallel_studio_xe_2019.5.075/compilers_and_libraries_2019/linux
 /daal/lib/intel64_lin:/APL/ISV/x86_64/intel/parallel_studio_xe_2019.5.075/compi
 lers_and_libraries_2019/linux/daal/../tbb/lib/intel64_lin/gcc4.7

[STEP1] Read Control Parameters
 
Read_Ctrl_Input> Input Files
  topfile = ../1_setup/po4.rtf
  parfile = ../1_setup/po4.prm
  psffile = cmd_100.psf
  pdbfile = cmd_100.pdb
  rstfile = qmmm_mini.rst
  reffile = cmd_100.pdb
 
Read_Ctrl_Output> Output Files
  dcdfile    = qmmm_equil.dcd
  rstfile    = qmmm_equil.rst
 
Read_Ctrl_Energy>  WARNING: water_model is not available
Read_Ctrl_Energy> Parameters of Energy Calculations
  forcefield      =     CHARMM
  switchdist      =     16.000  cutoffdist      =     18.000
  pairlistdist    =     19.500  dielec_const    =      1.000
 vdW force_switch =         no
  electrostatic   =  CUTOFF
  implicit_solvent=       none
  table_order     =          3
  table_density   =     20.000
  water_model     =       NONE
  output_style    =    GENESIS
  dispersion_corr =       none
  nonb_limiter    =      no
 
Read_Ctrl_Dynamics> Parameters of MD simulation
  integrator      =       VVER  nsteps          =      10000
  timestep        =     0.0020  initial_time    =     0.0000
  eneout_period   =        100  rstout_period   =        100
  crdout_period   =        100  velout_period   =          0
  nbupdate_period =         10  stoptr_period   =         10
  iseed           =   20210816
  annealing       =         no
  verbose         =         no
  target_md       =         no
  steered_md      =         no
  esp_mm          =         no
 
Read_Ctrl_Constraints> Parameters for Constraints
  rigid_bond      =        yes
  shake_iteration =       2000  shake_tolerance =  0.100E-09
  fast_water      =        yes  water_model     =       TIP3
  hydrogen_type   =  name|mass
  noshake_index   =       none
  fixatm_select_index        =       none
 
Read_Ctrl_Ensemble> Parameters for Ensemble
  ensemble        =        NVT
  temperature     =    300.000
  tpcontrol       =      BUSSI
  tau_t           =      0.500
 
Read_Ctrl_Boundary> Parameters of Boundary Condition
  type            =       NOBC
  spherical_pot   =        yes  restart         =          T
  center_info     =       read  modify_ratio    =      1.000
  constant        =     10.000  exponent        =          2
  fixatom         =          T  fix_layer       =      1.000
 
Read_Ctrl_Selection> Parameters of Selection
  # of groups     =          2
    group 1 = sid:PO4
    group 2 = atomno:1
  # of mole names =          0
 
Read_Ctrl_Restraints> Parameters of Restraint
  numfunc         =   1
  function1 = POSI     
    direction     = ALL 
    constant      = 1.0
    reference     = 
    select_index  = 2
    mode          =   0
    exponent      =   2
    exponent_dist = 
    weight_dist   = 

  pressure_position   = NO
  pressure_rmsd     = NO

Read_Ctrl_Fitting_MD> Parameters of Fitting
  fitting method  =  TR+ROT   
  fitting atom    = group1
  mass_weight     =         no
 
Read_Ctrl_QMMM> Parameters of QM/MM
  qmtyp              = dftb+
  qmcnt              = dftb_01.hsd
  qmexe              = runDFTB.sh
  workdir            = /dev/shm/qmmm_equil
  savedir            = qmmm_equil
  basename           = job
  qmsave_period      = 100
  qmmaxtrial         = 1
  qmatm_select_index = 1
  exclude_charge     = GROUP
 
[STEP2] Setup MPI
 
Setup_Mpi_Md> Summary of Setup MPI
  number of MPI processes   =          1
  number of OpenMP threads  =         16
  total number of CPU cores =         16

[STEP3] Set Relevant Variables and Structures
 
Input_Top> Summary of Topfile
  num_atom_class  =          7  num_resi_type   =          1
 
Input_Par> Summary of Parfile
  num_bonds       =          5  num_angles      =          5
  num_dihedrals   =          3  num_impropers   =          0
  num_atom_cls    =          7  num_nbfix       =          0
  num_cmap_terms  =          0
 
Read_Psf> Summary of Psffile
  psftype         =      xplor
  num_atoms       =       4324  num_bonds       =       2884
  num_angles      =       1447  num_dihedrals   =          6
  num_impropers   =          0  num_cmap_terms  =          0
  num_HB_donors   =          0  num_HB_acceptors=          0
  num_NB_exclusion=          0  num_groups      =          0
  total_charge    =     -1.000
 
Read_Pdb> there are no segment (renamed "A   ")
 
Read_Pdb> Summary of Data in PDB file
  num_atoms       =       4324
 
Read_Rst_Binary> Summary of RST file
  num_atoms       =       4324  iseed           =          0
  boxsize (x,y,z) =      0.000     0.000     0.000
  spherical_pot     =      yes
  nfunctions                 1  num_fixatm              2010
  num_of_qm_charge           7

Define_Molecule> Summary of molecules
  num_atoms       =       4324  num_bonds       =       2884
  num_angles      =       1447  num_dihedrals   =          6
  num_impropers   =          0  num_cmap_terms  =          0
  num_residues    =       1440  num_molecules   =       1440
  num_segments    =          2  num_deg_freedom =      12972
  total_charge    =     -1.000
 
Setup_Boundary> Setup Variables for Boundary Condition
  origin(x,y,z)   =      0.000     0.000     0.000
  nfunctions      =        1
    center(x,y,z) =     -6.029   -10.603    -5.635
    radius        =     18.000
    constant      =     10.000
    exponent      =          2
 
  num_fixatm      =     2010
 
 
Random_Init> Initialize the random number
  seed            = 20210816

Setup_QMMM> Setup QM region
  QM assignment info
     1 PO4       1 PO42   P    PG3    assigned to QM atom    1 of element: P    15
     2 PO4       1 PO42   O1   OG311  assigned to QM atom    2 of element: O     8
     3 PO4       1 PO42   H1   HGP1   assigned to QM atom    3 of element: H     1
     4 PO4       1 PO42   O2   OG311  assigned to QM atom    4 of element: O     8
     5 PO4       1 PO42   H2   HGP1   assigned to QM atom    5 of element: H     1
     6 PO4       1 PO42   O3   OG2P1  assigned to QM atom    6 of element: O     8
     7 PO4       1 PO42   O4   OG2P1  assigned to QM atom    7 of element: O     8
  number of QM atoms = 7
 
  QM charges retreived from rstfile.
 
 
  Check the control file for DFTB+ [ dftb_01.hsd ]
  Passed the check!
 
Setup_Enefunc_Cmap_Par> Natural spline is used to derive cmap coefs.

Setup_Enefunc_Table> Setup Variables for LookupTable
  num_solutes     =       4324  num_waters      =          0

Setup_Enefunc_Restraint> Setup restraint groups
 group =     1, "sid:PO4"
 # of atoms =     7
 atomlist: 
      1      2      3      4      5      6      7
 group =     2, "atomno:1"
 # of atoms =     1
 atomlist: 
      1
Setup_Enefunc_Restraint> Setup restraint functions
 func  =     1 kind  =     1
 const(total, x, y, z) =    1.000   1.000   1.000   1.000
 exponend of function =     2
 # of groups  =     1
 grouplist:   2

Define_Enefunc_CHARMM> Number of Interactions in Each Term
  bond_ene        =       2878  angle_ene       =       1439
  urey_ene        =          0
  torsion_ene     =          0  improper_ene    =          0
  cmap_ene        =          0
  restraint_groups=          2  restraint_funcs =          1
 
Setup_Fitting_Atdyn> NO fitting is applied, skip
  fitting method  =  NO
 
Update_Num_Deg_Freedom> Number of degrees of freedom was updated
  num_deg_freedom =       6942 (After setup of fixed atoms at boundary)
 
Remove_Fixatm> Modified Interactions
  bond_ene        =       1538  angle_ene       =        769
  torsion_ene     =          0  improper_ene    =          0
 
Setup_Settle> Setup constraints for SETTLE
  num_unconsbonds =          0      num_Settle  =        769
  r0(O-H)         =     0.9572  mass(O)         =    15.9994
  r0(H-H)         =     1.5139  mass(H)         =     1.0080
 
Setup_Shake> bond for SHAKE was not found
 
  num_qm_rigid_bonds =          2
 
Update_Num_Deg_Freedom> Number of degrees of freedom was updated
  num_deg_freedom =       4635 (After setup of SETTLE)
 
Update_Num_Deg_Freedom> Number of degrees of freedom was updated
  num_deg_freedom =       4633 (After setup of SHAKE/RATTLE)
 
[STEP4] Compute Single Point Energy for Molecules
 
            STEP         VDWAALS           ELECT    RESTRAINT001    RESTR_CVS001              QM            SPOT
 --------------- --------------- --------------- --------------- ---------------
               0       1595.5926     -16599.7289          0.0056          0.0000     -10217.4262          0.2143

[STEP5] Perform Molecular Dynamics Simulation
 
Generate_Velocity> Generate initial velocities
  iseed           =   20210816
  temperature     =    300.000
 
Random_Init_Velocity> Initialize the random number
  seed            = 20210816

INFO:       STEP            TIME       TOTAL_ENE   POTENTIAL_ENE     KINETIC_ENE            RMSG         VDWAALS           ELECT RESTRAINT_TOTAL    RESTRAINT001    RESTR_CVS001     TEMPERATURE          VOLUME              QM            SPOT
 --------------- --------------- --------------- --------------- ---------------
INFO:          0          0.0000     -22788.3750     -24167.5691       1379.1941         11.0030       1575.8772     -15540.4341          0.0056          0.0056          0.0000        299.6080          0.0000     -10203.0177          0.1840

INFO:        100          0.2000     -22545.7012     -23393.9509        848.2497         10.4647       1491.1068     -14702.6130          0.0542          0.0542          0.0000        184.2688          0.0000     -10182.4988          1.5198

INFO:        200          0.4000     -22330.8927     -23337.7271       1006.8343         10.5110       1564.0595     -14725.3198          0.1824          0.1824          0.0000        218.7188          0.0000     -10176.6492          3.1896

INFO:        300          0.6000     -22196.1199     -23268.1152       1071.9953         10.4895       1574.4324     -14665.0800          0.3381          0.3381          0.0000        232.8740          0.0000     -10177.8057          3.6463

INFO:        400          0.8000     -22095.7967     -23163.6602       1067.8635         10.4213       1563.6522     -14553.6776          0.4552          0.4552          0.0000        231.9764          0.0000     -10174.0901          3.8235

INFO:        500          1.0000     -21988.0944     -23156.4578       1168.3633         10.3472       1525.0683     -14494.4491          1.1110          1.1110          0.0000        253.8084          0.0000     -10188.1879          4.2300

INFO:        600          1.2000     -21928.6986     -23079.4418       1150.7432         10.3939       1576.1466     -14467.5749          1.0329          1.0329          0.0000        249.9807          0.0000     -10189.0464          2.4059

INFO:        700          1.4000     -21873.3525     -23089.0017       1215.6492         10.3674       1529.8500     -14439.5032          1.0820          1.0820          0.0000        264.0805          0.0000     -10180.4304          1.8115

INFO:        800          1.6000     -21836.0840     -23037.6377       1201.5537         10.3666       1527.0839     -14386.7219          0.9574          0.9574          0.0000        261.0185          0.0000     -10178.9570          4.1825

INFO:        900          1.8000     -21759.0983     -23015.4380       1256.3397         10.3031       1497.8364     -14342.4978          0.5300          0.5300          0.0000        272.9199          0.0000     -10171.3066          2.7991

INFO:       1000          2.0000     -21695.7272     -22996.1240       1300.3967         10.2429       1451.2746     -14284.8059          0.6727          0.6727          0.0000        282.4906          0.0000     -10163.2653          3.9005

INFO:       1100          2.2000     -21656.5465     -22902.2760       1245.7295         10.3001       1481.6820     -14201.9830          0.7463          0.7463          0.0000        270.6150          0.0000     -10182.7214          2.8362

INFO:       1200          2.4000     -21665.9338     -22944.9848       1279.0510         10.2663       1505.1096     -14292.0186          1.4898          1.4898          0.0000        277.8536          0.0000     -10159.5655          2.9242

INFO:       1300          2.6000     -21619.8915     -22905.5756       1285.6841         10.2296       1510.0407     -14230.8778          1.2689          1.2689          0.0000        279.2945          0.0000     -10186.0074          2.2426

INFO:       1400          2.8000     -21576.8208     -22870.3992       1293.5784         10.1640       1445.8496     -14148.6153          0.9536          0.9536          0.0000        281.0094          0.0000     -10168.5871          4.0219

INFO:       1500          3.0000     -21508.0328     -22799.2065       1291.1738         10.2770       1561.4406     -14183.3780          0.7488          0.7488          0.0000        280.4870          0.0000     -10178.0178          7.4901

INFO:       1600          3.2000     -21497.8723     -22789.8260       1291.9538         10.1808       1473.8216     -14073.1164          1.0702          1.0702          0.0000        280.6565          0.0000     -10191.6014          3.5409

INFO:       1700          3.4000     -21430.8647     -22776.8754       1346.0107         10.2066       1510.4463     -14116.8776          0.7516          0.7516          0.0000        292.3995          0.0000     -10171.1958          2.6559

INFO:       1800          3.6000     -21424.0956     -22803.9697       1379.8740         10.1150       1453.2500     -14085.8689          0.3645          0.3645          0.0000        299.7558          0.0000     -10171.7154          8.8745

INFO:       1900          3.8000     -21398.8976     -22750.9983       1352.1008         10.0664       1436.2843     -13989.4819          0.2035          0.2035          0.0000        293.7225          0.0000     -10198.0042          8.1482

INFO:       2000          4.0000     -21408.1094     -22715.1556       1307.0461         10.0281       1487.6052     -14031.6132          0.9897          0.9897          0.0000        283.9350          0.0000     -10172.1372          2.6787

INFO:       2100          4.2000     -21393.2020     -22732.2405       1339.0385         10.1174       1507.8138     -14071.0561          1.2824          1.2824          0.0000        290.8849          0.0000     -10170.2807          3.0155

INFO:       2200          4.4000     -21399.4516     -22752.6943       1353.2427         10.1666       1457.5571     -14043.8412          0.8958          0.8958          0.0000        293.9705          0.0000     -10167.3060          5.5285

INFO:       2300          4.6000     -21411.6787     -22805.1912       1393.5124         10.2229       1500.0857     -14145.5718          1.5159          1.5159          0.0000        302.7185          0.0000     -10161.2210          4.9725

INFO:       2400          4.8000     -21404.6512     -22765.8594       1361.2082         10.0804       1423.6003     -14023.7222          2.0290          2.0290          0.0000        295.7009          0.0000     -10167.7665          8.2173

INFO:       2500          5.0000     -21433.8917     -22754.4328       1320.5412         10.1070       1439.5347     -14035.8890          1.9838          1.9838          0.0000        286.8666          0.0000     -10160.0624          5.4481

INFO:       2600          5.2000     -21462.4580     -22779.3517       1316.8937         10.0853       1497.2959     -14107.0416          1.1659          1.1659          0.0000        286.0743          0.0000     -10170.7719          4.7426

INFO:       2700          5.4000     -21408.4966     -22778.8326       1370.3360         10.2278       1544.2847     -14162.7627          0.3111          0.3111          0.0000        297.6838          0.0000     -10160.6658          4.3800

INFO:       2800          5.6000     -21383.6186     -22765.0397       1381.4211         10.1415       1479.6057     -14081.3928          0.1899          0.1899          0.0000        300.0918          0.0000     -10163.4425          5.6826

INFO:       2900          5.8000     -21364.1418     -22684.6576       1320.5158         10.0221       1401.8087     -13934.6104          0.3378          0.3378          0.0000        286.8611          0.0000     -10152.1937          3.5693

INFO:       3000          6.0000     -21373.7225     -22733.2647       1359.5423         10.1741       1439.9361     -14015.4989          0.4682          0.4682          0.0000        295.3390          0.0000     -10158.1702          5.7034

INFO:       3100          6.2000     -21395.5844     -22749.8843       1354.2998         10.1884       1502.4459     -14083.9372          0.3488          0.3488          0.0000        294.2002          0.0000     -10168.7418          3.6610

INFO:       3200          6.4000     -21398.1699     -22755.7637       1357.5938         10.1813       1507.5744     -14094.9929          0.5015          0.5015          0.0000        294.9157          0.0000     -10168.8467          3.6037

INFO:       3300          6.6000     -21402.0951     -22766.4380       1364.3428         10.1987       1495.8086     -14113.1399          0.8786          0.8786          0.0000        296.3818          0.0000     -10149.9852          4.0723

INFO:       3400          6.8000     -21374.6523     -22737.8318       1363.1795         10.1889       1505.9825     -14078.4562          1.8118          1.8118          0.0000        296.1291          0.0000     -10167.1699          4.7247

INFO:       3500          7.0000     -21376.0923     -22738.8168       1362.7245         10.1709       1494.0875     -14058.0766          1.1771          1.1771          0.0000        296.0303          0.0000     -10176.0049          3.4738

INFO:       3600          7.2000     -21366.5420     -22748.0875       1381.5455         10.0367       1434.8918     -13984.1427          1.3515          1.3515          0.0000        300.1189          0.0000     -10200.1882          6.3540

INFO:       3700          7.4000     -21369.9458     -22745.7955       1375.8497         10.1583       1455.8831     -14025.0422          1.2158          1.2158          0.0000        298.8815          0.0000     -10177.8523          6.8021

INFO:       3800          7.6000     -21381.6758     -22734.6233       1352.9476         10.0889       1403.0893     -13948.8140          0.7855          0.7855          0.0000        293.9064          0.0000     -10189.6842          5.0749

INFO:       3900          7.8000     -21393.8812     -22796.6275       1402.7463         10.1282       1466.5051     -14077.7640          0.8358          0.8358          0.0000        304.7244          0.0000     -10186.2044          4.0271

INFO:       4000          8.0000     -21386.6659     -22734.0886       1347.4228         10.1776       1504.1221     -14073.5470          0.4509          0.4509          0.0000        292.7062          0.0000     -10165.1146          9.4329

INFO:       4100          8.2000     -21373.0845     -22739.9168       1366.8323         10.1964       1490.5957     -14046.8185          0.7170          0.7170          0.0000        296.9226          0.0000     -10184.4110          8.9058

INFO:       4200          8.4000     -21376.0657     -22709.5345       1333.4688         10.0329       1440.5964     -13974.8699          0.5100          0.5100          0.0000        289.6749          0.0000     -10175.7710          3.6008

INFO:       4300          8.6000     -21364.7228     -22803.5218       1438.7990         10.2099       1504.5037     -14128.5459          0.3436          0.3436          0.0000        312.5563          0.0000     -10179.8233          6.9056

INFO:       4400          8.8000     -21352.9137     -22713.5397       1360.6260          9.9460       1410.1608     -13942.7187          0.4216          0.4216          0.0000        295.5744          0.0000     -10181.4034          6.4593

INFO:       4500          9.0000     -21367.3427     -22728.2573       1360.9146         10.1612       1516.0391     -14058.5133          0.5161          0.5161          0.0000        295.6371          0.0000     -10186.2992          3.4042

INFO:       4600          9.2000     -21386.0234     -22742.2011       1356.1776          9.9880       1446.7599     -14001.6646          0.4420          0.4420          0.0000        294.6081          0.0000     -10187.7383          7.0555

INFO:       4700          9.4000     -21396.4450     -22743.4614       1347.0164         10.1642       1470.5277     -14021.7436          0.1419          0.1419          0.0000        292.6180          0.0000     -10192.3874          4.8391

INFO:       4800          9.6000     -21406.7225     -22772.9425       1366.2201         10.1660       1478.3538     -14060.7389          0.2662          0.2662          0.0000        296.7896          0.0000     -10190.8236         10.0328

INFO:       4900          9.8000     -21388.5416     -22708.5562       1320.0147         10.1202       1468.7000     -13980.4065          0.1757          0.1757          0.0000        286.7523          0.0000     -10197.0255          6.0619

INFO:       5000         10.0000     -21412.1016     -22735.0339       1322.9323         10.0561       1461.0995     -14024.1206          0.1519          0.1519          0.0000        287.3861          0.0000     -10172.1647          2.4144

INFO:       5100         10.2000     -21393.8426     -22741.1968       1347.3543         10.1005       1438.1092     -14007.1894          0.3332          0.3332          0.0000        292.6913          0.0000     -10172.4498          3.9562

INFO:       5200         10.4000     -21442.7904     -22787.7943       1345.0039         10.1242       1449.2218     -14069.2920          0.5783          0.5783          0.0000        292.1808          0.0000     -10168.3024          7.6303

INFO:       5300         10.6000     -21416.6208     -22784.3688       1367.7480         10.0862       1422.0820     -14046.2110          1.2506          1.2506          0.0000        297.1216          0.0000     -10161.4904          9.2195

INFO:       5400         10.8000     -21419.6141     -22739.5013       1319.8871         10.0412       1434.8729     -14010.3956          1.0494          1.0494          0.0000        286.7246          0.0000     -10165.0281          3.2308

INFO:       5500         11.0000     -21372.0004     -22731.4220       1359.4216         10.1422       1500.6812     -14066.5381          0.7989          0.7989          0.0000        295.3128          0.0000     -10166.3640          6.2524

INFO:       5600         11.2000     -21326.9420     -22680.2438       1353.3018         10.1354       1466.1829     -13988.2752          0.5728          0.5728          0.0000        293.9834          0.0000     -10158.7243          5.7381

INFO:       5700         11.4000     -21339.0608     -22704.0522       1364.9914         10.0571       1479.6158     -14015.2023          1.9058          1.9058          0.0000        296.5227          0.0000     -10170.3715          4.8836

INFO:       5800         11.6000     -21347.6003     -22714.6534       1367.0531         10.0072       1395.1202     -13944.8933          2.4594          2.4594          0.0000        296.9706          0.0000     -10167.3397          5.1375

INFO:       5900         11.8000     -21293.0629     -22703.7712       1410.7083         10.0285       1441.1551     -13947.4473          1.7074          1.7074          0.0000        306.4540          0.0000     -10199.1864          4.5361

INFO:       6000         12.0000     -21308.2367     -22696.1066       1387.8699         10.0913       1402.5743     -13918.6703          1.1039          1.1039          0.0000        301.4927          0.0000     -10181.1145          2.5457

INFO:       6100         12.2000     -21198.7746     -22623.6900       1424.9154          9.9305       1386.3538     -13845.1870          1.6471          1.6471          0.0000        309.5403          0.0000     -10166.5038          4.6646

INFO:       6200         12.4000     -21177.4452     -22636.9191       1459.4738         10.1484       1499.6361     -13963.3676          1.4655          1.4655          0.0000        317.0475          0.0000     -10174.6531          3.5033

INFO:       6300         12.6000     -21201.5924     -22636.8065       1435.2141         10.0973       1479.7072     -13939.2795          0.3151          0.3151          0.0000        311.7775          0.0000     -10177.5492          4.5544

INFO:       6400         12.8000     -21292.6324     -22670.5773       1377.9449         10.0723       1487.6127     -13962.7825          0.1044          0.1044          0.0000        299.3367          0.0000     -10195.5120          3.3455

INFO:       6500         13.0000     -21287.8971     -22690.1577       1402.2606         10.0652       1450.3933     -13949.7210          0.2074          0.2074          0.0000        304.6189          0.0000     -10191.0375          3.6422

INFO:       6600         13.2000     -21264.0957     -22664.8165       1400.7209         10.1380       1474.6215     -13975.2078          0.5534          0.5534          0.0000        304.2844          0.0000     -10164.7837          1.5131

INFO:       6700         13.4000     -21216.4138     -22689.0443       1472.6306         10.0743       1456.0468     -13967.1244          1.1210          1.1210          0.0000        319.9056          0.0000     -10179.0877          4.8882

INFO:       6800         13.6000     -21191.7420     -22658.7054       1466.9634         10.1117       1465.9750     -13956.9041          1.7581          1.7581          0.0000        318.6745          0.0000     -10169.5344          5.1669

INFO:       6900         13.8000     -21237.2172     -22639.4264       1402.2093          9.9312       1380.9197     -13837.2753          1.6908          1.6908          0.0000        304.6077          0.0000     -10184.7616          3.8384

INFO:       7000         14.0000     -21301.8321     -22691.3074       1389.4754         10.0808       1478.8830     -13974.3976          1.9577          1.9577          0.0000        301.8415          0.0000     -10197.7506          6.9572

INFO:       7100         14.2000     -21274.1354     -22687.0971       1412.9617          9.9807       1400.2838     -13891.0886          2.1257          2.1257          0.0000        306.9435          0.0000     -10198.4180          4.6596

INFO:       7200         14.4000     -21281.8492     -22675.9060       1394.0568          9.9897       1401.5103     -13896.0828          1.1441          1.1441          0.0000        302.8367          0.0000     -10182.4777          4.3116

INFO:       7300         14.6000     -21279.8871     -22685.2656       1405.3785         10.0077       1445.4205     -13932.0360          0.6745          0.6745          0.0000        305.2962          0.0000     -10199.3245          1.5574

INFO:       7400         14.8000     -21286.5587     -22680.1226       1393.5639          9.9813       1380.9313     -13877.6767          0.3198          0.3198          0.0000        302.7297          0.0000     -10183.6970          3.4564

INFO:       7500         15.0000     -21268.0760     -22673.5217       1405.4458         10.2082       1520.2503     -14016.0048          0.7276          0.7276          0.0000        305.3108          0.0000     -10178.4949          3.1264

INFO:       7600         15.2000     -21273.0443     -22685.9765       1412.9322         10.0904       1458.1483     -13948.5149          1.7142          1.7142          0.0000        306.9371          0.0000     -10197.3241          4.4832

INFO:       7700         15.4000     -21251.0267     -22679.4406       1428.4139         10.1849       1544.1231     -14046.9783          2.9853          2.9853          0.0000        310.3003          0.0000     -10179.5707          4.1355

INFO:       7800         15.6000     -21245.8571     -22704.5546       1458.6975         10.0514       1420.9341     -13970.2198          2.1020          2.1020          0.0000        316.8789          0.0000     -10157.3709          4.6260

INFO:       7900         15.8000     -21260.6831     -22646.3974       1385.7143         10.1036       1505.3480     -13974.5669          1.5028          1.5028          0.0000        301.0245          0.0000     -10178.6814          3.2150

INFO:       8000         16.0000     -21263.0855     -22646.0723       1382.9868         10.0263       1385.3421     -13864.8136          1.1757          1.1757          0.0000        300.4320          0.0000     -10167.7764          3.0992

INFO:       8100         16.2000     -21258.2188     -22650.2247       1392.0059          9.9614       1330.3996     -13798.2552          1.1940          1.1940          0.0000        302.3912          0.0000     -10183.5630          2.1799

INFO:       8200         16.4000     -21268.4749     -22680.6466       1412.1717         10.0654       1419.2343     -13933.6968          0.4370          0.4370          0.0000        306.7719          0.0000     -10166.6210          3.8690

INFO:       8300         16.6000     -21263.4012     -22657.9248       1394.5236          9.9859       1401.4321     -13892.9615          0.7584          0.7584          0.0000        302.9381          0.0000     -10167.1539          2.6110

INFO:       8400         16.8000     -21304.7273     -22697.5572       1392.8299         10.0522       1468.8046     -13967.9523          0.9055          0.9055          0.0000        302.5702          0.0000     -10199.3150          3.7250

INFO:       8500         17.0000     -21331.9955     -22679.5523       1347.5567         10.0590       1458.3924     -13958.1879          1.3319          1.3319          0.0000        292.7353          0.0000     -10181.0886          4.0037

INFO:       8600         17.2000     -21377.0300     -22742.3869       1365.3569         10.1383       1470.2588     -14037.7371          1.0004          1.0004          0.0000        296.6021          0.0000     -10175.9091          4.9019

INFO:       8700         17.4000     -21403.4256     -22794.0829       1390.6573         10.1571       1486.6411     -14089.7444          1.1500          1.1500          0.0000        302.0982          0.0000     -10192.1296          3.6299

INFO:       8800         17.6000     -21406.0357     -22763.3621       1357.3263         10.0729       1392.8108     -13987.4230          1.1961          1.1961          0.0000        294.8576          0.0000     -10169.9460          6.3957

INFO:       8900         17.8000     -21386.8253     -22738.2021       1351.3768         10.1886       1483.8723     -14034.1009          1.1504          1.1504          0.0000        293.5652          0.0000     -10189.1240          6.1346

INFO:       9000         18.0000     -21383.0675     -22760.2149       1377.1474         10.0779       1455.9296     -14057.1405          1.3358          1.3358          0.0000        299.1634          0.0000     -10160.3398          4.3484

INFO:       9100         18.2000     -21342.7273     -22693.3995       1350.6722         10.0926       1496.3884     -14022.1722          0.9022          0.9022          0.0000        293.4121          0.0000     -10168.5178          2.9357

INFO:       9200         18.4000     -21364.5327     -22733.8447       1369.3119         10.1476       1414.7921     -13999.6641          0.2353          0.2353          0.0000        297.4613          0.0000     -10149.2079          5.7294

INFO:       9300         18.6000     -21367.0842     -22743.7591       1376.6749         10.1073       1457.5384     -14040.1849          0.3128          0.3128          0.0000        299.0608          0.0000     -10161.4254          1.1644

INFO:       9400         18.8000     -21366.3893     -22743.5372       1377.1479         10.0984       1471.4987     -14054.9132          0.2265          0.2265          0.0000        299.1635          0.0000     -10160.3492          4.6850

INFO:       9500         19.0000     -21359.7902     -22701.8269       1342.0367         10.0497       1464.0924     -14017.9443          0.9489          0.9489          0.0000        291.5362          0.0000     -10148.9239          2.4572

INFO:       9600         19.2000     -21330.7212     -22730.7242       1400.0030         10.0250       1484.7990     -14058.8145          2.5771          2.5771          0.0000        304.1284          0.0000     -10159.2858          4.2946

INFO:       9700         19.4000     -21369.2326     -22707.4870       1338.2544         10.0979       1437.7873     -13977.7036          2.8572          2.8572          0.0000        290.7145          0.0000     -10170.4279          2.4329

INFO:       9800         19.6000     -21370.7480     -22688.2731       1317.5250         10.0880       1493.4232     -13994.1926          1.1194          1.1194          0.0000        286.2114          0.0000     -10188.6230          7.7191

INFO:       9900         19.8000     -21362.6171     -22713.2257       1350.6086         10.0856       1448.6534     -14000.4952          0.2489          0.2489          0.0000        293.3983          0.0000     -10161.6327          3.6719

INFO:      10000         20.0000     -21329.8022     -22725.8350       1396.0328         10.0566       1454.8944     -14031.9569          0.2778          0.2778          0.0000        303.2660          0.0000     -10149.0502          6.2489

 
[STEP6] Deallocate Arrays
 
Output_Time> Averaged timer profile (Min, Max)
  total time      =    1379.591
    setup         =       0.345
    dynamics      =    1379.246
      energy      =    1359.553
      integrator  =       3.025
      pairlist    =      16.478 (      16.478,      16.478)
  energy           
    bond          =       0.084 (       0.084,       0.084)
    angle         =       0.143 (       0.143,       0.143)
    dihedral      =       0.253 (       0.253,       0.253)
    nonbond       =      66.358 (      66.358,      66.358)
      pme real    =      66.356 (      66.356,      66.356)
      pme recip   =       0.000 (       0.000,       0.000)
    solvation     =       0.000 (       0.000,       0.000)
      polar       =       0.000 (       0.000,       0.000)
      non-polar   =       0.000 (       0.000,       0.000)
    restraint     =       0.016 (       0.016,       0.016)
    qmmm          =    1291.276 (    1291.276,    1291.276)
  integrator       
    constraint    =       0.545 (       0.545,       0.545)
    update        =       0.000 (       0.000,       0.000)
    comm_coord    =       0.000 (       0.000,       0.000)
    comm_force    =       0.000 (       0.000,       0.000)
    comm_migrate  =       0.000 (       0.000,       0.000)

